2019-12-24 14:50:23.323  INFO [shineon.server.uauth,,,] 13196 --- [main] com.shineon.coder.CoderApplicationTests  : No active profile set, falling back to default profiles: default
2019-12-24 14:50:24.103  INFO [shineon.server.uauth,,,] 13196 --- [main] .s.d.r.c.RepositoryConfigurationDelegate : Multiple Spring Data modules found, entering strict repository configuration mode!
2019-12-24 14:50:24.106  INFO [shineon.server.uauth,,,] 13196 --- [main] .s.d.r.c.RepositoryConfigurationDelegate : Bootstrapping Spring Data repositories in DEFAULT mode.
2019-12-24 14:50:24.131  INFO [shineon.server.uauth,,,] 13196 --- [main] .s.d.r.c.RepositoryConfigurationDelegate : Finished Spring Data repository scanning in 14ms. Found 0 repository interfaces.
2019-12-24 14:50:24.240  WARN [shineon.server.uauth,,,] 13196 --- [main] o.s.boot.actuate.endpoint.EndpointId     : Endpoint ID 'service-registry' contains invalid characters, please migrate to a valid format.
2019-12-24 14:50:24.649  INFO [shineon.server.uauth,,,] 13196 --- [main] o.s.cloud.context.scope.GenericScope     : BeanFactory id=1f773aff-8c27-39bb-960d-b56d1010e9e6
2019-12-24 14:50:24.703  INFO [shineon.server.uauth,,,] 13196 --- [main] faultConfiguringBeanFactoryPostProcessor : No bean named 'errorChannel' has been explicitly defined. Therefore, a default PublishSubscribeChannel will be created.
2019-12-24 14:50:24.710  INFO [shineon.server.uauth,,,] 13196 --- [main] faultConfiguringBeanFactoryPostProcessor : No bean named 'taskScheduler' has been explicitly defined. Therefore, a default ThreadPoolTaskScheduler will be created.
2019-12-24 14:50:24.719  INFO [shineon.server.uauth,,,] 13196 --- [main] faultConfiguringBeanFactoryPostProcessor : No bean named 'integrationHeaderChannelRegistry' has been explicitly defined. Therefore, a default DefaultHeaderChannelRegistry will be created.
2019-12-24 14:50:25.027  INFO [shineon.server.uauth,,,] 13196 --- [main] trationDelegate$BeanPostProcessorChecker : Bean 'org.springframework.integration.config.IntegrationManagementConfiguration' of type [org.springframework.integration.config.IntegrationManagementConfiguration$$EnhancerBySpringCGLIB$$df29f4ce] is not eligible for getting processed by all BeanPostProcessors (for example: not eligible for auto-proxying)
2019-12-24 14:50:25.072  INFO [shineon.server.uauth,,,] 13196 --- [main] trationDelegate$BeanPostProcessorChecker : Bean 'integrationDisposableAutoCreatedBeans' of type [org.springframework.integration.config.annotation.Disposables] is not eligible for getting processed by all BeanPostProcessors (for example: not eligible for auto-proxying)
2019-12-24 14:50:25.135  INFO [shineon.server.uauth,,,] 13196 --- [main] trationDelegate$BeanPostProcessorChecker : Bean 'org.springframework.cloud.autoconfigure.ConfigurationPropertiesRebinderAutoConfiguration' of type [org.springframework.cloud.autoconfigure.ConfigurationPropertiesRebinderAutoConfiguration$$EnhancerBySpringCGLIB$$90523c9c] is not eligible for getting processed by all BeanPostProcessors (for example: not eligible for auto-proxying)
2019-12-24 14:50:25.991  WARN [shineon.server.uauth,,,] 13196 --- [main] c.n.c.sources.URLConfigurationSource     : No URLs will be polled as dynamic configuration sources.
2019-12-24 14:50:25.991  INFO [shineon.server.uauth,,,] 13196 --- [main] c.n.c.sources.URLConfigurationSource     : To enable URLs as dynamic configuration sources, define System property archaius.configurationSource.additionalUrls or make config.properties available on classpath.
2019-12-24 14:50:26.006  INFO [shineon.server.uauth,,,] 13196 --- [main] c.netflix.config.DynamicPropertyFactory  : DynamicPropertyFactory is initialized with configuration sources: com.netflix.config.ConcurrentCompositeConfiguration@7d61468c
2019-12-24 14:50:26.760  INFO [shineon.server.uauth,,,] 13196 --- [main] o.s.s.concurrent.ThreadPoolTaskExecutor  : Initializing ExecutorService
2019-12-24 14:50:26.768  INFO [shineon.server.uauth,,,] 13196 --- [main] o.s.s.concurrent.ThreadPoolTaskExecutor  : Initializing ExecutorService 'pool_schedule'
2019-12-24 14:50:27.078  WARN [shineon.server.uauth,,,] 13196 --- [main] c.n.c.sources.URLConfigurationSource     : No URLs will be polled as dynamic configuration sources.
2019-12-24 14:50:27.078  INFO [shineon.server.uauth,,,] 13196 --- [main] c.n.c.sources.URLConfigurationSource     : To enable URLs as dynamic configuration sources, define System property archaius.configurationSource.additionalUrls or make config.properties available on classpath.
2019-12-24 14:50:30.530  INFO [shineon.server.uauth,,,] 13196 --- [main] o.s.b.a.e.web.EndpointLinksResolver      : Exposing 2 endpoint(s) beneath base path '/actuator'
2019-12-24 14:50:30.754  INFO [shineon.server.uauth,,,] 13196 --- [main] o.s.s.c.ThreadPoolTaskScheduler          : Initializing ExecutorService 'taskScheduler'
2019-12-24 14:50:30.943  INFO [shineon.server.uauth,,,] 13196 --- [main] o.s.i.endpoint.EventDrivenConsumer       : Adding {logging-channel-adapter:_org.springframework.integration.errorLogger} as a subscriber to the 'errorChannel' channel
2019-12-24 14:50:30.943  INFO [shineon.server.uauth,,,] 13196 --- [main] o.s.i.channel.PublishSubscribeChannel    : Channel 'application-1.errorChannel' has 1 subscriber(s).
2019-12-24 14:50:30.943  INFO [shineon.server.uauth,,,] 13196 --- [main] o.s.i.endpoint.EventDrivenConsumer       : started _org.springframework.integration.errorLogger
2019-12-24 14:50:30.998  INFO [shineon.server.uauth,,,] 13196 --- [main] com.shineon.coder.CoderApplicationTests  : Started CoderApplicationTests in 8.481 seconds (JVM running for 9.169)
2019-12-24 14:50:31.412  INFO [shineon.server.uauth,,,] 13196 --- [Thread-5] o.s.c.n.eureka.InstanceInfoFactory       : Setting initial instance status as: STARTING
2019-12-24 14:50:31.420  INFO [shineon.server.uauth,,,] 13196 --- [Thread-5] o.s.c.n.e.s.EurekaServiceRegistry        : Unregistering application SHINEON.SERVER.UAUTH with eureka with status DOWN
2019-12-24 14:50:31.432  INFO [shineon.server.uauth,,,] 13196 --- [Thread-5] o.s.i.endpoint.EventDrivenConsumer       : Removing {logging-channel-adapter:_org.springframework.integration.errorLogger} as a subscriber to the 'errorChannel' channel
2019-12-24 14:50:31.432  INFO [shineon.server.uauth,,,] 13196 --- [Thread-5] o.s.i.channel.PublishSubscribeChannel    : Channel 'application-1.errorChannel' has 0 subscriber(s).
2019-12-24 14:50:31.432  INFO [shineon.server.uauth,,,] 13196 --- [Thread-5] o.s.i.endpoint.EventDrivenConsumer       : stopped _org.springframework.integration.errorLogger
2019-12-24 14:50:31.433  INFO [shineon.server.uauth,,,] 13196 --- [Thread-5] o.s.s.c.ThreadPoolTaskScheduler          : Shutting down ExecutorService 'taskScheduler'
2019-12-24 14:50:31.440  INFO [shineon.server.uauth,,,] 13196 --- [Thread-5] o.s.s.concurrent.ThreadPoolTaskExecutor  : Shutting down ExecutorService 'pool_schedule'
