2019-10-18 14:32:47.807  INFO [shineon.api.uauth,,,] 10060 --- [main] com.shineon.coder.CoderApplication       : No active profile set, falling back to default profiles: default
2019-10-18 14:32:50.038  INFO [shineon.api.uauth,,,] 10060 --- [main] .s.d.r.c.RepositoryConfigurationDelegate : Multiple Spring Data modules found, entering strict repository configuration mode!
2019-10-18 14:32:50.056  INFO [shineon.api.uauth,,,] 10060 --- [main] .s.d.r.c.RepositoryConfigurationDelegate : Bootstrapping Spring Data repositories in DEFAULT mode.
2019-10-18 14:32:50.132  INFO [shineon.api.uauth,,,] 10060 --- [main] .s.d.r.c.RepositoryConfigurationDelegate : Finished Spring Data repository scanning in 40ms. Found 0 repository interfaces.
2019-10-18 14:32:50.367  WARN [shineon.api.uauth,,,] 10060 --- [main] o.s.boot.actuate.endpoint.EndpointId     : Endpoint ID 'service-registry' contains invalid characters, please migrate to a valid format.
2019-10-18 14:32:50.984  INFO [shineon.api.uauth,,,] 10060 --- [main] o.s.cloud.context.scope.GenericScope     : BeanFactory id=f9fc0964-9463-300b-9d34-991c6538b19e
2019-10-18 14:32:51.013  INFO [shineon.api.uauth,,,] 10060 --- [main] faultConfiguringBeanFactoryPostProcessor : No bean named 'errorChannel' has been explicitly defined. Therefore, a default PublishSubscribeChannel will be created.
2019-10-18 14:32:51.024  INFO [shineon.api.uauth,,,] 10060 --- [main] faultConfiguringBeanFactoryPostProcessor : No bean named 'taskScheduler' has been explicitly defined. Therefore, a default ThreadPoolTaskScheduler will be created.
2019-10-18 14:32:51.036  INFO [shineon.api.uauth,,,] 10060 --- [main] faultConfiguringBeanFactoryPostProcessor : No bean named 'integrationHeaderChannelRegistry' has been explicitly defined. Therefore, a default DefaultHeaderChannelRegistry will be created.
2019-10-18 14:32:51.480  INFO [shineon.api.uauth,,,] 10060 --- [main] trationDelegate$BeanPostProcessorChecker : Bean 'integrationDisposableAutoCreatedBeans' of type [org.springframework.integration.config.annotation.Disposables] is not eligible for getting processed by all BeanPostProcessors (for example: not eligible for auto-proxying)
2019-10-18 14:32:51.550  INFO [shineon.api.uauth,,,] 10060 --- [main] trationDelegate$BeanPostProcessorChecker : Bean 'org.springframework.integration.config.IntegrationManagementConfiguration' of type [org.springframework.integration.config.IntegrationManagementConfiguration$$EnhancerBySpringCGLIB$$f77c8bdc] is not eligible for getting processed by all BeanPostProcessors (for example: not eligible for auto-proxying)
2019-10-18 14:32:51.578  INFO [shineon.api.uauth,,,] 10060 --- [main] trationDelegate$BeanPostProcessorChecker : Bean 'org.springframework.boot.autoconfigure.integration.IntegrationAutoConfiguration$IntegrationJmxConfiguration' of type [org.springframework.boot.autoconfigure.integration.IntegrationAutoConfiguration$IntegrationJmxConfiguration$$EnhancerBySpringCGLIB$$d30e96fc] is not eligible for getting processed by all BeanPostProcessors (for example: not eligible for auto-proxying)
2019-10-18 14:32:51.607  INFO [shineon.api.uauth,,,] 10060 --- [main] trationDelegate$BeanPostProcessorChecker : Bean 'org.springframework.boot.autoconfigure.jmx.JmxAutoConfiguration' of type [org.springframework.boot.autoconfigure.jmx.JmxAutoConfiguration$$EnhancerBySpringCGLIB$$bf63fc9] is not eligible for getting processed by all BeanPostProcessors (for example: not eligible for auto-proxying)
2019-10-18 14:32:51.623  INFO [shineon.api.uauth,,,] 10060 --- [main] trationDelegate$BeanPostProcessorChecker : Bean 'mbeanServer' of type [com.sun.jmx.mbeanserver.JmxMBeanServer] is not eligible for getting processed by all BeanPostProcessors (for example: not eligible for auto-proxying)
2019-10-18 14:32:51.694  INFO [shineon.api.uauth,,,] 10060 --- [main] trationDelegate$BeanPostProcessorChecker : Bean 'org.springframework.cloud.autoconfigure.ConfigurationPropertiesRebinderAutoConfiguration' of type [org.springframework.cloud.autoconfigure.ConfigurationPropertiesRebinderAutoConfiguration$$EnhancerBySpringCGLIB$$a8a4d3aa] is not eligible for getting processed by all BeanPostProcessors (for example: not eligible for auto-proxying)
2019-10-18 14:32:52.827  INFO [shineon.api.uauth,,,] 10060 --- [main] o.s.b.w.embedded.tomcat.TomcatWebServer  : Tomcat initialized with port(s): 129 (http)
2019-10-18 14:32:52.887  INFO [shineon.api.uauth,,,] 10060 --- [main] o.apache.catalina.core.StandardService   : Starting service [Tomcat]
2019-10-18 14:32:52.888  INFO [shineon.api.uauth,,,] 10060 --- [main] org.apache.catalina.core.StandardEngine  : Starting Servlet engine: [Apache Tomcat/9.0.21]
2019-10-18 14:32:53.052  INFO [shineon.api.uauth,,,] 10060 --- [main] o.a.c.c.C.[Tomcat].[localhost].[/]       : Initializing Spring embedded WebApplicationContext
2019-10-18 14:32:53.065  INFO [shineon.api.uauth,,,] 10060 --- [main] o.s.web.context.ContextLoader            : Root WebApplicationContext: initialization completed in 5220 ms
2019-10-18 14:32:53.630  WARN [shineon.api.uauth,,,] 10060 --- [main] c.n.c.sources.URLConfigurationSource     : No URLs will be polled as dynamic configuration sources.
2019-10-18 14:32:53.632  INFO [shineon.api.uauth,,,] 10060 --- [main] c.n.c.sources.URLConfigurationSource     : To enable URLs as dynamic configuration sources, define System property archaius.configurationSource.additionalUrls or make config.properties available on classpath.
2019-10-18 14:32:53.678  INFO [shineon.api.uauth,,,] 10060 --- [main] c.netflix.config.DynamicPropertyFactory  : DynamicPropertyFactory is initialized with configuration sources: com.netflix.config.ConcurrentCompositeConfiguration@22c86919
2019-10-18 14:32:55.801  INFO [shineon.api.uauth,,,] 10060 --- [main] o.s.s.c.ThreadPoolTaskScheduler          : Initializing ExecutorService 'taskScheduler'
2019-10-18 14:32:56.832  INFO [shineon.api.uauth,,,] 10060 --- [main] o.s.s.concurrent.ThreadPoolTaskExecutor  : Initializing ExecutorService
2019-10-18 14:32:56.834  INFO [shineon.api.uauth,,,] 10060 --- [main] o.s.s.concurrent.ThreadPoolTaskExecutor  : Initializing ExecutorService 'pool_schedule'
2019-10-18 14:32:56.952  WARN [shineon.api.uauth,,,] 10060 --- [main] c.n.c.sources.URLConfigurationSource     : No URLs will be polled as dynamic configuration sources.
2019-10-18 14:32:56.953  INFO [shineon.api.uauth,,,] 10060 --- [main] c.n.c.sources.URLConfigurationSource     : To enable URLs as dynamic configuration sources, define System property archaius.configurationSource.additionalUrls or make config.properties available on classpath.
2019-10-18 14:32:58.055  INFO [shineon.api.uauth,,,] 10060 --- [main] io.lettuce.core.EpollProvider            : Starting without optional epoll library
2019-10-18 14:32:58.058  INFO [shineon.api.uauth,,,] 10060 --- [main] io.lettuce.core.KqueueProvider           : Starting without optional kqueue library
2019-10-18 14:32:59.007  INFO [shineon.api.uauth,,,] 10060 --- [main] o.s.b.a.e.web.EndpointLinksResolver      : Exposing 2 endpoint(s) beneath base path '/actuator'
2019-10-18 14:32:59.122  INFO [shineon.api.uauth,,,] 10060 --- [main] o.s.c.s.m.DirectWithAttributesChannel    : Channel 'application-1.Matao1MessageInput' has 1 subscriber(s).
2019-10-18 14:32:59.292  INFO [shineon.api.uauth,,,] 10060 --- [main] o.s.i.monitor.IntegrationMBeanExporter   : Registering MessageChannel errorChannel
2019-10-18 14:32:59.373  INFO [shineon.api.uauth,,,] 10060 --- [main] o.s.i.monitor.IntegrationMBeanExporter   : Registering MessageChannel Matao1MessageInput
2019-10-18 14:32:59.417  INFO [shineon.api.uauth,,,] 10060 --- [main] o.s.i.monitor.IntegrationMBeanExporter   : Registering MessageChannel nullChannel
2019-10-18 14:32:59.434  INFO [shineon.api.uauth,,,] 10060 --- [main] o.s.i.monitor.IntegrationMBeanExporter   : Registering MessageChannel Matao1MessageOutput
2019-10-18 14:32:59.446  INFO [shineon.api.uauth,,,] 10060 --- [main] o.s.i.monitor.IntegrationMBeanExporter   : Registering MessageHandler org.springframework.cloud.stream.binding.StreamListenerMessageHandler@3cff0139
2019-10-18 14:32:59.562  INFO [shineon.api.uauth,,,] 10060 --- [main] o.s.i.monitor.IntegrationMBeanExporter   : Registering MessageHandler errorLogger
2019-10-18 14:32:59.608  INFO [shineon.api.uauth,,,] 10060 --- [main] o.s.i.endpoint.EventDrivenConsumer       : Adding {logging-channel-adapter:_org.springframework.integration.errorLogger} as a subscriber to the 'errorChannel' channel
2019-10-18 14:32:59.609  INFO [shineon.api.uauth,,,] 10060 --- [main] o.s.i.channel.PublishSubscribeChannel    : Channel 'application-1.errorChannel' has 1 subscriber(s).
2019-10-18 14:32:59.610  INFO [shineon.api.uauth,,,] 10060 --- [main] o.s.i.endpoint.EventDrivenConsumer       : started _org.springframework.integration.errorLogger
2019-10-18 14:32:59.873  INFO [shineon.api.uauth,,,] 10060 --- [main] o.s.a.r.c.CachingConnectionFactory       : Attempting to connect to: [127.0.0.1:5672]
2019-10-18 14:33:00.125  INFO [shineon.api.uauth,,,] 10060 --- [main] o.s.a.r.c.CachingConnectionFactory       : Created new connection: rabbitConnectionFactory#5b69fd74:0/SimpleConnection@63411512 [delegate=amqp://matao@127.0.0.1:5672/, localPort= 60792]
2019-10-18 14:33:00.251  INFO [shineon.api.uauth,,,] 10060 --- [main] o.s.c.s.m.DirectWithAttributesChannel    : Channel 'application-1.Matao1MessageOutput' has 1 subscriber(s).
2019-10-18 14:33:00.273  INFO [shineon.api.uauth,,,] 10060 --- [main] o.s.c.n.eureka.InstanceInfoFactory       : Setting initial instance status as: STARTING
2019-10-18 14:33:00.332  INFO [shineon.api.uauth,,,] 10060 --- [main] com.netflix.discovery.DiscoveryClient    : Initializing Eureka in region us-east-1
2019-10-18 14:33:00.461  INFO [shineon.api.uauth,,,] 10060 --- [main] c.n.d.provider.DiscoveryJerseyProvider   : Using JSON encoding codec LegacyJacksonJson
2019-10-18 14:33:00.462  INFO [shineon.api.uauth,,,] 10060 --- [main] c.n.d.provider.DiscoveryJerseyProvider   : Using JSON decoding codec LegacyJacksonJson
2019-10-18 14:33:00.607  INFO [shineon.api.uauth,,,] 10060 --- [main] c.n.d.provider.DiscoveryJerseyProvider   : Using XML encoding codec XStreamXml
2019-10-18 14:33:00.608  INFO [shineon.api.uauth,,,] 10060 --- [main] c.n.d.provider.DiscoveryJerseyProvider   : Using XML decoding codec XStreamXml
2019-10-18 14:33:00.938  INFO [shineon.api.uauth,,,] 10060 --- [main] c.n.d.s.r.aws.ConfigClusterResolver      : Resolving eureka endpoints via configuration
2019-10-18 14:33:00.998  INFO [shineon.api.uauth,,,] 10060 --- [main] com.netflix.discovery.DiscoveryClient    : Disable delta property : false
2019-10-18 14:33:00.999  INFO [shineon.api.uauth,,,] 10060 --- [main] com.netflix.discovery.DiscoveryClient    : Single vip registry refresh property : null
2019-10-18 14:33:01.000  INFO [shineon.api.uauth,,,] 10060 --- [main] com.netflix.discovery.DiscoveryClient    : Force full registry fetch : false
2019-10-18 14:33:01.005  INFO [shineon.api.uauth,,,] 10060 --- [main] com.netflix.discovery.DiscoveryClient    : Application is null : false
2019-10-18 14:33:01.009  INFO [shineon.api.uauth,,,] 10060 --- [main] com.netflix.discovery.DiscoveryClient    : Registered Applications size is zero : true
2019-10-18 14:33:01.012  INFO [shineon.api.uauth,,,] 10060 --- [main] com.netflix.discovery.DiscoveryClient    : Application version is -1: true
2019-10-18 14:33:01.019  INFO [shineon.api.uauth,,,] 10060 --- [main] com.netflix.discovery.DiscoveryClient    : Getting all instance registry info from the eureka server
2019-10-18 14:33:01.211  INFO [shineon.api.uauth,,,] 10060 --- [main] com.netflix.discovery.DiscoveryClient    : The response status is 200
2019-10-18 14:33:01.214  INFO [shineon.api.uauth,,,] 10060 --- [main] com.netflix.discovery.DiscoveryClient    : Starting heartbeat executor: renew interval is: 30
2019-10-18 14:33:01.217  INFO [shineon.api.uauth,,,] 10060 --- [main] c.n.discovery.InstanceInfoReplicator     : InstanceInfoReplicator onDemand update allowed rate per min is 4
2019-10-18 14:33:01.220  INFO [shineon.api.uauth,,,] 10060 --- [main] com.netflix.discovery.DiscoveryClient    : Discovery Client initialized at timestamp 1571380381220 with initial instances count: 1
2019-10-18 14:33:01.228  INFO [shineon.api.uauth,,,] 10060 --- [main] o.s.c.n.e.s.EurekaServiceRegistry        : Registering application SHINEON.API.UAUTH with eureka with status UP
2019-10-18 14:33:01.231  INFO [shineon.api.uauth,,,] 10060 --- [main] com.netflix.discovery.DiscoveryClient    : Saw local status change event StatusChangeEvent [timestamp=1571380381231, current=UP, previous=STARTING]
2019-10-18 14:33:01.235  INFO [shineon.api.uauth,,,] 10060 --- [DiscoveryClient-InstanceInfoReplicator-0] com.netflix.discovery.DiscoveryClient    : DiscoveryClient_SHINEON.API.UAUTH/fh18829-2:shineon.api.uauth:129: registering service...
2019-10-18 14:33:01.263  INFO [shineon.api.uauth,,,] 10060 --- [main] c.s.b.r.p.RabbitExchangeQueueProvisioner : declaring queue for inbound: Matao1Message.anonymous.8qicF-E7TGGXjWRMqUaMgA, bound to: Matao1Message
2019-10-18 14:33:01.308  INFO [shineon.api.uauth,,,] 10060 --- [DiscoveryClient-InstanceInfoReplicator-0] com.netflix.discovery.DiscoveryClient    : DiscoveryClient_SHINEON.API.UAUTH/fh18829-2:shineon.api.uauth:129 - registration status: 204
2019-10-18 14:33:01.383  INFO [shineon.api.uauth,,,] 10060 --- [main] o.s.i.monitor.IntegrationMBeanExporter   : Registering MessageChannel Matao1Message.anonymous.8qicF-E7TGGXjWRMqUaMgA.errors
2019-10-18 14:33:01.524  INFO [shineon.api.uauth,,,] 10060 --- [main] o.s.c.stream.binder.BinderErrorChannel   : Channel 'application-1.Matao1Message.anonymous.8qicF-E7TGGXjWRMqUaMgA.errors' has 1 subscriber(s).
2019-10-18 14:33:01.526  INFO [shineon.api.uauth,,,] 10060 --- [main] o.s.c.stream.binder.BinderErrorChannel   : Channel 'application-1.Matao1Message.anonymous.8qicF-E7TGGXjWRMqUaMgA.errors' has 2 subscriber(s).
2019-10-18 14:33:01.569  INFO [shineon.api.uauth,,,] 10060 --- [main] o.s.i.a.i.AmqpInboundChannelAdapter      : started inbound.Matao1Message.anonymous.8qicF-E7TGGXjWRMqUaMgA
2019-10-18 14:33:02.207  INFO [shineon.api.uauth,,,] 10060 --- [main] o.s.b.w.embedded.tomcat.TomcatWebServer  : Tomcat started on port(s): 129 (http) with context path ''
2019-10-18 14:33:02.209  INFO [shineon.api.uauth,,,] 10060 --- [main] .s.c.n.e.s.EurekaAutoServiceRegistration : Updating port to 129
2019-10-18 14:33:02.211  INFO [shineon.api.uauth,,,] 10060 --- [main] com.shineon.coder.CoderApplication       : Started CoderApplication in 17.221 seconds (JVM running for 18.106)
2019-10-18 14:33:26.518  INFO [shineon.api.uauth,,,] 17836 --- [main] com.shineon.coder.CoderApplication       : No active profile set, falling back to default profiles: default
2019-10-18 14:33:29.276  INFO [shineon.api.uauth,,,] 17836 --- [main] .s.d.r.c.RepositoryConfigurationDelegate : Multiple Spring Data modules found, entering strict repository configuration mode!
2019-10-18 14:33:30.084  INFO [shineon.api.uauth,,,] 17836 --- [main] .s.d.r.c.RepositoryConfigurationDelegate : Bootstrapping Spring Data repositories in DEFAULT mode.
2019-10-18 14:33:30.150  INFO [shineon.api.uauth,,,] 17836 --- [main] .s.d.r.c.RepositoryConfigurationDelegate : Finished Spring Data repository scanning in 23ms. Found 0 repository interfaces.
2019-10-18 14:33:30.488  WARN [shineon.api.uauth,,,] 17836 --- [main] o.s.boot.actuate.endpoint.EndpointId     : Endpoint ID 'service-registry' contains invalid characters, please migrate to a valid format.
2019-10-18 14:33:32.383  INFO [shineon.api.uauth,,,] 17836 --- [main] o.s.cloud.context.scope.GenericScope     : BeanFactory id=f9fc0964-9463-300b-9d34-991c6538b19e
2019-10-18 14:33:32.558  INFO [shineon.api.uauth,,,] 17836 --- [main] faultConfiguringBeanFactoryPostProcessor : No bean named 'errorChannel' has been explicitly defined. Therefore, a default PublishSubscribeChannel will be created.
2019-10-18 14:33:32.670  INFO [shineon.api.uauth,,,] 17836 --- [main] faultConfiguringBeanFactoryPostProcessor : No bean named 'taskScheduler' has been explicitly defined. Therefore, a default ThreadPoolTaskScheduler will be created.
2019-10-18 14:33:32.721  INFO [shineon.api.uauth,,,] 17836 --- [main] faultConfiguringBeanFactoryPostProcessor : No bean named 'integrationHeaderChannelRegistry' has been explicitly defined. Therefore, a default DefaultHeaderChannelRegistry will be created.
2019-10-18 14:33:33.550  INFO [shineon.api.uauth,,,] 17836 --- [main] trationDelegate$BeanPostProcessorChecker : Bean 'integrationDisposableAutoCreatedBeans' of type [org.springframework.integration.config.annotation.Disposables] is not eligible for getting processed by all BeanPostProcessors (for example: not eligible for auto-proxying)
2019-10-18 14:33:33.838  INFO [shineon.api.uauth,,,] 17836 --- [main] trationDelegate$BeanPostProcessorChecker : Bean 'org.springframework.integration.config.IntegrationManagementConfiguration' of type [org.springframework.integration.config.IntegrationManagementConfiguration$$EnhancerBySpringCGLIB$$f9000729] is not eligible for getting processed by all BeanPostProcessors (for example: not eligible for auto-proxying)
2019-10-18 14:33:34.105  INFO [shineon.api.uauth,,,] 17836 --- [main] trationDelegate$BeanPostProcessorChecker : Bean 'org.springframework.boot.autoconfigure.integration.IntegrationAutoConfiguration$IntegrationJmxConfiguration' of type [org.springframework.boot.autoconfigure.integration.IntegrationAutoConfiguration$IntegrationJmxConfiguration$$EnhancerBySpringCGLIB$$d4921249] is not eligible for getting processed by all BeanPostProcessors (for example: not eligible for auto-proxying)
2019-10-18 14:33:34.486  INFO [shineon.api.uauth,,,] 17836 --- [main] trationDelegate$BeanPostProcessorChecker : Bean 'org.springframework.boot.autoconfigure.jmx.JmxAutoConfiguration' of type [org.springframework.boot.autoconfigure.jmx.JmxAutoConfiguration$$EnhancerBySpringCGLIB$$d79bb16] is not eligible for getting processed by all BeanPostProcessors (for example: not eligible for auto-proxying)
2019-10-18 14:33:36.301  INFO [shineon.api.uauth,,,] 17836 --- [main] trationDelegate$BeanPostProcessorChecker : Bean 'mbeanServer' of type [com.sun.jmx.mbeanserver.JmxMBeanServer] is not eligible for getting processed by all BeanPostProcessors (for example: not eligible for auto-proxying)
2019-10-18 14:33:36.797  INFO [shineon.api.uauth,,,] 17836 --- [main] trationDelegate$BeanPostProcessorChecker : Bean 'org.springframework.cloud.autoconfigure.ConfigurationPropertiesRebinderAutoConfiguration' of type [org.springframework.cloud.autoconfigure.ConfigurationPropertiesRebinderAutoConfiguration$$EnhancerBySpringCGLIB$$aa284ef7] is not eligible for getting processed by all BeanPostProcessors (for example: not eligible for auto-proxying)
2019-10-18 14:33:41.645  INFO [shineon.api.uauth,,,] 17836 --- [main] o.s.b.w.embedded.tomcat.TomcatWebServer  : Tomcat initialized with port(s): 129 (http)
2019-10-18 14:33:41.798  INFO [shineon.api.uauth,,,] 17836 --- [main] o.apache.catalina.core.StandardService   : Starting service [Tomcat]
2019-10-18 14:33:41.799  INFO [shineon.api.uauth,,,] 17836 --- [main] org.apache.catalina.core.StandardEngine  : Starting Servlet engine: [Apache Tomcat/9.0.21]
2019-10-18 14:33:43.909  INFO [shineon.api.uauth,,,] 17836 --- [main] o.a.c.c.C.[Tomcat].[localhost].[/]       : Initializing Spring embedded WebApplicationContext
2019-10-18 14:33:43.912  INFO [shineon.api.uauth,,,] 17836 --- [main] o.s.web.context.ContextLoader            : Root WebApplicationContext: initialization completed in 16970 ms
2019-10-18 14:33:49.835  WARN [shineon.api.uauth,,,] 17836 --- [main] c.n.c.sources.URLConfigurationSource     : No URLs will be polled as dynamic configuration sources.
2019-10-18 14:33:50.254  INFO [shineon.api.uauth,,,] 17836 --- [main] c.n.c.sources.URLConfigurationSource     : To enable URLs as dynamic configuration sources, define System property archaius.configurationSource.additionalUrls or make config.properties available on classpath.
2019-10-18 14:33:51.929  INFO [shineon.api.uauth,,,] 17836 --- [main] c.netflix.config.DynamicPropertyFactory  : DynamicPropertyFactory is initialized with configuration sources: com.netflix.config.ConcurrentCompositeConfiguration@1133ec6e
2019-10-18 14:34:11.220  INFO [shineon.api.uauth,,,] 17836 --- [main] o.s.s.c.ThreadPoolTaskScheduler          : Initializing ExecutorService 'taskScheduler'
2019-10-18 14:34:29.353  INFO [shineon.api.uauth,,,] 17836 --- [main] o.s.s.concurrent.ThreadPoolTaskExecutor  : Initializing ExecutorService
2019-10-18 14:34:29.395  INFO [shineon.api.uauth,,,] 17836 --- [main] o.s.s.concurrent.ThreadPoolTaskExecutor  : Initializing ExecutorService 'pool_schedule'
2019-10-18 14:34:29.988  WARN [shineon.api.uauth,,,] 17836 --- [main] c.n.c.sources.URLConfigurationSource     : No URLs will be polled as dynamic configuration sources.
2019-10-18 14:34:29.990  INFO [shineon.api.uauth,,,] 17836 --- [main] c.n.c.sources.URLConfigurationSource     : To enable URLs as dynamic configuration sources, define System property archaius.configurationSource.additionalUrls or make config.properties available on classpath.
2019-10-18 14:34:39.747  INFO [shineon.api.uauth,,,] 17836 --- [main] io.lettuce.core.EpollProvider            : Starting without optional epoll library
2019-10-18 14:34:39.775  INFO [shineon.api.uauth,,,] 17836 --- [main] io.lettuce.core.KqueueProvider           : Starting without optional kqueue library
2019-10-18 14:34:50.241  INFO [shineon.api.uauth,,,] 17836 --- [main] o.s.b.a.e.web.EndpointLinksResolver      : Exposing 2 endpoint(s) beneath base path '/actuator'
2019-10-18 14:34:50.696  INFO [shineon.api.uauth,,,] 17836 --- [main] o.s.c.s.m.DirectWithAttributesChannel    : Channel 'application-1.Matao1MessageInput' has 1 subscriber(s).
2019-10-18 14:34:51.043  INFO [shineon.api.uauth,,,] 17836 --- [main] o.s.i.monitor.IntegrationMBeanExporter   : Registering MessageChannel Matao1MessageInput
2019-10-18 14:34:51.304  INFO [shineon.api.uauth,,,] 17836 --- [main] o.s.i.monitor.IntegrationMBeanExporter   : Registering MessageChannel errorChannel
2019-10-18 14:34:51.355  INFO [shineon.api.uauth,,,] 17836 --- [main] o.s.i.monitor.IntegrationMBeanExporter   : Registering MessageChannel Matao1MessageOutput
2019-10-18 14:34:51.363  INFO [shineon.api.uauth,,,] 17836 --- [main] o.s.i.monitor.IntegrationMBeanExporter   : Registering MessageChannel nullChannel
2019-10-18 14:34:51.393  INFO [shineon.api.uauth,,,] 17836 --- [main] o.s.i.monitor.IntegrationMBeanExporter   : Registering MessageHandler org.springframework.cloud.stream.binding.StreamListenerMessageHandler@7fc7c4a
2019-10-18 14:34:51.550  INFO [shineon.api.uauth,,,] 17836 --- [main] o.s.i.monitor.IntegrationMBeanExporter   : Registering MessageHandler errorLogger
2019-10-18 14:34:51.672  INFO [shineon.api.uauth,,,] 17836 --- [main] o.s.i.endpoint.EventDrivenConsumer       : Adding {logging-channel-adapter:_org.springframework.integration.errorLogger} as a subscriber to the 'errorChannel' channel
2019-10-18 14:34:51.788  INFO [shineon.api.uauth,,,] 17836 --- [main] o.s.i.channel.PublishSubscribeChannel    : Channel 'application-1.errorChannel' has 1 subscriber(s).
2019-10-18 14:34:51.805  INFO [shineon.api.uauth,,,] 17836 --- [main] o.s.i.endpoint.EventDrivenConsumer       : started _org.springframework.integration.errorLogger
2019-10-18 14:34:53.946  INFO [shineon.api.uauth,,,] 17836 --- [main] o.s.a.r.c.CachingConnectionFactory       : Attempting to connect to: [127.0.0.1:5672]
2019-10-18 14:34:54.263  INFO [shineon.api.uauth,,,] 17836 --- [main] o.s.a.r.c.CachingConnectionFactory       : Created new connection: rabbitConnectionFactory#1e287667:0/SimpleConnection@602ae7b6 [delegate=amqp://matao@127.0.0.1:5672/, localPort= 61315]
2019-10-18 14:34:54.396  INFO [shineon.api.uauth,,,] 17836 --- [main] o.s.c.s.m.DirectWithAttributesChannel    : Channel 'application-1.Matao1MessageOutput' has 1 subscriber(s).
2019-10-18 14:34:54.529  INFO [shineon.api.uauth,,,] 17836 --- [main] o.s.c.n.eureka.InstanceInfoFactory       : Setting initial instance status as: STARTING
2019-10-18 14:34:55.213  INFO [shineon.api.uauth,,,] 17836 --- [main] com.netflix.discovery.DiscoveryClient    : Initializing Eureka in region us-east-1
2019-10-18 14:34:56.316  INFO [shineon.api.uauth,,,] 17836 --- [main] c.n.d.provider.DiscoveryJerseyProvider   : Using JSON encoding codec LegacyJacksonJson
2019-10-18 14:34:56.318  INFO [shineon.api.uauth,,,] 17836 --- [main] c.n.d.provider.DiscoveryJerseyProvider   : Using JSON decoding codec LegacyJacksonJson
2019-10-18 14:34:57.036  INFO [shineon.api.uauth,,,] 17836 --- [main] c.n.d.provider.DiscoveryJerseyProvider   : Using XML encoding codec XStreamXml
2019-10-18 14:34:57.316  INFO [shineon.api.uauth,,,] 17836 --- [main] c.n.d.provider.DiscoveryJerseyProvider   : Using XML decoding codec XStreamXml
2019-10-18 14:34:59.091  INFO [shineon.api.uauth,,,] 17836 --- [main] c.n.d.s.r.aws.ConfigClusterResolver      : Resolving eureka endpoints via configuration
2019-10-18 14:34:59.235  INFO [shineon.api.uauth,,,] 17836 --- [main] com.netflix.discovery.DiscoveryClient    : Disable delta property : false
2019-10-18 14:34:59.237  INFO [shineon.api.uauth,,,] 17836 --- [main] com.netflix.discovery.DiscoveryClient    : Single vip registry refresh property : null
2019-10-18 14:34:59.239  INFO [shineon.api.uauth,,,] 17836 --- [main] com.netflix.discovery.DiscoveryClient    : Force full registry fetch : false
2019-10-18 14:34:59.242  INFO [shineon.api.uauth,,,] 17836 --- [main] com.netflix.discovery.DiscoveryClient    : Application is null : false
2019-10-18 14:34:59.247  INFO [shineon.api.uauth,,,] 17836 --- [main] com.netflix.discovery.DiscoveryClient    : Registered Applications size is zero : true
2019-10-18 14:34:59.254  INFO [shineon.api.uauth,,,] 17836 --- [main] com.netflix.discovery.DiscoveryClient    : Application version is -1: true
2019-10-18 14:34:59.258  INFO [shineon.api.uauth,,,] 17836 --- [main] com.netflix.discovery.DiscoveryClient    : Getting all instance registry info from the eureka server
2019-10-18 14:35:01.734  INFO [shineon.api.uauth,,,] 17836 --- [main] com.netflix.discovery.DiscoveryClient    : The response status is 200
2019-10-18 14:35:01.763  INFO [shineon.api.uauth,,,] 17836 --- [main] com.netflix.discovery.DiscoveryClient    : Starting heartbeat executor: renew interval is: 30
2019-10-18 14:35:01.777  INFO [shineon.api.uauth,,,] 17836 --- [main] c.n.discovery.InstanceInfoReplicator     : InstanceInfoReplicator onDemand update allowed rate per min is 4
2019-10-18 14:35:01.783  INFO [shineon.api.uauth,,,] 17836 --- [main] com.netflix.discovery.DiscoveryClient    : Discovery Client initialized at timestamp 1571380501783 with initial instances count: 2
2019-10-18 14:35:01.814  INFO [shineon.api.uauth,,,] 17836 --- [main] o.s.c.n.e.s.EurekaServiceRegistry        : Registering application SHINEON.API.UAUTH with eureka with status UP
2019-10-18 14:35:01.822  INFO [shineon.api.uauth,,,] 17836 --- [main] com.netflix.discovery.DiscoveryClient    : Saw local status change event StatusChangeEvent [timestamp=1571380501822, current=UP, previous=STARTING]
2019-10-18 14:35:01.843  INFO [shineon.api.uauth,,,] 17836 --- [DiscoveryClient-InstanceInfoReplicator-0] com.netflix.discovery.DiscoveryClient    : DiscoveryClient_SHINEON.API.UAUTH/fh18829-2:shineon.api.uauth:129: registering service...
2019-10-18 14:35:01.962  INFO [shineon.api.uauth,,,] 17836 --- [main] c.s.b.r.p.RabbitExchangeQueueProvisioner : declaring queue for inbound: Matao1Message.anonymous._72SKKdFTpKRs-ZrTuAn7w, bound to: Matao1Message
2019-10-18 14:35:02.361  INFO [shineon.api.uauth,,,] 17836 --- [DiscoveryClient-InstanceInfoReplicator-0] com.netflix.discovery.DiscoveryClient    : DiscoveryClient_SHINEON.API.UAUTH/fh18829-2:shineon.api.uauth:129 - registration status: 204
2019-10-18 14:35:02.441  INFO [shineon.api.uauth,,,] 17836 --- [main] o.s.i.monitor.IntegrationMBeanExporter   : Registering MessageChannel Matao1Message.anonymous._72SKKdFTpKRs-ZrTuAn7w.errors
2019-10-18 14:35:02.815  INFO [shineon.api.uauth,,,] 17836 --- [main] o.s.c.stream.binder.BinderErrorChannel   : Channel 'application-1.Matao1Message.anonymous._72SKKdFTpKRs-ZrTuAn7w.errors' has 1 subscriber(s).
2019-10-18 14:35:02.819  INFO [shineon.api.uauth,,,] 17836 --- [main] o.s.c.stream.binder.BinderErrorChannel   : Channel 'application-1.Matao1Message.anonymous._72SKKdFTpKRs-ZrTuAn7w.errors' has 2 subscriber(s).
2019-10-18 14:35:03.123  INFO [shineon.api.uauth,,,] 17836 --- [main] o.s.i.a.i.AmqpInboundChannelAdapter      : started inbound.Matao1Message.anonymous._72SKKdFTpKRs-ZrTuAn7w
2019-10-18 14:35:04.536  INFO [shineon.api.uauth,,,] 17836 --- [main] o.s.b.w.embedded.tomcat.TomcatWebServer  : Tomcat started on port(s): 129 (http) with context path ''
2019-10-18 14:35:04.542  INFO [shineon.api.uauth,,,] 17836 --- [main] .s.c.n.e.s.EurekaAutoServiceRegistration : Updating port to 129
2019-10-18 14:35:04.582  INFO [shineon.api.uauth,,,] 17836 --- [main] com.shineon.coder.CoderApplication       : Started CoderApplication in 100.833 seconds (JVM running for 101.814)
2019-10-18 14:38:52.890  INFO [shineon.api.uauth,,,] 18724 --- [main] com.shineon.coder.CoderApplication       : No active profile set, falling back to default profiles: default
2019-10-18 14:38:54.315  INFO [shineon.api.uauth,,,] 18724 --- [main] .s.d.r.c.RepositoryConfigurationDelegate : Multiple Spring Data modules found, entering strict repository configuration mode!
2019-10-18 14:38:54.320  INFO [shineon.api.uauth,,,] 18724 --- [main] .s.d.r.c.RepositoryConfigurationDelegate : Bootstrapping Spring Data repositories in DEFAULT mode.
2019-10-18 14:38:54.350  INFO [shineon.api.uauth,,,] 18724 --- [main] .s.d.r.c.RepositoryConfigurationDelegate : Finished Spring Data repository scanning in 13ms. Found 0 repository interfaces.
2019-10-18 14:38:54.521  WARN [shineon.api.uauth,,,] 18724 --- [main] o.s.boot.actuate.endpoint.EndpointId     : Endpoint ID 'service-registry' contains invalid characters, please migrate to a valid format.
2019-10-18 14:38:55.092  INFO [shineon.api.uauth,,,] 18724 --- [main] o.s.cloud.context.scope.GenericScope     : BeanFactory id=f9fc0964-9463-300b-9d34-991c6538b19e
2019-10-18 14:38:55.127  INFO [shineon.api.uauth,,,] 18724 --- [main] faultConfiguringBeanFactoryPostProcessor : No bean named 'errorChannel' has been explicitly defined. Therefore, a default PublishSubscribeChannel will be created.
2019-10-18 14:38:55.137  INFO [shineon.api.uauth,,,] 18724 --- [main] faultConfiguringBeanFactoryPostProcessor : No bean named 'taskScheduler' has been explicitly defined. Therefore, a default ThreadPoolTaskScheduler will be created.
2019-10-18 14:38:55.151  INFO [shineon.api.uauth,,,] 18724 --- [main] faultConfiguringBeanFactoryPostProcessor : No bean named 'integrationHeaderChannelRegistry' has been explicitly defined. Therefore, a default DefaultHeaderChannelRegistry will be created.
2019-10-18 14:38:55.577  INFO [shineon.api.uauth,,,] 18724 --- [main] trationDelegate$BeanPostProcessorChecker : Bean 'integrationDisposableAutoCreatedBeans' of type [org.springframework.integration.config.annotation.Disposables] is not eligible for getting processed by all BeanPostProcessors (for example: not eligible for auto-proxying)
2019-10-18 14:38:55.632  INFO [shineon.api.uauth,,,] 18724 --- [main] trationDelegate$BeanPostProcessorChecker : Bean 'org.springframework.integration.config.IntegrationManagementConfiguration' of type [org.springframework.integration.config.IntegrationManagementConfiguration$$EnhancerBySpringCGLIB$$6d6dfedc] is not eligible for getting processed by all BeanPostProcessors (for example: not eligible for auto-proxying)
2019-10-18 14:38:55.654  INFO [shineon.api.uauth,,,] 18724 --- [main] trationDelegate$BeanPostProcessorChecker : Bean 'org.springframework.boot.autoconfigure.integration.IntegrationAutoConfiguration$IntegrationJmxConfiguration' of type [org.springframework.boot.autoconfigure.integration.IntegrationAutoConfiguration$IntegrationJmxConfiguration$$EnhancerBySpringCGLIB$$490009fc] is not eligible for getting processed by all BeanPostProcessors (for example: not eligible for auto-proxying)
2019-10-18 14:38:55.671  INFO [shineon.api.uauth,,,] 18724 --- [main] trationDelegate$BeanPostProcessorChecker : Bean 'org.springframework.boot.autoconfigure.jmx.JmxAutoConfiguration' of type [org.springframework.boot.autoconfigure.jmx.JmxAutoConfiguration$$EnhancerBySpringCGLIB$$81e7b2c9] is not eligible for getting processed by all BeanPostProcessors (for example: not eligible for auto-proxying)
2019-10-18 14:38:55.682  INFO [shineon.api.uauth,,,] 18724 --- [main] trationDelegate$BeanPostProcessorChecker : Bean 'mbeanServer' of type [com.sun.jmx.mbeanserver.JmxMBeanServer] is not eligible for getting processed by all BeanPostProcessors (for example: not eligible for auto-proxying)
2019-10-18 14:38:55.741  INFO [shineon.api.uauth,,,] 18724 --- [main] trationDelegate$BeanPostProcessorChecker : Bean 'org.springframework.cloud.autoconfigure.ConfigurationPropertiesRebinderAutoConfiguration' of type [org.springframework.cloud.autoconfigure.ConfigurationPropertiesRebinderAutoConfiguration$$EnhancerBySpringCGLIB$$1e9646aa] is not eligible for getting processed by all BeanPostProcessors (for example: not eligible for auto-proxying)
2019-10-18 14:38:56.500  INFO [shineon.api.uauth,,,] 18724 --- [main] o.s.b.w.embedded.tomcat.TomcatWebServer  : Tomcat initialized with port(s): 129 (http)
2019-10-18 14:38:56.530  INFO [shineon.api.uauth,,,] 18724 --- [main] o.apache.catalina.core.StandardService   : Starting service [Tomcat]
2019-10-18 14:38:56.531  INFO [shineon.api.uauth,,,] 18724 --- [main] org.apache.catalina.core.StandardEngine  : Starting Servlet engine: [Apache Tomcat/9.0.21]
2019-10-18 14:38:56.629  INFO [shineon.api.uauth,,,] 18724 --- [main] o.a.c.c.C.[Tomcat].[localhost].[/]       : Initializing Spring embedded WebApplicationContext
2019-10-18 14:38:56.630  INFO [shineon.api.uauth,,,] 18724 --- [main] o.s.web.context.ContextLoader            : Root WebApplicationContext: initialization completed in 3712 ms
2019-10-18 14:38:56.830  WARN [shineon.api.uauth,,,] 18724 --- [main] c.n.c.sources.URLConfigurationSource     : No URLs will be polled as dynamic configuration sources.
2019-10-18 14:38:56.831  INFO [shineon.api.uauth,,,] 18724 --- [main] c.n.c.sources.URLConfigurationSource     : To enable URLs as dynamic configuration sources, define System property archaius.configurationSource.additionalUrls or make config.properties available on classpath.
2019-10-18 14:38:56.856  INFO [shineon.api.uauth,,,] 18724 --- [main] c.netflix.config.DynamicPropertyFactory  : DynamicPropertyFactory is initialized with configuration sources: com.netflix.config.ConcurrentCompositeConfiguration@cf65451
2019-10-18 14:38:58.986  INFO [shineon.api.uauth,,,] 18724 --- [main] o.s.s.c.ThreadPoolTaskScheduler          : Initializing ExecutorService 'taskScheduler'
2019-10-18 14:38:59.944  INFO [shineon.api.uauth,,,] 18724 --- [main] o.s.s.concurrent.ThreadPoolTaskExecutor  : Initializing ExecutorService
2019-10-18 14:38:59.946  INFO [shineon.api.uauth,,,] 18724 --- [main] o.s.s.concurrent.ThreadPoolTaskExecutor  : Initializing ExecutorService 'pool_schedule'
2019-10-18 14:39:00.066  WARN [shineon.api.uauth,,,] 18724 --- [main] c.n.c.sources.URLConfigurationSource     : No URLs will be polled as dynamic configuration sources.
2019-10-18 14:39:00.067  INFO [shineon.api.uauth,,,] 18724 --- [main] c.n.c.sources.URLConfigurationSource     : To enable URLs as dynamic configuration sources, define System property archaius.configurationSource.additionalUrls or make config.properties available on classpath.
2019-10-18 14:39:01.428  INFO [shineon.api.uauth,,,] 18724 --- [main] io.lettuce.core.EpollProvider            : Starting without optional epoll library
2019-10-18 14:39:01.430  INFO [shineon.api.uauth,,,] 18724 --- [main] io.lettuce.core.KqueueProvider           : Starting without optional kqueue library
2019-10-18 14:39:02.977  INFO [shineon.api.uauth,,,] 18724 --- [main] o.s.b.a.e.web.EndpointLinksResolver      : Exposing 2 endpoint(s) beneath base path '/actuator'
2019-10-18 14:39:03.125  INFO [shineon.api.uauth,,,] 18724 --- [main] o.s.c.s.m.DirectWithAttributesChannel    : Channel 'application-1.Matao1MessageInput' has 1 subscriber(s).
2019-10-18 14:39:03.355  INFO [shineon.api.uauth,,,] 18724 --- [main] o.s.i.monitor.IntegrationMBeanExporter   : Registering MessageChannel errorChannel
2019-10-18 14:39:03.508  INFO [shineon.api.uauth,,,] 18724 --- [main] o.s.i.monitor.IntegrationMBeanExporter   : Registering MessageChannel nullChannel
2019-10-18 14:39:03.523  INFO [shineon.api.uauth,,,] 18724 --- [main] o.s.i.monitor.IntegrationMBeanExporter   : Registering MessageChannel Matao1MessageOutput
2019-10-18 14:39:03.568  INFO [shineon.api.uauth,,,] 18724 --- [main] o.s.i.monitor.IntegrationMBeanExporter   : Registering MessageChannel Matao1MessageInput
2019-10-18 14:39:03.590  INFO [shineon.api.uauth,,,] 18724 --- [main] o.s.i.monitor.IntegrationMBeanExporter   : Registering MessageHandler errorLogger
2019-10-18 14:39:03.616  INFO [shineon.api.uauth,,,] 18724 --- [main] o.s.i.monitor.IntegrationMBeanExporter   : Registering MessageHandler org.springframework.cloud.stream.binding.StreamListenerMessageHandler@5ae95707
2019-10-18 14:39:03.744  INFO [shineon.api.uauth,,,] 18724 --- [main] o.s.i.endpoint.EventDrivenConsumer       : Adding {logging-channel-adapter:_org.springframework.integration.errorLogger} as a subscriber to the 'errorChannel' channel
2019-10-18 14:39:03.750  INFO [shineon.api.uauth,,,] 18724 --- [main] o.s.i.channel.PublishSubscribeChannel    : Channel 'application-1.errorChannel' has 1 subscriber(s).
2019-10-18 14:39:03.751  INFO [shineon.api.uauth,,,] 18724 --- [main] o.s.i.endpoint.EventDrivenConsumer       : started _org.springframework.integration.errorLogger
2019-10-18 14:39:04.170  INFO [shineon.api.uauth,,,] 18724 --- [main] o.s.a.r.c.CachingConnectionFactory       : Attempting to connect to: [127.0.0.1:5672]
2019-10-18 14:39:04.305  INFO [shineon.api.uauth,,,] 18724 --- [main] o.s.a.r.c.CachingConnectionFactory       : Created new connection: rabbitConnectionFactory#6b739528:0/SimpleConnection@54f4a7f0 [delegate=amqp://matao@127.0.0.1:5672/, localPort= 62860]
2019-10-18 14:39:04.415  INFO [shineon.api.uauth,,,] 18724 --- [main] o.s.c.s.m.DirectWithAttributesChannel    : Channel 'application-1.Matao1MessageOutput' has 1 subscriber(s).
2019-10-18 14:39:04.491  INFO [shineon.api.uauth,,,] 18724 --- [main] o.s.c.n.eureka.InstanceInfoFactory       : Setting initial instance status as: STARTING
2019-10-18 14:39:04.585  INFO [shineon.api.uauth,,,] 18724 --- [main] com.netflix.discovery.DiscoveryClient    : Initializing Eureka in region us-east-1
2019-10-18 14:39:04.908  INFO [shineon.api.uauth,,,] 18724 --- [main] c.n.d.provider.DiscoveryJerseyProvider   : Using JSON encoding codec LegacyJacksonJson
2019-10-18 14:39:04.910  INFO [shineon.api.uauth,,,] 18724 --- [main] c.n.d.provider.DiscoveryJerseyProvider   : Using JSON decoding codec LegacyJacksonJson
2019-10-18 14:39:05.114  INFO [shineon.api.uauth,,,] 18724 --- [main] c.n.d.provider.DiscoveryJerseyProvider   : Using XML encoding codec XStreamXml
2019-10-18 14:39:05.128  INFO [shineon.api.uauth,,,] 18724 --- [main] c.n.d.provider.DiscoveryJerseyProvider   : Using XML decoding codec XStreamXml
2019-10-18 14:39:05.559  INFO [shineon.api.uauth,,,] 18724 --- [main] c.n.d.s.r.aws.ConfigClusterResolver      : Resolving eureka endpoints via configuration
2019-10-18 14:39:05.612  INFO [shineon.api.uauth,,,] 18724 --- [main] com.netflix.discovery.DiscoveryClient    : Disable delta property : false
2019-10-18 14:39:05.613  INFO [shineon.api.uauth,,,] 18724 --- [main] com.netflix.discovery.DiscoveryClient    : Single vip registry refresh property : null
2019-10-18 14:39:05.614  INFO [shineon.api.uauth,,,] 18724 --- [main] com.netflix.discovery.DiscoveryClient    : Force full registry fetch : false
2019-10-18 14:39:05.619  INFO [shineon.api.uauth,,,] 18724 --- [main] com.netflix.discovery.DiscoveryClient    : Application is null : false
2019-10-18 14:39:05.622  INFO [shineon.api.uauth,,,] 18724 --- [main] com.netflix.discovery.DiscoveryClient    : Registered Applications size is zero : true
2019-10-18 14:39:05.627  INFO [shineon.api.uauth,,,] 18724 --- [main] com.netflix.discovery.DiscoveryClient    : Application version is -1: true
2019-10-18 14:39:05.633  INFO [shineon.api.uauth,,,] 18724 --- [main] com.netflix.discovery.DiscoveryClient    : Getting all instance registry info from the eureka server
2019-10-18 14:39:05.990  INFO [shineon.api.uauth,,,] 18724 --- [main] com.netflix.discovery.DiscoveryClient    : The response status is 200
2019-10-18 14:39:05.993  INFO [shineon.api.uauth,,,] 18724 --- [main] com.netflix.discovery.DiscoveryClient    : Starting heartbeat executor: renew interval is: 30
2019-10-18 14:39:05.997  INFO [shineon.api.uauth,,,] 18724 --- [main] c.n.discovery.InstanceInfoReplicator     : InstanceInfoReplicator onDemand update allowed rate per min is 4
2019-10-18 14:39:06.003  INFO [shineon.api.uauth,,,] 18724 --- [main] com.netflix.discovery.DiscoveryClient    : Discovery Client initialized at timestamp 1571380746002 with initial instances count: 0
2019-10-18 14:39:06.014  INFO [shineon.api.uauth,,,] 18724 --- [main] o.s.c.n.e.s.EurekaServiceRegistry        : Registering application SHINEON.API.UAUTH with eureka with status UP
2019-10-18 14:39:06.019  INFO [shineon.api.uauth,,,] 18724 --- [main] com.netflix.discovery.DiscoveryClient    : Saw local status change event StatusChangeEvent [timestamp=1571380746019, current=UP, previous=STARTING]
2019-10-18 14:39:06.052  INFO [shineon.api.uauth,,,] 18724 --- [DiscoveryClient-InstanceInfoReplicator-0] com.netflix.discovery.DiscoveryClient    : DiscoveryClient_SHINEON.API.UAUTH/fh18829-2:shineon.api.uauth:129: registering service...
2019-10-18 14:39:06.112  INFO [shineon.api.uauth,,,] 18724 --- [main] c.s.b.r.p.RabbitExchangeQueueProvisioner : declaring queue for inbound: Matao1Message.anonymous.ySKYf7K9Rwm9XnUAmbY3pg, bound to: Matao1Message
2019-10-18 14:39:06.261  INFO [shineon.api.uauth,,,] 18724 --- [main] o.s.i.monitor.IntegrationMBeanExporter   : Registering MessageChannel Matao1Message.anonymous.ySKYf7K9Rwm9XnUAmbY3pg.errors
2019-10-18 14:39:06.387  INFO [shineon.api.uauth,,,] 18724 --- [DiscoveryClient-InstanceInfoReplicator-0] com.netflix.discovery.DiscoveryClient    : DiscoveryClient_SHINEON.API.UAUTH/fh18829-2:shineon.api.uauth:129 - registration status: 204
2019-10-18 14:39:06.465  INFO [shineon.api.uauth,,,] 18724 --- [main] o.s.c.stream.binder.BinderErrorChannel   : Channel 'application-1.Matao1Message.anonymous.ySKYf7K9Rwm9XnUAmbY3pg.errors' has 1 subscriber(s).
2019-10-18 14:39:06.469  INFO [shineon.api.uauth,,,] 18724 --- [main] o.s.c.stream.binder.BinderErrorChannel   : Channel 'application-1.Matao1Message.anonymous.ySKYf7K9Rwm9XnUAmbY3pg.errors' has 2 subscriber(s).
2019-10-18 14:39:06.545  INFO [shineon.api.uauth,,,] 18724 --- [main] o.s.i.a.i.AmqpInboundChannelAdapter      : started inbound.Matao1Message.anonymous.ySKYf7K9Rwm9XnUAmbY3pg
2019-10-18 14:39:07.399  INFO [shineon.api.uauth,,,] 18724 --- [main] o.s.b.w.embedded.tomcat.TomcatWebServer  : Tomcat started on port(s): 129 (http) with context path ''
2019-10-18 14:39:07.401  INFO [shineon.api.uauth,,,] 18724 --- [main] .s.c.n.e.s.EurekaAutoServiceRegistration : Updating port to 129
2019-10-18 14:39:07.402  INFO [shineon.api.uauth,,,] 18724 --- [main] com.shineon.coder.CoderApplication       : Started CoderApplication in 16.13 seconds (JVM running for 16.878)
2019-10-18 14:39:36.005  INFO [shineon.api.uauth,,,] 18724 --- [DiscoveryClient-CacheRefreshExecutor-0] com.netflix.discovery.DiscoveryClient    : Disable delta property : false
2019-10-18 14:39:36.008  INFO [shineon.api.uauth,,,] 18724 --- [DiscoveryClient-CacheRefreshExecutor-0] com.netflix.discovery.DiscoveryClient    : Single vip registry refresh property : null
2019-10-18 14:39:36.009  INFO [shineon.api.uauth,,,] 18724 --- [DiscoveryClient-CacheRefreshExecutor-0] com.netflix.discovery.DiscoveryClient    : Force full registry fetch : false
2019-10-18 14:39:36.010  INFO [shineon.api.uauth,,,] 18724 --- [DiscoveryClient-CacheRefreshExecutor-0] com.netflix.discovery.DiscoveryClient    : Application is null : false
2019-10-18 14:39:36.011  INFO [shineon.api.uauth,,,] 18724 --- [DiscoveryClient-CacheRefreshExecutor-0] com.netflix.discovery.DiscoveryClient    : Registered Applications size is zero : true
2019-10-18 14:39:36.012  INFO [shineon.api.uauth,,,] 18724 --- [DiscoveryClient-CacheRefreshExecutor-0] com.netflix.discovery.DiscoveryClient    : Application version is -1: false
2019-10-18 14:39:36.012  INFO [shineon.api.uauth,,,] 18724 --- [DiscoveryClient-CacheRefreshExecutor-0] com.netflix.discovery.DiscoveryClient    : Getting all instance registry info from the eureka server
2019-10-18 14:39:36.848  INFO [shineon.api.uauth,,,] 18724 --- [DiscoveryClient-CacheRefreshExecutor-0] com.netflix.discovery.DiscoveryClient    : The response status is 200
2019-10-18 14:44:05.651  INFO [shineon.api.uauth,,,] 18724 --- [AsyncResolver-bootstrap-executor-0] c.n.d.s.r.aws.ConfigClusterResolver      : Resolving eureka endpoints via configuration
2019-10-18 14:49:05.677  INFO [shineon.api.uauth,,,] 18724 --- [AsyncResolver-bootstrap-executor-0] c.n.d.s.r.aws.ConfigClusterResolver      : Resolving eureka endpoints via configuration
2019-10-18 14:54:05.683  INFO [shineon.api.uauth,,,] 18724 --- [AsyncResolver-bootstrap-executor-0] c.n.d.s.r.aws.ConfigClusterResolver      : Resolving eureka endpoints via configuration
2019-10-18 14:59:05.695  INFO [shineon.api.uauth,,,] 18724 --- [AsyncResolver-bootstrap-executor-0] c.n.d.s.r.aws.ConfigClusterResolver      : Resolving eureka endpoints via configuration
