2019-12-06 13:53:21.792  INFO [shineon.server.uauth,,,] 14456 --- [main] com.shineon.coder.CoderApplication       : No active profile set, falling back to default profiles: default
2019-12-06 13:54:15.011  INFO [shineon.server.uauth,,,] 13388 --- [main] com.shineon.coder.CoderApplication       : No active profile set, falling back to default profiles: default
2019-12-06 13:54:18.368  INFO [shineon.server.uauth,,,] 13388 --- [main] .s.d.r.c.RepositoryConfigurationDelegate : Multiple Spring Data modules found, entering strict repository configuration mode!
2019-12-06 13:54:18.372  INFO [shineon.server.uauth,,,] 13388 --- [main] .s.d.r.c.RepositoryConfigurationDelegate : Bootstrapping Spring Data repositories in DEFAULT mode.
2019-12-06 13:54:18.437  INFO [shineon.server.uauth,,,] 13388 --- [main] .s.d.r.c.RepositoryConfigurationDelegate : Finished Spring Data repository scanning in 44ms. Found 0 repository interfaces.
2019-12-06 13:54:18.689  WARN [shineon.server.uauth,,,] 13388 --- [main] o.s.boot.actuate.endpoint.EndpointId     : Endpoint ID 'service-registry' contains invalid characters, please migrate to a valid format.
2019-12-06 13:54:20.894  INFO [shineon.server.uauth,,,] 13388 --- [main] o.s.cloud.context.scope.GenericScope     : BeanFactory id=bc9b67b4-273f-39ff-b7bc-2bacdf4c2c4b
2019-12-06 13:54:21.025  INFO [shineon.server.uauth,,,] 13388 --- [main] faultConfiguringBeanFactoryPostProcessor : No bean named 'errorChannel' has been explicitly defined. Therefore, a default PublishSubscribeChannel will be created.
2019-12-06 13:54:21.039  INFO [shineon.server.uauth,,,] 13388 --- [main] faultConfiguringBeanFactoryPostProcessor : No bean named 'taskScheduler' has been explicitly defined. Therefore, a default ThreadPoolTaskScheduler will be created.
2019-12-06 13:54:21.056  INFO [shineon.server.uauth,,,] 13388 --- [main] faultConfiguringBeanFactoryPostProcessor : No bean named 'integrationHeaderChannelRegistry' has been explicitly defined. Therefore, a default DefaultHeaderChannelRegistry will be created.
2019-12-06 13:54:21.788  INFO [shineon.server.uauth,,,] 13388 --- [main] trationDelegate$BeanPostProcessorChecker : Bean 'org.springframework.integration.config.IntegrationManagementConfiguration' of type [org.springframework.integration.config.IntegrationManagementConfiguration$$EnhancerBySpringCGLIB$$5ddb43f] is not eligible for getting processed by all BeanPostProcessors (for example: not eligible for auto-proxying)
2019-12-06 13:54:21.831  INFO [shineon.server.uauth,,,] 13388 --- [main] trationDelegate$BeanPostProcessorChecker : Bean 'org.springframework.boot.autoconfigure.integration.IntegrationAutoConfiguration$IntegrationJmxConfiguration' of type [org.springframework.boot.autoconfigure.integration.IntegrationAutoConfiguration$IntegrationJmxConfiguration$$EnhancerBySpringCGLIB$$e16fbf5f] is not eligible for getting processed by all BeanPostProcessors (for example: not eligible for auto-proxying)
2019-12-06 13:54:21.872  INFO [shineon.server.uauth,,,] 13388 --- [main] trationDelegate$BeanPostProcessorChecker : Bean 'org.springframework.boot.autoconfigure.jmx.JmxAutoConfiguration' of type [org.springframework.boot.autoconfigure.jmx.JmxAutoConfiguration$$EnhancerBySpringCGLIB$$1a57682c] is not eligible for getting processed by all BeanPostProcessors (for example: not eligible for auto-proxying)
2019-12-06 13:54:21.900  INFO [shineon.server.uauth,,,] 13388 --- [main] trationDelegate$BeanPostProcessorChecker : Bean 'mbeanServer' of type [com.sun.jmx.mbeanserver.JmxMBeanServer] is not eligible for getting processed by all BeanPostProcessors (for example: not eligible for auto-proxying)
2019-12-06 13:54:22.014  INFO [shineon.server.uauth,,,] 13388 --- [main] trationDelegate$BeanPostProcessorChecker : Bean 'integrationDisposableAutoCreatedBeans' of type [org.springframework.integration.config.annotation.Disposables] is not eligible for getting processed by all BeanPostProcessors (for example: not eligible for auto-proxying)
2019-12-06 13:54:22.143  INFO [shineon.server.uauth,,,] 13388 --- [main] trationDelegate$BeanPostProcessorChecker : Bean 'org.springframework.cloud.autoconfigure.ConfigurationPropertiesRebinderAutoConfiguration' of type [org.springframework.cloud.autoconfigure.ConfigurationPropertiesRebinderAutoConfiguration$$EnhancerBySpringCGLIB$$b705fc0d] is not eligible for getting processed by all BeanPostProcessors (for example: not eligible for auto-proxying)
2019-12-06 13:54:24.108  INFO [shineon.server.uauth,,,] 13388 --- [main] o.s.b.w.embedded.tomcat.TomcatWebServer  : Tomcat initialized with port(s): 122 (http)
2019-12-06 13:54:24.173  INFO [shineon.server.uauth,,,] 13388 --- [main] o.apache.catalina.core.StandardService   : Starting service [Tomcat]
2019-12-06 13:54:24.174  INFO [shineon.server.uauth,,,] 13388 --- [main] org.apache.catalina.core.StandardEngine  : Starting Servlet engine: [Apache Tomcat/9.0.21]
2019-12-06 13:54:24.500  INFO [shineon.server.uauth,,,] 13388 --- [main] o.a.c.c.C.[Tomcat].[localhost].[/]       : Initializing Spring embedded WebApplicationContext
2019-12-06 13:54:24.501  INFO [shineon.server.uauth,,,] 13388 --- [main] o.s.web.context.ContextLoader            : Root WebApplicationContext: initialization completed in 9436 ms
2019-12-06 13:54:25.191  WARN [shineon.server.uauth,,,] 13388 --- [main] c.n.c.sources.URLConfigurationSource     : No URLs will be polled as dynamic configuration sources.
2019-12-06 13:54:25.192  INFO [shineon.server.uauth,,,] 13388 --- [main] c.n.c.sources.URLConfigurationSource     : To enable URLs as dynamic configuration sources, define System property archaius.configurationSource.additionalUrls or make config.properties available on classpath.
2019-12-06 13:54:25.275  INFO [shineon.server.uauth,,,] 13388 --- [main] c.netflix.config.DynamicPropertyFactory  : DynamicPropertyFactory is initialized with configuration sources: com.netflix.config.ConcurrentCompositeConfiguration@7a48e6e2
2019-12-06 13:54:46.740  INFO [shineon.server.uauth,,,] 13388 --- [main] o.s.s.concurrent.ThreadPoolTaskExecutor  : Initializing ExecutorService
2019-12-06 13:54:46.765  INFO [shineon.server.uauth,,,] 13388 --- [main] o.s.s.concurrent.ThreadPoolTaskExecutor  : Initializing ExecutorService 'pool_schedule1'
2019-12-06 13:54:46.871  WARN [shineon.server.uauth,,,] 13388 --- [main] c.n.c.sources.URLConfigurationSource     : No URLs will be polled as dynamic configuration sources.
2019-12-06 13:54:46.871  INFO [shineon.server.uauth,,,] 13388 --- [main] c.n.c.sources.URLConfigurationSource     : To enable URLs as dynamic configuration sources, define System property archaius.configurationSource.additionalUrls or make config.properties available on classpath.
2019-12-06 13:54:54.139  INFO [shineon.server.uauth,,,] 13388 --- [main] o.s.b.a.e.web.EndpointLinksResolver      : Exposing 2 endpoint(s) beneath base path '/actuator'
2019-12-06 13:54:55.255  INFO [shineon.server.uauth,,,] 13388 --- [main] o.s.s.c.ThreadPoolTaskScheduler          : Initializing ExecutorService 'taskScheduler'
2019-12-06 13:54:55.740  INFO [shineon.server.uauth,,,] 13388 --- [main] o.s.i.monitor.IntegrationMBeanExporter   : Registering MessageChannel nullChannel
2019-12-06 13:54:55.767  INFO [shineon.server.uauth,,,] 13388 --- [main] o.s.i.monitor.IntegrationMBeanExporter   : Registering MessageChannel errorChannel
2019-12-06 13:54:55.913  INFO [shineon.server.uauth,,,] 13388 --- [main] o.s.i.monitor.IntegrationMBeanExporter   : Registering MessageHandler errorLogger
2019-12-06 13:54:55.976  INFO [shineon.server.uauth,,,] 13388 --- [main] o.s.i.endpoint.EventDrivenConsumer       : Adding {logging-channel-adapter:_org.springframework.integration.errorLogger} as a subscriber to the 'errorChannel' channel
2019-12-06 13:54:55.977  INFO [shineon.server.uauth,,,] 13388 --- [main] o.s.i.channel.PublishSubscribeChannel    : Channel 'application-1.errorChannel' has 1 subscriber(s).
2019-12-06 13:54:55.978  INFO [shineon.server.uauth,,,] 13388 --- [main] o.s.i.endpoint.EventDrivenConsumer       : started _org.springframework.integration.errorLogger
2019-12-06 13:54:56.088  INFO [shineon.server.uauth,,,] 13388 --- [main] o.s.c.n.eureka.InstanceInfoFactory       : Setting initial instance status as: STARTING
2019-12-06 13:54:56.250  INFO [shineon.server.uauth,,,] 13388 --- [main] com.netflix.discovery.DiscoveryClient    : Initializing Eureka in region us-east-1
2019-12-06 13:54:57.498  INFO [shineon.server.uauth,,,] 13388 --- [main] c.n.d.provider.DiscoveryJerseyProvider   : Using JSON encoding codec LegacyJacksonJson
2019-12-06 13:54:57.498  INFO [shineon.server.uauth,,,] 13388 --- [main] c.n.d.provider.DiscoveryJerseyProvider   : Using JSON decoding codec LegacyJacksonJson
2019-12-06 13:54:59.211  INFO [shineon.server.uauth,,,] 13388 --- [main] c.n.d.provider.DiscoveryJerseyProvider   : Using XML encoding codec XStreamXml
2019-12-06 13:54:59.212  INFO [shineon.server.uauth,,,] 13388 --- [main] c.n.d.provider.DiscoveryJerseyProvider   : Using XML decoding codec XStreamXml
2019-12-06 13:55:00.342  INFO [shineon.server.uauth,,,] 13388 --- [main] c.n.d.s.r.aws.ConfigClusterResolver      : Resolving eureka endpoints via configuration
2019-12-06 13:55:00.655  INFO [shineon.server.uauth,,,] 13388 --- [main] com.netflix.discovery.DiscoveryClient    : Disable delta property : false
2019-12-06 13:55:00.656  INFO [shineon.server.uauth,,,] 13388 --- [main] com.netflix.discovery.DiscoveryClient    : Single vip registry refresh property : null
2019-12-06 13:55:00.656  INFO [shineon.server.uauth,,,] 13388 --- [main] com.netflix.discovery.DiscoveryClient    : Force full registry fetch : false
2019-12-06 13:55:00.656  INFO [shineon.server.uauth,,,] 13388 --- [main] com.netflix.discovery.DiscoveryClient    : Application is null : false
2019-12-06 13:55:00.657  INFO [shineon.server.uauth,,,] 13388 --- [main] com.netflix.discovery.DiscoveryClient    : Registered Applications size is zero : true
2019-12-06 13:55:00.657  INFO [shineon.server.uauth,,,] 13388 --- [main] com.netflix.discovery.DiscoveryClient    : Application version is -1: true
2019-12-06 13:55:00.657  INFO [shineon.server.uauth,,,] 13388 --- [main] com.netflix.discovery.DiscoveryClient    : Getting all instance registry info from the eureka server
2019-12-06 13:55:01.240  INFO [shineon.server.uauth,,,] 13388 --- [main] com.netflix.discovery.DiscoveryClient    : The response status is 200
2019-12-06 13:55:01.243  INFO [shineon.server.uauth,,,] 13388 --- [main] com.netflix.discovery.DiscoveryClient    : Starting heartbeat executor: renew interval is: 30
2019-12-06 13:55:01.247  INFO [shineon.server.uauth,,,] 13388 --- [main] c.n.discovery.InstanceInfoReplicator     : InstanceInfoReplicator onDemand update allowed rate per min is 4
2019-12-06 13:55:01.264  INFO [shineon.server.uauth,,,] 13388 --- [main] com.netflix.discovery.DiscoveryClient    : Discovery Client initialized at timestamp 1575611701252 with initial instances count: 1
2019-12-06 13:55:01.284  INFO [shineon.server.uauth,,,] 13388 --- [main] o.s.c.n.e.s.EurekaServiceRegistry        : Registering application SHINEON.SERVER.UAUTH with eureka with status UP
2019-12-06 13:55:01.286  INFO [shineon.server.uauth,,,] 13388 --- [main] com.netflix.discovery.DiscoveryClient    : Saw local status change event StatusChangeEvent [timestamp=1575611701286, current=UP, previous=STARTING]
2019-12-06 13:55:01.330  INFO [shineon.server.uauth,,,] 13388 --- [DiscoveryClient-InstanceInfoReplicator-0] com.netflix.discovery.DiscoveryClient    : DiscoveryClient_SHINEON.SERVER.UAUTH/fh18829-2:shineon.server.uauth:122: registering service...
2019-12-06 13:55:01.497  INFO [shineon.server.uauth,,,] 13388 --- [DiscoveryClient-InstanceInfoReplicator-0] com.netflix.discovery.DiscoveryClient    : DiscoveryClient_SHINEON.SERVER.UAUTH/fh18829-2:shineon.server.uauth:122 - registration status: 204
2019-12-06 13:55:01.569  INFO [shineon.server.uauth,,,] 13388 --- [main] o.s.b.w.embedded.tomcat.TomcatWebServer  : Tomcat started on port(s): 122 (http) with context path ''
2019-12-06 13:55:01.570  INFO [shineon.server.uauth,,,] 13388 --- [main] .s.c.n.e.s.EurekaAutoServiceRegistration : Updating port to 122
2019-12-06 13:55:01.582  INFO [shineon.server.uauth,,,] 13388 --- [main] com.shineon.coder.CoderApplication       : Started CoderApplication in 51.134 seconds (JVM running for 52.377)
2019-12-06 13:59:38.962  INFO [shineon.server.uauth,,,] 13388 --- [http-nio-122-exec-1] o.a.c.c.C.[Tomcat].[localhost].[/]       : Initializing Spring DispatcherServlet 'dispatcherServlet'
2019-12-06 13:59:38.975  INFO [shineon.server.uauth,,,] 13388 --- [http-nio-122-exec-1] o.s.web.servlet.DispatcherServlet        : Initializing Servlet 'dispatcherServlet'
2019-12-06 13:59:39.030  INFO [shineon.server.uauth,,,] 13388 --- [http-nio-122-exec-1] o.s.web.servlet.DispatcherServlet        : Completed initialization in 54 ms
2019-12-06 13:59:39.311  INFO [shineon.server.uauth,0e27c4c6e7b7e53c,217527aeffc43a76,false] 13388 --- [http-nio-122-exec-1] com.shineon.coder.action.ControllerLog   : action [shineon.service.uauth] [UserController] [login] start execute
2019-12-06 13:59:39.956  INFO [shineon.server.uauth,0e27c4c6e7b7e53c,7fd50625e9551b4d,false] 13388 --- [hystrix-shineon.base.user-1] c.netflix.config.ChainedDynamicProperty  : Flipping property: shineon.base.user.ribbon.ActiveConnectionsLimit to use NEXT property: niws.loadbalancer.availabilityFilteringRule.activeConnectionsLimit = 2147483647
2019-12-06 13:59:40.018  INFO [shineon.server.uauth,0e27c4c6e7b7e53c,7fd50625e9551b4d,false] 13388 --- [hystrix-shineon.base.user-1] c.n.u.concurrent.ShutdownEnabledTimer    : Shutdown hook installed for: NFLoadBalancer-PingTimer-shineon.base.user
2019-12-06 13:59:40.019  INFO [shineon.server.uauth,0e27c4c6e7b7e53c,7fd50625e9551b4d,false] 13388 --- [hystrix-shineon.base.user-1] c.netflix.loadbalancer.BaseLoadBalancer  : Client: shineon.base.user instantiated a LoadBalancer: DynamicServerListLoadBalancer:{NFLoadBalancer:name=shineon.base.user,current list of Servers=[],Load balancer stats=Zone stats: {},Server stats: []}ServerList:null
2019-12-06 13:59:40.027  INFO [shineon.server.uauth,0e27c4c6e7b7e53c,7fd50625e9551b4d,false] 13388 --- [hystrix-shineon.base.user-1] c.n.l.DynamicServerListLoadBalancer      : Using serverListUpdater PollingServerListUpdater
2019-12-06 13:59:40.050  INFO [shineon.server.uauth,0e27c4c6e7b7e53c,7fd50625e9551b4d,false] 13388 --- [hystrix-shineon.base.user-1] c.netflix.config.ChainedDynamicProperty  : Flipping property: shineon.base.user.ribbon.ActiveConnectionsLimit to use NEXT property: niws.loadbalancer.availabilityFilteringRule.activeConnectionsLimit = 2147483647
2019-12-06 13:59:40.053  INFO [shineon.server.uauth,0e27c4c6e7b7e53c,7fd50625e9551b4d,false] 13388 --- [hystrix-shineon.base.user-1] c.n.l.DynamicServerListLoadBalancer      : DynamicServerListLoadBalancer for client shineon.base.user initialized: DynamicServerListLoadBalancer:{NFLoadBalancer:name=shineon.base.user,current list of Servers=[fh18829-2:125],Load balancer stats=Zone stats: {defaultzone=[Zone:defaultzone;	Instance count:1;	Active connections count: 0;	Circuit breaker tripped count: 0;	Active connections per server: 0.0;]
},Server stats: [[Server:fh18829-2:125;	Zone:defaultZone;	Total Requests:0;	Successive connection failure:0;	Total blackout seconds:0;	Last connection made:Thu Jan 01 08:00:00 CST 1970;	First connection made: Thu Jan 01 08:00:00 CST 1970;	Active Connections:0;	total failure count in last (1000) msecs:0;	average resp time:0.0;	90 percentile resp time:0.0;	95 percentile resp time:0.0;	min resp time:0.0;	max resp time:0.0;	stddev resp time:0.0]
]}ServerList:org.springframework.cloud.netflix.ribbon.eureka.DomainExtractingServerList@7b0065d8
2019-12-06 13:59:40.619  INFO [shineon.server.uauth,0e27c4c6e7b7e53c,217527aeffc43a76,false] 13388 --- [http-nio-122-exec-1] com.shineon.coder.action.ControllerLog   : action [shineon.service.uauth] [UserController] [login] finish execute
2019-12-06 13:59:41.031  INFO [shineon.server.uauth,,,] 13388 --- [PollingServerListUpdater-0] c.netflix.config.ChainedDynamicProperty  : Flipping property: shineon.base.user.ribbon.ActiveConnectionsLimit to use NEXT property: niws.loadbalancer.availabilityFilteringRule.activeConnectionsLimit = 2147483647
2019-12-06 14:00:00.667  INFO [shineon.server.uauth,,,] 13388 --- [AsyncResolver-bootstrap-executor-0] c.n.d.s.r.aws.ConfigClusterResolver      : Resolving eureka endpoints via configuration
2019-12-06 14:00:10.141  INFO [shineon.server.uauth,1b7a58fae9dfed13,74c274e88128625b,false] 13388 --- [http-nio-122-exec-3] com.shineon.coder.action.ControllerLog   : action [shineon.service.uauth] [UserController] [login] start execute
2019-12-06 14:00:11.145  INFO [shineon.server.uauth,1b7a58fae9dfed13,74c274e88128625b,false] 13388 --- [http-nio-122-exec-3] com.shineon.coder.action.ControllerLog   : action [shineon.service.uauth] [UserController] [login] finish execute
2019-12-06 14:00:16.693  INFO [shineon.server.uauth,bdd8ee0280a6b90b,3a1f7c2ae4981ffa,false] 13388 --- [http-nio-122-exec-10] com.shineon.coder.action.ControllerLog   : action [shineon.service.uauth] [UserController] [login] start execute
2019-12-06 14:00:16.801  INFO [shineon.server.uauth,bdd8ee0280a6b90b,3a1f7c2ae4981ffa,false] 13388 --- [http-nio-122-exec-10] com.shineon.coder.action.ControllerLog   : action [shineon.service.uauth] [UserController] [login] finish execute
2019-12-06 14:05:00.674  INFO [shineon.server.uauth,,,] 13388 --- [AsyncResolver-bootstrap-executor-0] c.n.d.s.r.aws.ConfigClusterResolver      : Resolving eureka endpoints via configuration
2019-12-06 14:10:00.698  INFO [shineon.server.uauth,,,] 13388 --- [AsyncResolver-bootstrap-executor-0] c.n.d.s.r.aws.ConfigClusterResolver      : Resolving eureka endpoints via configuration
2019-12-06 14:15:00.706  INFO [shineon.server.uauth,,,] 13388 --- [AsyncResolver-bootstrap-executor-0] c.n.d.s.r.aws.ConfigClusterResolver      : Resolving eureka endpoints via configuration
2019-12-06 14:20:00.716  INFO [shineon.server.uauth,,,] 13388 --- [AsyncResolver-bootstrap-executor-0] c.n.d.s.r.aws.ConfigClusterResolver      : Resolving eureka endpoints via configuration
