2019-12-06 13:53:09.371  INFO [shineon.db.user,,,] 13628 --- [main] com.shineon.coder.CoderApplication       : No active profile set, falling back to default profiles: default
2019-12-06 13:53:11.558  INFO [shineon.db.user,,,] 13628 --- [main] .s.d.r.c.RepositoryConfigurationDelegate : Multiple Spring Data modules found, entering strict repository configuration mode!
2019-12-06 13:53:11.561  INFO [shineon.db.user,,,] 13628 --- [main] .s.d.r.c.RepositoryConfigurationDelegate : Bootstrapping Spring Data repositories in DEFAULT mode.
2019-12-06 13:53:11.631  INFO [shineon.db.user,,,] 13628 --- [main] .s.d.r.c.RepositoryConfigurationDelegate : Finished Spring Data repository scanning in 59ms. Found 0 repository interfaces.
2019-12-06 13:53:11.664  INFO [shineon.db.user,,,] 13628 --- [main] .s.d.r.c.RepositoryConfigurationDelegate : Multiple Spring Data modules found, entering strict repository configuration mode!
2019-12-06 13:53:11.667  INFO [shineon.db.user,,,] 13628 --- [main] .s.d.r.c.RepositoryConfigurationDelegate : Bootstrapping Spring Data repositories in DEFAULT mode.
2019-12-06 13:53:11.731  INFO [shineon.db.user,,,] 13628 --- [main] .s.d.r.c.RepositoryConfigurationDelegate : Finished Spring Data repository scanning in 9ms. Found 0 repository interfaces.
2019-12-06 13:53:12.254  WARN [shineon.db.user,,,] 13628 --- [main] o.s.boot.actuate.endpoint.EndpointId     : Endpoint ID 'service-registry' contains invalid characters, please migrate to a valid format.
2019-12-06 13:53:13.648  INFO [shineon.db.user,,,] 13628 --- [main] o.s.cloud.context.scope.GenericScope     : BeanFactory id=3ddbfaa7-787a-30e1-9357-b10a05dcabee
2019-12-06 13:53:14.290  INFO [shineon.db.user,,,] 13628 --- [main] trationDelegate$BeanPostProcessorChecker : Bean 'org.springframework.transaction.annotation.ProxyTransactionManagementConfiguration' of type [org.springframework.transaction.annotation.ProxyTransactionManagementConfiguration$$EnhancerBySpringCGLIB$$5ae67bdb] is not eligible for getting processed by all BeanPostProcessors (for example: not eligible for auto-proxying)
2019-12-06 13:53:14.388  INFO [shineon.db.user,,,] 13628 --- [main] trationDelegate$BeanPostProcessorChecker : Bean 'org.springframework.cloud.autoconfigure.ConfigurationPropertiesRebinderAutoConfiguration' of type [org.springframework.cloud.autoconfigure.ConfigurationPropertiesRebinderAutoConfiguration$$EnhancerBySpringCGLIB$$77007ed8] is not eligible for getting processed by all BeanPostProcessors (for example: not eligible for auto-proxying)
2019-12-06 13:53:16.188  INFO [shineon.db.user,,,] 13628 --- [main] o.s.b.w.embedded.tomcat.TomcatWebServer  : Tomcat initialized with port(s): 121 (http)
2019-12-06 13:53:16.274  INFO [shineon.db.user,,,] 13628 --- [main] o.apache.catalina.core.StandardService   : Starting service [Tomcat]
2019-12-06 13:53:16.274  INFO [shineon.db.user,,,] 13628 --- [main] org.apache.catalina.core.StandardEngine  : Starting Servlet engine: [Apache Tomcat/9.0.21]
2019-12-06 13:53:16.759  INFO [shineon.db.user,,,] 13628 --- [main] o.a.c.c.C.[Tomcat].[localhost].[/]       : Initializing Spring embedded WebApplicationContext
2019-12-06 13:53:16.759  INFO [shineon.db.user,,,] 13628 --- [main] o.s.web.context.ContextLoader            : Root WebApplicationContext: initialization completed in 7352 ms
2019-12-06 13:53:19.083  WARN [shineon.db.user,,,] 13628 --- [main] c.n.c.sources.URLConfigurationSource     : No URLs will be polled as dynamic configuration sources.
2019-12-06 13:53:19.084  INFO [shineon.db.user,,,] 13628 --- [main] c.n.c.sources.URLConfigurationSource     : To enable URLs as dynamic configuration sources, define System property archaius.configurationSource.additionalUrls or make config.properties available on classpath.
2019-12-06 13:53:19.202  INFO [shineon.db.user,,,] 13628 --- [main] c.netflix.config.DynamicPropertyFactory  : DynamicPropertyFactory is initialized with configuration sources: com.netflix.config.ConcurrentCompositeConfiguration@652a7737
2019-12-06 13:53:21.906  INFO [shineon.db.user,,,] 13628 --- [main] org.mongodb.driver.cluster               : Cluster created with settings {hosts=[127.0.0.1:27017], mode=MULTIPLE, requiredClusterType=UNKNOWN, serverSelectionTimeout='30000 ms', maxWaitQueueSize=500}
2019-12-06 13:53:21.907  INFO [shineon.db.user,,,] 13628 --- [main] org.mongodb.driver.cluster               : Adding discovered server 127.0.0.1:27017 to client view of cluster
2019-12-06 13:53:22.150  INFO [shineon.db.user,,,] 13628 --- [cluster-ClusterId{value='5de9ecd158dc9f353cbb322e', description='null'}-127.0.0.1:27017] org.mongodb.driver.connection            : Opened connection [connectionId{localValue:1, serverValue:6}] to 127.0.0.1:27017
2019-12-06 13:53:22.154  INFO [shineon.db.user,,,] 13628 --- [cluster-ClusterId{value='5de9ecd158dc9f353cbb322e', description='null'}-127.0.0.1:27017] org.mongodb.driver.cluster               : Monitor thread successfully connected to server with description ServerDescription{address=127.0.0.1:27017, type=STANDALONE, state=CONNECTED, ok=true, version=ServerVersion{versionList=[3, 0, 5]}, minWireVersion=0, maxWireVersion=3, maxDocumentSize=16777216, logicalSessionTimeoutMinutes=null, roundTripTimeNanos=1678190}
2019-12-06 13:53:22.172  INFO [shineon.db.user,,,] 13628 --- [cluster-ClusterId{value='5de9ecd158dc9f353cbb322e', description='null'}-127.0.0.1:27017] org.mongodb.driver.cluster               : Discovered cluster type of STANDALONE
2019-12-06 13:53:52.581  INFO [shineon.db.user,,,] 8016 --- [main] com.shineon.coder.CoderApplication       : No active profile set, falling back to default profiles: default
2019-12-06 13:53:53.681  INFO [shineon.db.user,,,] 8016 --- [main] .s.d.r.c.RepositoryConfigurationDelegate : Multiple Spring Data modules found, entering strict repository configuration mode!
2019-12-06 13:53:53.683  INFO [shineon.db.user,,,] 8016 --- [main] .s.d.r.c.RepositoryConfigurationDelegate : Bootstrapping Spring Data repositories in DEFAULT mode.
2019-12-06 13:53:53.715  INFO [shineon.db.user,,,] 8016 --- [main] .s.d.r.c.RepositoryConfigurationDelegate : Finished Spring Data repository scanning in 25ms. Found 0 repository interfaces.
2019-12-06 13:53:53.730  INFO [shineon.db.user,,,] 8016 --- [main] .s.d.r.c.RepositoryConfigurationDelegate : Multiple Spring Data modules found, entering strict repository configuration mode!
2019-12-06 13:53:53.732  INFO [shineon.db.user,,,] 8016 --- [main] .s.d.r.c.RepositoryConfigurationDelegate : Bootstrapping Spring Data repositories in DEFAULT mode.
2019-12-06 13:53:53.749  INFO [shineon.db.user,,,] 8016 --- [main] .s.d.r.c.RepositoryConfigurationDelegate : Finished Spring Data repository scanning in 7ms. Found 0 repository interfaces.
2019-12-06 13:53:53.892  WARN [shineon.db.user,,,] 8016 --- [main] o.s.boot.actuate.endpoint.EndpointId     : Endpoint ID 'service-registry' contains invalid characters, please migrate to a valid format.
2019-12-06 13:53:54.336  INFO [shineon.db.user,,,] 8016 --- [main] o.s.cloud.context.scope.GenericScope     : BeanFactory id=3ddbfaa7-787a-30e1-9357-b10a05dcabee
2019-12-06 13:53:54.702  INFO [shineon.db.user,,,] 8016 --- [main] trationDelegate$BeanPostProcessorChecker : Bean 'org.springframework.transaction.annotation.ProxyTransactionManagementConfiguration' of type [org.springframework.transaction.annotation.ProxyTransactionManagementConfiguration$$EnhancerBySpringCGLIB$$1c94cd54] is not eligible for getting processed by all BeanPostProcessors (for example: not eligible for auto-proxying)
2019-12-06 13:53:54.762  INFO [shineon.db.user,,,] 8016 --- [main] trationDelegate$BeanPostProcessorChecker : Bean 'org.springframework.cloud.autoconfigure.ConfigurationPropertiesRebinderAutoConfiguration' of type [org.springframework.cloud.autoconfigure.ConfigurationPropertiesRebinderAutoConfiguration$$EnhancerBySpringCGLIB$$38aed051] is not eligible for getting processed by all BeanPostProcessors (for example: not eligible for auto-proxying)
2019-12-06 13:53:55.234  INFO [shineon.db.user,,,] 8016 --- [main] o.s.b.w.embedded.tomcat.TomcatWebServer  : Tomcat initialized with port(s): 121 (http)
2019-12-06 13:53:55.259  INFO [shineon.db.user,,,] 8016 --- [main] o.apache.catalina.core.StandardService   : Starting service [Tomcat]
2019-12-06 13:53:55.260  INFO [shineon.db.user,,,] 8016 --- [main] org.apache.catalina.core.StandardEngine  : Starting Servlet engine: [Apache Tomcat/9.0.21]
2019-12-06 13:53:55.361  INFO [shineon.db.user,,,] 8016 --- [main] o.a.c.c.C.[Tomcat].[localhost].[/]       : Initializing Spring embedded WebApplicationContext
2019-12-06 13:53:55.362  INFO [shineon.db.user,,,] 8016 --- [main] o.s.web.context.ContextLoader            : Root WebApplicationContext: initialization completed in 2760 ms
2019-12-06 13:53:55.528  WARN [shineon.db.user,,,] 8016 --- [main] c.n.c.sources.URLConfigurationSource     : No URLs will be polled as dynamic configuration sources.
2019-12-06 13:53:55.529  INFO [shineon.db.user,,,] 8016 --- [main] c.n.c.sources.URLConfigurationSource     : To enable URLs as dynamic configuration sources, define System property archaius.configurationSource.additionalUrls or make config.properties available on classpath.
2019-12-06 13:53:55.542  INFO [shineon.db.user,,,] 8016 --- [main] c.netflix.config.DynamicPropertyFactory  : DynamicPropertyFactory is initialized with configuration sources: com.netflix.config.ConcurrentCompositeConfiguration@7be58f16
2019-12-06 13:53:56.164  INFO [shineon.db.user,,,] 8016 --- [main] org.mongodb.driver.cluster               : Cluster created with settings {hosts=[127.0.0.1:27017], mode=MULTIPLE, requiredClusterType=UNKNOWN, serverSelectionTimeout='30000 ms', maxWaitQueueSize=500}
2019-12-06 13:53:56.164  INFO [shineon.db.user,,,] 8016 --- [main] org.mongodb.driver.cluster               : Adding discovered server 127.0.0.1:27017 to client view of cluster
2019-12-06 13:53:56.235  INFO [shineon.db.user,,,] 8016 --- [cluster-ClusterId{value='5de9ecf458dc9f1f506f233c', description='null'}-127.0.0.1:27017] org.mongodb.driver.connection            : Opened connection [connectionId{localValue:1, serverValue:7}] to 127.0.0.1:27017
2019-12-06 13:53:56.238  INFO [shineon.db.user,,,] 8016 --- [cluster-ClusterId{value='5de9ecf458dc9f1f506f233c', description='null'}-127.0.0.1:27017] org.mongodb.driver.cluster               : Monitor thread successfully connected to server with description ServerDescription{address=127.0.0.1:27017, type=STANDALONE, state=CONNECTED, ok=true, version=ServerVersion{versionList=[3, 0, 5]}, minWireVersion=0, maxWireVersion=3, maxDocumentSize=16777216, logicalSessionTimeoutMinutes=null, roundTripTimeNanos=1140315}
2019-12-06 13:53:56.240  INFO [shineon.db.user,,,] 8016 --- [cluster-ClusterId{value='5de9ecf458dc9f1f506f233c', description='null'}-127.0.0.1:27017] org.mongodb.driver.cluster               : Discovered cluster type of STANDALONE
2019-12-06 13:53:58.585  INFO [shineon.db.user,,,] 8016 --- [main] o.s.s.concurrent.ThreadPoolTaskExecutor  : Initializing ExecutorService
2019-12-06 13:53:58.587  INFO [shineon.db.user,,,] 8016 --- [main] o.s.s.concurrent.ThreadPoolTaskExecutor  : Initializing ExecutorService 'pool_schedule'
2019-12-06 13:53:58.634  WARN [shineon.db.user,,,] 8016 --- [main] c.n.c.sources.URLConfigurationSource     : No URLs will be polled as dynamic configuration sources.
2019-12-06 13:53:58.635  INFO [shineon.db.user,,,] 8016 --- [main] c.n.c.sources.URLConfigurationSource     : To enable URLs as dynamic configuration sources, define System property archaius.configurationSource.additionalUrls or make config.properties available on classpath.
2019-12-06 13:54:00.752  INFO [shineon.db.user,,,] 8016 --- [main] o.s.b.a.e.web.EndpointLinksResolver      : Exposing 2 endpoint(s) beneath base path '/actuator'
2019-12-06 13:54:00.932  INFO [shineon.db.user,,,] 8016 --- [main] o.s.c.n.eureka.InstanceInfoFactory       : Setting initial instance status as: STARTING
2019-12-06 13:54:01.039  INFO [shineon.db.user,,,] 8016 --- [main] com.netflix.discovery.DiscoveryClient    : Initializing Eureka in region us-east-1
2019-12-06 13:54:01.296  INFO [shineon.db.user,,,] 8016 --- [main] c.n.d.provider.DiscoveryJerseyProvider   : Using JSON encoding codec LegacyJacksonJson
2019-12-06 13:54:01.297  INFO [shineon.db.user,,,] 8016 --- [main] c.n.d.provider.DiscoveryJerseyProvider   : Using JSON decoding codec LegacyJacksonJson
2019-12-06 13:54:01.673  INFO [shineon.db.user,,,] 8016 --- [main] c.n.d.provider.DiscoveryJerseyProvider   : Using XML encoding codec XStreamXml
2019-12-06 13:54:01.674  INFO [shineon.db.user,,,] 8016 --- [main] c.n.d.provider.DiscoveryJerseyProvider   : Using XML decoding codec XStreamXml
2019-12-06 13:54:03.158  INFO [shineon.db.user,,,] 8016 --- [main] c.n.d.s.r.aws.ConfigClusterResolver      : Resolving eureka endpoints via configuration
2019-12-06 13:54:03.322  INFO [shineon.db.user,,,] 8016 --- [main] com.netflix.discovery.DiscoveryClient    : Disable delta property : false
2019-12-06 13:54:03.323  INFO [shineon.db.user,,,] 8016 --- [main] com.netflix.discovery.DiscoveryClient    : Single vip registry refresh property : null
2019-12-06 13:54:03.323  INFO [shineon.db.user,,,] 8016 --- [main] com.netflix.discovery.DiscoveryClient    : Force full registry fetch : false
2019-12-06 13:54:03.323  INFO [shineon.db.user,,,] 8016 --- [main] com.netflix.discovery.DiscoveryClient    : Application is null : false
2019-12-06 13:54:03.324  INFO [shineon.db.user,,,] 8016 --- [main] com.netflix.discovery.DiscoveryClient    : Registered Applications size is zero : true
2019-12-06 13:54:03.324  INFO [shineon.db.user,,,] 8016 --- [main] com.netflix.discovery.DiscoveryClient    : Application version is -1: true
2019-12-06 13:54:03.324  INFO [shineon.db.user,,,] 8016 --- [main] com.netflix.discovery.DiscoveryClient    : Getting all instance registry info from the eureka server
2019-12-06 13:54:04.575  INFO [shineon.db.user,,,] 8016 --- [main] com.netflix.discovery.DiscoveryClient    : The response status is 200
2019-12-06 13:54:04.577  INFO [shineon.db.user,,,] 8016 --- [main] com.netflix.discovery.DiscoveryClient    : Starting heartbeat executor: renew interval is: 30
2019-12-06 13:54:04.585  INFO [shineon.db.user,,,] 8016 --- [main] c.n.discovery.InstanceInfoReplicator     : InstanceInfoReplicator onDemand update allowed rate per min is 4
2019-12-06 13:54:04.603  INFO [shineon.db.user,,,] 8016 --- [main] com.netflix.discovery.DiscoveryClient    : Discovery Client initialized at timestamp 1575611644588 with initial instances count: 0
2019-12-06 13:54:04.714  INFO [shineon.db.user,,,] 8016 --- [main] o.s.c.n.e.s.EurekaServiceRegistry        : Registering application SHINEON.DB.USER with eureka with status UP
2019-12-06 13:54:04.715  INFO [shineon.db.user,,,] 8016 --- [main] com.netflix.discovery.DiscoveryClient    : Saw local status change event StatusChangeEvent [timestamp=1575611644715, current=UP, previous=STARTING]
2019-12-06 13:54:04.727  INFO [shineon.db.user,,,] 8016 --- [DiscoveryClient-InstanceInfoReplicator-0] com.netflix.discovery.DiscoveryClient    : DiscoveryClient_SHINEON.DB.USER/fh18829-2:shineon.db.user:121: registering service...
2019-12-06 13:54:05.088  INFO [shineon.db.user,,,] 8016 --- [main] o.s.b.w.embedded.tomcat.TomcatWebServer  : Tomcat started on port(s): 121 (http) with context path ''
2019-12-06 13:54:05.091  INFO [shineon.db.user,,,] 8016 --- [main] .s.c.n.e.s.EurekaAutoServiceRegistration : Updating port to 121
2019-12-06 13:54:05.115  INFO [shineon.db.user,,,] 8016 --- [DiscoveryClient-InstanceInfoReplicator-0] com.netflix.discovery.DiscoveryClient    : DiscoveryClient_SHINEON.DB.USER/fh18829-2:shineon.db.user:121 - registration status: 204
2019-12-06 13:54:05.120  INFO [shineon.db.user,,,] 8016 --- [main] com.shineon.coder.CoderApplication       : Started CoderApplication in 13.864 seconds (JVM running for 14.645)
2019-12-06 13:54:34.936  INFO [shineon.db.user,,,] 8016 --- [DiscoveryClient-CacheRefreshExecutor-0] com.netflix.discovery.DiscoveryClient    : Disable delta property : false
2019-12-06 13:54:34.937  INFO [shineon.db.user,,,] 8016 --- [DiscoveryClient-CacheRefreshExecutor-0] com.netflix.discovery.DiscoveryClient    : Single vip registry refresh property : null
2019-12-06 13:54:34.938  INFO [shineon.db.user,,,] 8016 --- [DiscoveryClient-CacheRefreshExecutor-0] com.netflix.discovery.DiscoveryClient    : Force full registry fetch : false
2019-12-06 13:54:34.942  INFO [shineon.db.user,,,] 8016 --- [DiscoveryClient-CacheRefreshExecutor-0] com.netflix.discovery.DiscoveryClient    : Application is null : false
2019-12-06 13:54:34.946  INFO [shineon.db.user,,,] 8016 --- [DiscoveryClient-CacheRefreshExecutor-0] com.netflix.discovery.DiscoveryClient    : Registered Applications size is zero : true
2019-12-06 13:54:34.949  INFO [shineon.db.user,,,] 8016 --- [DiscoveryClient-CacheRefreshExecutor-0] com.netflix.discovery.DiscoveryClient    : Application version is -1: false
2019-12-06 13:54:34.958  INFO [shineon.db.user,,,] 8016 --- [DiscoveryClient-CacheRefreshExecutor-0] com.netflix.discovery.DiscoveryClient    : Getting all instance registry info from the eureka server
2019-12-06 13:54:44.505  INFO [shineon.db.user,,,] 8016 --- [DiscoveryClient-CacheRefreshExecutor-0] com.netflix.discovery.DiscoveryClient    : The response status is 200
2019-12-06 13:59:03.340  INFO [shineon.db.user,,,] 8016 --- [AsyncResolver-bootstrap-executor-0] c.n.d.s.r.aws.ConfigClusterResolver      : Resolving eureka endpoints via configuration
2019-12-06 13:59:42.342  INFO [shineon.db.user,,,] 8016 --- [http-nio-121-exec-2] o.a.c.c.C.[Tomcat].[localhost].[/]       : Initializing Spring DispatcherServlet 'dispatcherServlet'
2019-12-06 13:59:42.343  INFO [shineon.db.user,,,] 8016 --- [http-nio-121-exec-2] o.s.web.servlet.DispatcherServlet        : Initializing Servlet 'dispatcherServlet'
2019-12-06 13:59:42.473  INFO [shineon.db.user,,,] 8016 --- [http-nio-121-exec-2] o.s.web.servlet.DispatcherServlet        : Completed initialization in 130 ms
2019-12-06 13:59:43.058  INFO [shineon.db.user,0e27c4c6e7b7e53c,52a88b99cd343fe1,false] 8016 --- [http-nio-121-exec-2] com.shineon.coder.action.ControllerLog   : action [shineon.db.user] [UserController] [getByName] start execute
2019-12-06 13:59:43.263  INFO [shineon.db.user,0e27c4c6e7b7e53c,52a88b99cd343fe1,false] 8016 --- [http-nio-121-exec-2] com.zaxxer.hikari.HikariDataSource       : HikariPool-1 - Starting...
2019-12-06 13:59:43.297  WARN [shineon.db.user,0e27c4c6e7b7e53c,52a88b99cd343fe1,false] 8016 --- [http-nio-121-exec-2] com.zaxxer.hikari.util.DriverDataSource  : Registered driver with driverClassName=com.mysql.jdbc.Driver was not found, trying direct instantiation.
2019-12-06 13:59:44.204  INFO [shineon.db.user,0e27c4c6e7b7e53c,52a88b99cd343fe1,false] 8016 --- [http-nio-121-exec-2] com.zaxxer.hikari.HikariDataSource       : HikariPool-1 - Start completed.
2019-12-06 14:00:10.165  INFO [shineon.db.user,1b7a58fae9dfed13,bcad888a402a3349,false] 8016 --- [http-nio-121-exec-1] com.shineon.coder.action.ControllerLog   : action [shineon.db.user] [UserController] [getByName] start execute
2019-12-06 14:00:10.267  INFO [shineon.db.user,1b7a58fae9dfed13,359f360c2542f56e,false] 8016 --- [http-nio-121-exec-9] com.shineon.coder.action.ControllerLog   : action [shineon.db.user] [UserController] [edit] start execute
2019-12-06 14:00:16.734  INFO [shineon.db.user,bdd8ee0280a6b90b,8c2aaf9f4a3e839b,false] 8016 --- [http-nio-121-exec-6] com.shineon.coder.action.ControllerLog   : action [shineon.db.user] [UserController] [getByName] start execute
2019-12-06 14:00:16.760  INFO [shineon.db.user,bdd8ee0280a6b90b,f85ea448ca921df0,false] 8016 --- [http-nio-121-exec-7] com.shineon.coder.action.ControllerLog   : action [shineon.db.user] [UserController] [edit] start execute
2019-12-06 14:04:03.347  INFO [shineon.db.user,,,] 8016 --- [AsyncResolver-bootstrap-executor-0] c.n.d.s.r.aws.ConfigClusterResolver      : Resolving eureka endpoints via configuration
2019-12-06 14:09:03.373  INFO [shineon.db.user,,,] 8016 --- [AsyncResolver-bootstrap-executor-0] c.n.d.s.r.aws.ConfigClusterResolver      : Resolving eureka endpoints via configuration
2019-12-06 14:14:03.387  INFO [shineon.db.user,,,] 8016 --- [AsyncResolver-bootstrap-executor-0] c.n.d.s.r.aws.ConfigClusterResolver      : Resolving eureka endpoints via configuration
2019-12-06 14:19:03.402  INFO [shineon.db.user,,,] 8016 --- [AsyncResolver-bootstrap-executor-0] c.n.d.s.r.aws.ConfigClusterResolver      : Resolving eureka endpoints via configuration
