2019-07-29 16:13:50.139  INFO [shineonserveruauth,,,] 11196 --- [main] com.shineon.coder.CoderApplication       : No active profile set, falling back to default profiles: default
2019-07-29 16:13:50.997  INFO [shineonserveruauth,,,] 11196 --- [main] .s.d.r.c.RepositoryConfigurationDelegate : Multiple Spring Data modules found, entering strict repository configuration mode!
2019-07-29 16:13:50.998  INFO [shineonserveruauth,,,] 11196 --- [main] .s.d.r.c.RepositoryConfigurationDelegate : Bootstrapping Spring Data repositories in DEFAULT mode.
2019-07-29 16:13:51.011  INFO [shineonserveruauth,,,] 11196 --- [main] .s.d.r.c.RepositoryConfigurationDelegate : Finished Spring Data repository scanning in 6ms. Found 0 repository interfaces.
2019-07-29 16:13:51.070  WARN [shineonserveruauth,,,] 11196 --- [main] o.s.boot.actuate.endpoint.EndpointId     : Endpoint ID 'service-registry' contains invalid characters, please migrate to a valid format.
2019-07-29 16:13:51.290  INFO [shineonserveruauth,,,] 11196 --- [main] o.s.cloud.context.scope.GenericScope     : BeanFactory id=fc0861ea-1945-3e6d-869e-c54f7fe1e04d
2019-07-29 16:13:51.300  INFO [shineonserveruauth,,,] 11196 --- [main] faultConfiguringBeanFactoryPostProcessor : No bean named 'errorChannel' has been explicitly defined. Therefore, a default PublishSubscribeChannel will be created.
2019-07-29 16:13:51.304  INFO [shineonserveruauth,,,] 11196 --- [main] faultConfiguringBeanFactoryPostProcessor : No bean named 'taskScheduler' has been explicitly defined. Therefore, a default ThreadPoolTaskScheduler will be created.
2019-07-29 16:13:51.308  INFO [shineonserveruauth,,,] 11196 --- [main] faultConfiguringBeanFactoryPostProcessor : No bean named 'integrationHeaderChannelRegistry' has been explicitly defined. Therefore, a default DefaultHeaderChannelRegistry will be created.
2019-07-29 16:13:51.563  INFO [shineonserveruauth,,,] 11196 --- [main] trationDelegate$BeanPostProcessorChecker : Bean 'integrationDisposableAutoCreatedBeans' of type [org.springframework.integration.config.annotation.Disposables] is not eligible for getting processed by all BeanPostProcessors (for example: not eligible for auto-proxying)
2019-07-29 16:13:51.592  INFO [shineonserveruauth,,,] 11196 --- [main] trationDelegate$BeanPostProcessorChecker : Bean 'org.springframework.integration.config.IntegrationManagementConfiguration' of type [org.springframework.integration.config.IntegrationManagementConfiguration$$EnhancerBySpringCGLIB$$a2adfebf] is not eligible for getting processed by all BeanPostProcessors (for example: not eligible for auto-proxying)
2019-07-29 16:13:51.604  INFO [shineonserveruauth,,,] 11196 --- [main] trationDelegate$BeanPostProcessorChecker : Bean 'org.springframework.boot.autoconfigure.integration.IntegrationAutoConfiguration$IntegrationJmxConfiguration' of type [org.springframework.boot.autoconfigure.integration.IntegrationAutoConfiguration$IntegrationJmxConfiguration$$EnhancerBySpringCGLIB$$7e4009df] is not eligible for getting processed by all BeanPostProcessors (for example: not eligible for auto-proxying)
2019-07-29 16:13:51.612  INFO [shineonserveruauth,,,] 11196 --- [main] trationDelegate$BeanPostProcessorChecker : Bean 'org.springframework.boot.autoconfigure.jmx.JmxAutoConfiguration' of type [org.springframework.boot.autoconfigure.jmx.JmxAutoConfiguration$$EnhancerBySpringCGLIB$$b727b2ac] is not eligible for getting processed by all BeanPostProcessors (for example: not eligible for auto-proxying)
2019-07-29 16:13:51.617  INFO [shineonserveruauth,,,] 11196 --- [main] trationDelegate$BeanPostProcessorChecker : Bean 'mbeanServer' of type [com.sun.jmx.mbeanserver.JmxMBeanServer] is not eligible for getting processed by all BeanPostProcessors (for example: not eligible for auto-proxying)
2019-07-29 16:13:51.651  INFO [shineonserveruauth,,,] 11196 --- [main] trationDelegate$BeanPostProcessorChecker : Bean 'org.springframework.cloud.autoconfigure.ConfigurationPropertiesRebinderAutoConfiguration' of type [org.springframework.cloud.autoconfigure.ConfigurationPropertiesRebinderAutoConfiguration$$EnhancerBySpringCGLIB$$53d6468d] is not eligible for getting processed by all BeanPostProcessors (for example: not eligible for auto-proxying)
2019-07-29 16:13:51.998  INFO [shineonserveruauth,,,] 11196 --- [main] o.s.b.w.embedded.tomcat.TomcatWebServer  : Tomcat initialized with port(s): 122 (http)
2019-07-29 16:13:52.012  INFO [shineonserveruauth,,,] 11196 --- [main] o.apache.catalina.core.StandardService   : Starting service [Tomcat]
2019-07-29 16:13:52.013  INFO [shineonserveruauth,,,] 11196 --- [main] org.apache.catalina.core.StandardEngine  : Starting Servlet engine: [Apache Tomcat/9.0.21]
2019-07-29 16:13:52.109  INFO [shineonserveruauth,,,] 11196 --- [main] o.a.c.c.C.[Tomcat].[localhost].[/]       : Initializing Spring embedded WebApplicationContext
2019-07-29 16:13:52.109  INFO [shineonserveruauth,,,] 11196 --- [main] o.s.web.context.ContextLoader            : Root WebApplicationContext: initialization completed in 1957 ms
2019-07-29 16:13:52.236  WARN [shineonserveruauth,,,] 11196 --- [main] c.n.c.sources.URLConfigurationSource     : No URLs will be polled as dynamic configuration sources.
2019-07-29 16:13:52.236  INFO [shineonserveruauth,,,] 11196 --- [main] c.n.c.sources.URLConfigurationSource     : To enable URLs as dynamic configuration sources, define System property archaius.configurationSource.additionalUrls or make config.properties available on classpath.
2019-07-29 16:13:52.243  INFO [shineonserveruauth,,,] 11196 --- [main] c.netflix.config.DynamicPropertyFactory  : DynamicPropertyFactory is initialized with configuration sources: com.netflix.config.ConcurrentCompositeConfiguration@6075b369
2019-07-29 16:13:53.281  INFO [shineonserveruauth,,,] 11196 --- [main] o.s.s.c.ThreadPoolTaskScheduler          : Initializing ExecutorService 'taskScheduler'
2019-07-29 16:13:54.010  INFO [shineonserveruauth,,,] 11196 --- [main] o.s.s.concurrent.ThreadPoolTaskExecutor  : Initializing ExecutorService
2019-07-29 16:13:54.010  INFO [shineonserveruauth,,,] 11196 --- [main] o.s.s.concurrent.ThreadPoolTaskExecutor  : Initializing ExecutorService 'pool_schedule'
2019-07-29 16:13:54.096  WARN [shineonserveruauth,,,] 11196 --- [main] c.n.c.sources.URLConfigurationSource     : No URLs will be polled as dynamic configuration sources.
2019-07-29 16:13:54.096  INFO [shineonserveruauth,,,] 11196 --- [main] c.n.c.sources.URLConfigurationSource     : To enable URLs as dynamic configuration sources, define System property archaius.configurationSource.additionalUrls or make config.properties available on classpath.
2019-07-29 16:13:55.030  INFO [shineonserveruauth,,,] 11196 --- [main] o.s.b.a.e.web.EndpointLinksResolver      : Exposing 2 endpoint(s) beneath base path '/actuator'
2019-07-29 16:13:55.131  INFO [shineonserveruauth,,,] 11196 --- [main] o.s.c.s.m.DirectWithAttributesChannel    : Channel 'application-1.MataoMessageInput' has 1 subscriber(s).
2019-07-29 16:13:55.131  INFO [shineonserveruauth,,,] 11196 --- [main] o.s.c.s.m.DirectWithAttributesChannel    : Channel 'application-1.Matao2MessageInput' has 1 subscriber(s).
2019-07-29 16:13:55.220  INFO [shineonserveruauth,,,] 11196 --- [main] o.s.i.monitor.IntegrationMBeanExporter   : Registering MessageChannel MataoMessageInput
2019-07-29 16:13:55.262  INFO [shineonserveruauth,,,] 11196 --- [main] o.s.i.monitor.IntegrationMBeanExporter   : Registering MessageChannel errorChannel
2019-07-29 16:13:55.289  INFO [shineonserveruauth,,,] 11196 --- [main] o.s.i.monitor.IntegrationMBeanExporter   : Registering MessageChannel Matao2MessageOutput
2019-07-29 16:13:55.294  INFO [shineonserveruauth,,,] 11196 --- [main] o.s.i.monitor.IntegrationMBeanExporter   : Registering MessageChannel Matao2MessageInput
2019-07-29 16:13:55.300  INFO [shineonserveruauth,,,] 11196 --- [main] o.s.i.monitor.IntegrationMBeanExporter   : Registering MessageChannel MataoMessageOutput
2019-07-29 16:13:55.306  INFO [shineonserveruauth,,,] 11196 --- [main] o.s.i.monitor.IntegrationMBeanExporter   : Registering MessageChannel nullChannel
2019-07-29 16:13:55.322  INFO [shineonserveruauth,,,] 11196 --- [main] o.s.i.monitor.IntegrationMBeanExporter   : Registering MessageHandler errorLogger
2019-07-29 16:13:55.334  INFO [shineonserveruauth,,,] 11196 --- [main] o.s.i.monitor.IntegrationMBeanExporter   : Registering MessageHandler org.springframework.cloud.stream.binding.StreamListenerMessageHandler@2f2f92f
2019-07-29 16:13:55.375  INFO [shineonserveruauth,,,] 11196 --- [main] o.s.i.monitor.IntegrationMBeanExporter   : Registering MessageHandler org.springframework.cloud.stream.binding.StreamListenerMessageHandler@cfc4601
2019-07-29 16:13:55.393  INFO [shineonserveruauth,,,] 11196 --- [main] o.s.i.endpoint.EventDrivenConsumer       : Adding {logging-channel-adapter:_org.springframework.integration.errorLogger} as a subscriber to the 'errorChannel' channel
2019-07-29 16:13:55.393  INFO [shineonserveruauth,,,] 11196 --- [main] o.s.i.channel.PublishSubscribeChannel    : Channel 'application-1.errorChannel' has 1 subscriber(s).
2019-07-29 16:13:55.393  INFO [shineonserveruauth,,,] 11196 --- [main] o.s.i.endpoint.EventDrivenConsumer       : started _org.springframework.integration.errorLogger
2019-07-29 16:13:55.579  INFO [shineonserveruauth,,,] 11196 --- [main] o.s.a.r.c.CachingConnectionFactory       : Attempting to connect to: [127.0.0.1:5672]
2019-07-29 16:13:55.615  INFO [shineonserveruauth,,,] 11196 --- [main] o.s.a.r.c.CachingConnectionFactory       : Created new connection: rabbitConnectionFactory#69b3886f:0/SimpleConnection@dddcd91 [delegate=amqp://matao@127.0.0.1:5672/, localPort= 62322]
2019-07-29 16:13:55.670  INFO [shineonserveruauth,,,] 11196 --- [main] o.s.c.s.m.DirectWithAttributesChannel    : Channel 'application-1.Matao2MessageOutput' has 1 subscriber(s).
2019-07-29 16:13:55.678  INFO [shineonserveruauth,,,] 11196 --- [main] o.s.c.s.m.DirectWithAttributesChannel    : Channel 'application-1.MataoMessageOutput' has 1 subscriber(s).
2019-07-29 16:13:55.691  INFO [shineonserveruauth,,,] 11196 --- [main] o.s.c.n.eureka.InstanceInfoFactory       : Setting initial instance status as: STARTING
2019-07-29 16:13:55.723  INFO [shineonserveruauth,,,] 11196 --- [main] com.netflix.discovery.DiscoveryClient    : Initializing Eureka in region us-east-1
2019-07-29 16:13:55.821  INFO [shineonserveruauth,,,] 11196 --- [main] c.n.d.provider.DiscoveryJerseyProvider   : Using JSON encoding codec LegacyJacksonJson
2019-07-29 16:13:55.821  INFO [shineonserveruauth,,,] 11196 --- [main] c.n.d.provider.DiscoveryJerseyProvider   : Using JSON decoding codec LegacyJacksonJson
2019-07-29 16:13:56.008  INFO [shineonserveruauth,,,] 11196 --- [main] c.n.d.provider.DiscoveryJerseyProvider   : Using XML encoding codec XStreamXml
2019-07-29 16:13:56.009  INFO [shineonserveruauth,,,] 11196 --- [main] c.n.d.provider.DiscoveryJerseyProvider   : Using XML decoding codec XStreamXml
2019-07-29 16:13:56.156  INFO [shineonserveruauth,,,] 11196 --- [main] c.n.d.s.r.aws.ConfigClusterResolver      : Resolving eureka endpoints via configuration
2019-07-29 16:13:56.193  INFO [shineonserveruauth,,,] 11196 --- [main] com.netflix.discovery.DiscoveryClient    : Disable delta property : false
2019-07-29 16:13:56.193  INFO [shineonserveruauth,,,] 11196 --- [main] com.netflix.discovery.DiscoveryClient    : Single vip registry refresh property : null
2019-07-29 16:13:56.193  INFO [shineonserveruauth,,,] 11196 --- [main] com.netflix.discovery.DiscoveryClient    : Force full registry fetch : false
2019-07-29 16:13:56.193  INFO [shineonserveruauth,,,] 11196 --- [main] com.netflix.discovery.DiscoveryClient    : Application is null : false
2019-07-29 16:13:56.193  INFO [shineonserveruauth,,,] 11196 --- [main] com.netflix.discovery.DiscoveryClient    : Registered Applications size is zero : true
2019-07-29 16:13:56.194  INFO [shineonserveruauth,,,] 11196 --- [main] com.netflix.discovery.DiscoveryClient    : Application version is -1: true
2019-07-29 16:13:56.194  INFO [shineonserveruauth,,,] 11196 --- [main] com.netflix.discovery.DiscoveryClient    : Getting all instance registry info from the eureka server
2019-07-29 16:13:56.285  INFO [shineonserveruauth,,,] 11196 --- [main] com.netflix.discovery.DiscoveryClient    : The response status is 200
2019-07-29 16:13:56.287  INFO [shineonserveruauth,,,] 11196 --- [main] com.netflix.discovery.DiscoveryClient    : Starting heartbeat executor: renew interval is: 30
2019-07-29 16:13:56.289  INFO [shineonserveruauth,,,] 11196 --- [main] c.n.discovery.InstanceInfoReplicator     : InstanceInfoReplicator onDemand update allowed rate per min is 4
2019-07-29 16:13:56.291  INFO [shineonserveruauth,,,] 11196 --- [main] com.netflix.discovery.DiscoveryClient    : Discovery Client initialized at timestamp 1564388036291 with initial instances count: 2
2019-07-29 16:13:56.297  INFO [shineonserveruauth,,,] 11196 --- [main] o.s.c.n.e.s.EurekaServiceRegistry        : Registering application SHINEONSERVERUAUTH with eureka with status UP
2019-07-29 16:13:56.297  INFO [shineonserveruauth,,,] 11196 --- [main] com.netflix.discovery.DiscoveryClient    : Saw local status change event StatusChangeEvent [timestamp=1564388036297, current=UP, previous=STARTING]
2019-07-29 16:13:56.299  INFO [shineonserveruauth,,,] 11196 --- [DiscoveryClient-InstanceInfoReplicator-0] com.netflix.discovery.DiscoveryClient    : DiscoveryClient_SHINEONSERVERUAUTH/fh18829-2:shineonserveruauth:122: registering service...
2019-07-29 16:13:56.318  INFO [shineonserveruauth,,,] 11196 --- [main] c.s.b.r.p.RabbitExchangeQueueProvisioner : declaring queue for inbound: Matao2Message.anonymous.Ky2hvvDPSKOGgBAtb1Bgog, bound to: Matao2Message
2019-07-29 16:13:56.325  INFO [shineonserveruauth,,,] 11196 --- [DiscoveryClient-InstanceInfoReplicator-0] com.netflix.discovery.DiscoveryClient    : DiscoveryClient_SHINEONSERVERUAUTH/fh18829-2:shineonserveruauth:122 - registration status: 204
2019-07-29 16:13:56.345  INFO [shineonserveruauth,,,] 11196 --- [main] o.s.i.monitor.IntegrationMBeanExporter   : Registering MessageChannel Matao2Message.anonymous.Ky2hvvDPSKOGgBAtb1Bgog.errors
2019-07-29 16:13:56.411  INFO [shineonserveruauth,,,] 11196 --- [main] o.s.c.stream.binder.BinderErrorChannel   : Channel 'application-1.Matao2Message.anonymous.Ky2hvvDPSKOGgBAtb1Bgog.errors' has 1 subscriber(s).
2019-07-29 16:13:56.412  INFO [shineonserveruauth,,,] 11196 --- [main] o.s.c.stream.binder.BinderErrorChannel   : Channel 'application-1.Matao2Message.anonymous.Ky2hvvDPSKOGgBAtb1Bgog.errors' has 2 subscriber(s).
2019-07-29 16:13:56.467  INFO [shineonserveruauth,,,] 11196 --- [main] o.s.i.a.i.AmqpInboundChannelAdapter      : started inbound.Matao2Message.anonymous.Ky2hvvDPSKOGgBAtb1Bgog
2019-07-29 16:13:56.475  INFO [shineonserveruauth,,,] 11196 --- [main] c.s.b.r.p.RabbitExchangeQueueProvisioner : declaring queue for inbound: MataoMessageInput.anonymous.IDwGh7TlRhe5bN0vPTXZ5A, bound to: MataoMessageInput
2019-07-29 16:13:56.482  INFO [shineonserveruauth,,,] 11196 --- [main] o.s.i.monitor.IntegrationMBeanExporter   : Registering MessageChannel MataoMessageInput.anonymous.IDwGh7TlRhe5bN0vPTXZ5A.errors
2019-07-29 16:13:56.487  INFO [shineonserveruauth,,,] 11196 --- [main] o.s.c.stream.binder.BinderErrorChannel   : Channel 'application-1.MataoMessageInput.anonymous.IDwGh7TlRhe5bN0vPTXZ5A.errors' has 1 subscriber(s).
2019-07-29 16:13:56.487  INFO [shineonserveruauth,,,] 11196 --- [main] o.s.c.stream.binder.BinderErrorChannel   : Channel 'application-1.MataoMessageInput.anonymous.IDwGh7TlRhe5bN0vPTXZ5A.errors' has 2 subscriber(s).
2019-07-29 16:13:56.494  INFO [shineonserveruauth,,,] 11196 --- [main] o.s.i.a.i.AmqpInboundChannelAdapter      : started inbound.MataoMessageInput.anonymous.IDwGh7TlRhe5bN0vPTXZ5A
2019-07-29 16:13:56.549  INFO [shineonserveruauth,,,] 11196 --- [main] o.s.b.w.embedded.tomcat.TomcatWebServer  : Tomcat started on port(s): 122 (http) with context path ''
2019-07-29 16:13:56.549  INFO [shineonserveruauth,,,] 11196 --- [main] .s.c.n.e.s.EurekaAutoServiceRegistration : Updating port to 122
2019-07-29 16:13:56.550  INFO [shineonserveruauth,,,] 11196 --- [main] com.shineon.coder.CoderApplication       : Started CoderApplication in 7.276 seconds (JVM running for 7.758)
2019-07-29 16:16:53.472  INFO [shineonserveruauth,,,] 8324 --- [main] com.shineon.coder.CoderApplication       : No active profile set, falling back to default profiles: default
2019-07-29 16:16:54.040  INFO [shineonserveruauth,,,] 8324 --- [main] .s.d.r.c.RepositoryConfigurationDelegate : Multiple Spring Data modules found, entering strict repository configuration mode!
2019-07-29 16:16:54.041  INFO [shineonserveruauth,,,] 8324 --- [main] .s.d.r.c.RepositoryConfigurationDelegate : Bootstrapping Spring Data repositories in DEFAULT mode.
2019-07-29 16:16:54.055  INFO [shineonserveruauth,,,] 8324 --- [main] .s.d.r.c.RepositoryConfigurationDelegate : Finished Spring Data repository scanning in 6ms. Found 0 repository interfaces.
2019-07-29 16:16:54.120  WARN [shineonserveruauth,,,] 8324 --- [main] o.s.boot.actuate.endpoint.EndpointId     : Endpoint ID 'service-registry' contains invalid characters, please migrate to a valid format.
2019-07-29 16:16:54.357  INFO [shineonserveruauth,,,] 8324 --- [main] o.s.cloud.context.scope.GenericScope     : BeanFactory id=fc0861ea-1945-3e6d-869e-c54f7fe1e04d
2019-07-29 16:16:54.366  INFO [shineonserveruauth,,,] 8324 --- [main] faultConfiguringBeanFactoryPostProcessor : No bean named 'errorChannel' has been explicitly defined. Therefore, a default PublishSubscribeChannel will be created.
2019-07-29 16:16:54.370  INFO [shineonserveruauth,,,] 8324 --- [main] faultConfiguringBeanFactoryPostProcessor : No bean named 'taskScheduler' has been explicitly defined. Therefore, a default ThreadPoolTaskScheduler will be created.
2019-07-29 16:16:54.373  INFO [shineonserveruauth,,,] 8324 --- [main] faultConfiguringBeanFactoryPostProcessor : No bean named 'integrationHeaderChannelRegistry' has been explicitly defined. Therefore, a default DefaultHeaderChannelRegistry will be created.
2019-07-29 16:16:54.588  INFO [shineonserveruauth,,,] 8324 --- [main] trationDelegate$BeanPostProcessorChecker : Bean 'integrationDisposableAutoCreatedBeans' of type [org.springframework.integration.config.annotation.Disposables] is not eligible for getting processed by all BeanPostProcessors (for example: not eligible for auto-proxying)
2019-07-29 16:16:54.616  INFO [shineonserveruauth,,,] 8324 --- [main] trationDelegate$BeanPostProcessorChecker : Bean 'org.springframework.integration.config.IntegrationManagementConfiguration' of type [org.springframework.integration.config.IntegrationManagementConfiguration$$EnhancerBySpringCGLIB$$60871241] is not eligible for getting processed by all BeanPostProcessors (for example: not eligible for auto-proxying)
2019-07-29 16:16:54.629  INFO [shineonserveruauth,,,] 8324 --- [main] trationDelegate$BeanPostProcessorChecker : Bean 'org.springframework.boot.autoconfigure.integration.IntegrationAutoConfiguration$IntegrationJmxConfiguration' of type [org.springframework.boot.autoconfigure.integration.IntegrationAutoConfiguration$IntegrationJmxConfiguration$$EnhancerBySpringCGLIB$$3c191d61] is not eligible for getting processed by all BeanPostProcessors (for example: not eligible for auto-proxying)
2019-07-29 16:16:54.636  INFO [shineonserveruauth,,,] 8324 --- [main] trationDelegate$BeanPostProcessorChecker : Bean 'org.springframework.boot.autoconfigure.jmx.JmxAutoConfiguration' of type [org.springframework.boot.autoconfigure.jmx.JmxAutoConfiguration$$EnhancerBySpringCGLIB$$7500c62e] is not eligible for getting processed by all BeanPostProcessors (for example: not eligible for auto-proxying)
2019-07-29 16:16:54.641  INFO [shineonserveruauth,,,] 8324 --- [main] trationDelegate$BeanPostProcessorChecker : Bean 'mbeanServer' of type [com.sun.jmx.mbeanserver.JmxMBeanServer] is not eligible for getting processed by all BeanPostProcessors (for example: not eligible for auto-proxying)
2019-07-29 16:16:54.673  INFO [shineonserveruauth,,,] 8324 --- [main] trationDelegate$BeanPostProcessorChecker : Bean 'org.springframework.cloud.autoconfigure.ConfigurationPropertiesRebinderAutoConfiguration' of type [org.springframework.cloud.autoconfigure.ConfigurationPropertiesRebinderAutoConfiguration$$EnhancerBySpringCGLIB$$11af5a0f] is not eligible for getting processed by all BeanPostProcessors (for example: not eligible for auto-proxying)
2019-07-29 16:16:55.022  INFO [shineonserveruauth,,,] 8324 --- [main] o.s.b.w.embedded.tomcat.TomcatWebServer  : Tomcat initialized with port(s): 122 (http)
2019-07-29 16:16:55.036  INFO [shineonserveruauth,,,] 8324 --- [main] o.apache.catalina.core.StandardService   : Starting service [Tomcat]
2019-07-29 16:16:55.037  INFO [shineonserveruauth,,,] 8324 --- [main] org.apache.catalina.core.StandardEngine  : Starting Servlet engine: [Apache Tomcat/9.0.21]
2019-07-29 16:16:55.129  INFO [shineonserveruauth,,,] 8324 --- [main] o.a.c.c.C.[Tomcat].[localhost].[/]       : Initializing Spring embedded WebApplicationContext
2019-07-29 16:16:55.129  INFO [shineonserveruauth,,,] 8324 --- [main] o.s.web.context.ContextLoader            : Root WebApplicationContext: initialization completed in 1648 ms
2019-07-29 16:16:55.250  WARN [shineonserveruauth,,,] 8324 --- [main] c.n.c.sources.URLConfigurationSource     : No URLs will be polled as dynamic configuration sources.
2019-07-29 16:16:55.250  INFO [shineonserveruauth,,,] 8324 --- [main] c.n.c.sources.URLConfigurationSource     : To enable URLs as dynamic configuration sources, define System property archaius.configurationSource.additionalUrls or make config.properties available on classpath.
2019-07-29 16:16:55.255  INFO [shineonserveruauth,,,] 8324 --- [main] c.netflix.config.DynamicPropertyFactory  : DynamicPropertyFactory is initialized with configuration sources: com.netflix.config.ConcurrentCompositeConfiguration@5d7dd549
2019-07-29 16:16:56.313  INFO [shineonserveruauth,,,] 8324 --- [main] o.s.s.c.ThreadPoolTaskScheduler          : Initializing ExecutorService 'taskScheduler'
2019-07-29 16:16:56.987  INFO [shineonserveruauth,,,] 8324 --- [main] o.s.s.concurrent.ThreadPoolTaskExecutor  : Initializing ExecutorService
2019-07-29 16:16:56.987  INFO [shineonserveruauth,,,] 8324 --- [main] o.s.s.concurrent.ThreadPoolTaskExecutor  : Initializing ExecutorService 'pool_schedule'
2019-07-29 16:16:57.078  WARN [shineonserveruauth,,,] 8324 --- [main] c.n.c.sources.URLConfigurationSource     : No URLs will be polled as dynamic configuration sources.
2019-07-29 16:16:57.078  INFO [shineonserveruauth,,,] 8324 --- [main] c.n.c.sources.URLConfigurationSource     : To enable URLs as dynamic configuration sources, define System property archaius.configurationSource.additionalUrls or make config.properties available on classpath.
2019-07-29 16:16:58.000  INFO [shineonserveruauth,,,] 8324 --- [main] o.s.b.a.e.web.EndpointLinksResolver      : Exposing 2 endpoint(s) beneath base path '/actuator'
2019-07-29 16:16:58.093  INFO [shineonserveruauth,,,] 8324 --- [main] o.s.c.s.m.DirectWithAttributesChannel    : Channel 'application-1.MataoMessageInput' has 1 subscriber(s).
2019-07-29 16:16:58.093  INFO [shineonserveruauth,,,] 8324 --- [main] o.s.c.s.m.DirectWithAttributesChannel    : Channel 'application-1.Matao2MessageInput' has 1 subscriber(s).
2019-07-29 16:16:58.184  INFO [shineonserveruauth,,,] 8324 --- [main] o.s.i.monitor.IntegrationMBeanExporter   : Registering MessageChannel errorChannel
2019-07-29 16:16:58.227  INFO [shineonserveruauth,,,] 8324 --- [main] o.s.i.monitor.IntegrationMBeanExporter   : Registering MessageChannel nullChannel
2019-07-29 16:16:58.236  INFO [shineonserveruauth,,,] 8324 --- [main] o.s.i.monitor.IntegrationMBeanExporter   : Registering MessageChannel Matao2MessageOutput
2019-07-29 16:16:58.256  INFO [shineonserveruauth,,,] 8324 --- [main] o.s.i.monitor.IntegrationMBeanExporter   : Registering MessageChannel Matao2MessageInput
2019-07-29 16:16:58.262  INFO [shineonserveruauth,,,] 8324 --- [main] o.s.i.monitor.IntegrationMBeanExporter   : Registering MessageChannel MataoMessageOutput
2019-07-29 16:16:58.267  INFO [shineonserveruauth,,,] 8324 --- [main] o.s.i.monitor.IntegrationMBeanExporter   : Registering MessageChannel MataoMessageInput
2019-07-29 16:16:58.278  INFO [shineonserveruauth,,,] 8324 --- [main] o.s.i.monitor.IntegrationMBeanExporter   : Registering MessageHandler org.springframework.cloud.stream.binding.StreamListenerMessageHandler@1322b542
2019-07-29 16:16:58.315  INFO [shineonserveruauth,,,] 8324 --- [main] o.s.i.monitor.IntegrationMBeanExporter   : Registering MessageHandler errorLogger
2019-07-29 16:16:58.327  INFO [shineonserveruauth,,,] 8324 --- [main] o.s.i.monitor.IntegrationMBeanExporter   : Registering MessageHandler org.springframework.cloud.stream.binding.StreamListenerMessageHandler@6a97517
2019-07-29 16:16:58.344  INFO [shineonserveruauth,,,] 8324 --- [main] o.s.i.endpoint.EventDrivenConsumer       : Adding {logging-channel-adapter:_org.springframework.integration.errorLogger} as a subscriber to the 'errorChannel' channel
2019-07-29 16:16:58.345  INFO [shineonserveruauth,,,] 8324 --- [main] o.s.i.channel.PublishSubscribeChannel    : Channel 'application-1.errorChannel' has 1 subscriber(s).
2019-07-29 16:16:58.345  INFO [shineonserveruauth,,,] 8324 --- [main] o.s.i.endpoint.EventDrivenConsumer       : started _org.springframework.integration.errorLogger
2019-07-29 16:16:58.510  INFO [shineonserveruauth,,,] 8324 --- [main] o.s.a.r.c.CachingConnectionFactory       : Attempting to connect to: [127.0.0.1:5672]
2019-07-29 16:16:58.535  INFO [shineonserveruauth,,,] 8324 --- [main] o.s.a.r.c.CachingConnectionFactory       : Created new connection: rabbitConnectionFactory#3f6c2763:0/SimpleConnection@4536a09a [delegate=amqp://matao@127.0.0.1:5672/, localPort= 63244]
2019-07-29 16:16:58.563  INFO [shineonserveruauth,,,] 8324 --- [main] o.s.c.s.m.DirectWithAttributesChannel    : Channel 'application-1.Matao2MessageOutput' has 1 subscriber(s).
2019-07-29 16:16:58.572  INFO [shineonserveruauth,,,] 8324 --- [main] o.s.c.s.m.DirectWithAttributesChannel    : Channel 'application-1.MataoMessageOutput' has 1 subscriber(s).
2019-07-29 16:16:58.583  INFO [shineonserveruauth,,,] 8324 --- [main] o.s.c.n.eureka.InstanceInfoFactory       : Setting initial instance status as: STARTING
2019-07-29 16:16:58.605  INFO [shineonserveruauth,,,] 8324 --- [main] com.netflix.discovery.DiscoveryClient    : Initializing Eureka in region us-east-1
2019-07-29 16:16:58.687  INFO [shineonserveruauth,,,] 8324 --- [main] c.n.d.provider.DiscoveryJerseyProvider   : Using JSON encoding codec LegacyJacksonJson
2019-07-29 16:16:58.687  INFO [shineonserveruauth,,,] 8324 --- [main] c.n.d.provider.DiscoveryJerseyProvider   : Using JSON decoding codec LegacyJacksonJson
2019-07-29 16:16:58.884  INFO [shineonserveruauth,,,] 8324 --- [main] c.n.d.provider.DiscoveryJerseyProvider   : Using XML encoding codec XStreamXml
2019-07-29 16:16:58.884  INFO [shineonserveruauth,,,] 8324 --- [main] c.n.d.provider.DiscoveryJerseyProvider   : Using XML decoding codec XStreamXml
2019-07-29 16:16:59.018  INFO [shineonserveruauth,,,] 8324 --- [main] c.n.d.s.r.aws.ConfigClusterResolver      : Resolving eureka endpoints via configuration
2019-07-29 16:16:59.059  INFO [shineonserveruauth,,,] 8324 --- [main] com.netflix.discovery.DiscoveryClient    : Disable delta property : false
2019-07-29 16:16:59.059  INFO [shineonserveruauth,,,] 8324 --- [main] com.netflix.discovery.DiscoveryClient    : Single vip registry refresh property : null
2019-07-29 16:16:59.059  INFO [shineonserveruauth,,,] 8324 --- [main] com.netflix.discovery.DiscoveryClient    : Force full registry fetch : false
2019-07-29 16:16:59.059  INFO [shineonserveruauth,,,] 8324 --- [main] com.netflix.discovery.DiscoveryClient    : Application is null : false
2019-07-29 16:16:59.059  INFO [shineonserveruauth,,,] 8324 --- [main] com.netflix.discovery.DiscoveryClient    : Registered Applications size is zero : true
2019-07-29 16:16:59.059  INFO [shineonserveruauth,,,] 8324 --- [main] com.netflix.discovery.DiscoveryClient    : Application version is -1: true
2019-07-29 16:16:59.059  INFO [shineonserveruauth,,,] 8324 --- [main] com.netflix.discovery.DiscoveryClient    : Getting all instance registry info from the eureka server
2019-07-29 16:16:59.179  INFO [shineonserveruauth,,,] 8324 --- [main] com.netflix.discovery.DiscoveryClient    : The response status is 200
2019-07-29 16:16:59.182  INFO [shineonserveruauth,,,] 8324 --- [main] com.netflix.discovery.DiscoveryClient    : Starting heartbeat executor: renew interval is: 30
2019-07-29 16:16:59.184  INFO [shineonserveruauth,,,] 8324 --- [main] c.n.discovery.InstanceInfoReplicator     : InstanceInfoReplicator onDemand update allowed rate per min is 4
2019-07-29 16:16:59.186  INFO [shineonserveruauth,,,] 8324 --- [main] com.netflix.discovery.DiscoveryClient    : Discovery Client initialized at timestamp 1564388219186 with initial instances count: 4
2019-07-29 16:16:59.192  INFO [shineonserveruauth,,,] 8324 --- [main] o.s.c.n.e.s.EurekaServiceRegistry        : Registering application SHINEONSERVERUAUTH with eureka with status UP
2019-07-29 16:16:59.192  INFO [shineonserveruauth,,,] 8324 --- [main] com.netflix.discovery.DiscoveryClient    : Saw local status change event StatusChangeEvent [timestamp=1564388219192, current=UP, previous=STARTING]
2019-07-29 16:16:59.194  INFO [shineonserveruauth,,,] 8324 --- [DiscoveryClient-InstanceInfoReplicator-0] com.netflix.discovery.DiscoveryClient    : DiscoveryClient_SHINEONSERVERUAUTH/fh18829-2:shineonserveruauth:122: registering service...
2019-07-29 16:16:59.210  INFO [shineonserveruauth,,,] 8324 --- [main] c.s.b.r.p.RabbitExchangeQueueProvisioner : declaring queue for inbound: Matao2Message.anonymous.5g-pLNfoRyaDXj_w3iQNog, bound to: Matao2Message
2019-07-29 16:16:59.219  INFO [shineonserveruauth,,,] 8324 --- [DiscoveryClient-InstanceInfoReplicator-0] com.netflix.discovery.DiscoveryClient    : DiscoveryClient_SHINEONSERVERUAUTH/fh18829-2:shineonserveruauth:122 - registration status: 204
2019-07-29 16:16:59.237  INFO [shineonserveruauth,,,] 8324 --- [main] o.s.i.monitor.IntegrationMBeanExporter   : Registering MessageChannel Matao2Message.anonymous.5g-pLNfoRyaDXj_w3iQNog.errors
2019-07-29 16:16:59.289  INFO [shineonserveruauth,,,] 8324 --- [main] o.s.c.stream.binder.BinderErrorChannel   : Channel 'application-1.Matao2Message.anonymous.5g-pLNfoRyaDXj_w3iQNog.errors' has 1 subscriber(s).
2019-07-29 16:16:59.290  INFO [shineonserveruauth,,,] 8324 --- [main] o.s.c.stream.binder.BinderErrorChannel   : Channel 'application-1.Matao2Message.anonymous.5g-pLNfoRyaDXj_w3iQNog.errors' has 2 subscriber(s).
2019-07-29 16:16:59.310  INFO [shineonserveruauth,,,] 8324 --- [main] o.s.i.a.i.AmqpInboundChannelAdapter      : started inbound.Matao2Message.anonymous.5g-pLNfoRyaDXj_w3iQNog
2019-07-29 16:16:59.318  INFO [shineonserveruauth,,,] 8324 --- [main] c.s.b.r.p.RabbitExchangeQueueProvisioner : declaring queue for inbound: MataoMessageInput.anonymous.avWVp9XMTwSSUS_x1aF2QQ, bound to: MataoMessageInput
2019-07-29 16:16:59.331  INFO [shineonserveruauth,,,] 8324 --- [main] o.s.i.monitor.IntegrationMBeanExporter   : Registering MessageChannel MataoMessageInput.anonymous.avWVp9XMTwSSUS_x1aF2QQ.errors
2019-07-29 16:16:59.336  INFO [shineonserveruauth,,,] 8324 --- [main] o.s.c.stream.binder.BinderErrorChannel   : Channel 'application-1.MataoMessageInput.anonymous.avWVp9XMTwSSUS_x1aF2QQ.errors' has 1 subscriber(s).
2019-07-29 16:16:59.336  INFO [shineonserveruauth,,,] 8324 --- [main] o.s.c.stream.binder.BinderErrorChannel   : Channel 'application-1.MataoMessageInput.anonymous.avWVp9XMTwSSUS_x1aF2QQ.errors' has 2 subscriber(s).
2019-07-29 16:16:59.342  INFO [shineonserveruauth,,,] 8324 --- [main] o.s.i.a.i.AmqpInboundChannelAdapter      : started inbound.MataoMessageInput.anonymous.avWVp9XMTwSSUS_x1aF2QQ
2019-07-29 16:16:59.387  INFO [shineonserveruauth,,,] 8324 --- [main] o.s.b.w.embedded.tomcat.TomcatWebServer  : Tomcat started on port(s): 122 (http) with context path ''
2019-07-29 16:16:59.387  INFO [shineonserveruauth,,,] 8324 --- [main] .s.c.n.e.s.EurekaAutoServiceRegistration : Updating port to 122
2019-07-29 16:16:59.389  INFO [shineonserveruauth,,,] 8324 --- [main] com.shineon.coder.CoderApplication       : Started CoderApplication in 6.861 seconds (JVM running for 7.347)
2019-07-29 16:21:59.067  INFO [shineonserveruauth,,,] 8324 --- [AsyncResolver-bootstrap-executor-0] c.n.d.s.r.aws.ConfigClusterResolver      : Resolving eureka endpoints via configuration
2019-07-29 16:26:59.074  INFO [shineonserveruauth,,,] 8324 --- [AsyncResolver-bootstrap-executor-0] c.n.d.s.r.aws.ConfigClusterResolver      : Resolving eureka endpoints via configuration
2019-07-29 16:31:59.081  INFO [shineonserveruauth,,,] 8324 --- [AsyncResolver-bootstrap-executor-0] c.n.d.s.r.aws.ConfigClusterResolver      : Resolving eureka endpoints via configuration
2019-07-29 16:36:59.088  INFO [shineonserveruauth,,,] 8324 --- [AsyncResolver-bootstrap-executor-0] c.n.d.s.r.aws.ConfigClusterResolver      : Resolving eureka endpoints via configuration
2019-07-29 16:41:59.116  INFO [shineonserveruauth,,,] 8324 --- [AsyncResolver-bootstrap-executor-0] c.n.d.s.r.aws.ConfigClusterResolver      : Resolving eureka endpoints via configuration
2019-07-29 16:46:59.129  INFO [shineonserveruauth,,,] 8324 --- [AsyncResolver-bootstrap-executor-0] c.n.d.s.r.aws.ConfigClusterResolver      : Resolving eureka endpoints via configuration
2019-07-29 16:51:59.142  INFO [shineonserveruauth,,,] 8324 --- [AsyncResolver-bootstrap-executor-0] c.n.d.s.r.aws.ConfigClusterResolver      : Resolving eureka endpoints via configuration
2019-07-29 16:56:59.149  INFO [shineonserveruauth,,,] 8324 --- [AsyncResolver-bootstrap-executor-0] c.n.d.s.r.aws.ConfigClusterResolver      : Resolving eureka endpoints via configuration
2019-07-29 17:01:59.156  INFO [shineonserveruauth,,,] 8324 --- [AsyncResolver-bootstrap-executor-0] c.n.d.s.r.aws.ConfigClusterResolver      : Resolving eureka endpoints via configuration
2019-07-29 17:06:59.163  INFO [shineonserveruauth,,,] 8324 --- [AsyncResolver-bootstrap-executor-0] c.n.d.s.r.aws.ConfigClusterResolver      : Resolving eureka endpoints via configuration
2019-07-29 17:11:59.170  INFO [shineonserveruauth,,,] 8324 --- [AsyncResolver-bootstrap-executor-0] c.n.d.s.r.aws.ConfigClusterResolver      : Resolving eureka endpoints via configuration
2019-07-29 17:16:59.182  INFO [shineonserveruauth,,,] 8324 --- [AsyncResolver-bootstrap-executor-0] c.n.d.s.r.aws.ConfigClusterResolver      : Resolving eureka endpoints via configuration
2019-07-29 17:21:59.189  INFO [shineonserveruauth,,,] 8324 --- [AsyncResolver-bootstrap-executor-0] c.n.d.s.r.aws.ConfigClusterResolver      : Resolving eureka endpoints via configuration
2019-07-29 17:26:59.196  INFO [shineonserveruauth,,,] 8324 --- [AsyncResolver-bootstrap-executor-0] c.n.d.s.r.aws.ConfigClusterResolver      : Resolving eureka endpoints via configuration
2019-07-29 17:31:59.203  INFO [shineonserveruauth,,,] 8324 --- [AsyncResolver-bootstrap-executor-0] c.n.d.s.r.aws.ConfigClusterResolver      : Resolving eureka endpoints via configuration
2019-07-29 17:36:59.210  INFO [shineonserveruauth,,,] 8324 --- [AsyncResolver-bootstrap-executor-0] c.n.d.s.r.aws.ConfigClusterResolver      : Resolving eureka endpoints via configuration
2019-07-29 17:37:19.463  INFO [shineonserveruauth,,,] 8420 --- [main] com.shineon.coder.CoderApplication       : No active profile set, falling back to default profiles: default
2019-07-29 17:37:20.470  INFO [shineonserveruauth,,,] 8420 --- [main] .s.d.r.c.RepositoryConfigurationDelegate : Multiple Spring Data modules found, entering strict repository configuration mode!
2019-07-29 17:37:20.473  INFO [shineonserveruauth,,,] 8420 --- [main] .s.d.r.c.RepositoryConfigurationDelegate : Bootstrapping Spring Data repositories in DEFAULT mode.
2019-07-29 17:37:20.488  INFO [shineonserveruauth,,,] 8420 --- [main] .s.d.r.c.RepositoryConfigurationDelegate : Finished Spring Data repository scanning in 7ms. Found 0 repository interfaces.
2019-07-29 17:37:20.550  WARN [shineonserveruauth,,,] 8420 --- [main] o.s.boot.actuate.endpoint.EndpointId     : Endpoint ID 'service-registry' contains invalid characters, please migrate to a valid format.
2019-07-29 17:37:20.766  INFO [shineonserveruauth,,,] 8420 --- [main] o.s.cloud.context.scope.GenericScope     : BeanFactory id=fc0861ea-1945-3e6d-869e-c54f7fe1e04d
2019-07-29 17:37:20.775  INFO [shineonserveruauth,,,] 8420 --- [main] faultConfiguringBeanFactoryPostProcessor : No bean named 'errorChannel' has been explicitly defined. Therefore, a default PublishSubscribeChannel will be created.
2019-07-29 17:37:20.779  INFO [shineonserveruauth,,,] 8420 --- [main] faultConfiguringBeanFactoryPostProcessor : No bean named 'taskScheduler' has been explicitly defined. Therefore, a default ThreadPoolTaskScheduler will be created.
2019-07-29 17:37:20.782  INFO [shineonserveruauth,,,] 8420 --- [main] faultConfiguringBeanFactoryPostProcessor : No bean named 'integrationHeaderChannelRegistry' has been explicitly defined. Therefore, a default DefaultHeaderChannelRegistry will be created.
2019-07-29 17:37:21.028  INFO [shineonserveruauth,,,] 8420 --- [main] trationDelegate$BeanPostProcessorChecker : Bean 'integrationDisposableAutoCreatedBeans' of type [org.springframework.integration.config.annotation.Disposables] is not eligible for getting processed by all BeanPostProcessors (for example: not eligible for auto-proxying)
2019-07-29 17:37:21.056  INFO [shineonserveruauth,,,] 8420 --- [main] trationDelegate$BeanPostProcessorChecker : Bean 'org.springframework.integration.config.IntegrationManagementConfiguration' of type [org.springframework.integration.config.IntegrationManagementConfiguration$$EnhancerBySpringCGLIB$$d4cbc0c1] is not eligible for getting processed by all BeanPostProcessors (for example: not eligible for auto-proxying)
2019-07-29 17:37:21.067  INFO [shineonserveruauth,,,] 8420 --- [main] trationDelegate$BeanPostProcessorChecker : Bean 'org.springframework.boot.autoconfigure.integration.IntegrationAutoConfiguration$IntegrationJmxConfiguration' of type [org.springframework.boot.autoconfigure.integration.IntegrationAutoConfiguration$IntegrationJmxConfiguration$$EnhancerBySpringCGLIB$$b05dcbe1] is not eligible for getting processed by all BeanPostProcessors (for example: not eligible for auto-proxying)
2019-07-29 17:37:21.075  INFO [shineonserveruauth,,,] 8420 --- [main] trationDelegate$BeanPostProcessorChecker : Bean 'org.springframework.boot.autoconfigure.jmx.JmxAutoConfiguration' of type [org.springframework.boot.autoconfigure.jmx.JmxAutoConfiguration$$EnhancerBySpringCGLIB$$e94574ae] is not eligible for getting processed by all BeanPostProcessors (for example: not eligible for auto-proxying)
2019-07-29 17:37:21.080  INFO [shineonserveruauth,,,] 8420 --- [main] trationDelegate$BeanPostProcessorChecker : Bean 'mbeanServer' of type [com.sun.jmx.mbeanserver.JmxMBeanServer] is not eligible for getting processed by all BeanPostProcessors (for example: not eligible for auto-proxying)
2019-07-29 17:37:21.111  INFO [shineonserveruauth,,,] 8420 --- [main] trationDelegate$BeanPostProcessorChecker : Bean 'org.springframework.cloud.autoconfigure.ConfigurationPropertiesRebinderAutoConfiguration' of type [org.springframework.cloud.autoconfigure.ConfigurationPropertiesRebinderAutoConfiguration$$EnhancerBySpringCGLIB$$85f4088f] is not eligible for getting processed by all BeanPostProcessors (for example: not eligible for auto-proxying)
2019-07-29 17:37:21.451  INFO [shineonserveruauth,,,] 8420 --- [main] o.s.b.w.embedded.tomcat.TomcatWebServer  : Tomcat initialized with port(s): 122 (http)
2019-07-29 17:37:21.465  INFO [shineonserveruauth,,,] 8420 --- [main] o.apache.catalina.core.StandardService   : Starting service [Tomcat]
2019-07-29 17:37:21.466  INFO [shineonserveruauth,,,] 8420 --- [main] org.apache.catalina.core.StandardEngine  : Starting Servlet engine: [Apache Tomcat/9.0.21]
2019-07-29 17:37:21.565  INFO [shineonserveruauth,,,] 8420 --- [main] o.a.c.c.C.[Tomcat].[localhost].[/]       : Initializing Spring embedded WebApplicationContext
2019-07-29 17:37:21.565  INFO [shineonserveruauth,,,] 8420 --- [main] o.s.web.context.ContextLoader            : Root WebApplicationContext: initialization completed in 2093 ms
2019-07-29 17:37:21.693  WARN [shineonserveruauth,,,] 8420 --- [main] c.n.c.sources.URLConfigurationSource     : No URLs will be polled as dynamic configuration sources.
2019-07-29 17:37:21.693  INFO [shineonserveruauth,,,] 8420 --- [main] c.n.c.sources.URLConfigurationSource     : To enable URLs as dynamic configuration sources, define System property archaius.configurationSource.additionalUrls or make config.properties available on classpath.
2019-07-29 17:37:21.699  INFO [shineonserveruauth,,,] 8420 --- [main] c.netflix.config.DynamicPropertyFactory  : DynamicPropertyFactory is initialized with configuration sources: com.netflix.config.ConcurrentCompositeConfiguration@1595d2b2
2019-07-29 17:37:22.687  INFO [shineonserveruauth,,,] 8420 --- [main] o.s.s.c.ThreadPoolTaskScheduler          : Initializing ExecutorService 'taskScheduler'
2019-07-29 17:37:23.395  INFO [shineonserveruauth,,,] 8420 --- [main] o.s.s.concurrent.ThreadPoolTaskExecutor  : Initializing ExecutorService
2019-07-29 17:37:23.395  INFO [shineonserveruauth,,,] 8420 --- [main] o.s.s.concurrent.ThreadPoolTaskExecutor  : Initializing ExecutorService 'pool_schedule'
2019-07-29 17:37:23.480  WARN [shineonserveruauth,,,] 8420 --- [main] c.n.c.sources.URLConfigurationSource     : No URLs will be polled as dynamic configuration sources.
2019-07-29 17:37:23.480  INFO [shineonserveruauth,,,] 8420 --- [main] c.n.c.sources.URLConfigurationSource     : To enable URLs as dynamic configuration sources, define System property archaius.configurationSource.additionalUrls or make config.properties available on classpath.
2019-07-29 17:37:24.363  INFO [shineonserveruauth,,,] 8420 --- [main] o.s.b.a.e.web.EndpointLinksResolver      : Exposing 2 endpoint(s) beneath base path '/actuator'
2019-07-29 17:37:24.454  INFO [shineonserveruauth,,,] 8420 --- [main] o.s.c.s.m.DirectWithAttributesChannel    : Channel 'application-1.MataoMessageInput' has 1 subscriber(s).
2019-07-29 17:37:24.455  INFO [shineonserveruauth,,,] 8420 --- [main] o.s.c.s.m.DirectWithAttributesChannel    : Channel 'application-1.Matao2MessageInput' has 1 subscriber(s).
2019-07-29 17:37:24.540  INFO [shineonserveruauth,,,] 8420 --- [main] o.s.i.monitor.IntegrationMBeanExporter   : Registering MessageChannel MataoMessageOutput
2019-07-29 17:37:24.583  INFO [shineonserveruauth,,,] 8420 --- [main] o.s.i.monitor.IntegrationMBeanExporter   : Registering MessageChannel Matao2MessageInput
2019-07-29 17:37:24.589  INFO [shineonserveruauth,,,] 8420 --- [main] o.s.i.monitor.IntegrationMBeanExporter   : Registering MessageChannel errorChannel
2019-07-29 17:37:24.610  INFO [shineonserveruauth,,,] 8420 --- [main] o.s.i.monitor.IntegrationMBeanExporter   : Registering MessageChannel nullChannel
2019-07-29 17:37:24.619  INFO [shineonserveruauth,,,] 8420 --- [main] o.s.i.monitor.IntegrationMBeanExporter   : Registering MessageChannel Matao2MessageOutput
2019-07-29 17:37:24.624  INFO [shineonserveruauth,,,] 8420 --- [main] o.s.i.monitor.IntegrationMBeanExporter   : Registering MessageChannel MataoMessageInput
2019-07-29 17:37:24.636  INFO [shineonserveruauth,,,] 8420 --- [main] o.s.i.monitor.IntegrationMBeanExporter   : Registering MessageHandler org.springframework.cloud.stream.binding.StreamListenerMessageHandler@8e00c02
2019-07-29 17:37:24.672  INFO [shineonserveruauth,,,] 8420 --- [main] o.s.i.monitor.IntegrationMBeanExporter   : Registering MessageHandler org.springframework.cloud.stream.binding.StreamListenerMessageHandler@464d60fb
2019-07-29 17:37:24.677  INFO [shineonserveruauth,,,] 8420 --- [main] o.s.i.monitor.IntegrationMBeanExporter   : Registering MessageHandler errorLogger
2019-07-29 17:37:24.701  INFO [shineonserveruauth,,,] 8420 --- [main] o.s.i.endpoint.EventDrivenConsumer       : Adding {logging-channel-adapter:_org.springframework.integration.errorLogger} as a subscriber to the 'errorChannel' channel
2019-07-29 17:37:24.701  INFO [shineonserveruauth,,,] 8420 --- [main] o.s.i.channel.PublishSubscribeChannel    : Channel 'application-1.errorChannel' has 1 subscriber(s).
2019-07-29 17:37:24.701  INFO [shineonserveruauth,,,] 8420 --- [main] o.s.i.endpoint.EventDrivenConsumer       : started _org.springframework.integration.errorLogger
2019-07-29 17:37:24.867  INFO [shineonserveruauth,,,] 8420 --- [main] o.s.a.r.c.CachingConnectionFactory       : Attempting to connect to: [127.0.0.1:5672]
2019-07-29 17:37:24.894  INFO [shineonserveruauth,,,] 8420 --- [main] o.s.a.r.c.CachingConnectionFactory       : Created new connection: rabbitConnectionFactory#2b441e56:0/SimpleConnection@697b48e4 [delegate=amqp://matao@127.0.0.1:5672/, localPort= 53992]
2019-07-29 17:37:24.923  INFO [shineonserveruauth,,,] 8420 --- [main] o.s.c.s.m.DirectWithAttributesChannel    : Channel 'application-1.Matao2MessageOutput' has 1 subscriber(s).
2019-07-29 17:37:24.931  INFO [shineonserveruauth,,,] 8420 --- [main] o.s.c.s.m.DirectWithAttributesChannel    : Channel 'application-1.MataoMessageOutput' has 1 subscriber(s).
2019-07-29 17:37:24.942  INFO [shineonserveruauth,,,] 8420 --- [main] o.s.c.n.eureka.InstanceInfoFactory       : Setting initial instance status as: STARTING
2019-07-29 17:37:24.966  INFO [shineonserveruauth,,,] 8420 --- [main] com.netflix.discovery.DiscoveryClient    : Initializing Eureka in region us-east-1
2019-07-29 17:37:25.054  INFO [shineonserveruauth,,,] 8420 --- [main] c.n.d.provider.DiscoveryJerseyProvider   : Using JSON encoding codec LegacyJacksonJson
2019-07-29 17:37:25.054  INFO [shineonserveruauth,,,] 8420 --- [main] c.n.d.provider.DiscoveryJerseyProvider   : Using JSON decoding codec LegacyJacksonJson
2019-07-29 17:37:25.247  INFO [shineonserveruauth,,,] 8420 --- [main] c.n.d.provider.DiscoveryJerseyProvider   : Using XML encoding codec XStreamXml
2019-07-29 17:37:25.247  INFO [shineonserveruauth,,,] 8420 --- [main] c.n.d.provider.DiscoveryJerseyProvider   : Using XML decoding codec XStreamXml
2019-07-29 17:37:25.379  INFO [shineonserveruauth,,,] 8420 --- [main] c.n.d.s.r.aws.ConfigClusterResolver      : Resolving eureka endpoints via configuration
2019-07-29 17:37:25.417  INFO [shineonserveruauth,,,] 8420 --- [main] com.netflix.discovery.DiscoveryClient    : Disable delta property : false
2019-07-29 17:37:25.417  INFO [shineonserveruauth,,,] 8420 --- [main] com.netflix.discovery.DiscoveryClient    : Single vip registry refresh property : null
2019-07-29 17:37:25.417  INFO [shineonserveruauth,,,] 8420 --- [main] com.netflix.discovery.DiscoveryClient    : Force full registry fetch : false
2019-07-29 17:37:25.417  INFO [shineonserveruauth,,,] 8420 --- [main] com.netflix.discovery.DiscoveryClient    : Application is null : false
2019-07-29 17:37:25.418  INFO [shineonserveruauth,,,] 8420 --- [main] com.netflix.discovery.DiscoveryClient    : Registered Applications size is zero : true
2019-07-29 17:37:25.418  INFO [shineonserveruauth,,,] 8420 --- [main] com.netflix.discovery.DiscoveryClient    : Application version is -1: true
2019-07-29 17:37:25.418  INFO [shineonserveruauth,,,] 8420 --- [main] com.netflix.discovery.DiscoveryClient    : Getting all instance registry info from the eureka server
2019-07-29 17:37:25.516  INFO [shineonserveruauth,,,] 8420 --- [main] com.netflix.discovery.DiscoveryClient    : The response status is 200
2019-07-29 17:37:25.518  INFO [shineonserveruauth,,,] 8420 --- [main] com.netflix.discovery.DiscoveryClient    : Starting heartbeat executor: renew interval is: 30
2019-07-29 17:37:25.520  INFO [shineonserveruauth,,,] 8420 --- [main] c.n.discovery.InstanceInfoReplicator     : InstanceInfoReplicator onDemand update allowed rate per min is 4
2019-07-29 17:37:25.523  INFO [shineonserveruauth,,,] 8420 --- [main] com.netflix.discovery.DiscoveryClient    : Discovery Client initialized at timestamp 1564393045522 with initial instances count: 4
2019-07-29 17:37:25.529  INFO [shineonserveruauth,,,] 8420 --- [main] o.s.c.n.e.s.EurekaServiceRegistry        : Registering application SHINEONSERVERUAUTH with eureka with status UP
2019-07-29 17:37:25.529  INFO [shineonserveruauth,,,] 8420 --- [main] com.netflix.discovery.DiscoveryClient    : Saw local status change event StatusChangeEvent [timestamp=1564393045529, current=UP, previous=STARTING]
2019-07-29 17:37:25.530  INFO [shineonserveruauth,,,] 8420 --- [DiscoveryClient-InstanceInfoReplicator-0] com.netflix.discovery.DiscoveryClient    : DiscoveryClient_SHINEONSERVERUAUTH/fh18829-2:shineonserveruauth:122: registering service...
2019-07-29 17:37:25.549  INFO [shineonserveruauth,,,] 8420 --- [main] c.s.b.r.p.RabbitExchangeQueueProvisioner : declaring queue for inbound: Matao2Message.anonymous.L9rquuV1QCClvRxW9icptw, bound to: Matao2Message
2019-07-29 17:37:25.559  INFO [shineonserveruauth,,,] 8420 --- [DiscoveryClient-InstanceInfoReplicator-0] com.netflix.discovery.DiscoveryClient    : DiscoveryClient_SHINEONSERVERUAUTH/fh18829-2:shineonserveruauth:122 - registration status: 204
2019-07-29 17:37:25.571  INFO [shineonserveruauth,,,] 8420 --- [main] o.s.i.monitor.IntegrationMBeanExporter   : Registering MessageChannel Matao2Message.anonymous.L9rquuV1QCClvRxW9icptw.errors
2019-07-29 17:37:25.623  INFO [shineonserveruauth,,,] 8420 --- [main] o.s.c.stream.binder.BinderErrorChannel   : Channel 'application-1.Matao2Message.anonymous.L9rquuV1QCClvRxW9icptw.errors' has 1 subscriber(s).
2019-07-29 17:37:25.623  INFO [shineonserveruauth,,,] 8420 --- [main] o.s.c.stream.binder.BinderErrorChannel   : Channel 'application-1.Matao2Message.anonymous.L9rquuV1QCClvRxW9icptw.errors' has 2 subscriber(s).
2019-07-29 17:37:25.643  INFO [shineonserveruauth,,,] 8420 --- [main] o.s.i.a.i.AmqpInboundChannelAdapter      : started inbound.Matao2Message.anonymous.L9rquuV1QCClvRxW9icptw
2019-07-29 17:37:25.651  INFO [shineonserveruauth,,,] 8420 --- [main] c.s.b.r.p.RabbitExchangeQueueProvisioner : declaring queue for inbound: MataoMessageInput.anonymous.6kHum-mKSCWuLSmxo-f1hQ, bound to: MataoMessageInput
2019-07-29 17:37:25.659  INFO [shineonserveruauth,,,] 8420 --- [main] o.s.i.monitor.IntegrationMBeanExporter   : Registering MessageChannel MataoMessageInput.anonymous.6kHum-mKSCWuLSmxo-f1hQ.errors
2019-07-29 17:37:25.664  INFO [shineonserveruauth,,,] 8420 --- [main] o.s.c.stream.binder.BinderErrorChannel   : Channel 'application-1.MataoMessageInput.anonymous.6kHum-mKSCWuLSmxo-f1hQ.errors' has 1 subscriber(s).
2019-07-29 17:37:25.664  INFO [shineonserveruauth,,,] 8420 --- [main] o.s.c.stream.binder.BinderErrorChannel   : Channel 'application-1.MataoMessageInput.anonymous.6kHum-mKSCWuLSmxo-f1hQ.errors' has 2 subscriber(s).
2019-07-29 17:37:25.669  INFO [shineonserveruauth,,,] 8420 --- [main] o.s.i.a.i.AmqpInboundChannelAdapter      : started inbound.MataoMessageInput.anonymous.6kHum-mKSCWuLSmxo-f1hQ
2019-07-29 17:37:25.710  INFO [shineonserveruauth,,,] 8420 --- [main] o.s.b.w.embedded.tomcat.TomcatWebServer  : Tomcat started on port(s): 122 (http) with context path ''
2019-07-29 17:37:25.710  INFO [shineonserveruauth,,,] 8420 --- [main] .s.c.n.e.s.EurekaAutoServiceRegistration : Updating port to 122
2019-07-29 17:37:25.711  INFO [shineonserveruauth,,,] 8420 --- [main] com.shineon.coder.CoderApplication       : Started CoderApplication in 7.015 seconds (JVM running for 7.658)
2019-07-29 17:37:35.766  INFO [shineonserveruauth,,,] 8420 --- [http-nio-122-exec-1] o.a.c.c.C.[Tomcat].[localhost].[/]       : Initializing Spring DispatcherServlet 'dispatcherServlet'
2019-07-29 17:37:35.766  INFO [shineonserveruauth,,,] 8420 --- [http-nio-122-exec-1] o.s.web.servlet.DispatcherServlet        : Initializing Servlet 'dispatcherServlet'
2019-07-29 17:37:35.781  INFO [shineonserveruauth,,,] 8420 --- [http-nio-122-exec-1] o.s.web.servlet.DispatcherServlet        : Completed initialization in 15 ms
2019-07-29 17:37:36.010  INFO [shineonserveruauth,d127daad73552cac,899818bf9b7396e6,false] 8420 --- [hystrix-shineon-db-user-1] c.netflix.config.ChainedDynamicProperty  : Flipping property: shineon-db-user.ribbon.ActiveConnectionsLimit to use NEXT property: niws.loadbalancer.availabilityFilteringRule.activeConnectionsLimit = 2147483647
2019-07-29 17:37:36.030  INFO [shineonserveruauth,d127daad73552cac,899818bf9b7396e6,false] 8420 --- [hystrix-shineon-db-user-1] c.n.u.concurrent.ShutdownEnabledTimer    : Shutdown hook installed for: NFLoadBalancer-PingTimer-shineon-db-user
2019-07-29 17:37:36.030  INFO [shineonserveruauth,d127daad73552cac,899818bf9b7396e6,false] 8420 --- [hystrix-shineon-db-user-1] c.netflix.loadbalancer.BaseLoadBalancer  : Client: shineon-db-user instantiated a LoadBalancer: DynamicServerListLoadBalancer:{NFLoadBalancer:name=shineon-db-user,current list of Servers=[],Load balancer stats=Zone stats: {},Server stats: []}ServerList:null
2019-07-29 17:37:36.034  INFO [shineonserveruauth,d127daad73552cac,899818bf9b7396e6,false] 8420 --- [hystrix-shineon-db-user-1] c.n.l.DynamicServerListLoadBalancer      : Using serverListUpdater PollingServerListUpdater
2019-07-29 17:37:36.047  INFO [shineonserveruauth,d127daad73552cac,899818bf9b7396e6,false] 8420 --- [hystrix-shineon-db-user-1] c.netflix.config.ChainedDynamicProperty  : Flipping property: shineon-db-user.ribbon.ActiveConnectionsLimit to use NEXT property: niws.loadbalancer.availabilityFilteringRule.activeConnectionsLimit = 2147483647
2019-07-29 17:37:36.048  INFO [shineonserveruauth,d127daad73552cac,899818bf9b7396e6,false] 8420 --- [hystrix-shineon-db-user-1] c.n.l.DynamicServerListLoadBalancer      : DynamicServerListLoadBalancer for client shineon-db-user initialized: DynamicServerListLoadBalancer:{NFLoadBalancer:name=shineon-db-user,current list of Servers=[fh18829-2:121],Load balancer stats=Zone stats: {defaultzone=[Zone:defaultzone;	Instance count:1;	Active connections count: 0;	Circuit breaker tripped count: 0;	Active connections per server: 0.0;]
},Server stats: [[Server:fh18829-2:121;	Zone:defaultZone;	Total Requests:0;	Successive connection failure:0;	Total blackout seconds:0;	Last connection made:Thu Jan 01 08:00:00 CST 1970;	First connection made: Thu Jan 01 08:00:00 CST 1970;	Active Connections:0;	total failure count in last (1000) msecs:0;	average resp time:0.0;	90 percentile resp time:0.0;	95 percentile resp time:0.0;	min resp time:0.0;	max resp time:0.0;	stddev resp time:0.0]
]}ServerList:org.springframework.cloud.netflix.ribbon.eureka.DomainExtractingServerList@2e42c809
2019-07-29 17:37:37.037  INFO [shineonserveruauth,,,] 8420 --- [PollingServerListUpdater-0] c.netflix.config.ChainedDynamicProperty  : Flipping property: shineon-db-user.ribbon.ActiveConnectionsLimit to use NEXT property: niws.loadbalancer.availabilityFilteringRule.activeConnectionsLimit = 2147483647
2019-07-29 17:42:25.425  INFO [shineonserveruauth,,,] 8420 --- [AsyncResolver-bootstrap-executor-0] c.n.d.s.r.aws.ConfigClusterResolver      : Resolving eureka endpoints via configuration
2019-07-29 17:47:25.432  INFO [shineonserveruauth,,,] 8420 --- [AsyncResolver-bootstrap-executor-0] c.n.d.s.r.aws.ConfigClusterResolver      : Resolving eureka endpoints via configuration
2019-07-29 17:52:25.440  INFO [shineonserveruauth,,,] 8420 --- [AsyncResolver-bootstrap-executor-0] c.n.d.s.r.aws.ConfigClusterResolver      : Resolving eureka endpoints via configuration
2019-07-29 17:57:25.447  INFO [shineonserveruauth,,,] 8420 --- [AsyncResolver-bootstrap-executor-0] c.n.d.s.r.aws.ConfigClusterResolver      : Resolving eureka endpoints via configuration
2019-07-29 18:02:25.454  INFO [shineonserveruauth,,,] 8420 --- [AsyncResolver-bootstrap-executor-0] c.n.d.s.r.aws.ConfigClusterResolver      : Resolving eureka endpoints via configuration
2019-07-29 18:07:25.461  INFO [shineonserveruauth,,,] 8420 --- [AsyncResolver-bootstrap-executor-0] c.n.d.s.r.aws.ConfigClusterResolver      : Resolving eureka endpoints via configuration
2019-07-29 18:12:25.468  INFO [shineonserveruauth,,,] 8420 --- [AsyncResolver-bootstrap-executor-0] c.n.d.s.r.aws.ConfigClusterResolver      : Resolving eureka endpoints via configuration
2019-07-29 18:17:25.475  INFO [shineonserveruauth,,,] 8420 --- [AsyncResolver-bootstrap-executor-0] c.n.d.s.r.aws.ConfigClusterResolver      : Resolving eureka endpoints via configuration
