2019-10-09 16:44:07.566  INFO [shineon.api.uauth,,,] 12472 --- [main] com.shineon.coder.CoderApplication       : No active profile set, falling back to default profiles: default
2019-10-09 16:44:08.193  INFO [shineon.api.uauth,,,] 12472 --- [main] .s.d.r.c.RepositoryConfigurationDelegate : Multiple Spring Data modules found, entering strict repository configuration mode!
2019-10-09 16:44:08.195  INFO [shineon.api.uauth,,,] 12472 --- [main] .s.d.r.c.RepositoryConfigurationDelegate : Bootstrapping Spring Data repositories in DEFAULT mode.
2019-10-09 16:44:08.213  INFO [shineon.api.uauth,,,] 12472 --- [main] .s.d.r.c.RepositoryConfigurationDelegate : Finished Spring Data repository scanning in 9ms. Found 0 repository interfaces.
2019-10-09 16:44:08.291  WARN [shineon.api.uauth,,,] 12472 --- [main] o.s.boot.actuate.endpoint.EndpointId     : Endpoint ID 'service-registry' contains invalid characters, please migrate to a valid format.
2019-10-09 16:44:08.506  INFO [shineon.api.uauth,,,] 12472 --- [main] o.s.cloud.context.scope.GenericScope     : BeanFactory id=a2cdf2c0-a10f-31f4-a29a-a41025c42bd4
2019-10-09 16:44:08.516  INFO [shineon.api.uauth,,,] 12472 --- [main] faultConfiguringBeanFactoryPostProcessor : No bean named 'errorChannel' has been explicitly defined. Therefore, a default PublishSubscribeChannel will be created.
2019-10-09 16:44:08.520  INFO [shineon.api.uauth,,,] 12472 --- [main] faultConfiguringBeanFactoryPostProcessor : No bean named 'taskScheduler' has been explicitly defined. Therefore, a default ThreadPoolTaskScheduler will be created.
2019-10-09 16:44:08.523  INFO [shineon.api.uauth,,,] 12472 --- [main] faultConfiguringBeanFactoryPostProcessor : No bean named 'integrationHeaderChannelRegistry' has been explicitly defined. Therefore, a default DefaultHeaderChannelRegistry will be created.
2019-10-09 16:44:08.751  INFO [shineon.api.uauth,,,] 12472 --- [main] trationDelegate$BeanPostProcessorChecker : Bean 'integrationDisposableAutoCreatedBeans' of type [org.springframework.integration.config.annotation.Disposables] is not eligible for getting processed by all BeanPostProcessors (for example: not eligible for auto-proxying)
2019-10-09 16:44:08.781  INFO [shineon.api.uauth,,,] 12472 --- [main] trationDelegate$BeanPostProcessorChecker : Bean 'org.springframework.integration.config.IntegrationManagementConfiguration' of type [org.springframework.integration.config.IntegrationManagementConfiguration$$EnhancerBySpringCGLIB$$7f314164] is not eligible for getting processed by all BeanPostProcessors (for example: not eligible for auto-proxying)
2019-10-09 16:44:08.793  INFO [shineon.api.uauth,,,] 12472 --- [main] trationDelegate$BeanPostProcessorChecker : Bean 'org.springframework.boot.autoconfigure.integration.IntegrationAutoConfiguration$IntegrationJmxConfiguration' of type [org.springframework.boot.autoconfigure.integration.IntegrationAutoConfiguration$IntegrationJmxConfiguration$$EnhancerBySpringCGLIB$$5ac34c84] is not eligible for getting processed by all BeanPostProcessors (for example: not eligible for auto-proxying)
2019-10-09 16:44:08.801  INFO [shineon.api.uauth,,,] 12472 --- [main] trationDelegate$BeanPostProcessorChecker : Bean 'org.springframework.boot.autoconfigure.jmx.JmxAutoConfiguration' of type [org.springframework.boot.autoconfigure.jmx.JmxAutoConfiguration$$EnhancerBySpringCGLIB$$93aaf551] is not eligible for getting processed by all BeanPostProcessors (for example: not eligible for auto-proxying)
2019-10-09 16:44:08.806  INFO [shineon.api.uauth,,,] 12472 --- [main] trationDelegate$BeanPostProcessorChecker : Bean 'mbeanServer' of type [com.sun.jmx.mbeanserver.JmxMBeanServer] is not eligible for getting processed by all BeanPostProcessors (for example: not eligible for auto-proxying)
2019-10-09 16:44:08.838  INFO [shineon.api.uauth,,,] 12472 --- [main] trationDelegate$BeanPostProcessorChecker : Bean 'org.springframework.cloud.autoconfigure.ConfigurationPropertiesRebinderAutoConfiguration' of type [org.springframework.cloud.autoconfigure.ConfigurationPropertiesRebinderAutoConfiguration$$EnhancerBySpringCGLIB$$30598932] is not eligible for getting processed by all BeanPostProcessors (for example: not eligible for auto-proxying)
2019-10-09 16:44:09.197  INFO [shineon.api.uauth,,,] 12472 --- [main] o.s.b.w.embedded.tomcat.TomcatWebServer  : Tomcat initialized with port(s): 129 (http)
2019-10-09 16:44:09.211  INFO [shineon.api.uauth,,,] 12472 --- [main] o.apache.catalina.core.StandardService   : Starting service [Tomcat]
2019-10-09 16:44:09.212  INFO [shineon.api.uauth,,,] 12472 --- [main] org.apache.catalina.core.StandardEngine  : Starting Servlet engine: [Apache Tomcat/9.0.21]
2019-10-09 16:44:09.308  INFO [shineon.api.uauth,,,] 12472 --- [main] o.a.c.c.C.[Tomcat].[localhost].[/]       : Initializing Spring embedded WebApplicationContext
2019-10-09 16:44:09.308  INFO [shineon.api.uauth,,,] 12472 --- [main] o.s.web.context.ContextLoader            : Root WebApplicationContext: initialization completed in 1730 ms
2019-10-09 16:44:09.434  WARN [shineon.api.uauth,,,] 12472 --- [main] c.n.c.sources.URLConfigurationSource     : No URLs will be polled as dynamic configuration sources.
2019-10-09 16:44:09.434  INFO [shineon.api.uauth,,,] 12472 --- [main] c.n.c.sources.URLConfigurationSource     : To enable URLs as dynamic configuration sources, define System property archaius.configurationSource.additionalUrls or make config.properties available on classpath.
2019-10-09 16:44:09.440  INFO [shineon.api.uauth,,,] 12472 --- [main] c.netflix.config.DynamicPropertyFactory  : DynamicPropertyFactory is initialized with configuration sources: com.netflix.config.ConcurrentCompositeConfiguration@30508066
2019-10-09 16:44:10.632  INFO [shineon.api.uauth,,,] 12472 --- [main] o.s.s.c.ThreadPoolTaskScheduler          : Initializing ExecutorService 'taskScheduler'
2019-10-09 16:44:11.281  WARN [shineon.api.uauth,,,] 12472 --- [main] ConfigServletWebServerApplicationContext : Exception encountered during context initialization - cancelling refresh attempt: org.springframework.beans.factory.UnsatisfiedDependencyException: Error creating bean with name 'userController': Unsatisfied dependency expressed through field 'userDTO'; nested exception is org.springframework.beans.factory.UnsatisfiedDependencyException: Error creating bean with name 'userDTO': Unsatisfied dependency expressed through field 'base'; nested exception is org.springframework.beans.factory.BeanCreationException: Error creating bean with name 'com.shineon.coder.service.feign.UserBase': FactoryBean threw exception on object creation; nested exception is org.springframework.beans.factory.UnsatisfiedDependencyException: Error creating bean with name 'userBaseFallback': Unsatisfied dependency expressed through field 'itemUtils'; nested exception is org.springframework.beans.factory.NoSuchBeanDefinitionException: No qualifying bean of type 'com.shineon.coder.service.convert.CommonItemUtils' available: expected at least 1 bean which qualifies as autowire candidate. Dependency annotations: {@org.springframework.beans.factory.annotation.Autowired(required=true)}
2019-10-09 16:44:11.283  INFO [shineon.api.uauth,,,] 12472 --- [main] o.s.s.c.ThreadPoolTaskScheduler          : Shutting down ExecutorService 'taskScheduler'
2019-10-09 16:44:11.296  INFO [shineon.api.uauth,,,] 12472 --- [main] o.apache.catalina.core.StandardService   : Stopping service [Tomcat]
2019-10-09 16:44:11.310  INFO [shineon.api.uauth,,,] 12472 --- [main] ConditionEvaluationReportLoggingListener : 

Error starting ApplicationContext. To display the conditions report re-run your application with 'debug' enabled.
2019-10-09 16:44:11.533 ERROR [shineon.api.uauth,,,] 12472 --- [main] o.s.b.d.LoggingFailureAnalysisReporter   : 

***************************
APPLICATION FAILED TO START
***************************

Description:

Field itemUtils in com.shineon.coder.service.feign.UserBaseFallback required a bean of type 'com.shineon.coder.service.convert.CommonItemUtils' that could not be found.

The injection point has the following annotations:
	- @org.springframework.beans.factory.annotation.Autowired(required=true)


Action:

Consider defining a bean of type 'com.shineon.coder.service.convert.CommonItemUtils' in your configuration.

2019-10-09 16:45:47.855  INFO [shineon.api.uauth,,,] 13776 --- [main] com.shineon.coder.CoderApplication       : No active profile set, falling back to default profiles: default
2019-10-09 16:45:48.464  INFO [shineon.api.uauth,,,] 13776 --- [main] .s.d.r.c.RepositoryConfigurationDelegate : Multiple Spring Data modules found, entering strict repository configuration mode!
2019-10-09 16:45:48.466  INFO [shineon.api.uauth,,,] 13776 --- [main] .s.d.r.c.RepositoryConfigurationDelegate : Bootstrapping Spring Data repositories in DEFAULT mode.
2019-10-09 16:45:48.483  INFO [shineon.api.uauth,,,] 13776 --- [main] .s.d.r.c.RepositoryConfigurationDelegate : Finished Spring Data repository scanning in 9ms. Found 0 repository interfaces.
2019-10-09 16:45:48.556  WARN [shineon.api.uauth,,,] 13776 --- [main] o.s.boot.actuate.endpoint.EndpointId     : Endpoint ID 'service-registry' contains invalid characters, please migrate to a valid format.
2019-10-09 16:45:48.770  INFO [shineon.api.uauth,,,] 13776 --- [main] o.s.cloud.context.scope.GenericScope     : BeanFactory id=f931a179-791f-34c9-9260-576cbff415df
2019-10-09 16:45:48.780  INFO [shineon.api.uauth,,,] 13776 --- [main] faultConfiguringBeanFactoryPostProcessor : No bean named 'errorChannel' has been explicitly defined. Therefore, a default PublishSubscribeChannel will be created.
2019-10-09 16:45:48.784  INFO [shineon.api.uauth,,,] 13776 --- [main] faultConfiguringBeanFactoryPostProcessor : No bean named 'taskScheduler' has been explicitly defined. Therefore, a default ThreadPoolTaskScheduler will be created.
2019-10-09 16:45:48.788  INFO [shineon.api.uauth,,,] 13776 --- [main] faultConfiguringBeanFactoryPostProcessor : No bean named 'integrationHeaderChannelRegistry' has been explicitly defined. Therefore, a default DefaultHeaderChannelRegistry will be created.
2019-10-09 16:45:49.017  INFO [shineon.api.uauth,,,] 13776 --- [main] trationDelegate$BeanPostProcessorChecker : Bean 'integrationDisposableAutoCreatedBeans' of type [org.springframework.integration.config.annotation.Disposables] is not eligible for getting processed by all BeanPostProcessors (for example: not eligible for auto-proxying)
2019-10-09 16:45:49.048  INFO [shineon.api.uauth,,,] 13776 --- [main] trationDelegate$BeanPostProcessorChecker : Bean 'org.springframework.integration.config.IntegrationManagementConfiguration' of type [org.springframework.integration.config.IntegrationManagementConfiguration$$EnhancerBySpringCGLIB$$4a2e5ad0] is not eligible for getting processed by all BeanPostProcessors (for example: not eligible for auto-proxying)
2019-10-09 16:45:49.061  INFO [shineon.api.uauth,,,] 13776 --- [main] trationDelegate$BeanPostProcessorChecker : Bean 'org.springframework.boot.autoconfigure.integration.IntegrationAutoConfiguration$IntegrationJmxConfiguration' of type [org.springframework.boot.autoconfigure.integration.IntegrationAutoConfiguration$IntegrationJmxConfiguration$$EnhancerBySpringCGLIB$$25c065f0] is not eligible for getting processed by all BeanPostProcessors (for example: not eligible for auto-proxying)
2019-10-09 16:45:49.068  INFO [shineon.api.uauth,,,] 13776 --- [main] trationDelegate$BeanPostProcessorChecker : Bean 'org.springframework.boot.autoconfigure.jmx.JmxAutoConfiguration' of type [org.springframework.boot.autoconfigure.jmx.JmxAutoConfiguration$$EnhancerBySpringCGLIB$$5ea80ebd] is not eligible for getting processed by all BeanPostProcessors (for example: not eligible for auto-proxying)
2019-10-09 16:45:49.073  INFO [shineon.api.uauth,,,] 13776 --- [main] trationDelegate$BeanPostProcessorChecker : Bean 'mbeanServer' of type [com.sun.jmx.mbeanserver.JmxMBeanServer] is not eligible for getting processed by all BeanPostProcessors (for example: not eligible for auto-proxying)
2019-10-09 16:45:49.106  INFO [shineon.api.uauth,,,] 13776 --- [main] trationDelegate$BeanPostProcessorChecker : Bean 'org.springframework.cloud.autoconfigure.ConfigurationPropertiesRebinderAutoConfiguration' of type [org.springframework.cloud.autoconfigure.ConfigurationPropertiesRebinderAutoConfiguration$$EnhancerBySpringCGLIB$$fb56a29e] is not eligible for getting processed by all BeanPostProcessors (for example: not eligible for auto-proxying)
2019-10-09 16:45:49.466  INFO [shineon.api.uauth,,,] 13776 --- [main] o.s.b.w.embedded.tomcat.TomcatWebServer  : Tomcat initialized with port(s): 129 (http)
2019-10-09 16:45:49.481  INFO [shineon.api.uauth,,,] 13776 --- [main] o.apache.catalina.core.StandardService   : Starting service [Tomcat]
2019-10-09 16:45:49.481  INFO [shineon.api.uauth,,,] 13776 --- [main] org.apache.catalina.core.StandardEngine  : Starting Servlet engine: [Apache Tomcat/9.0.21]
2019-10-09 16:45:49.582  INFO [shineon.api.uauth,,,] 13776 --- [main] o.a.c.c.C.[Tomcat].[localhost].[/]       : Initializing Spring embedded WebApplicationContext
2019-10-09 16:45:49.582  INFO [shineon.api.uauth,,,] 13776 --- [main] o.s.web.context.ContextLoader            : Root WebApplicationContext: initialization completed in 1717 ms
2019-10-09 16:45:49.706  WARN [shineon.api.uauth,,,] 13776 --- [main] c.n.c.sources.URLConfigurationSource     : No URLs will be polled as dynamic configuration sources.
2019-10-09 16:45:49.707  INFO [shineon.api.uauth,,,] 13776 --- [main] c.n.c.sources.URLConfigurationSource     : To enable URLs as dynamic configuration sources, define System property archaius.configurationSource.additionalUrls or make config.properties available on classpath.
2019-10-09 16:45:49.712  INFO [shineon.api.uauth,,,] 13776 --- [main] c.netflix.config.DynamicPropertyFactory  : DynamicPropertyFactory is initialized with configuration sources: com.netflix.config.ConcurrentCompositeConfiguration@1be52861
2019-10-09 16:45:50.833  INFO [shineon.api.uauth,,,] 13776 --- [main] o.s.s.c.ThreadPoolTaskScheduler          : Initializing ExecutorService 'taskScheduler'
2019-10-09 16:45:51.560  INFO [shineon.api.uauth,,,] 13776 --- [main] o.s.s.concurrent.ThreadPoolTaskExecutor  : Initializing ExecutorService
2019-10-09 16:45:51.561  INFO [shineon.api.uauth,,,] 13776 --- [main] o.s.s.concurrent.ThreadPoolTaskExecutor  : Initializing ExecutorService 'pool_schedule'
2019-10-09 16:45:51.635  WARN [shineon.api.uauth,,,] 13776 --- [main] c.n.c.sources.URLConfigurationSource     : No URLs will be polled as dynamic configuration sources.
2019-10-09 16:45:51.635  INFO [shineon.api.uauth,,,] 13776 --- [main] c.n.c.sources.URLConfigurationSource     : To enable URLs as dynamic configuration sources, define System property archaius.configurationSource.additionalUrls or make config.properties available on classpath.
2019-10-09 16:45:52.188  INFO [shineon.api.uauth,,,] 13776 --- [main] io.lettuce.core.EpollProvider            : Starting without optional epoll library
2019-10-09 16:45:52.189  INFO [shineon.api.uauth,,,] 13776 --- [main] io.lettuce.core.KqueueProvider           : Starting without optional kqueue library
2019-10-09 16:45:52.782  INFO [shineon.api.uauth,,,] 13776 --- [main] o.s.b.a.e.web.EndpointLinksResolver      : Exposing 2 endpoint(s) beneath base path '/actuator'
2019-10-09 16:45:52.874  INFO [shineon.api.uauth,,,] 13776 --- [main] o.s.c.s.m.DirectWithAttributesChannel    : Channel 'application-1.Matao1MessageInput' has 1 subscriber(s).
2019-10-09 16:45:52.961  INFO [shineon.api.uauth,,,] 13776 --- [main] o.s.i.monitor.IntegrationMBeanExporter   : Registering MessageChannel Matao1MessageOutput
2019-10-09 16:45:53.002  INFO [shineon.api.uauth,,,] 13776 --- [main] o.s.i.monitor.IntegrationMBeanExporter   : Registering MessageChannel Matao1MessageInput
2019-10-09 16:45:53.008  INFO [shineon.api.uauth,,,] 13776 --- [main] o.s.i.monitor.IntegrationMBeanExporter   : Registering MessageChannel nullChannel
2019-10-09 16:45:53.017  INFO [shineon.api.uauth,,,] 13776 --- [main] o.s.i.monitor.IntegrationMBeanExporter   : Registering MessageChannel errorChannel
2019-10-09 16:45:53.043  INFO [shineon.api.uauth,,,] 13776 --- [main] o.s.i.monitor.IntegrationMBeanExporter   : Registering MessageHandler org.springframework.cloud.stream.binding.StreamListenerMessageHandler@6b756a62
2019-10-09 16:45:53.082  INFO [shineon.api.uauth,,,] 13776 --- [main] o.s.i.monitor.IntegrationMBeanExporter   : Registering MessageHandler errorLogger
2019-10-09 16:45:53.110  INFO [shineon.api.uauth,,,] 13776 --- [main] o.s.i.endpoint.EventDrivenConsumer       : Adding {logging-channel-adapter:_org.springframework.integration.errorLogger} as a subscriber to the 'errorChannel' channel
2019-10-09 16:45:53.111  INFO [shineon.api.uauth,,,] 13776 --- [main] o.s.i.channel.PublishSubscribeChannel    : Channel 'application-1.errorChannel' has 1 subscriber(s).
2019-10-09 16:45:53.111  INFO [shineon.api.uauth,,,] 13776 --- [main] o.s.i.endpoint.EventDrivenConsumer       : started _org.springframework.integration.errorLogger
2019-10-09 16:45:53.457  INFO [shineon.api.uauth,,,] 13776 --- [main] o.s.a.r.c.CachingConnectionFactory       : Attempting to connect to: [127.0.0.1:5672]
2019-10-09 16:45:53.480  INFO [shineon.api.uauth,,,] 13776 --- [main] o.s.a.r.c.CachingConnectionFactory       : Created new connection: rabbitConnectionFactory#844e66d:0/SimpleConnection@29c76d75 [delegate=amqp://matao@127.0.0.1:5672/, localPort= 62872]
2019-10-09 16:45:53.620  INFO [shineon.api.uauth,,,] 13776 --- [main] o.s.c.s.m.DirectWithAttributesChannel    : Channel 'application-1.Matao1MessageOutput' has 1 subscriber(s).
2019-10-09 16:45:53.632  INFO [shineon.api.uauth,,,] 13776 --- [main] o.s.c.n.eureka.InstanceInfoFactory       : Setting initial instance status as: STARTING
2019-10-09 16:45:53.655  INFO [shineon.api.uauth,,,] 13776 --- [main] com.netflix.discovery.DiscoveryClient    : Initializing Eureka in region us-east-1
2019-10-09 16:45:53.742  INFO [shineon.api.uauth,,,] 13776 --- [main] c.n.d.provider.DiscoveryJerseyProvider   : Using JSON encoding codec LegacyJacksonJson
2019-10-09 16:45:53.742  INFO [shineon.api.uauth,,,] 13776 --- [main] c.n.d.provider.DiscoveryJerseyProvider   : Using JSON decoding codec LegacyJacksonJson
2019-10-09 16:45:53.801  INFO [shineon.api.uauth,,,] 13776 --- [main] c.n.d.provider.DiscoveryJerseyProvider   : Using XML encoding codec XStreamXml
2019-10-09 16:45:53.801  INFO [shineon.api.uauth,,,] 13776 --- [main] c.n.d.provider.DiscoveryJerseyProvider   : Using XML decoding codec XStreamXml
2019-10-09 16:45:53.930  INFO [shineon.api.uauth,,,] 13776 --- [main] c.n.d.s.r.aws.ConfigClusterResolver      : Resolving eureka endpoints via configuration
2019-10-09 16:45:53.969  INFO [shineon.api.uauth,,,] 13776 --- [main] com.netflix.discovery.DiscoveryClient    : Disable delta property : false
2019-10-09 16:45:53.969  INFO [shineon.api.uauth,,,] 13776 --- [main] com.netflix.discovery.DiscoveryClient    : Single vip registry refresh property : null
2019-10-09 16:45:53.969  INFO [shineon.api.uauth,,,] 13776 --- [main] com.netflix.discovery.DiscoveryClient    : Force full registry fetch : false
2019-10-09 16:45:53.969  INFO [shineon.api.uauth,,,] 13776 --- [main] com.netflix.discovery.DiscoveryClient    : Application is null : false
2019-10-09 16:45:53.969  INFO [shineon.api.uauth,,,] 13776 --- [main] com.netflix.discovery.DiscoveryClient    : Registered Applications size is zero : true
2019-10-09 16:45:53.969  INFO [shineon.api.uauth,,,] 13776 --- [main] com.netflix.discovery.DiscoveryClient    : Application version is -1: true
2019-10-09 16:45:53.970  INFO [shineon.api.uauth,,,] 13776 --- [main] com.netflix.discovery.DiscoveryClient    : Getting all instance registry info from the eureka server
2019-10-09 16:45:54.062  INFO [shineon.api.uauth,,,] 13776 --- [main] com.netflix.discovery.DiscoveryClient    : The response status is 200
2019-10-09 16:45:54.064  INFO [shineon.api.uauth,,,] 13776 --- [main] com.netflix.discovery.DiscoveryClient    : Starting heartbeat executor: renew interval is: 30
2019-10-09 16:45:54.065  INFO [shineon.api.uauth,,,] 13776 --- [main] c.n.discovery.InstanceInfoReplicator     : InstanceInfoReplicator onDemand update allowed rate per min is 4
2019-10-09 16:45:54.067  INFO [shineon.api.uauth,,,] 13776 --- [main] com.netflix.discovery.DiscoveryClient    : Discovery Client initialized at timestamp 1570610754067 with initial instances count: 3
2019-10-09 16:45:54.073  INFO [shineon.api.uauth,,,] 13776 --- [main] o.s.c.n.e.s.EurekaServiceRegistry        : Registering application SHINEON.API.UAUTH with eureka with status UP
2019-10-09 16:45:54.073  INFO [shineon.api.uauth,,,] 13776 --- [main] com.netflix.discovery.DiscoveryClient    : Saw local status change event StatusChangeEvent [timestamp=1570610754073, current=UP, previous=STARTING]
2019-10-09 16:45:54.074  INFO [shineon.api.uauth,,,] 13776 --- [DiscoveryClient-InstanceInfoReplicator-0] com.netflix.discovery.DiscoveryClient    : DiscoveryClient_SHINEON.API.UAUTH/fh18829-2:shineon.api.uauth:129: registering service...
2019-10-09 16:45:54.090  INFO [shineon.api.uauth,,,] 13776 --- [main] c.s.b.r.p.RabbitExchangeQueueProvisioner : declaring queue for inbound: Matao1MessageInput.anonymous.duqx3wMbSV-0d9GS-HY8xw, bound to: Matao1MessageInput
2019-10-09 16:45:54.095  INFO [shineon.api.uauth,,,] 13776 --- [DiscoveryClient-InstanceInfoReplicator-0] com.netflix.discovery.DiscoveryClient    : DiscoveryClient_SHINEON.API.UAUTH/fh18829-2:shineon.api.uauth:129 - registration status: 204
2019-10-09 16:45:54.139  INFO [shineon.api.uauth,,,] 13776 --- [main] o.s.i.monitor.IntegrationMBeanExporter   : Registering MessageChannel Matao1MessageInput.anonymous.duqx3wMbSV-0d9GS-HY8xw.errors
2019-10-09 16:45:54.192  INFO [shineon.api.uauth,,,] 13776 --- [main] o.s.c.stream.binder.BinderErrorChannel   : Channel 'application-1.Matao1MessageInput.anonymous.duqx3wMbSV-0d9GS-HY8xw.errors' has 1 subscriber(s).
2019-10-09 16:45:54.192  INFO [shineon.api.uauth,,,] 13776 --- [main] o.s.c.stream.binder.BinderErrorChannel   : Channel 'application-1.Matao1MessageInput.anonymous.duqx3wMbSV-0d9GS-HY8xw.errors' has 2 subscriber(s).
2019-10-09 16:45:54.221  INFO [shineon.api.uauth,,,] 13776 --- [main] o.s.i.a.i.AmqpInboundChannelAdapter      : started inbound.Matao1MessageInput.anonymous.duqx3wMbSV-0d9GS-HY8xw
2019-10-09 16:45:54.809  INFO [shineon.api.uauth,,,] 13776 --- [main] o.s.b.w.embedded.tomcat.TomcatWebServer  : Tomcat started on port(s): 129 (http) with context path ''
2019-10-09 16:45:54.809  INFO [shineon.api.uauth,,,] 13776 --- [main] .s.c.n.e.s.EurekaAutoServiceRegistration : Updating port to 129
2019-10-09 16:45:54.810  INFO [shineon.api.uauth,,,] 13776 --- [main] com.shineon.coder.CoderApplication       : Started CoderApplication in 7.765 seconds (JVM running for 8.644)
2019-10-09 16:46:15.976  INFO [shineon.api.uauth,,,] 13776 --- [http-nio-129-exec-1] o.a.c.c.C.[Tomcat].[localhost].[/]       : Initializing Spring DispatcherServlet 'dispatcherServlet'
2019-10-09 16:46:15.976  INFO [shineon.api.uauth,,,] 13776 --- [http-nio-129-exec-1] o.s.web.servlet.DispatcherServlet        : Initializing Servlet 'dispatcherServlet'
2019-10-09 16:46:15.989  INFO [shineon.api.uauth,,,] 13776 --- [http-nio-129-exec-1] o.s.web.servlet.DispatcherServlet        : Completed initialization in 13 ms
2019-10-09 16:46:16.024  INFO [shineon.api.uauth,998257e5d2647275,e1ed6057fed5d844,false] 13776 --- [http-nio-129-exec-1] o.s.a.r.c.CachingConnectionFactory       : Attempting to connect to: [127.0.0.1:5672]
2019-10-09 16:46:16.029  INFO [shineon.api.uauth,998257e5d2647275,e1ed6057fed5d844,false] 13776 --- [http-nio-129-exec-1] o.s.a.r.c.CachingConnectionFactory       : Created new connection: rabbitConnectionFactory.publisher#592fbee4:0/SimpleConnection@1ca5d0e9 [delegate=amqp://matao@127.0.0.1:5672/, localPort= 62992]
2019-10-09 16:46:16.035  INFO [shineon.api.uauth,998257e5d2647275,e1ed6057fed5d844,false] 13776 --- [http-nio-129-exec-1] o.s.amqp.rabbit.core.RabbitAdmin         : Auto-declaring a non-durable, auto-delete, or exclusive Queue (Matao1MessageInput.anonymous.duqx3wMbSV-0d9GS-HY8xw) durable:false, auto-delete:true, exclusive:true. It will be redeclared if the broker stops and is restarted while the connection factory is alive, but all messages will be lost.
2019-10-09 16:50:30.014  INFO [shineon.api.uauth,,,] 8408 --- [main] com.shineon.coder.CoderApplication       : No active profile set, falling back to default profiles: default
2019-10-09 16:50:30.636  INFO [shineon.api.uauth,,,] 8408 --- [main] .s.d.r.c.RepositoryConfigurationDelegate : Multiple Spring Data modules found, entering strict repository configuration mode!
2019-10-09 16:50:30.637  INFO [shineon.api.uauth,,,] 8408 --- [main] .s.d.r.c.RepositoryConfigurationDelegate : Bootstrapping Spring Data repositories in DEFAULT mode.
2019-10-09 16:50:30.655  INFO [shineon.api.uauth,,,] 8408 --- [main] .s.d.r.c.RepositoryConfigurationDelegate : Finished Spring Data repository scanning in 9ms. Found 0 repository interfaces.
2019-10-09 16:50:30.719  WARN [shineon.api.uauth,,,] 8408 --- [main] o.s.boot.actuate.endpoint.EndpointId     : Endpoint ID 'service-registry' contains invalid characters, please migrate to a valid format.
2019-10-09 16:50:30.946  INFO [shineon.api.uauth,,,] 8408 --- [main] o.s.cloud.context.scope.GenericScope     : BeanFactory id=f931a179-791f-34c9-9260-576cbff415df
2019-10-09 16:50:30.956  INFO [shineon.api.uauth,,,] 8408 --- [main] faultConfiguringBeanFactoryPostProcessor : No bean named 'errorChannel' has been explicitly defined. Therefore, a default PublishSubscribeChannel will be created.
2019-10-09 16:50:30.960  INFO [shineon.api.uauth,,,] 8408 --- [main] faultConfiguringBeanFactoryPostProcessor : No bean named 'taskScheduler' has been explicitly defined. Therefore, a default ThreadPoolTaskScheduler will be created.
2019-10-09 16:50:30.964  INFO [shineon.api.uauth,,,] 8408 --- [main] faultConfiguringBeanFactoryPostProcessor : No bean named 'integrationHeaderChannelRegistry' has been explicitly defined. Therefore, a default DefaultHeaderChannelRegistry will be created.
2019-10-09 16:50:31.196  INFO [shineon.api.uauth,,,] 8408 --- [main] trationDelegate$BeanPostProcessorChecker : Bean 'integrationDisposableAutoCreatedBeans' of type [org.springframework.integration.config.annotation.Disposables] is not eligible for getting processed by all BeanPostProcessors (for example: not eligible for auto-proxying)
2019-10-09 16:50:31.226  INFO [shineon.api.uauth,,,] 8408 --- [main] trationDelegate$BeanPostProcessorChecker : Bean 'org.springframework.integration.config.IntegrationManagementConfiguration' of type [org.springframework.integration.config.IntegrationManagementConfiguration$$EnhancerBySpringCGLIB$$e9ba3f1b] is not eligible for getting processed by all BeanPostProcessors (for example: not eligible for auto-proxying)
2019-10-09 16:50:31.239  INFO [shineon.api.uauth,,,] 8408 --- [main] trationDelegate$BeanPostProcessorChecker : Bean 'org.springframework.boot.autoconfigure.integration.IntegrationAutoConfiguration$IntegrationJmxConfiguration' of type [org.springframework.boot.autoconfigure.integration.IntegrationAutoConfiguration$IntegrationJmxConfiguration$$EnhancerBySpringCGLIB$$c54c4a3b] is not eligible for getting processed by all BeanPostProcessors (for example: not eligible for auto-proxying)
2019-10-09 16:50:31.248  INFO [shineon.api.uauth,,,] 8408 --- [main] trationDelegate$BeanPostProcessorChecker : Bean 'org.springframework.boot.autoconfigure.jmx.JmxAutoConfiguration' of type [org.springframework.boot.autoconfigure.jmx.JmxAutoConfiguration$$EnhancerBySpringCGLIB$$fe33f308] is not eligible for getting processed by all BeanPostProcessors (for example: not eligible for auto-proxying)
2019-10-09 16:50:31.253  INFO [shineon.api.uauth,,,] 8408 --- [main] trationDelegate$BeanPostProcessorChecker : Bean 'mbeanServer' of type [com.sun.jmx.mbeanserver.JmxMBeanServer] is not eligible for getting processed by all BeanPostProcessors (for example: not eligible for auto-proxying)
2019-10-09 16:50:31.287  INFO [shineon.api.uauth,,,] 8408 --- [main] trationDelegate$BeanPostProcessorChecker : Bean 'org.springframework.cloud.autoconfigure.ConfigurationPropertiesRebinderAutoConfiguration' of type [org.springframework.cloud.autoconfigure.ConfigurationPropertiesRebinderAutoConfiguration$$EnhancerBySpringCGLIB$$9ae286e9] is not eligible for getting processed by all BeanPostProcessors (for example: not eligible for auto-proxying)
2019-10-09 16:50:31.657  INFO [shineon.api.uauth,,,] 8408 --- [main] o.s.b.w.embedded.tomcat.TomcatWebServer  : Tomcat initialized with port(s): 129 (http)
2019-10-09 16:50:31.670  INFO [shineon.api.uauth,,,] 8408 --- [main] o.apache.catalina.core.StandardService   : Starting service [Tomcat]
2019-10-09 16:50:31.671  INFO [shineon.api.uauth,,,] 8408 --- [main] org.apache.catalina.core.StandardEngine  : Starting Servlet engine: [Apache Tomcat/9.0.21]
2019-10-09 16:50:31.762  INFO [shineon.api.uauth,,,] 8408 --- [main] o.a.c.c.C.[Tomcat].[localhost].[/]       : Initializing Spring embedded WebApplicationContext
2019-10-09 16:50:31.762  INFO [shineon.api.uauth,,,] 8408 --- [main] o.s.web.context.ContextLoader            : Root WebApplicationContext: initialization completed in 1738 ms
2019-10-09 16:50:31.905  WARN [shineon.api.uauth,,,] 8408 --- [main] c.n.c.sources.URLConfigurationSource     : No URLs will be polled as dynamic configuration sources.
2019-10-09 16:50:31.905  INFO [shineon.api.uauth,,,] 8408 --- [main] c.n.c.sources.URLConfigurationSource     : To enable URLs as dynamic configuration sources, define System property archaius.configurationSource.additionalUrls or make config.properties available on classpath.
2019-10-09 16:50:31.911  INFO [shineon.api.uauth,,,] 8408 --- [main] c.netflix.config.DynamicPropertyFactory  : DynamicPropertyFactory is initialized with configuration sources: com.netflix.config.ConcurrentCompositeConfiguration@42d9e8d2
2019-10-09 16:50:33.131  INFO [shineon.api.uauth,,,] 8408 --- [main] o.s.s.c.ThreadPoolTaskScheduler          : Initializing ExecutorService 'taskScheduler'
2019-10-09 16:50:33.867  INFO [shineon.api.uauth,,,] 8408 --- [main] o.s.s.concurrent.ThreadPoolTaskExecutor  : Initializing ExecutorService
2019-10-09 16:50:33.867  INFO [shineon.api.uauth,,,] 8408 --- [main] o.s.s.concurrent.ThreadPoolTaskExecutor  : Initializing ExecutorService 'pool_schedule'
2019-10-09 16:50:33.945  WARN [shineon.api.uauth,,,] 8408 --- [main] c.n.c.sources.URLConfigurationSource     : No URLs will be polled as dynamic configuration sources.
2019-10-09 16:50:33.946  INFO [shineon.api.uauth,,,] 8408 --- [main] c.n.c.sources.URLConfigurationSource     : To enable URLs as dynamic configuration sources, define System property archaius.configurationSource.additionalUrls or make config.properties available on classpath.
2019-10-09 16:50:34.516  INFO [shineon.api.uauth,,,] 8408 --- [main] io.lettuce.core.EpollProvider            : Starting without optional epoll library
2019-10-09 16:50:34.517  INFO [shineon.api.uauth,,,] 8408 --- [main] io.lettuce.core.KqueueProvider           : Starting without optional kqueue library
2019-10-09 16:50:35.143  INFO [shineon.api.uauth,,,] 8408 --- [main] o.s.b.a.e.web.EndpointLinksResolver      : Exposing 2 endpoint(s) beneath base path '/actuator'
2019-10-09 16:50:35.258  INFO [shineon.api.uauth,,,] 8408 --- [main] o.s.c.s.m.DirectWithAttributesChannel    : Channel 'application-1.Matao1MessageInput' has 1 subscriber(s).
2019-10-09 16:50:35.361  INFO [shineon.api.uauth,,,] 8408 --- [main] o.s.i.monitor.IntegrationMBeanExporter   : Registering MessageChannel errorChannel
2019-10-09 16:50:35.405  INFO [shineon.api.uauth,,,] 8408 --- [main] o.s.i.monitor.IntegrationMBeanExporter   : Registering MessageChannel Matao1MessageOutput
2019-10-09 16:50:35.427  INFO [shineon.api.uauth,,,] 8408 --- [main] o.s.i.monitor.IntegrationMBeanExporter   : Registering MessageChannel nullChannel
2019-10-09 16:50:35.436  INFO [shineon.api.uauth,,,] 8408 --- [main] o.s.i.monitor.IntegrationMBeanExporter   : Registering MessageChannel Matao1MessageInput
2019-10-09 16:50:35.446  INFO [shineon.api.uauth,,,] 8408 --- [main] o.s.i.monitor.IntegrationMBeanExporter   : Registering MessageHandler errorLogger
2019-10-09 16:50:35.459  INFO [shineon.api.uauth,,,] 8408 --- [main] o.s.i.monitor.IntegrationMBeanExporter   : Registering MessageHandler org.springframework.cloud.stream.binding.StreamListenerMessageHandler@322eb1a
2019-10-09 16:50:35.670  INFO [shineon.api.uauth,,,] 8408 --- [main] o.s.i.endpoint.EventDrivenConsumer       : Adding {logging-channel-adapter:_org.springframework.integration.errorLogger} as a subscriber to the 'errorChannel' channel
2019-10-09 16:50:35.671  INFO [shineon.api.uauth,,,] 8408 --- [main] o.s.i.channel.PublishSubscribeChannel    : Channel 'application-1.errorChannel' has 1 subscriber(s).
2019-10-09 16:50:35.671  INFO [shineon.api.uauth,,,] 8408 --- [main] o.s.i.endpoint.EventDrivenConsumer       : started _org.springframework.integration.errorLogger
2019-10-09 16:50:35.906  INFO [shineon.api.uauth,,,] 8408 --- [main] o.s.a.r.c.CachingConnectionFactory       : Attempting to connect to: [127.0.0.1:5672]
2019-10-09 16:50:35.928  INFO [shineon.api.uauth,,,] 8408 --- [main] o.s.a.r.c.CachingConnectionFactory       : Created new connection: rabbitConnectionFactory#3e8b8f0:0/SimpleConnection@37f7ce20 [delegate=amqp://matao@127.0.0.1:5672/, localPort= 64081]
2019-10-09 16:50:35.969  INFO [shineon.api.uauth,,,] 8408 --- [main] o.s.c.s.m.DirectWithAttributesChannel    : Channel 'application-1.Matao1MessageOutput' has 1 subscriber(s).
2019-10-09 16:50:35.980  INFO [shineon.api.uauth,,,] 8408 --- [main] o.s.c.n.eureka.InstanceInfoFactory       : Setting initial instance status as: STARTING
2019-10-09 16:50:36.004  INFO [shineon.api.uauth,,,] 8408 --- [main] com.netflix.discovery.DiscoveryClient    : Initializing Eureka in region us-east-1
2019-10-09 16:50:36.088  INFO [shineon.api.uauth,,,] 8408 --- [main] c.n.d.provider.DiscoveryJerseyProvider   : Using JSON encoding codec LegacyJacksonJson
2019-10-09 16:50:36.088  INFO [shineon.api.uauth,,,] 8408 --- [main] c.n.d.provider.DiscoveryJerseyProvider   : Using JSON decoding codec LegacyJacksonJson
2019-10-09 16:50:36.151  INFO [shineon.api.uauth,,,] 8408 --- [main] c.n.d.provider.DiscoveryJerseyProvider   : Using XML encoding codec XStreamXml
2019-10-09 16:50:36.152  INFO [shineon.api.uauth,,,] 8408 --- [main] c.n.d.provider.DiscoveryJerseyProvider   : Using XML decoding codec XStreamXml
2019-10-09 16:50:36.287  INFO [shineon.api.uauth,,,] 8408 --- [main] c.n.d.s.r.aws.ConfigClusterResolver      : Resolving eureka endpoints via configuration
2019-10-09 16:50:36.328  INFO [shineon.api.uauth,,,] 8408 --- [main] com.netflix.discovery.DiscoveryClient    : Disable delta property : false
2019-10-09 16:50:36.328  INFO [shineon.api.uauth,,,] 8408 --- [main] com.netflix.discovery.DiscoveryClient    : Single vip registry refresh property : null
2019-10-09 16:50:36.328  INFO [shineon.api.uauth,,,] 8408 --- [main] com.netflix.discovery.DiscoveryClient    : Force full registry fetch : false
2019-10-09 16:50:36.328  INFO [shineon.api.uauth,,,] 8408 --- [main] com.netflix.discovery.DiscoveryClient    : Application is null : false
2019-10-09 16:50:36.328  INFO [shineon.api.uauth,,,] 8408 --- [main] com.netflix.discovery.DiscoveryClient    : Registered Applications size is zero : true
2019-10-09 16:50:36.329  INFO [shineon.api.uauth,,,] 8408 --- [main] com.netflix.discovery.DiscoveryClient    : Application version is -1: true
2019-10-09 16:50:36.329  INFO [shineon.api.uauth,,,] 8408 --- [main] com.netflix.discovery.DiscoveryClient    : Getting all instance registry info from the eureka server
2019-10-09 16:50:36.422  INFO [shineon.api.uauth,,,] 8408 --- [main] com.netflix.discovery.DiscoveryClient    : The response status is 200
2019-10-09 16:50:36.424  INFO [shineon.api.uauth,,,] 8408 --- [main] com.netflix.discovery.DiscoveryClient    : Starting heartbeat executor: renew interval is: 30
2019-10-09 16:50:36.425  INFO [shineon.api.uauth,,,] 8408 --- [main] c.n.discovery.InstanceInfoReplicator     : InstanceInfoReplicator onDemand update allowed rate per min is 4
2019-10-09 16:50:36.427  INFO [shineon.api.uauth,,,] 8408 --- [main] com.netflix.discovery.DiscoveryClient    : Discovery Client initialized at timestamp 1570611036427 with initial instances count: 4
2019-10-09 16:50:36.432  INFO [shineon.api.uauth,,,] 8408 --- [main] o.s.c.n.e.s.EurekaServiceRegistry        : Registering application SHINEON.API.UAUTH with eureka with status UP
2019-10-09 16:50:36.432  INFO [shineon.api.uauth,,,] 8408 --- [main] com.netflix.discovery.DiscoveryClient    : Saw local status change event StatusChangeEvent [timestamp=1570611036432, current=UP, previous=STARTING]
2019-10-09 16:50:36.434  INFO [shineon.api.uauth,,,] 8408 --- [DiscoveryClient-InstanceInfoReplicator-0] com.netflix.discovery.DiscoveryClient    : DiscoveryClient_SHINEON.API.UAUTH/fh18829-2:shineon.api.uauth:129: registering service...
2019-10-09 16:50:36.454  INFO [shineon.api.uauth,,,] 8408 --- [main] c.s.b.r.p.RabbitExchangeQueueProvisioner : declaring queue for inbound: Matao1Message.anonymous.bPrnkOERQh2YjcMzqHhBYg, bound to: Matao1Message
2019-10-09 16:50:36.461  INFO [shineon.api.uauth,,,] 8408 --- [DiscoveryClient-InstanceInfoReplicator-0] com.netflix.discovery.DiscoveryClient    : DiscoveryClient_SHINEON.API.UAUTH/fh18829-2:shineon.api.uauth:129 - registration status: 204
2019-10-09 16:50:36.475  INFO [shineon.api.uauth,,,] 8408 --- [main] o.s.i.monitor.IntegrationMBeanExporter   : Registering MessageChannel Matao1Message.anonymous.bPrnkOERQh2YjcMzqHhBYg.errors
2019-10-09 16:50:36.528  INFO [shineon.api.uauth,,,] 8408 --- [main] o.s.c.stream.binder.BinderErrorChannel   : Channel 'application-1.Matao1Message.anonymous.bPrnkOERQh2YjcMzqHhBYg.errors' has 1 subscriber(s).
2019-10-09 16:50:36.529  INFO [shineon.api.uauth,,,] 8408 --- [main] o.s.c.stream.binder.BinderErrorChannel   : Channel 'application-1.Matao1Message.anonymous.bPrnkOERQh2YjcMzqHhBYg.errors' has 2 subscriber(s).
2019-10-09 16:50:36.550  INFO [shineon.api.uauth,,,] 8408 --- [main] o.s.i.a.i.AmqpInboundChannelAdapter      : started inbound.Matao1Message.anonymous.bPrnkOERQh2YjcMzqHhBYg
2019-10-09 16:50:37.135  INFO [shineon.api.uauth,,,] 8408 --- [main] o.s.b.w.embedded.tomcat.TomcatWebServer  : Tomcat started on port(s): 129 (http) with context path ''
2019-10-09 16:50:37.136  INFO [shineon.api.uauth,,,] 8408 --- [main] .s.c.n.e.s.EurekaAutoServiceRegistration : Updating port to 129
2019-10-09 16:50:37.137  INFO [shineon.api.uauth,,,] 8408 --- [main] com.shineon.coder.CoderApplication       : Started CoderApplication in 7.872 seconds (JVM running for 8.407)
2019-10-09 16:50:56.689  INFO [shineon.api.uauth,,,] 8408 --- [http-nio-129-exec-1] o.a.c.c.C.[Tomcat].[localhost].[/]       : Initializing Spring DispatcherServlet 'dispatcherServlet'
2019-10-09 16:50:56.690  INFO [shineon.api.uauth,,,] 8408 --- [http-nio-129-exec-1] o.s.web.servlet.DispatcherServlet        : Initializing Servlet 'dispatcherServlet'
2019-10-09 16:50:56.702  INFO [shineon.api.uauth,,,] 8408 --- [http-nio-129-exec-1] o.s.web.servlet.DispatcherServlet        : Completed initialization in 12 ms
2019-10-09 16:50:56.733  INFO [shineon.api.uauth,c8ee081ed926e5e1,57545a6aa4209ae1,false] 8408 --- [http-nio-129-exec-1] o.s.a.r.c.CachingConnectionFactory       : Attempting to connect to: [127.0.0.1:5672]
2019-10-09 16:50:56.737  INFO [shineon.api.uauth,c8ee081ed926e5e1,57545a6aa4209ae1,false] 8408 --- [http-nio-129-exec-1] o.s.a.r.c.CachingConnectionFactory       : Created new connection: rabbitConnectionFactory.publisher#23def92e:0/SimpleConnection@31e0f036 [delegate=amqp://matao@127.0.0.1:5672/, localPort= 64178]
2019-10-09 16:50:56.742  INFO [shineon.api.uauth,c8ee081ed926e5e1,57545a6aa4209ae1,false] 8408 --- [http-nio-129-exec-1] o.s.amqp.rabbit.core.RabbitAdmin         : Auto-declaring a non-durable, auto-delete, or exclusive Queue (Matao1Message.anonymous.bPrnkOERQh2YjcMzqHhBYg) durable:false, auto-delete:true, exclusive:true. It will be redeclared if the broker stops and is restarted while the connection factory is alive, but all messages will be lost.
2019-10-09 16:50:56.754  INFO [shineon.api.uauth,c8ee081ed926e5e1,dede2bba062b9a14,false] 8408 --- [Matao1Message.anonymous.bPrnkOERQh2YjcMzqHhBYg-1] c.s.c.s.mq.service.Matao1MessageService  : 收到消息，请处理：Hello World  AAAAA
2019-10-09 16:51:07.969  INFO [shineon.api.uauth,97ec5fbc8b743c70,f589c1d5b60affb8,false] 8408 --- [Matao1Message.anonymous.bPrnkOERQh2YjcMzqHhBYg-1] c.s.c.s.mq.service.Matao1MessageService  : 收到消息，请处理：Hello World  AAAAA
2019-10-09 16:55:36.353  INFO [shineon.api.uauth,,,] 8408 --- [AsyncResolver-bootstrap-executor-0] c.n.d.s.r.aws.ConfigClusterResolver      : Resolving eureka endpoints via configuration
2019-10-09 17:00:36.378  INFO [shineon.api.uauth,,,] 8408 --- [AsyncResolver-bootstrap-executor-0] c.n.d.s.r.aws.ConfigClusterResolver      : Resolving eureka endpoints via configuration
2019-10-09 17:05:36.402  INFO [shineon.api.uauth,,,] 8408 --- [AsyncResolver-bootstrap-executor-0] c.n.d.s.r.aws.ConfigClusterResolver      : Resolving eureka endpoints via configuration
