2019-11-11 15:56:14.092  INFO [shineon.api.uauth,,,] 167680 --- [main] com.shineon.coder.CoderApplication       : No active profile set, falling back to default profiles: default
2019-11-11 15:56:15.642  INFO [shineon.api.uauth,,,] 167680 --- [main] .s.d.r.c.RepositoryConfigurationDelegate : Multiple Spring Data modules found, entering strict repository configuration mode!
2019-11-11 15:56:15.643  INFO [shineon.api.uauth,,,] 167680 --- [main] .s.d.r.c.RepositoryConfigurationDelegate : Bootstrapping Spring Data repositories in DEFAULT mode.
2019-11-11 15:56:15.661  INFO [shineon.api.uauth,,,] 167680 --- [main] .s.d.r.c.RepositoryConfigurationDelegate : Finished Spring Data repository scanning in 9ms. Found 0 repository interfaces.
2019-11-11 15:56:15.722  WARN [shineon.api.uauth,,,] 167680 --- [main] o.s.boot.actuate.endpoint.EndpointId     : Endpoint ID 'service-registry' contains invalid characters, please migrate to a valid format.
2019-11-11 15:56:16.003  INFO [shineon.api.uauth,,,] 167680 --- [main] o.s.cloud.context.scope.GenericScope     : BeanFactory id=912e381e-0099-3823-a79e-8ab92cee9264
2019-11-11 15:56:16.017  INFO [shineon.api.uauth,,,] 167680 --- [main] faultConfiguringBeanFactoryPostProcessor : No bean named 'errorChannel' has been explicitly defined. Therefore, a default PublishSubscribeChannel will be created.
2019-11-11 15:56:16.023  INFO [shineon.api.uauth,,,] 167680 --- [main] faultConfiguringBeanFactoryPostProcessor : No bean named 'taskScheduler' has been explicitly defined. Therefore, a default ThreadPoolTaskScheduler will be created.
2019-11-11 15:56:16.064  INFO [shineon.api.uauth,,,] 167680 --- [main] faultConfiguringBeanFactoryPostProcessor : No bean named 'integrationHeaderChannelRegistry' has been explicitly defined. Therefore, a default DefaultHeaderChannelRegistry will be created.
2019-11-11 15:56:17.024  INFO [shineon.api.uauth,,,] 167680 --- [main] trationDelegate$BeanPostProcessorChecker : Bean 'org.springframework.integration.config.IntegrationManagementConfiguration' of type [org.springframework.integration.config.IntegrationManagementConfiguration$$EnhancerBySpringCGLIB$$25428788] is not eligible for getting processed by all BeanPostProcessors (for example: not eligible for auto-proxying)
2019-11-11 15:56:17.045  INFO [shineon.api.uauth,,,] 167680 --- [main] trationDelegate$BeanPostProcessorChecker : Bean 'org.springframework.boot.autoconfigure.integration.IntegrationAutoConfiguration$IntegrationJmxConfiguration' of type [org.springframework.boot.autoconfigure.integration.IntegrationAutoConfiguration$IntegrationJmxConfiguration$$EnhancerBySpringCGLIB$$d492a8] is not eligible for getting processed by all BeanPostProcessors (for example: not eligible for auto-proxying)
2019-11-11 15:56:17.063  INFO [shineon.api.uauth,,,] 167680 --- [main] trationDelegate$BeanPostProcessorChecker : Bean 'org.springframework.boot.autoconfigure.jmx.JmxAutoConfiguration' of type [org.springframework.boot.autoconfigure.jmx.JmxAutoConfiguration$$EnhancerBySpringCGLIB$$39bc3b75] is not eligible for getting processed by all BeanPostProcessors (for example: not eligible for auto-proxying)
2019-11-11 15:56:17.110  INFO [shineon.api.uauth,,,] 167680 --- [main] trationDelegate$BeanPostProcessorChecker : Bean 'mbeanServer' of type [com.sun.jmx.mbeanserver.JmxMBeanServer] is not eligible for getting processed by all BeanPostProcessors (for example: not eligible for auto-proxying)
2019-11-11 15:56:17.208  INFO [shineon.api.uauth,,,] 167680 --- [main] trationDelegate$BeanPostProcessorChecker : Bean 'integrationDisposableAutoCreatedBeans' of type [org.springframework.integration.config.annotation.Disposables] is not eligible for getting processed by all BeanPostProcessors (for example: not eligible for auto-proxying)
2019-11-11 15:56:17.537  INFO [shineon.api.uauth,,,] 167680 --- [main] trationDelegate$BeanPostProcessorChecker : Bean 'org.springframework.cloud.autoconfigure.ConfigurationPropertiesRebinderAutoConfiguration' of type [org.springframework.cloud.autoconfigure.ConfigurationPropertiesRebinderAutoConfiguration$$EnhancerBySpringCGLIB$$d66acf56] is not eligible for getting processed by all BeanPostProcessors (for example: not eligible for auto-proxying)
2019-11-11 15:56:18.063  INFO [shineon.api.uauth,,,] 167680 --- [main] o.s.b.w.embedded.tomcat.TomcatWebServer  : Tomcat initialized with port(s): 129 (http)
2019-11-11 15:56:18.170  INFO [shineon.api.uauth,,,] 167680 --- [main] o.apache.catalina.core.StandardService   : Starting service [Tomcat]
2019-11-11 15:56:18.171  INFO [shineon.api.uauth,,,] 167680 --- [main] org.apache.catalina.core.StandardEngine  : Starting Servlet engine: [Apache Tomcat/9.0.21]
2019-11-11 15:56:18.654  INFO [shineon.api.uauth,,,] 167680 --- [main] o.a.c.c.C.[Tomcat].[localhost].[/]       : Initializing Spring embedded WebApplicationContext
2019-11-11 15:56:18.654  INFO [shineon.api.uauth,,,] 167680 --- [main] o.s.web.context.ContextLoader            : Root WebApplicationContext: initialization completed in 4551 ms
2019-11-11 15:56:18.913  WARN [shineon.api.uauth,,,] 167680 --- [main] c.n.c.sources.URLConfigurationSource     : No URLs will be polled as dynamic configuration sources.
2019-11-11 15:56:18.913  INFO [shineon.api.uauth,,,] 167680 --- [main] c.n.c.sources.URLConfigurationSource     : To enable URLs as dynamic configuration sources, define System property archaius.configurationSource.additionalUrls or make config.properties available on classpath.
2019-11-11 15:56:18.937  INFO [shineon.api.uauth,,,] 167680 --- [main] c.netflix.config.DynamicPropertyFactory  : DynamicPropertyFactory is initialized with configuration sources: com.netflix.config.ConcurrentCompositeConfiguration@7c453c34
2019-11-11 15:56:23.885  INFO [shineon.api.uauth,,,] 167680 --- [main] o.s.s.concurrent.ThreadPoolTaskExecutor  : Initializing ExecutorService
2019-11-11 15:56:23.886  INFO [shineon.api.uauth,,,] 167680 --- [main] o.s.s.concurrent.ThreadPoolTaskExecutor  : Initializing ExecutorService 'pool_schedule1'
2019-11-11 15:56:23.911  WARN [shineon.api.uauth,,,] 167680 --- [main] c.n.c.sources.URLConfigurationSource     : No URLs will be polled as dynamic configuration sources.
2019-11-11 15:56:23.912  INFO [shineon.api.uauth,,,] 167680 --- [main] c.n.c.sources.URLConfigurationSource     : To enable URLs as dynamic configuration sources, define System property archaius.configurationSource.additionalUrls or make config.properties available on classpath.
2019-11-11 15:56:25.429  INFO [shineon.api.uauth,,,] 167680 --- [main] io.lettuce.core.EpollProvider            : Starting without optional epoll library
2019-11-11 15:56:25.430  INFO [shineon.api.uauth,,,] 167680 --- [main] io.lettuce.core.KqueueProvider           : Starting without optional kqueue library
2019-11-11 15:56:26.673  INFO [shineon.api.uauth,,,] 167680 --- [main] o.s.b.a.e.web.EndpointLinksResolver      : Exposing 2 endpoint(s) beneath base path '/actuator'
2019-11-11 15:56:26.801  INFO [shineon.api.uauth,,,] 167680 --- [main] o.s.s.c.ThreadPoolTaskScheduler          : Initializing ExecutorService 'taskScheduler'
2019-11-11 15:56:27.013  INFO [shineon.api.uauth,,,] 167680 --- [main] o.s.i.monitor.IntegrationMBeanExporter   : Registering MessageChannel nullChannel
2019-11-11 15:56:27.023  INFO [shineon.api.uauth,,,] 167680 --- [main] o.s.i.monitor.IntegrationMBeanExporter   : Registering MessageChannel errorChannel
2019-11-11 15:56:27.070  INFO [shineon.api.uauth,,,] 167680 --- [main] o.s.i.monitor.IntegrationMBeanExporter   : Registering MessageHandler errorLogger
2019-11-11 15:56:27.097  INFO [shineon.api.uauth,,,] 167680 --- [main] o.s.i.endpoint.EventDrivenConsumer       : Adding {logging-channel-adapter:_org.springframework.integration.errorLogger} as a subscriber to the 'errorChannel' channel
2019-11-11 15:56:27.098  INFO [shineon.api.uauth,,,] 167680 --- [main] o.s.i.channel.PublishSubscribeChannel    : Channel 'application-1.errorChannel' has 1 subscriber(s).
2019-11-11 15:56:27.098  INFO [shineon.api.uauth,,,] 167680 --- [main] o.s.i.endpoint.EventDrivenConsumer       : started _org.springframework.integration.errorLogger
2019-11-11 15:56:27.250  INFO [shineon.api.uauth,,,] 167680 --- [main] o.s.c.n.eureka.InstanceInfoFactory       : Setting initial instance status as: STARTING
2019-11-11 15:56:27.296  INFO [shineon.api.uauth,,,] 167680 --- [main] com.netflix.discovery.DiscoveryClient    : Initializing Eureka in region us-east-1
2019-11-11 15:56:28.447  INFO [shineon.api.uauth,,,] 167680 --- [main] c.n.d.provider.DiscoveryJerseyProvider   : Using JSON encoding codec LegacyJacksonJson
2019-11-11 15:56:28.448  INFO [shineon.api.uauth,,,] 167680 --- [main] c.n.d.provider.DiscoveryJerseyProvider   : Using JSON decoding codec LegacyJacksonJson
2019-11-11 15:56:28.795  INFO [shineon.api.uauth,,,] 167680 --- [main] c.n.d.provider.DiscoveryJerseyProvider   : Using XML encoding codec XStreamXml
2019-11-11 15:56:28.795  INFO [shineon.api.uauth,,,] 167680 --- [main] c.n.d.provider.DiscoveryJerseyProvider   : Using XML decoding codec XStreamXml
2019-11-11 15:56:29.104  INFO [shineon.api.uauth,,,] 167680 --- [main] c.n.d.s.r.aws.ConfigClusterResolver      : Resolving eureka endpoints via configuration
2019-11-11 15:56:29.158  INFO [shineon.api.uauth,,,] 167680 --- [main] com.netflix.discovery.DiscoveryClient    : Disable delta property : false
2019-11-11 15:56:29.158  INFO [shineon.api.uauth,,,] 167680 --- [main] com.netflix.discovery.DiscoveryClient    : Single vip registry refresh property : null
2019-11-11 15:56:29.158  INFO [shineon.api.uauth,,,] 167680 --- [main] com.netflix.discovery.DiscoveryClient    : Force full registry fetch : false
2019-11-11 15:56:29.159  INFO [shineon.api.uauth,,,] 167680 --- [main] com.netflix.discovery.DiscoveryClient    : Application is null : false
2019-11-11 15:56:29.159  INFO [shineon.api.uauth,,,] 167680 --- [main] com.netflix.discovery.DiscoveryClient    : Registered Applications size is zero : true
2019-11-11 15:56:29.159  INFO [shineon.api.uauth,,,] 167680 --- [main] com.netflix.discovery.DiscoveryClient    : Application version is -1: true
2019-11-11 15:56:29.159  INFO [shineon.api.uauth,,,] 167680 --- [main] com.netflix.discovery.DiscoveryClient    : Getting all instance registry info from the eureka server
2019-11-11 15:56:29.364  INFO [shineon.api.uauth,,,] 167680 --- [main] com.netflix.discovery.DiscoveryClient    : The response status is 200
2019-11-11 15:56:29.365  INFO [shineon.api.uauth,,,] 167680 --- [main] com.netflix.discovery.DiscoveryClient    : Starting heartbeat executor: renew interval is: 30
2019-11-11 15:56:29.368  INFO [shineon.api.uauth,,,] 167680 --- [main] c.n.discovery.InstanceInfoReplicator     : InstanceInfoReplicator onDemand update allowed rate per min is 4
2019-11-11 15:56:29.405  INFO [shineon.api.uauth,,,] 167680 --- [main] com.netflix.discovery.DiscoveryClient    : Discovery Client initialized at timestamp 1573458989370 with initial instances count: 3
2019-11-11 15:56:29.411  INFO [shineon.api.uauth,,,] 167680 --- [main] o.s.c.n.e.s.EurekaServiceRegistry        : Registering application SHINEON.API.UAUTH with eureka with status UP
2019-11-11 15:56:29.411  INFO [shineon.api.uauth,,,] 167680 --- [main] com.netflix.discovery.DiscoveryClient    : Saw local status change event StatusChangeEvent [timestamp=1573458989411, current=UP, previous=STARTING]
2019-11-11 15:56:29.414  INFO [shineon.api.uauth,,,] 167680 --- [DiscoveryClient-InstanceInfoReplicator-0] com.netflix.discovery.DiscoveryClient    : DiscoveryClient_SHINEON.API.UAUTH/fh18829-2:shineon.api.uauth:129: registering service...
2019-11-11 15:56:29.454  INFO [shineon.api.uauth,,,] 167680 --- [DiscoveryClient-InstanceInfoReplicator-0] com.netflix.discovery.DiscoveryClient    : DiscoveryClient_SHINEON.API.UAUTH/fh18829-2:shineon.api.uauth:129 - registration status: 204
2019-11-11 15:56:30.105  INFO [shineon.api.uauth,,,] 167680 --- [main] o.s.b.w.embedded.tomcat.TomcatWebServer  : Tomcat started on port(s): 129 (http) with context path ''
2019-11-11 15:56:30.106  INFO [shineon.api.uauth,,,] 167680 --- [main] .s.c.n.e.s.EurekaAutoServiceRegistration : Updating port to 129
2019-11-11 15:56:30.107  INFO [shineon.api.uauth,,,] 167680 --- [main] com.shineon.coder.CoderApplication       : Started CoderApplication in 16.926 seconds (JVM running for 17.894)
2019-11-11 15:59:01.290  INFO [shineon.api.uauth,,,] 167680 --- [http-nio-129-exec-1] o.a.c.c.C.[Tomcat].[localhost].[/]       : Initializing Spring DispatcherServlet 'dispatcherServlet'
2019-11-11 15:59:01.299  INFO [shineon.api.uauth,,,] 167680 --- [http-nio-129-exec-1] o.s.web.servlet.DispatcherServlet        : Initializing Servlet 'dispatcherServlet'
2019-11-11 15:59:01.314  INFO [shineon.api.uauth,,,] 167680 --- [http-nio-129-exec-1] o.s.web.servlet.DispatcherServlet        : Completed initialization in 15 ms
2019-11-11 15:59:01.417  INFO [shineon.api.uauth,85741ddd5675d293,85741ddd5675d293,false] 167680 --- [http-nio-129-exec-2] shineon.base.user                        : [shineon.base.user]服务异常：null (com.shineon.coder.service.convert.base.QueryItemCommonBase.toCommonData(QueryItemCommonBase.java:19))
2019-11-11 15:59:23.125  INFO [shineon.api.uauth,0ed7bda2eec83376,0ed7bda2eec83376,false] 167680 --- [http-nio-129-exec-4] shineon.base.user                        : [shineon.base.user]服务异常：null (com.shineon.coder.service.convert.base.QueryItemCommonBase.toCommonData(QueryItemCommonBase.java:19))
2019-11-11 16:00:10.714  INFO [shineon.api.uauth,6a6952711f4820b9,6a6952711f4820b9,false] 167680 --- [http-nio-129-exec-6] shineon.base.user                        : [shineon.base.user]服务异常：null (com.shineon.coder.service.convert.base.QueryItemCommonBase.toCommonData(QueryItemCommonBase.java:19))
2019-11-11 16:00:50.126  INFO [shineon.api.uauth,e18a4b70a6b12de0,e18a4b70a6b12de0,false] 167680 --- [http-nio-129-exec-8] shineon.base.user                        : [shineon.base.user]服务异常：null (com.shineon.coder.service.convert.base.QueryItemCommonBase.toCommonData(QueryItemCommonBase.java:19))
2019-11-11 16:01:29.184  INFO [shineon.api.uauth,,,] 167680 --- [AsyncResolver-bootstrap-executor-0] c.n.d.s.r.aws.ConfigClusterResolver      : Resolving eureka endpoints via configuration
2019-11-11 16:04:05.600  INFO [shineon.api.uauth,,,] 174020 --- [main] com.shineon.coder.CoderApplication       : No active profile set, falling back to default profiles: default
2019-11-11 16:04:06.921  INFO [shineon.api.uauth,,,] 174020 --- [main] .s.d.r.c.RepositoryConfigurationDelegate : Multiple Spring Data modules found, entering strict repository configuration mode!
2019-11-11 16:04:06.923  INFO [shineon.api.uauth,,,] 174020 --- [main] .s.d.r.c.RepositoryConfigurationDelegate : Bootstrapping Spring Data repositories in DEFAULT mode.
2019-11-11 16:04:06.941  INFO [shineon.api.uauth,,,] 174020 --- [main] .s.d.r.c.RepositoryConfigurationDelegate : Finished Spring Data repository scanning in 9ms. Found 0 repository interfaces.
2019-11-11 16:04:07.011  WARN [shineon.api.uauth,,,] 174020 --- [main] o.s.boot.actuate.endpoint.EndpointId     : Endpoint ID 'service-registry' contains invalid characters, please migrate to a valid format.
2019-11-11 16:04:07.223  INFO [shineon.api.uauth,,,] 174020 --- [main] o.s.cloud.context.scope.GenericScope     : BeanFactory id=912e381e-0099-3823-a79e-8ab92cee9264
2019-11-11 16:04:07.235  INFO [shineon.api.uauth,,,] 174020 --- [main] faultConfiguringBeanFactoryPostProcessor : No bean named 'errorChannel' has been explicitly defined. Therefore, a default PublishSubscribeChannel will be created.
2019-11-11 16:04:07.244  INFO [shineon.api.uauth,,,] 174020 --- [main] faultConfiguringBeanFactoryPostProcessor : No bean named 'taskScheduler' has been explicitly defined. Therefore, a default ThreadPoolTaskScheduler will be created.
2019-11-11 16:04:07.248  INFO [shineon.api.uauth,,,] 174020 --- [main] faultConfiguringBeanFactoryPostProcessor : No bean named 'integrationHeaderChannelRegistry' has been explicitly defined. Therefore, a default DefaultHeaderChannelRegistry will be created.
2019-11-11 16:04:07.488  INFO [shineon.api.uauth,,,] 174020 --- [main] trationDelegate$BeanPostProcessorChecker : Bean 'org.springframework.integration.config.IntegrationManagementConfiguration' of type [org.springframework.integration.config.IntegrationManagementConfiguration$$EnhancerBySpringCGLIB$$633e87d4] is not eligible for getting processed by all BeanPostProcessors (for example: not eligible for auto-proxying)
2019-11-11 16:04:07.507  INFO [shineon.api.uauth,,,] 174020 --- [main] trationDelegate$BeanPostProcessorChecker : Bean 'org.springframework.boot.autoconfigure.integration.IntegrationAutoConfiguration$IntegrationJmxConfiguration' of type [org.springframework.boot.autoconfigure.integration.IntegrationAutoConfiguration$IntegrationJmxConfiguration$$EnhancerBySpringCGLIB$$3ed092f4] is not eligible for getting processed by all BeanPostProcessors (for example: not eligible for auto-proxying)
2019-11-11 16:04:07.516  INFO [shineon.api.uauth,,,] 174020 --- [main] trationDelegate$BeanPostProcessorChecker : Bean 'org.springframework.boot.autoconfigure.jmx.JmxAutoConfiguration' of type [org.springframework.boot.autoconfigure.jmx.JmxAutoConfiguration$$EnhancerBySpringCGLIB$$77b83bc1] is not eligible for getting processed by all BeanPostProcessors (for example: not eligible for auto-proxying)
2019-11-11 16:04:07.522  INFO [shineon.api.uauth,,,] 174020 --- [main] trationDelegate$BeanPostProcessorChecker : Bean 'mbeanServer' of type [com.sun.jmx.mbeanserver.JmxMBeanServer] is not eligible for getting processed by all BeanPostProcessors (for example: not eligible for auto-proxying)
2019-11-11 16:04:07.553  INFO [shineon.api.uauth,,,] 174020 --- [main] trationDelegate$BeanPostProcessorChecker : Bean 'integrationDisposableAutoCreatedBeans' of type [org.springframework.integration.config.annotation.Disposables] is not eligible for getting processed by all BeanPostProcessors (for example: not eligible for auto-proxying)
2019-11-11 16:04:07.576  INFO [shineon.api.uauth,,,] 174020 --- [main] trationDelegate$BeanPostProcessorChecker : Bean 'org.springframework.cloud.autoconfigure.ConfigurationPropertiesRebinderAutoConfiguration' of type [org.springframework.cloud.autoconfigure.ConfigurationPropertiesRebinderAutoConfiguration$$EnhancerBySpringCGLIB$$1466cfa2] is not eligible for getting processed by all BeanPostProcessors (for example: not eligible for auto-proxying)
2019-11-11 16:04:07.887  INFO [shineon.api.uauth,,,] 174020 --- [main] o.s.b.w.embedded.tomcat.TomcatWebServer  : Tomcat initialized with port(s): 129 (http)
2019-11-11 16:04:07.915  INFO [shineon.api.uauth,,,] 174020 --- [main] o.apache.catalina.core.StandardService   : Starting service [Tomcat]
2019-11-11 16:04:07.915  INFO [shineon.api.uauth,,,] 174020 --- [main] org.apache.catalina.core.StandardEngine  : Starting Servlet engine: [Apache Tomcat/9.0.21]
2019-11-11 16:04:08.032  INFO [shineon.api.uauth,,,] 174020 --- [main] o.a.c.c.C.[Tomcat].[localhost].[/]       : Initializing Spring embedded WebApplicationContext
2019-11-11 16:04:08.032  INFO [shineon.api.uauth,,,] 174020 --- [main] o.s.web.context.ContextLoader            : Root WebApplicationContext: initialization completed in 2422 ms
2019-11-11 16:04:08.167  WARN [shineon.api.uauth,,,] 174020 --- [main] c.n.c.sources.URLConfigurationSource     : No URLs will be polled as dynamic configuration sources.
2019-11-11 16:04:08.167  INFO [shineon.api.uauth,,,] 174020 --- [main] c.n.c.sources.URLConfigurationSource     : To enable URLs as dynamic configuration sources, define System property archaius.configurationSource.additionalUrls or make config.properties available on classpath.
2019-11-11 16:04:08.175  INFO [shineon.api.uauth,,,] 174020 --- [main] c.netflix.config.DynamicPropertyFactory  : DynamicPropertyFactory is initialized with configuration sources: com.netflix.config.ConcurrentCompositeConfiguration@6380e9e9
2019-11-11 16:04:09.705  INFO [shineon.api.uauth,,,] 174020 --- [main] o.s.s.concurrent.ThreadPoolTaskExecutor  : Initializing ExecutorService
2019-11-11 16:04:09.706  INFO [shineon.api.uauth,,,] 174020 --- [main] o.s.s.concurrent.ThreadPoolTaskExecutor  : Initializing ExecutorService 'pool_schedule1'
2019-11-11 16:04:09.732  WARN [shineon.api.uauth,,,] 174020 --- [main] c.n.c.sources.URLConfigurationSource     : No URLs will be polled as dynamic configuration sources.
2019-11-11 16:04:09.732  INFO [shineon.api.uauth,,,] 174020 --- [main] c.n.c.sources.URLConfigurationSource     : To enable URLs as dynamic configuration sources, define System property archaius.configurationSource.additionalUrls or make config.properties available on classpath.
2019-11-11 16:04:10.400  INFO [shineon.api.uauth,,,] 174020 --- [main] io.lettuce.core.EpollProvider            : Starting without optional epoll library
2019-11-11 16:04:10.402  INFO [shineon.api.uauth,,,] 174020 --- [main] io.lettuce.core.KqueueProvider           : Starting without optional kqueue library
2019-11-11 16:04:11.100  INFO [shineon.api.uauth,,,] 174020 --- [main] o.s.b.a.e.web.EndpointLinksResolver      : Exposing 2 endpoint(s) beneath base path '/actuator'
2019-11-11 16:04:11.279  INFO [shineon.api.uauth,,,] 174020 --- [main] o.s.s.c.ThreadPoolTaskScheduler          : Initializing ExecutorService 'taskScheduler'
2019-11-11 16:04:11.416  INFO [shineon.api.uauth,,,] 174020 --- [main] o.s.i.monitor.IntegrationMBeanExporter   : Registering MessageChannel errorChannel
2019-11-11 16:04:11.457  INFO [shineon.api.uauth,,,] 174020 --- [main] o.s.i.monitor.IntegrationMBeanExporter   : Registering MessageChannel nullChannel
2019-11-11 16:04:11.470  INFO [shineon.api.uauth,,,] 174020 --- [main] o.s.i.monitor.IntegrationMBeanExporter   : Registering MessageHandler errorLogger
2019-11-11 16:04:11.493  INFO [shineon.api.uauth,,,] 174020 --- [main] o.s.i.endpoint.EventDrivenConsumer       : Adding {logging-channel-adapter:_org.springframework.integration.errorLogger} as a subscriber to the 'errorChannel' channel
2019-11-11 16:04:11.494  INFO [shineon.api.uauth,,,] 174020 --- [main] o.s.i.channel.PublishSubscribeChannel    : Channel 'application-1.errorChannel' has 1 subscriber(s).
2019-11-11 16:04:11.494  INFO [shineon.api.uauth,,,] 174020 --- [main] o.s.i.endpoint.EventDrivenConsumer       : started _org.springframework.integration.errorLogger
2019-11-11 16:04:11.505  INFO [shineon.api.uauth,,,] 174020 --- [main] o.s.c.n.eureka.InstanceInfoFactory       : Setting initial instance status as: STARTING
2019-11-11 16:04:11.537  INFO [shineon.api.uauth,,,] 174020 --- [main] com.netflix.discovery.DiscoveryClient    : Initializing Eureka in region us-east-1
2019-11-11 16:04:11.842  INFO [shineon.api.uauth,,,] 174020 --- [main] c.n.d.provider.DiscoveryJerseyProvider   : Using JSON encoding codec LegacyJacksonJson
2019-11-11 16:04:11.842  INFO [shineon.api.uauth,,,] 174020 --- [main] c.n.d.provider.DiscoveryJerseyProvider   : Using JSON decoding codec LegacyJacksonJson
2019-11-11 16:04:11.920  INFO [shineon.api.uauth,,,] 174020 --- [main] c.n.d.provider.DiscoveryJerseyProvider   : Using XML encoding codec XStreamXml
2019-11-11 16:04:11.920  INFO [shineon.api.uauth,,,] 174020 --- [main] c.n.d.provider.DiscoveryJerseyProvider   : Using XML decoding codec XStreamXml
2019-11-11 16:04:12.053  INFO [shineon.api.uauth,,,] 174020 --- [main] c.n.d.s.r.aws.ConfigClusterResolver      : Resolving eureka endpoints via configuration
2019-11-11 16:04:12.106  INFO [shineon.api.uauth,,,] 174020 --- [main] com.netflix.discovery.DiscoveryClient    : Disable delta property : false
2019-11-11 16:04:12.106  INFO [shineon.api.uauth,,,] 174020 --- [main] com.netflix.discovery.DiscoveryClient    : Single vip registry refresh property : null
2019-11-11 16:04:12.106  INFO [shineon.api.uauth,,,] 174020 --- [main] com.netflix.discovery.DiscoveryClient    : Force full registry fetch : false
2019-11-11 16:04:12.106  INFO [shineon.api.uauth,,,] 174020 --- [main] com.netflix.discovery.DiscoveryClient    : Application is null : false
2019-11-11 16:04:12.106  INFO [shineon.api.uauth,,,] 174020 --- [main] com.netflix.discovery.DiscoveryClient    : Registered Applications size is zero : true
2019-11-11 16:04:12.106  INFO [shineon.api.uauth,,,] 174020 --- [main] com.netflix.discovery.DiscoveryClient    : Application version is -1: true
2019-11-11 16:04:12.107  INFO [shineon.api.uauth,,,] 174020 --- [main] com.netflix.discovery.DiscoveryClient    : Getting all instance registry info from the eureka server
2019-11-11 16:04:12.209  INFO [shineon.api.uauth,,,] 174020 --- [main] com.netflix.discovery.DiscoveryClient    : The response status is 200
2019-11-11 16:04:12.211  INFO [shineon.api.uauth,,,] 174020 --- [main] com.netflix.discovery.DiscoveryClient    : Starting heartbeat executor: renew interval is: 30
2019-11-11 16:04:12.213  INFO [shineon.api.uauth,,,] 174020 --- [main] c.n.discovery.InstanceInfoReplicator     : InstanceInfoReplicator onDemand update allowed rate per min is 4
2019-11-11 16:04:12.215  INFO [shineon.api.uauth,,,] 174020 --- [main] com.netflix.discovery.DiscoveryClient    : Discovery Client initialized at timestamp 1573459452214 with initial instances count: 4
2019-11-11 16:04:12.221  INFO [shineon.api.uauth,,,] 174020 --- [main] o.s.c.n.e.s.EurekaServiceRegistry        : Registering application SHINEON.API.UAUTH with eureka with status UP
2019-11-11 16:04:12.221  INFO [shineon.api.uauth,,,] 174020 --- [main] com.netflix.discovery.DiscoveryClient    : Saw local status change event StatusChangeEvent [timestamp=1573459452221, current=UP, previous=STARTING]
2019-11-11 16:04:12.222  INFO [shineon.api.uauth,,,] 174020 --- [DiscoveryClient-InstanceInfoReplicator-0] com.netflix.discovery.DiscoveryClient    : DiscoveryClient_SHINEON.API.UAUTH/fh18829-2:shineon.api.uauth:129: registering service...
2019-11-11 16:04:12.249  INFO [shineon.api.uauth,,,] 174020 --- [DiscoveryClient-InstanceInfoReplicator-0] com.netflix.discovery.DiscoveryClient    : DiscoveryClient_SHINEON.API.UAUTH/fh18829-2:shineon.api.uauth:129 - registration status: 204
2019-11-11 16:04:12.851  INFO [shineon.api.uauth,,,] 174020 --- [main] o.s.b.w.embedded.tomcat.TomcatWebServer  : Tomcat started on port(s): 129 (http) with context path ''
2019-11-11 16:04:12.852  INFO [shineon.api.uauth,,,] 174020 --- [main] .s.c.n.e.s.EurekaAutoServiceRegistration : Updating port to 129
2019-11-11 16:04:12.853  INFO [shineon.api.uauth,,,] 174020 --- [main] com.shineon.coder.CoderApplication       : Started CoderApplication in 8.136 seconds (JVM running for 8.829)
2019-11-11 16:04:22.747  INFO [shineon.api.uauth,,,] 174020 --- [http-nio-129-exec-2] o.a.c.c.C.[Tomcat].[localhost].[/]       : Initializing Spring DispatcherServlet 'dispatcherServlet'
2019-11-11 16:04:22.747  INFO [shineon.api.uauth,,,] 174020 --- [http-nio-129-exec-2] o.s.web.servlet.DispatcherServlet        : Initializing Servlet 'dispatcherServlet'
2019-11-11 16:04:22.759  INFO [shineon.api.uauth,,,] 174020 --- [http-nio-129-exec-2] o.s.web.servlet.DispatcherServlet        : Completed initialization in 11 ms
2019-11-11 16:04:23.063  INFO [shineon.api.uauth,399ef53371eb73f9,2370c2d10c7b324b,false] 174020 --- [hystrix-shineon.server.uauth-1] c.netflix.config.ChainedDynamicProperty  : Flipping property: shineon.server.uauth.ribbon.ActiveConnectionsLimit to use NEXT property: niws.loadbalancer.availabilityFilteringRule.activeConnectionsLimit = 2147483647
2019-11-11 16:04:23.089  INFO [shineon.api.uauth,399ef53371eb73f9,2370c2d10c7b324b,false] 174020 --- [hystrix-shineon.server.uauth-1] c.n.u.concurrent.ShutdownEnabledTimer    : Shutdown hook installed for: NFLoadBalancer-PingTimer-shineon.server.uauth
2019-11-11 16:04:23.089  INFO [shineon.api.uauth,399ef53371eb73f9,2370c2d10c7b324b,false] 174020 --- [hystrix-shineon.server.uauth-1] c.netflix.loadbalancer.BaseLoadBalancer  : Client: shineon.server.uauth instantiated a LoadBalancer: DynamicServerListLoadBalancer:{NFLoadBalancer:name=shineon.server.uauth,current list of Servers=[],Load balancer stats=Zone stats: {},Server stats: []}ServerList:null
2019-11-11 16:04:23.095  INFO [shineon.api.uauth,399ef53371eb73f9,2370c2d10c7b324b,false] 174020 --- [hystrix-shineon.server.uauth-1] c.n.l.DynamicServerListLoadBalancer      : Using serverListUpdater PollingServerListUpdater
2019-11-11 16:04:23.109  INFO [shineon.api.uauth,399ef53371eb73f9,2370c2d10c7b324b,false] 174020 --- [hystrix-shineon.server.uauth-1] c.netflix.config.ChainedDynamicProperty  : Flipping property: shineon.server.uauth.ribbon.ActiveConnectionsLimit to use NEXT property: niws.loadbalancer.availabilityFilteringRule.activeConnectionsLimit = 2147483647
2019-11-11 16:04:23.110  INFO [shineon.api.uauth,399ef53371eb73f9,2370c2d10c7b324b,false] 174020 --- [hystrix-shineon.server.uauth-1] c.n.l.DynamicServerListLoadBalancer      : DynamicServerListLoadBalancer for client shineon.server.uauth initialized: DynamicServerListLoadBalancer:{NFLoadBalancer:name=shineon.server.uauth,current list of Servers=[fh18829-2:122],Load balancer stats=Zone stats: {defaultzone=[Zone:defaultzone;	Instance count:1;	Active connections count: 0;	Circuit breaker tripped count: 0;	Active connections per server: 0.0;]
},Server stats: [[Server:fh18829-2:122;	Zone:defaultZone;	Total Requests:0;	Successive connection failure:0;	Total blackout seconds:0;	Last connection made:Thu Jan 01 08:00:00 CST 1970;	First connection made: Thu Jan 01 08:00:00 CST 1970;	Active Connections:0;	total failure count in last (1000) msecs:0;	average resp time:0.0;	90 percentile resp time:0.0;	95 percentile resp time:0.0;	min resp time:0.0;	max resp time:0.0;	stddev resp time:0.0]
]}ServerList:org.springframework.cloud.netflix.ribbon.eureka.DomainExtractingServerList@4c49f6de
2019-11-11 16:04:24.097  INFO [shineon.api.uauth,,,] 174020 --- [PollingServerListUpdater-0] c.netflix.config.ChainedDynamicProperty  : Flipping property: shineon.server.uauth.ribbon.ActiveConnectionsLimit to use NEXT property: niws.loadbalancer.availabilityFilteringRule.activeConnectionsLimit = 2147483647
