2019-12-06 13:54:33.567  INFO [shineon.web,,,] 7580 --- [main] com.shineon.coder.CoderApplication       : No active profile set, falling back to default profiles: default
2019-12-06 13:54:35.785  INFO [shineon.web,,,] 7580 --- [main] .s.d.r.c.RepositoryConfigurationDelegate : Multiple Spring Data modules found, entering strict repository configuration mode!
2019-12-06 13:54:35.811  INFO [shineon.web,,,] 7580 --- [main] .s.d.r.c.RepositoryConfigurationDelegate : Bootstrapping Spring Data repositories in DEFAULT mode.
2019-12-06 13:54:35.900  INFO [shineon.web,,,] 7580 --- [main] .s.d.r.c.RepositoryConfigurationDelegate : Finished Spring Data repository scanning in 64ms. Found 0 repository interfaces.
2019-12-06 13:54:36.050  WARN [shineon.web,,,] 7580 --- [main] o.s.boot.actuate.endpoint.EndpointId     : Endpoint ID 'service-registry' contains invalid characters, please migrate to a valid format.
2019-12-06 13:54:36.691  INFO [shineon.web,,,] 7580 --- [main] o.s.cloud.context.scope.GenericScope     : BeanFactory id=e364c6bf-edc3-35d4-a105-0fb1186fadf9
2019-12-06 13:54:36.747  INFO [shineon.web,,,] 7580 --- [main] faultConfiguringBeanFactoryPostProcessor : No bean named 'errorChannel' has been explicitly defined. Therefore, a default PublishSubscribeChannel will be created.
2019-12-06 13:54:36.767  INFO [shineon.web,,,] 7580 --- [main] faultConfiguringBeanFactoryPostProcessor : No bean named 'taskScheduler' has been explicitly defined. Therefore, a default ThreadPoolTaskScheduler will be created.
2019-12-06 13:54:36.777  INFO [shineon.web,,,] 7580 --- [main] faultConfiguringBeanFactoryPostProcessor : No bean named 'integrationHeaderChannelRegistry' has been explicitly defined. Therefore, a default DefaultHeaderChannelRegistry will be created.
2019-12-06 13:54:37.244  INFO [shineon.web,,,] 7580 --- [main] trationDelegate$BeanPostProcessorChecker : Bean 'integrationDisposableAutoCreatedBeans' of type [org.springframework.integration.config.annotation.Disposables] is not eligible for getting processed by all BeanPostProcessors (for example: not eligible for auto-proxying)
2019-12-06 13:54:37.292  INFO [shineon.web,,,] 7580 --- [main] trationDelegate$BeanPostProcessorChecker : Bean 'org.springframework.integration.config.IntegrationManagementConfiguration' of type [org.springframework.integration.config.IntegrationManagementConfiguration$$EnhancerBySpringCGLIB$$2c2c8fe] is not eligible for getting processed by all BeanPostProcessors (for example: not eligible for auto-proxying)
2019-12-06 13:54:37.312  INFO [shineon.web,,,] 7580 --- [main] trationDelegate$BeanPostProcessorChecker : Bean 'org.springframework.boot.autoconfigure.integration.IntegrationAutoConfiguration$IntegrationJmxConfiguration' of type [org.springframework.boot.autoconfigure.integration.IntegrationAutoConfiguration$IntegrationJmxConfiguration$$EnhancerBySpringCGLIB$$de54d41e] is not eligible for getting processed by all BeanPostProcessors (for example: not eligible for auto-proxying)
2019-12-06 13:54:37.335  INFO [shineon.web,,,] 7580 --- [main] trationDelegate$BeanPostProcessorChecker : Bean 'org.springframework.boot.autoconfigure.jmx.JmxAutoConfiguration' of type [org.springframework.boot.autoconfigure.jmx.JmxAutoConfiguration$$EnhancerBySpringCGLIB$$173c7ceb] is not eligible for getting processed by all BeanPostProcessors (for example: not eligible for auto-proxying)
2019-12-06 13:54:37.355  INFO [shineon.web,,,] 7580 --- [main] trationDelegate$BeanPostProcessorChecker : Bean 'mbeanServer' of type [com.sun.jmx.mbeanserver.JmxMBeanServer] is not eligible for getting processed by all BeanPostProcessors (for example: not eligible for auto-proxying)
2019-12-06 13:54:37.448  INFO [shineon.web,,,] 7580 --- [main] trationDelegate$BeanPostProcessorChecker : Bean 'org.springframework.cloud.autoconfigure.ConfigurationPropertiesRebinderAutoConfiguration' of type [org.springframework.cloud.autoconfigure.ConfigurationPropertiesRebinderAutoConfiguration$$EnhancerBySpringCGLIB$$b3eb10cc] is not eligible for getting processed by all BeanPostProcessors (for example: not eligible for auto-proxying)
2019-12-06 13:54:39.292  INFO [shineon.web,,,] 7580 --- [main] o.s.b.w.embedded.tomcat.TomcatWebServer  : Tomcat initialized with port(s): 132 (http)
2019-12-06 13:54:39.353  INFO [shineon.web,,,] 7580 --- [main] o.apache.catalina.core.StandardService   : Starting service [Tomcat]
2019-12-06 13:54:39.354  INFO [shineon.web,,,] 7580 --- [main] org.apache.catalina.core.StandardEngine  : Starting Servlet engine: [Apache Tomcat/9.0.21]
2019-12-06 13:54:39.711  INFO [shineon.web,,,] 7580 --- [main] o.a.c.c.C.[Tomcat].[localhost].[/]       : Initializing Spring embedded WebApplicationContext
2019-12-06 13:54:39.712  INFO [shineon.web,,,] 7580 --- [main] o.s.web.context.ContextLoader            : Root WebApplicationContext: initialization completed in 6077 ms
2019-12-06 13:54:40.020  WARN [shineon.web,,,] 7580 --- [main] c.n.c.sources.URLConfigurationSource     : No URLs will be polled as dynamic configuration sources.
2019-12-06 13:54:40.020  INFO [shineon.web,,,] 7580 --- [main] c.n.c.sources.URLConfigurationSource     : To enable URLs as dynamic configuration sources, define System property archaius.configurationSource.additionalUrls or make config.properties available on classpath.
2019-12-06 13:54:40.075  INFO [shineon.web,,,] 7580 --- [main] c.netflix.config.DynamicPropertyFactory  : DynamicPropertyFactory is initialized with configuration sources: com.netflix.config.ConcurrentCompositeConfiguration@5217f3d0
2019-12-06 13:54:43.491  INFO [shineon.web,,,] 7580 --- [main] o.s.s.c.ThreadPoolTaskScheduler          : Initializing ExecutorService 'taskScheduler'
2019-12-06 13:54:44.730  INFO [shineon.web,,,] 7580 --- [main] c.shineon.coder.service.cache.SysCache   : Ìí¼Ó»º´æ£ºCACHE_SYS_USER
2019-12-06 13:54:44.733  INFO [shineon.web,,,] 7580 --- [main] c.shineon.coder.service.cache.SysCache   : Ìí¼Ó»º´æ£ºCACHE_SYS_USER
2019-12-06 13:54:46.135  INFO [shineon.web,,,] 7580 --- [main] o.s.s.concurrent.ThreadPoolTaskExecutor  : Initializing ExecutorService
2019-12-06 13:54:46.139  INFO [shineon.web,,,] 7580 --- [main] o.s.s.concurrent.ThreadPoolTaskExecutor  : Initializing ExecutorService 'pool_schedule1'
2019-12-06 13:54:46.470  WARN [shineon.web,,,] 7580 --- [main] c.n.c.sources.URLConfigurationSource     : No URLs will be polled as dynamic configuration sources.
2019-12-06 13:54:46.471  INFO [shineon.web,,,] 7580 --- [main] c.n.c.sources.URLConfigurationSource     : To enable URLs as dynamic configuration sources, define System property archaius.configurationSource.additionalUrls or make config.properties available on classpath.
2019-12-06 13:54:49.794  INFO [shineon.web,,,] 7580 --- [main] io.lettuce.core.EpollProvider            : Starting without optional epoll library
2019-12-06 13:54:49.804  INFO [shineon.web,,,] 7580 --- [main] io.lettuce.core.KqueueProvider           : Starting without optional kqueue library
2019-12-06 13:54:55.579  INFO [shineon.web,,,] 7580 --- [main] o.s.b.a.e.web.EndpointLinksResolver      : Exposing 2 endpoint(s) beneath base path '/actuator'
2019-12-06 13:54:55.920  INFO [shineon.web,,,] 7580 --- [main] o.s.c.s.m.DirectWithAttributesChannel    : Channel 'application-1.UserNoticeMessageInput' has 1 subscriber(s).
2019-12-06 13:54:56.357  INFO [shineon.web,,,] 7580 --- [main] o.s.i.monitor.IntegrationMBeanExporter   : Registering MessageChannel UserNoticeMessageOutput
2019-12-06 13:54:56.468  INFO [shineon.web,,,] 7580 --- [main] o.s.i.monitor.IntegrationMBeanExporter   : Registering MessageChannel UserNoticeMessageInput
2019-12-06 13:54:56.475  INFO [shineon.web,,,] 7580 --- [main] o.s.i.monitor.IntegrationMBeanExporter   : Registering MessageChannel nullChannel
2019-12-06 13:54:56.492  INFO [shineon.web,,,] 7580 --- [main] o.s.i.monitor.IntegrationMBeanExporter   : Registering MessageChannel errorChannel
2019-12-06 13:54:56.569  INFO [shineon.web,,,] 7580 --- [main] o.s.i.monitor.IntegrationMBeanExporter   : Registering MessageHandler errorLogger
2019-12-06 13:54:56.621  INFO [shineon.web,,,] 7580 --- [main] o.s.i.monitor.IntegrationMBeanExporter   : Registering MessageHandler org.springframework.cloud.stream.binding.StreamListenerMessageHandler@173f73e7
2019-12-06 13:54:56.777  INFO [shineon.web,,,] 7580 --- [main] o.s.i.endpoint.EventDrivenConsumer       : Adding {logging-channel-adapter:_org.springframework.integration.errorLogger} as a subscriber to the 'errorChannel' channel
2019-12-06 13:54:56.778  INFO [shineon.web,,,] 7580 --- [main] o.s.i.channel.PublishSubscribeChannel    : Channel 'application-1.errorChannel' has 1 subscriber(s).
2019-12-06 13:54:56.778  INFO [shineon.web,,,] 7580 --- [main] o.s.i.endpoint.EventDrivenConsumer       : started _org.springframework.integration.errorLogger
2019-12-06 13:54:57.643  INFO [shineon.web,,,] 7580 --- [main] o.s.a.r.c.CachingConnectionFactory       : Attempting to connect to: [localhost:5672]
2019-12-06 13:54:59.477  INFO [shineon.web,,,] 7580 --- [main] o.s.a.r.c.CachingConnectionFactory       : Created new connection: rabbitConnectionFactory#5cbf9e9f:0/SimpleConnection@6428591a [delegate=amqp://guest@127.0.0.1:5672/, localPort= 20977]
2019-12-06 13:54:59.833  INFO [shineon.web,,,] 7580 --- [main] o.s.c.s.m.DirectWithAttributesChannel    : Channel 'application-1.UserNoticeMessageOutput' has 1 subscriber(s).
2019-12-06 13:54:59.954  INFO [shineon.web,,,] 7580 --- [main] o.s.c.n.eureka.InstanceInfoFactory       : Setting initial instance status as: STARTING
2019-12-06 13:55:00.302  INFO [shineon.web,,,] 7580 --- [main] com.netflix.discovery.DiscoveryClient    : Initializing Eureka in region us-east-1
2019-12-06 13:55:01.394  INFO [shineon.web,,,] 7580 --- [main] c.n.d.provider.DiscoveryJerseyProvider   : Using JSON encoding codec LegacyJacksonJson
2019-12-06 13:55:01.395  INFO [shineon.web,,,] 7580 --- [main] c.n.d.provider.DiscoveryJerseyProvider   : Using JSON decoding codec LegacyJacksonJson
2019-12-06 13:55:02.249  INFO [shineon.web,,,] 7580 --- [main] c.n.d.provider.DiscoveryJerseyProvider   : Using XML encoding codec XStreamXml
2019-12-06 13:55:02.252  INFO [shineon.web,,,] 7580 --- [main] c.n.d.provider.DiscoveryJerseyProvider   : Using XML decoding codec XStreamXml
2019-12-06 13:55:03.957  INFO [shineon.web,,,] 7580 --- [main] c.n.d.s.r.aws.ConfigClusterResolver      : Resolving eureka endpoints via configuration
2019-12-06 13:55:04.227  INFO [shineon.web,,,] 7580 --- [main] com.netflix.discovery.DiscoveryClient    : Disable delta property : false
2019-12-06 13:55:04.228  INFO [shineon.web,,,] 7580 --- [main] com.netflix.discovery.DiscoveryClient    : Single vip registry refresh property : null
2019-12-06 13:55:04.229  INFO [shineon.web,,,] 7580 --- [main] com.netflix.discovery.DiscoveryClient    : Force full registry fetch : false
2019-12-06 13:55:04.233  INFO [shineon.web,,,] 7580 --- [main] com.netflix.discovery.DiscoveryClient    : Application is null : false
2019-12-06 13:55:04.237  INFO [shineon.web,,,] 7580 --- [main] com.netflix.discovery.DiscoveryClient    : Registered Applications size is zero : true
2019-12-06 13:55:04.240  INFO [shineon.web,,,] 7580 --- [main] com.netflix.discovery.DiscoveryClient    : Application version is -1: true
2019-12-06 13:55:04.244  INFO [shineon.web,,,] 7580 --- [main] com.netflix.discovery.DiscoveryClient    : Getting all instance registry info from the eureka server
2019-12-06 13:55:05.671  INFO [shineon.web,,,] 7580 --- [main] com.netflix.discovery.DiscoveryClient    : The response status is 200
2019-12-06 13:55:05.697  INFO [shineon.web,,,] 7580 --- [main] com.netflix.discovery.DiscoveryClient    : Starting heartbeat executor: renew interval is: 30
2019-12-06 13:55:05.702  INFO [shineon.web,,,] 7580 --- [main] c.n.discovery.InstanceInfoReplicator     : InstanceInfoReplicator onDemand update allowed rate per min is 4
2019-12-06 13:55:05.741  INFO [shineon.web,,,] 7580 --- [main] com.netflix.discovery.DiscoveryClient    : Discovery Client initialized at timestamp 1575611705720 with initial instances count: 1
2019-12-06 13:55:05.798  INFO [shineon.web,,,] 7580 --- [main] o.s.c.n.e.s.EurekaServiceRegistry        : Registering application SHINEON.WEB with eureka with status UP
2019-12-06 13:55:05.799  INFO [shineon.web,,,] 7580 --- [main] com.netflix.discovery.DiscoveryClient    : Saw local status change event StatusChangeEvent [timestamp=1575611705799, current=UP, previous=STARTING]
2019-12-06 13:55:05.817  INFO [shineon.web,,,] 7580 --- [DiscoveryClient-InstanceInfoReplicator-0] com.netflix.discovery.DiscoveryClient    : DiscoveryClient_SHINEON.WEB/fh18829-2:shineon.web:132: registering service...
2019-12-06 13:55:05.952  INFO [shineon.web,,,] 7580 --- [main] c.s.b.r.p.RabbitExchangeQueueProvisioner : declaring queue for inbound: UserNoticeMessageInput.anonymous.0AtQ4e_NSWSjIeAW9ytVEg, bound to: UserNoticeMessageInput
2019-12-06 13:55:06.168  INFO [shineon.web,,,] 7580 --- [DiscoveryClient-InstanceInfoReplicator-0] com.netflix.discovery.DiscoveryClient    : DiscoveryClient_SHINEON.WEB/fh18829-2:shineon.web:132 - registration status: 204
2019-12-06 13:55:06.465  INFO [shineon.web,,,] 7580 --- [main] o.s.i.monitor.IntegrationMBeanExporter   : Registering MessageChannel UserNoticeMessageInput.anonymous.0AtQ4e_NSWSjIeAW9ytVEg.errors
2019-12-06 13:55:06.683  INFO [shineon.web,,,] 7580 --- [main] o.s.c.stream.binder.BinderErrorChannel   : Channel 'application-1.UserNoticeMessageInput.anonymous.0AtQ4e_NSWSjIeAW9ytVEg.errors' has 1 subscriber(s).
2019-12-06 13:55:06.686  INFO [shineon.web,,,] 7580 --- [main] o.s.c.stream.binder.BinderErrorChannel   : Channel 'application-1.UserNoticeMessageInput.anonymous.0AtQ4e_NSWSjIeAW9ytVEg.errors' has 2 subscriber(s).
2019-12-06 13:55:06.878  INFO [shineon.web,,,] 7580 --- [main] o.s.i.a.i.AmqpInboundChannelAdapter      : started inbound.UserNoticeMessageInput.anonymous.0AtQ4e_NSWSjIeAW9ytVEg
2019-12-06 13:55:08.467  INFO [shineon.web,,,] 7580 --- [main] o.s.b.w.embedded.tomcat.TomcatWebServer  : Tomcat started on port(s): 132 (http) with context path ''
2019-12-06 13:55:08.469  INFO [shineon.web,,,] 7580 --- [main] .s.c.n.e.s.EurekaAutoServiceRegistration : Updating port to 132
2019-12-06 13:55:08.476  INFO [shineon.web,,,] 7580 --- [main] com.shineon.coder.CoderApplication       : Started CoderApplication in 38.642 seconds (JVM running for 41.067)
2019-12-06 14:00:04.266  INFO [shineon.web,,,] 7580 --- [AsyncResolver-bootstrap-executor-0] c.n.d.s.r.aws.ConfigClusterResolver      : Resolving eureka endpoints via configuration
2019-12-06 14:05:04.273  INFO [shineon.web,,,] 7580 --- [AsyncResolver-bootstrap-executor-0] c.n.d.s.r.aws.ConfigClusterResolver      : Resolving eureka endpoints via configuration
2019-12-06 14:10:04.281  INFO [shineon.web,,,] 7580 --- [AsyncResolver-bootstrap-executor-0] c.n.d.s.r.aws.ConfigClusterResolver      : Resolving eureka endpoints via configuration
2019-12-06 14:15:04.289  INFO [shineon.web,,,] 7580 --- [AsyncResolver-bootstrap-executor-0] c.n.d.s.r.aws.ConfigClusterResolver      : Resolving eureka endpoints via configuration
2019-12-06 14:20:04.303  INFO [shineon.web,,,] 7580 --- [AsyncResolver-bootstrap-executor-0] c.n.d.s.r.aws.ConfigClusterResolver      : Resolving eureka endpoints via configuration
