2019-12-06 13:54:31.981  INFO [shineon.api.uauth,,,] 15148 --- [main] com.shineon.coder.CoderApplication       : No active profile set, falling back to default profiles: default
2019-12-06 13:54:51.136  INFO [shineon.api.uauth,,,] 15148 --- [main] .s.d.r.c.RepositoryConfigurationDelegate : Multiple Spring Data modules found, entering strict repository configuration mode!
2019-12-06 13:54:51.158  INFO [shineon.api.uauth,,,] 15148 --- [main] .s.d.r.c.RepositoryConfigurationDelegate : Bootstrapping Spring Data repositories in DEFAULT mode.
2019-12-06 13:54:51.331  INFO [shineon.api.uauth,,,] 15148 --- [main] .s.d.r.c.RepositoryConfigurationDelegate : Finished Spring Data repository scanning in 73ms. Found 0 repository interfaces.
2019-12-06 13:54:52.233  WARN [shineon.api.uauth,,,] 15148 --- [main] o.s.boot.actuate.endpoint.EndpointId     : Endpoint ID 'service-registry' contains invalid characters, please migrate to a valid format.
2019-12-06 13:54:55.995  INFO [shineon.api.uauth,,,] 15148 --- [main] o.s.cloud.context.scope.GenericScope     : BeanFactory id=3ce5d254-1c7a-3018-8aac-4f1d8eb18d1b
2019-12-06 13:54:56.313  INFO [shineon.api.uauth,,,] 15148 --- [main] faultConfiguringBeanFactoryPostProcessor : No bean named 'errorChannel' has been explicitly defined. Therefore, a default PublishSubscribeChannel will be created.
2019-12-06 13:54:56.337  INFO [shineon.api.uauth,,,] 15148 --- [main] faultConfiguringBeanFactoryPostProcessor : No bean named 'taskScheduler' has been explicitly defined. Therefore, a default ThreadPoolTaskScheduler will be created.
2019-12-06 13:54:56.351  INFO [shineon.api.uauth,,,] 15148 --- [main] faultConfiguringBeanFactoryPostProcessor : No bean named 'integrationHeaderChannelRegistry' has been explicitly defined. Therefore, a default DefaultHeaderChannelRegistry will be created.
2019-12-06 13:54:57.798  INFO [shineon.api.uauth,,,] 15148 --- [main] trationDelegate$BeanPostProcessorChecker : Bean 'org.springframework.integration.config.IntegrationManagementConfiguration' of type [org.springframework.integration.config.IntegrationManagementConfiguration$$EnhancerBySpringCGLIB$$f9000729] is not eligible for getting processed by all BeanPostProcessors (for example: not eligible for auto-proxying)
2019-12-06 13:54:57.874  INFO [shineon.api.uauth,,,] 15148 --- [main] trationDelegate$BeanPostProcessorChecker : Bean 'org.springframework.boot.autoconfigure.integration.IntegrationAutoConfiguration$IntegrationJmxConfiguration' of type [org.springframework.boot.autoconfigure.integration.IntegrationAutoConfiguration$IntegrationJmxConfiguration$$EnhancerBySpringCGLIB$$d4921249] is not eligible for getting processed by all BeanPostProcessors (for example: not eligible for auto-proxying)
2019-12-06 13:54:57.904  INFO [shineon.api.uauth,,,] 15148 --- [main] trationDelegate$BeanPostProcessorChecker : Bean 'org.springframework.boot.autoconfigure.jmx.JmxAutoConfiguration' of type [org.springframework.boot.autoconfigure.jmx.JmxAutoConfiguration$$EnhancerBySpringCGLIB$$d79bb16] is not eligible for getting processed by all BeanPostProcessors (for example: not eligible for auto-proxying)
2019-12-06 13:54:58.102  INFO [shineon.api.uauth,,,] 15148 --- [main] trationDelegate$BeanPostProcessorChecker : Bean 'mbeanServer' of type [com.sun.jmx.mbeanserver.JmxMBeanServer] is not eligible for getting processed by all BeanPostProcessors (for example: not eligible for auto-proxying)
2019-12-06 13:54:58.898  INFO [shineon.api.uauth,,,] 15148 --- [main] trationDelegate$BeanPostProcessorChecker : Bean 'integrationDisposableAutoCreatedBeans' of type [org.springframework.integration.config.annotation.Disposables] is not eligible for getting processed by all BeanPostProcessors (for example: not eligible for auto-proxying)
2019-12-06 13:54:59.081  INFO [shineon.api.uauth,,,] 15148 --- [main] trationDelegate$BeanPostProcessorChecker : Bean 'org.springframework.cloud.autoconfigure.ConfigurationPropertiesRebinderAutoConfiguration' of type [org.springframework.cloud.autoconfigure.ConfigurationPropertiesRebinderAutoConfiguration$$EnhancerBySpringCGLIB$$aa284ef7] is not eligible for getting processed by all BeanPostProcessors (for example: not eligible for auto-proxying)
2019-12-06 13:55:01.978  INFO [shineon.api.uauth,,,] 15148 --- [main] o.s.b.w.embedded.tomcat.TomcatWebServer  : Tomcat initialized with port(s): 129 (http)
2019-12-06 13:55:02.241  INFO [shineon.api.uauth,,,] 15148 --- [main] o.apache.catalina.core.StandardService   : Starting service [Tomcat]
2019-12-06 13:55:02.242  INFO [shineon.api.uauth,,,] 15148 --- [main] org.apache.catalina.core.StandardEngine  : Starting Servlet engine: [Apache Tomcat/9.0.21]
2019-12-06 13:55:02.758  INFO [shineon.api.uauth,,,] 15148 --- [main] o.a.c.c.C.[Tomcat].[localhost].[/]       : Initializing Spring embedded WebApplicationContext
2019-12-06 13:55:02.758  INFO [shineon.api.uauth,,,] 15148 --- [main] o.s.web.context.ContextLoader            : Root WebApplicationContext: initialization completed in 30690 ms
2019-12-06 13:55:04.440  WARN [shineon.api.uauth,,,] 15148 --- [main] c.n.c.sources.URLConfigurationSource     : No URLs will be polled as dynamic configuration sources.
2019-12-06 13:55:04.441  INFO [shineon.api.uauth,,,] 15148 --- [main] c.n.c.sources.URLConfigurationSource     : To enable URLs as dynamic configuration sources, define System property archaius.configurationSource.additionalUrls or make config.properties available on classpath.
2019-12-06 13:55:04.639  INFO [shineon.api.uauth,,,] 15148 --- [main] c.netflix.config.DynamicPropertyFactory  : DynamicPropertyFactory is initialized with configuration sources: com.netflix.config.ConcurrentCompositeConfiguration@7876d598
2019-12-06 13:55:11.817  INFO [shineon.api.uauth,,,] 15148 --- [main] o.s.s.concurrent.ThreadPoolTaskExecutor  : Initializing ExecutorService
2019-12-06 13:55:11.823  INFO [shineon.api.uauth,,,] 15148 --- [main] o.s.s.concurrent.ThreadPoolTaskExecutor  : Initializing ExecutorService 'pool_schedule1'
2019-12-06 13:55:11.940  WARN [shineon.api.uauth,,,] 15148 --- [main] c.n.c.sources.URLConfigurationSource     : No URLs will be polled as dynamic configuration sources.
2019-12-06 13:55:11.941  INFO [shineon.api.uauth,,,] 15148 --- [main] c.n.c.sources.URLConfigurationSource     : To enable URLs as dynamic configuration sources, define System property archaius.configurationSource.additionalUrls or make config.properties available on classpath.
2019-12-06 13:55:14.525  INFO [shineon.api.uauth,,,] 15148 --- [main] io.lettuce.core.EpollProvider            : Starting without optional epoll library
2019-12-06 13:55:14.528  INFO [shineon.api.uauth,,,] 15148 --- [main] io.lettuce.core.KqueueProvider           : Starting without optional kqueue library
2019-12-06 13:55:15.900  INFO [shineon.api.uauth,,,] 15148 --- [main] o.s.b.a.e.web.EndpointLinksResolver      : Exposing 2 endpoint(s) beneath base path '/actuator'
2019-12-06 13:55:16.051  INFO [shineon.api.uauth,,,] 15148 --- [main] o.s.s.c.ThreadPoolTaskScheduler          : Initializing ExecutorService 'taskScheduler'
2019-12-06 13:55:16.238  INFO [shineon.api.uauth,,,] 15148 --- [main] o.s.i.monitor.IntegrationMBeanExporter   : Registering MessageChannel errorChannel
2019-12-06 13:55:16.312  INFO [shineon.api.uauth,,,] 15148 --- [main] o.s.i.monitor.IntegrationMBeanExporter   : Registering MessageChannel nullChannel
2019-12-06 13:55:16.329  INFO [shineon.api.uauth,,,] 15148 --- [main] o.s.i.monitor.IntegrationMBeanExporter   : Registering MessageHandler errorLogger
2019-12-06 13:55:16.360  INFO [shineon.api.uauth,,,] 15148 --- [main] o.s.i.endpoint.EventDrivenConsumer       : Adding {logging-channel-adapter:_org.springframework.integration.errorLogger} as a subscriber to the 'errorChannel' channel
2019-12-06 13:55:16.361  INFO [shineon.api.uauth,,,] 15148 --- [main] o.s.i.channel.PublishSubscribeChannel    : Channel 'application-1.errorChannel' has 1 subscriber(s).
2019-12-06 13:55:16.362  INFO [shineon.api.uauth,,,] 15148 --- [main] o.s.i.endpoint.EventDrivenConsumer       : started _org.springframework.integration.errorLogger
2019-12-06 13:55:16.377  INFO [shineon.api.uauth,,,] 15148 --- [main] o.s.c.n.eureka.InstanceInfoFactory       : Setting initial instance status as: STARTING
2019-12-06 13:55:16.449  INFO [shineon.api.uauth,,,] 15148 --- [main] com.netflix.discovery.DiscoveryClient    : Initializing Eureka in region us-east-1
2019-12-06 13:55:16.618  INFO [shineon.api.uauth,,,] 15148 --- [main] c.n.d.provider.DiscoveryJerseyProvider   : Using JSON encoding codec LegacyJacksonJson
2019-12-06 13:55:16.618  INFO [shineon.api.uauth,,,] 15148 --- [main] c.n.d.provider.DiscoveryJerseyProvider   : Using JSON decoding codec LegacyJacksonJson
2019-12-06 13:55:16.734  INFO [shineon.api.uauth,,,] 15148 --- [main] c.n.d.provider.DiscoveryJerseyProvider   : Using XML encoding codec XStreamXml
2019-12-06 13:55:16.735  INFO [shineon.api.uauth,,,] 15148 --- [main] c.n.d.provider.DiscoveryJerseyProvider   : Using XML decoding codec XStreamXml
2019-12-06 13:55:17.075  INFO [shineon.api.uauth,,,] 15148 --- [main] c.n.d.s.r.aws.ConfigClusterResolver      : Resolving eureka endpoints via configuration
2019-12-06 13:55:17.143  INFO [shineon.api.uauth,,,] 15148 --- [main] com.netflix.discovery.DiscoveryClient    : Disable delta property : false
2019-12-06 13:55:17.144  INFO [shineon.api.uauth,,,] 15148 --- [main] com.netflix.discovery.DiscoveryClient    : Single vip registry refresh property : null
2019-12-06 13:55:17.144  INFO [shineon.api.uauth,,,] 15148 --- [main] com.netflix.discovery.DiscoveryClient    : Force full registry fetch : false
2019-12-06 13:55:17.144  INFO [shineon.api.uauth,,,] 15148 --- [main] com.netflix.discovery.DiscoveryClient    : Application is null : false
2019-12-06 13:55:17.144  INFO [shineon.api.uauth,,,] 15148 --- [main] com.netflix.discovery.DiscoveryClient    : Registered Applications size is zero : true
2019-12-06 13:55:17.145  INFO [shineon.api.uauth,,,] 15148 --- [main] com.netflix.discovery.DiscoveryClient    : Application version is -1: true
2019-12-06 13:55:17.145  INFO [shineon.api.uauth,,,] 15148 --- [main] com.netflix.discovery.DiscoveryClient    : Getting all instance registry info from the eureka server
2019-12-06 13:55:17.336  INFO [shineon.api.uauth,,,] 15148 --- [main] com.netflix.discovery.DiscoveryClient    : The response status is 200
2019-12-06 13:55:17.338  INFO [shineon.api.uauth,,,] 15148 --- [main] com.netflix.discovery.DiscoveryClient    : Starting heartbeat executor: renew interval is: 30
2019-12-06 13:55:17.341  INFO [shineon.api.uauth,,,] 15148 --- [main] c.n.discovery.InstanceInfoReplicator     : InstanceInfoReplicator onDemand update allowed rate per min is 4
2019-12-06 13:55:17.345  INFO [shineon.api.uauth,,,] 15148 --- [main] com.netflix.discovery.DiscoveryClient    : Discovery Client initialized at timestamp 1575611717344 with initial instances count: 1
2019-12-06 13:55:17.352  INFO [shineon.api.uauth,,,] 15148 --- [main] o.s.c.n.e.s.EurekaServiceRegistry        : Registering application SHINEON.API.UAUTH with eureka with status UP
2019-12-06 13:55:17.355  INFO [shineon.api.uauth,,,] 15148 --- [main] com.netflix.discovery.DiscoveryClient    : Saw local status change event StatusChangeEvent [timestamp=1575611717355, current=UP, previous=STARTING]
2019-12-06 13:55:17.363  INFO [shineon.api.uauth,,,] 15148 --- [DiscoveryClient-InstanceInfoReplicator-0] com.netflix.discovery.DiscoveryClient    : DiscoveryClient_SHINEON.API.UAUTH/fh18829-2:shineon.api.uauth:129: registering service...
2019-12-06 13:55:17.439  INFO [shineon.api.uauth,,,] 15148 --- [DiscoveryClient-InstanceInfoReplicator-0] com.netflix.discovery.DiscoveryClient    : DiscoveryClient_SHINEON.API.UAUTH/fh18829-2:shineon.api.uauth:129 - registration status: 204
2019-12-06 13:55:18.050  INFO [shineon.api.uauth,,,] 15148 --- [main] o.s.b.w.embedded.tomcat.TomcatWebServer  : Tomcat started on port(s): 129 (http) with context path ''
2019-12-06 13:55:18.051  INFO [shineon.api.uauth,,,] 15148 --- [main] .s.c.n.e.s.EurekaAutoServiceRegistration : Updating port to 129
2019-12-06 13:55:18.063  INFO [shineon.api.uauth,,,] 15148 --- [main] com.shineon.coder.CoderApplication       : Started CoderApplication in 50.684 seconds (JVM running for 60.233)
2019-12-06 13:59:37.603  INFO [shineon.api.uauth,,,] 15148 --- [http-nio-129-exec-1] o.a.c.c.C.[Tomcat].[localhost].[/]       : Initializing Spring DispatcherServlet 'dispatcherServlet'
2019-12-06 13:59:37.611  INFO [shineon.api.uauth,,,] 15148 --- [http-nio-129-exec-1] o.s.web.servlet.DispatcherServlet        : Initializing Servlet 'dispatcherServlet'
2019-12-06 13:59:37.631  INFO [shineon.api.uauth,,,] 15148 --- [http-nio-129-exec-1] o.s.web.servlet.DispatcherServlet        : Completed initialization in 19 ms
2019-12-06 13:59:37.989  INFO [shineon.api.uauth,0e27c4c6e7b7e53c,0e27c4c6e7b7e53c,false] 15148 --- [http-nio-129-exec-3] com.shineon.coder.action.ControllerLog   : action [shineon.api.uauth] [UserController] [login] start execute
2019-12-06 13:59:38.531  INFO [shineon.api.uauth,0e27c4c6e7b7e53c,a02d7c7dfe7ec002,false] 15148 --- [hystrix-shineon.server.uauth-1] c.netflix.config.ChainedDynamicProperty  : Flipping property: shineon.server.uauth.ribbon.ActiveConnectionsLimit to use NEXT property: niws.loadbalancer.availabilityFilteringRule.activeConnectionsLimit = 2147483647
2019-12-06 13:59:38.598  INFO [shineon.api.uauth,0e27c4c6e7b7e53c,a02d7c7dfe7ec002,false] 15148 --- [hystrix-shineon.server.uauth-1] c.n.u.concurrent.ShutdownEnabledTimer    : Shutdown hook installed for: NFLoadBalancer-PingTimer-shineon.server.uauth
2019-12-06 13:59:38.599  INFO [shineon.api.uauth,0e27c4c6e7b7e53c,a02d7c7dfe7ec002,false] 15148 --- [hystrix-shineon.server.uauth-1] c.netflix.loadbalancer.BaseLoadBalancer  : Client: shineon.server.uauth instantiated a LoadBalancer: DynamicServerListLoadBalancer:{NFLoadBalancer:name=shineon.server.uauth,current list of Servers=[],Load balancer stats=Zone stats: {},Server stats: []}ServerList:null
2019-12-06 13:59:38.607  INFO [shineon.api.uauth,0e27c4c6e7b7e53c,a02d7c7dfe7ec002,false] 15148 --- [hystrix-shineon.server.uauth-1] c.n.l.DynamicServerListLoadBalancer      : Using serverListUpdater PollingServerListUpdater
2019-12-06 13:59:38.630  INFO [shineon.api.uauth,0e27c4c6e7b7e53c,a02d7c7dfe7ec002,false] 15148 --- [hystrix-shineon.server.uauth-1] c.netflix.config.ChainedDynamicProperty  : Flipping property: shineon.server.uauth.ribbon.ActiveConnectionsLimit to use NEXT property: niws.loadbalancer.availabilityFilteringRule.activeConnectionsLimit = 2147483647
2019-12-06 13:59:38.632  INFO [shineon.api.uauth,0e27c4c6e7b7e53c,a02d7c7dfe7ec002,false] 15148 --- [hystrix-shineon.server.uauth-1] c.n.l.DynamicServerListLoadBalancer      : DynamicServerListLoadBalancer for client shineon.server.uauth initialized: DynamicServerListLoadBalancer:{NFLoadBalancer:name=shineon.server.uauth,current list of Servers=[fh18829-2:122],Load balancer stats=Zone stats: {defaultzone=[Zone:defaultzone;	Instance count:1;	Active connections count: 0;	Circuit breaker tripped count: 0;	Active connections per server: 0.0;]
},Server stats: [[Server:fh18829-2:122;	Zone:defaultZone;	Total Requests:0;	Successive connection failure:0;	Total blackout seconds:0;	Last connection made:Thu Jan 01 08:00:00 CST 1970;	First connection made: Thu Jan 01 08:00:00 CST 1970;	Active Connections:0;	total failure count in last (1000) msecs:0;	average resp time:0.0;	90 percentile resp time:0.0;	95 percentile resp time:0.0;	min resp time:0.0;	max resp time:0.0;	stddev resp time:0.0]
]}ServerList:org.springframework.cloud.netflix.ribbon.eureka.DomainExtractingServerList@5c46fc43
2019-12-06 13:59:39.612  INFO [shineon.api.uauth,,,] 15148 --- [PollingServerListUpdater-0] c.netflix.config.ChainedDynamicProperty  : Flipping property: shineon.server.uauth.ribbon.ActiveConnectionsLimit to use NEXT property: niws.loadbalancer.availabilityFilteringRule.activeConnectionsLimit = 2147483647
2019-12-06 14:00:10.134  INFO [shineon.api.uauth,1b7a58fae9dfed13,1b7a58fae9dfed13,false] 15148 --- [http-nio-129-exec-2] com.shineon.coder.action.ControllerLog   : action [shineon.api.uauth] [UserController] [login] start execute
2019-12-06 14:00:16.687  INFO [shineon.api.uauth,bdd8ee0280a6b90b,bdd8ee0280a6b90b,false] 15148 --- [http-nio-129-exec-4] com.shineon.coder.action.ControllerLog   : action [shineon.api.uauth] [UserController] [login] start execute
2019-12-06 14:00:17.159  INFO [shineon.api.uauth,,,] 15148 --- [AsyncResolver-bootstrap-executor-0] c.n.d.s.r.aws.ConfigClusterResolver      : Resolving eureka endpoints via configuration
2019-12-06 14:05:17.168  INFO [shineon.api.uauth,,,] 15148 --- [AsyncResolver-bootstrap-executor-0] c.n.d.s.r.aws.ConfigClusterResolver      : Resolving eureka endpoints via configuration
2019-12-06 14:10:17.182  INFO [shineon.api.uauth,,,] 15148 --- [AsyncResolver-bootstrap-executor-0] c.n.d.s.r.aws.ConfigClusterResolver      : Resolving eureka endpoints via configuration
2019-12-06 14:15:17.197  INFO [shineon.api.uauth,,,] 15148 --- [AsyncResolver-bootstrap-executor-0] c.n.d.s.r.aws.ConfigClusterResolver      : Resolving eureka endpoints via configuration
2019-12-06 14:20:17.204  INFO [shineon.api.uauth,,,] 15148 --- [AsyncResolver-bootstrap-executor-0] c.n.d.s.r.aws.ConfigClusterResolver      : Resolving eureka endpoints via configuration
