2019-08-01 15:57:22.847  INFO [shineon-db-user,,,] 11544 --- [main] com.shineon.coder.CoderApplication       : No active profile set, falling back to default profiles: default
2019-08-01 15:57:24.004  INFO [shineon-db-user,,,] 11544 --- [main] .s.d.r.c.RepositoryConfigurationDelegate : Multiple Spring Data modules found, entering strict repository configuration mode!
2019-08-01 15:57:24.004  INFO [shineon-db-user,,,] 11544 --- [main] .s.d.r.c.RepositoryConfigurationDelegate : Bootstrapping Spring Data repositories in DEFAULT mode.
2019-08-01 15:57:24.021  INFO [shineon-db-user,,,] 11544 --- [main] .s.d.r.c.RepositoryConfigurationDelegate : Finished Spring Data repository scanning in 11ms. Found 0 repository interfaces.
2019-08-01 15:57:24.029  INFO [shineon-db-user,,,] 11544 --- [main] .s.d.r.c.RepositoryConfigurationDelegate : Multiple Spring Data modules found, entering strict repository configuration mode!
2019-08-01 15:57:24.030  INFO [shineon-db-user,,,] 11544 --- [main] .s.d.r.c.RepositoryConfigurationDelegate : Bootstrapping Spring Data repositories in DEFAULT mode.
2019-08-01 15:57:24.040  INFO [shineon-db-user,,,] 11544 --- [main] .s.d.r.c.RepositoryConfigurationDelegate : Finished Spring Data repository scanning in 3ms. Found 0 repository interfaces.
2019-08-01 15:57:24.129  WARN [shineon-db-user,,,] 11544 --- [main] o.s.boot.actuate.endpoint.EndpointId     : Endpoint ID 'service-registry' contains invalid characters, please migrate to a valid format.
2019-08-01 15:57:24.381  INFO [shineon-db-user,,,] 11544 --- [main] o.s.cloud.context.scope.GenericScope     : BeanFactory id=fb757bc1-b0bf-3297-89d0-4551aab89d8b
2019-08-01 15:57:24.397  INFO [shineon-db-user,,,] 11544 --- [main] faultConfiguringBeanFactoryPostProcessor : No bean named 'errorChannel' has been explicitly defined. Therefore, a default PublishSubscribeChannel will be created.
2019-08-01 15:57:24.406  INFO [shineon-db-user,,,] 11544 --- [main] faultConfiguringBeanFactoryPostProcessor : No bean named 'taskScheduler' has been explicitly defined. Therefore, a default ThreadPoolTaskScheduler will be created.
2019-08-01 15:57:24.412  INFO [shineon-db-user,,,] 11544 --- [main] faultConfiguringBeanFactoryPostProcessor : No bean named 'integrationHeaderChannelRegistry' has been explicitly defined. Therefore, a default DefaultHeaderChannelRegistry will be created.
2019-08-01 15:57:24.715  INFO [shineon-db-user,,,] 11544 --- [main] trationDelegate$BeanPostProcessorChecker : Bean 'org.springframework.transaction.annotation.ProxyTransactionManagementConfiguration' of type [org.springframework.transaction.annotation.ProxyTransactionManagementConfiguration$$EnhancerBySpringCGLIB$$a071fcf] is not eligible for getting processed by all BeanPostProcessors (for example: not eligible for auto-proxying)
2019-08-01 15:57:24.736  INFO [shineon-db-user,,,] 11544 --- [main] trationDelegate$BeanPostProcessorChecker : Bean 'org.springframework.integration.config.IntegrationManagementConfiguration' of type [org.springframework.integration.config.IntegrationManagementConfiguration$$EnhancerBySpringCGLIB$$74f8dafe] is not eligible for getting processed by all BeanPostProcessors (for example: not eligible for auto-proxying)
2019-08-01 15:57:24.752  INFO [shineon-db-user,,,] 11544 --- [main] trationDelegate$BeanPostProcessorChecker : Bean 'org.springframework.boot.autoconfigure.integration.IntegrationAutoConfiguration$IntegrationJmxConfiguration' of type [org.springframework.boot.autoconfigure.integration.IntegrationAutoConfiguration$IntegrationJmxConfiguration$$EnhancerBySpringCGLIB$$508ae61e] is not eligible for getting processed by all BeanPostProcessors (for example: not eligible for auto-proxying)
2019-08-01 15:57:24.760  INFO [shineon-db-user,,,] 11544 --- [main] trationDelegate$BeanPostProcessorChecker : Bean 'org.springframework.boot.autoconfigure.jmx.JmxAutoConfiguration' of type [org.springframework.boot.autoconfigure.jmx.JmxAutoConfiguration$$EnhancerBySpringCGLIB$$89728eeb] is not eligible for getting processed by all BeanPostProcessors (for example: not eligible for auto-proxying)
2019-08-01 15:57:24.765  INFO [shineon-db-user,,,] 11544 --- [main] trationDelegate$BeanPostProcessorChecker : Bean 'mbeanServer' of type [com.sun.jmx.mbeanserver.JmxMBeanServer] is not eligible for getting processed by all BeanPostProcessors (for example: not eligible for auto-proxying)
2019-08-01 15:57:24.798  INFO [shineon-db-user,,,] 11544 --- [main] trationDelegate$BeanPostProcessorChecker : Bean 'integrationDisposableAutoCreatedBeans' of type [org.springframework.integration.config.annotation.Disposables] is not eligible for getting processed by all BeanPostProcessors (for example: not eligible for auto-proxying)
2019-08-01 15:57:24.825  INFO [shineon-db-user,,,] 11544 --- [main] trationDelegate$BeanPostProcessorChecker : Bean 'org.springframework.cloud.autoconfigure.ConfigurationPropertiesRebinderAutoConfiguration' of type [org.springframework.cloud.autoconfigure.ConfigurationPropertiesRebinderAutoConfiguration$$EnhancerBySpringCGLIB$$262122cc] is not eligible for getting processed by all BeanPostProcessors (for example: not eligible for auto-proxying)
2019-08-01 15:57:25.108  INFO [shineon-db-user,,,] 11544 --- [main] o.s.b.w.embedded.tomcat.TomcatWebServer  : Tomcat initialized with port(s): 121 (http)
2019-08-01 15:57:25.123  INFO [shineon-db-user,,,] 11544 --- [main] o.apache.catalina.core.StandardService   : Starting service [Tomcat]
2019-08-01 15:57:25.123  INFO [shineon-db-user,,,] 11544 --- [main] org.apache.catalina.core.StandardEngine  : Starting Servlet engine: [Apache Tomcat/9.0.21]
2019-08-01 15:57:25.220  INFO [shineon-db-user,,,] 11544 --- [main] o.a.c.c.C.[Tomcat].[localhost].[/]       : Initializing Spring embedded WebApplicationContext
2019-08-01 15:57:25.220  INFO [shineon-db-user,,,] 11544 --- [main] o.s.web.context.ContextLoader            : Root WebApplicationContext: initialization completed in 2357 ms
2019-08-01 15:57:25.352  WARN [shineon-db-user,,,] 11544 --- [main] c.n.c.sources.URLConfigurationSource     : No URLs will be polled as dynamic configuration sources.
2019-08-01 15:57:25.353  INFO [shineon-db-user,,,] 11544 --- [main] c.n.c.sources.URLConfigurationSource     : To enable URLs as dynamic configuration sources, define System property archaius.configurationSource.additionalUrls or make config.properties available on classpath.
2019-08-01 15:57:25.360  INFO [shineon-db-user,,,] 11544 --- [main] c.netflix.config.DynamicPropertyFactory  : DynamicPropertyFactory is initialized with configuration sources: com.netflix.config.ConcurrentCompositeConfiguration@48499739
2019-08-01 15:57:26.300  INFO [shineon-db-user,,,] 11544 --- [main] org.mongodb.driver.cluster               : Cluster created with settings {hosts=[127.0.0.1:27017], mode=MULTIPLE, requiredClusterType=UNKNOWN, serverSelectionTimeout='30000 ms', maxWaitQueueSize=500}
2019-08-01 15:57:26.300  INFO [shineon-db-user,,,] 11544 --- [main] org.mongodb.driver.cluster               : Adding discovered server 127.0.0.1:27017 to client view of cluster
2019-08-01 15:57:27.348  INFO [shineon-db-user,,,] 11544 --- [cluster-ClusterId{value='5d429b66e7f68e2d1819d07d', description='null'}-127.0.0.1:27017] org.mongodb.driver.cluster               : Exception in monitor thread while connecting to server 127.0.0.1:27017

com.mongodb.MongoSocketOpenException: Exception opening socket
	at com.mongodb.internal.connection.SocketStream.open(SocketStream.java:67) ~[mongodb-driver-core-3.8.2.jar:na]
	at com.mongodb.internal.connection.InternalStreamConnection.open(InternalStreamConnection.java:126) ~[mongodb-driver-core-3.8.2.jar:na]
	at com.mongodb.internal.connection.DefaultServerMonitor$ServerMonitorRunnable.run(DefaultServerMonitor.java:117) ~[mongodb-driver-core-3.8.2.jar:na]
	at java.lang.Thread.run(Thread.java:745) [na:1.8.0_60]
Caused by: java.net.ConnectException: Connection refused: connect
	at java.net.DualStackPlainSocketImpl.waitForConnect(Native Method) ~[na:1.8.0_60]
	at java.net.DualStackPlainSocketImpl.socketConnect(DualStackPlainSocketImpl.java:85) ~[na:1.8.0_60]
	at java.net.AbstractPlainSocketImpl.doConnect(AbstractPlainSocketImpl.java:350) ~[na:1.8.0_60]
	at java.net.AbstractPlainSocketImpl.connectToAddress(AbstractPlainSocketImpl.java:206) ~[na:1.8.0_60]
	at java.net.AbstractPlainSocketImpl.connect(AbstractPlainSocketImpl.java:188) ~[na:1.8.0_60]
	at java.net.PlainSocketImpl.connect(PlainSocketImpl.java:172) ~[na:1.8.0_60]
	at java.net.SocksSocketImpl.connect(SocksSocketImpl.java:392) ~[na:1.8.0_60]
	at java.net.Socket.connect(Socket.java:589) ~[na:1.8.0_60]
	at com.mongodb.internal.connection.SocketStreamHelper.initialize(SocketStreamHelper.java:64) ~[mongodb-driver-core-3.8.2.jar:na]
	at com.mongodb.internal.connection.SocketStream.open(SocketStream.java:62) ~[mongodb-driver-core-3.8.2.jar:na]
	... 3 common frames omitted

2019-08-01 15:57:27.641  INFO [shineon-db-user,,,] 11544 --- [main] o.s.s.concurrent.ThreadPoolTaskExecutor  : Initializing ExecutorService
2019-08-01 15:57:27.642  INFO [shineon-db-user,,,] 11544 --- [main] o.s.s.concurrent.ThreadPoolTaskExecutor  : Initializing ExecutorService 'pool_schedule'
2019-08-01 15:57:27.667  WARN [shineon-db-user,,,] 11544 --- [main] c.n.c.sources.URLConfigurationSource     : No URLs will be polled as dynamic configuration sources.
2019-08-01 15:57:27.667  INFO [shineon-db-user,,,] 11544 --- [main] c.n.c.sources.URLConfigurationSource     : To enable URLs as dynamic configuration sources, define System property archaius.configurationSource.additionalUrls or make config.properties available on classpath.
2019-08-01 15:57:28.633  INFO [shineon-db-user,,,] 11544 --- [main] io.lettuce.core.EpollProvider            : Starting without optional epoll library
2019-08-01 15:57:28.634  INFO [shineon-db-user,,,] 11544 --- [main] io.lettuce.core.KqueueProvider           : Starting without optional kqueue library
2019-08-01 15:57:29.777  WARN [shineon-db-user,,,] 11544 --- [main] ConfigServletWebServerApplicationContext : Exception encountered during context initialization - cancelling refresh attempt: org.springframework.beans.factory.BeanCreationException: Error creating bean with name 'enableRedisKeyspaceNotificationsInitializer' defined in class path resource [org/springframework/boot/autoconfigure/session/RedisSessionConfiguration$SpringBootRedisHttpSessionConfiguration.class]: Invocation of init method failed; nested exception is org.springframework.data.redis.RedisConnectionFailureException: Unable to connect to Redis; nested exception is io.lettuce.core.RedisConnectionException: Unable to connect to 127.0.0.1:6379
2019-08-01 15:57:29.783  INFO [shineon-db-user,,,] 11544 --- [main] o.s.s.concurrent.ThreadPoolTaskExecutor  : Shutting down ExecutorService 'pool_schedule'
2019-08-01 15:57:30.897  INFO [shineon-db-user,,,] 11544 --- [main] o.apache.catalina.core.StandardService   : Stopping service [Tomcat]
2019-08-01 15:57:30.910  INFO [shineon-db-user,,,] 11544 --- [main] ConditionEvaluationReportLoggingListener : 

Error starting ApplicationContext. To display the conditions report re-run your application with 'debug' enabled.
2019-08-01 15:57:30.915 ERROR [shineon-db-user,,,] 11544 --- [main] o.s.boot.SpringApplication               : Application run failed

org.springframework.beans.factory.BeanCreationException: Error creating bean with name 'enableRedisKeyspaceNotificationsInitializer' defined in class path resource [org/springframework/boot/autoconfigure/session/RedisSessionConfiguration$SpringBootRedisHttpSessionConfiguration.class]: Invocation of init method failed; nested exception is org.springframework.data.redis.RedisConnectionFailureException: Unable to connect to Redis; nested exception is io.lettuce.core.RedisConnectionException: Unable to connect to 127.0.0.1:6379
	at org.springframework.beans.factory.support.AbstractAutowireCapableBeanFactory.initializeBean(AbstractAutowireCapableBeanFactory.java:1778) ~[spring-beans-5.1.8.RELEASE.jar:5.1.8.RELEASE]
	at org.springframework.beans.factory.support.AbstractAutowireCapableBeanFactory.doCreateBean(AbstractAutowireCapableBeanFactory.java:593) ~[spring-beans-5.1.8.RELEASE.jar:5.1.8.RELEASE]
	at org.springframework.beans.factory.support.AbstractAutowireCapableBeanFactory.createBean(AbstractAutowireCapableBeanFactory.java:515) ~[spring-beans-5.1.8.RELEASE.jar:5.1.8.RELEASE]
	at org.springframework.beans.factory.support.AbstractBeanFactory.lambda$doGetBean$0(AbstractBeanFactory.java:320) ~[spring-beans-5.1.8.RELEASE.jar:5.1.8.RELEASE]
	at org.springframework.beans.factory.support.DefaultSingletonBeanRegistry.getSingleton(DefaultSingletonBeanRegistry.java:222) ~[spring-beans-5.1.8.RELEASE.jar:5.1.8.RELEASE]
	at org.springframework.beans.factory.support.AbstractBeanFactory.doGetBean(AbstractBeanFactory.java:318) ~[spring-beans-5.1.8.RELEASE.jar:5.1.8.RELEASE]
	at org.springframework.beans.factory.support.AbstractBeanFactory.getBean(AbstractBeanFactory.java:199) ~[spring-beans-5.1.8.RELEASE.jar:5.1.8.RELEASE]
	at org.springframework.beans.factory.support.DefaultListableBeanFactory.preInstantiateSingletons(DefaultListableBeanFactory.java:845) ~[spring-beans-5.1.8.RELEASE.jar:5.1.8.RELEASE]
	at org.springframework.context.support.AbstractApplicationContext.finishBeanFactoryInitialization(AbstractApplicationContext.java:877) ~[spring-context-5.1.8.RELEASE.jar:5.1.8.RELEASE]
	at org.springframework.context.support.AbstractApplicationContext.refresh(AbstractApplicationContext.java:549) ~[spring-context-5.1.8.RELEASE.jar:5.1.8.RELEASE]
	at org.springframework.boot.web.servlet.context.ServletWebServerApplicationContext.refresh(ServletWebServerApplicationContext.java:140) ~[spring-boot-2.1.6.RELEASE.jar:2.1.6.RELEASE]
	at org.springframework.boot.SpringApplication.refresh(SpringApplication.java:742) [spring-boot-2.1.6.RELEASE.jar:2.1.6.RELEASE]
	at org.springframework.boot.SpringApplication.refreshContext(SpringApplication.java:389) [spring-boot-2.1.6.RELEASE.jar:2.1.6.RELEASE]
	at org.springframework.boot.SpringApplication.run(SpringApplication.java:311) [spring-boot-2.1.6.RELEASE.jar:2.1.6.RELEASE]
	at org.springframework.boot.SpringApplication.run(SpringApplication.java:1213) [spring-boot-2.1.6.RELEASE.jar:2.1.6.RELEASE]
	at org.springframework.boot.SpringApplication.run(SpringApplication.java:1202) [spring-boot-2.1.6.RELEASE.jar:2.1.6.RELEASE]
	at com.shineon.coder.CoderApplication.main(CoderApplication.java:15) [classes/:na]
Caused by: org.springframework.data.redis.RedisConnectionFailureException: Unable to connect to Redis; nested exception is io.lettuce.core.RedisConnectionException: Unable to connect to 127.0.0.1:6379
	at org.springframework.data.redis.connection.lettuce.LettuceConnectionFactory$SharedConnection.getNativeConnection(LettuceConnectionFactory.java:1106) ~[spring-data-redis-2.1.9.RELEASE.jar:2.1.9.RELEASE]
	at org.springframework.data.redis.connection.lettuce.LettuceConnectionFactory$SharedConnection.getConnection(LettuceConnectionFactory.java:1085) ~[spring-data-redis-2.1.9.RELEASE.jar:2.1.9.RELEASE]
	at org.springframework.data.redis.connection.lettuce.LettuceConnectionFactory.getSharedConnection(LettuceConnectionFactory.java:866) ~[spring-data-redis-2.1.9.RELEASE.jar:2.1.9.RELEASE]
	at org.springframework.data.redis.connection.lettuce.LettuceConnectionFactory.getConnection(LettuceConnectionFactory.java:341) ~[spring-data-redis-2.1.9.RELEASE.jar:2.1.9.RELEASE]
	at org.springframework.session.data.redis.config.annotation.web.http.RedisHttpSessionConfiguration$EnableRedisKeyspaceNotificationsInitializer.afterPropertiesSet(RedisHttpSessionConfiguration.java:302) ~[spring-session-data-redis-2.1.7.RELEASE.jar:2.1.7.RELEASE]
	at org.springframework.beans.factory.support.AbstractAutowireCapableBeanFactory.invokeInitMethods(AbstractAutowireCapableBeanFactory.java:1837) ~[spring-beans-5.1.8.RELEASE.jar:5.1.8.RELEASE]
	at org.springframework.beans.factory.support.AbstractAutowireCapableBeanFactory.initializeBean(AbstractAutowireCapableBeanFactory.java:1774) ~[spring-beans-5.1.8.RELEASE.jar:5.1.8.RELEASE]
	... 16 common frames omitted
Caused by: io.lettuce.core.RedisConnectionException: Unable to connect to 127.0.0.1:6379
	at io.lettuce.core.RedisConnectionException.create(RedisConnectionException.java:78) ~[lettuce-core-5.1.7.RELEASE.jar:na]
	at io.lettuce.core.RedisConnectionException.create(RedisConnectionException.java:56) ~[lettuce-core-5.1.7.RELEASE.jar:na]
	at io.lettuce.core.AbstractRedisClient.getConnection(AbstractRedisClient.java:235) ~[lettuce-core-5.1.7.RELEASE.jar:na]
	at io.lettuce.core.RedisClient.connect(RedisClient.java:204) ~[lettuce-core-5.1.7.RELEASE.jar:na]
	at org.springframework.data.redis.connection.lettuce.StandaloneConnectionProvider.lambda$getConnection$1(StandaloneConnectionProvider.java:113) ~[spring-data-redis-2.1.9.RELEASE.jar:2.1.9.RELEASE]
	at java.util.Optional.orElseGet(Optional.java:267) ~[na:1.8.0_60]
	at org.springframework.data.redis.connection.lettuce.StandaloneConnectionProvider.getConnection(StandaloneConnectionProvider.java:113) ~[spring-data-redis-2.1.9.RELEASE.jar:2.1.9.RELEASE]
	at org.springframework.data.redis.connection.lettuce.LettuceConnectionFactory$SharedConnection.getNativeConnection(LettuceConnectionFactory.java:1104) ~[spring-data-redis-2.1.9.RELEASE.jar:2.1.9.RELEASE]
	... 22 common frames omitted
Caused by: io.netty.channel.AbstractChannel$AnnotatedConnectException: Connection refused: no further information: /127.0.0.1:6379
	at sun.nio.ch.SocketChannelImpl.checkConnect(Native Method) ~[na:1.8.0_60]
	at sun.nio.ch.SocketChannelImpl.finishConnect(SocketChannelImpl.java:717) ~[na:1.8.0_60]
	at io.netty.channel.socket.nio.NioSocketChannel.doFinishConnect(NioSocketChannel.java:327) ~[netty-transport-4.1.36.Final.jar:4.1.36.Final]
	at io.netty.channel.nio.AbstractNioChannel$AbstractNioUnsafe.finishConnect(AbstractNioChannel.java:340) ~[netty-transport-4.1.36.Final.jar:4.1.36.Final]
	at io.netty.channel.nio.NioEventLoop.processSelectedKey(NioEventLoop.java:670) ~[netty-transport-4.1.36.Final.jar:4.1.36.Final]
	at io.netty.channel.nio.NioEventLoop.processSelectedKeysOptimized(NioEventLoop.java:617) ~[netty-transport-4.1.36.Final.jar:4.1.36.Final]
	at io.netty.channel.nio.NioEventLoop.processSelectedKeys(NioEventLoop.java:534) ~[netty-transport-4.1.36.Final.jar:4.1.36.Final]
	at io.netty.channel.nio.NioEventLoop.run(NioEventLoop.java:496) ~[netty-transport-4.1.36.Final.jar:4.1.36.Final]
	at io.netty.util.concurrent.SingleThreadEventExecutor$5.run(SingleThreadEventExecutor.java:906) ~[netty-common-4.1.36.Final.jar:4.1.36.Final]
	at io.netty.util.internal.ThreadExecutorMap$2.run(ThreadExecutorMap.java:74) ~[netty-common-4.1.36.Final.jar:4.1.36.Final]
	at io.netty.util.concurrent.FastThreadLocalRunnable.run(FastThreadLocalRunnable.java:30) ~[netty-common-4.1.36.Final.jar:4.1.36.Final]
	at java.lang.Thread.run(Thread.java:745) ~[na:1.8.0_60]
Caused by: java.net.ConnectException: Connection refused: no further information
	... 12 common frames omitted

