2019-12-06 13:53:19.556  INFO [shineon.base.user,,,] 12984 --- [main] com.shineon.coder.CoderApplication       : No active profile set, falling back to default profiles: default
2019-12-06 13:54:03.753  INFO [shineon.base.user,,,] 14980 --- [main] com.shineon.coder.CoderApplication       : No active profile set, falling back to default profiles: default
2019-12-06 13:54:17.309  INFO [shineon.base.user,,,] 14980 --- [main] .s.d.r.c.RepositoryConfigurationDelegate : Multiple Spring Data modules found, entering strict repository configuration mode!
2019-12-06 13:54:17.324  INFO [shineon.base.user,,,] 14980 --- [main] .s.d.r.c.RepositoryConfigurationDelegate : Bootstrapping Spring Data repositories in DEFAULT mode.
2019-12-06 13:54:18.242  INFO [shineon.base.user,,,] 14980 --- [main] .s.d.r.c.RepositoryConfigurationDelegate : Finished Spring Data repository scanning in 222ms. Found 0 repository interfaces.
2019-12-06 13:54:19.431  WARN [shineon.base.user,,,] 14980 --- [main] o.s.boot.actuate.endpoint.EndpointId     : Endpoint ID 'service-registry' contains invalid characters, please migrate to a valid format.
2019-12-06 13:54:21.520  INFO [shineon.base.user,,,] 14980 --- [main] o.s.cloud.context.scope.GenericScope     : BeanFactory id=719edb1d-12a0-393a-bcce-2d4038dcc660
2019-12-06 13:54:21.627  INFO [shineon.base.user,,,] 14980 --- [main] faultConfiguringBeanFactoryPostProcessor : No bean named 'errorChannel' has been explicitly defined. Therefore, a default PublishSubscribeChannel will be created.
2019-12-06 13:54:21.655  INFO [shineon.base.user,,,] 14980 --- [main] faultConfiguringBeanFactoryPostProcessor : No bean named 'integrationHeaderChannelRegistry' has been explicitly defined. Therefore, a default DefaultHeaderChannelRegistry will be created.
2019-12-06 13:54:22.539  INFO [shineon.base.user,,,] 14980 --- [main] trationDelegate$BeanPostProcessorChecker : Bean 'integrationDisposableAutoCreatedBeans' of type [org.springframework.integration.config.annotation.Disposables] is not eligible for getting processed by all BeanPostProcessors (for example: not eligible for auto-proxying)
2019-12-06 13:54:22.643  INFO [shineon.base.user,,,] 14980 --- [main] trationDelegate$BeanPostProcessorChecker : Bean 'org.springframework.integration.config.IntegrationManagementConfiguration' of type [org.springframework.integration.config.IntegrationManagementConfiguration$$EnhancerBySpringCGLIB$$da697278] is not eligible for getting processed by all BeanPostProcessors (for example: not eligible for auto-proxying)
2019-12-06 13:54:22.691  INFO [shineon.base.user,,,] 14980 --- [main] trationDelegate$BeanPostProcessorChecker : Bean 'org.springframework.boot.autoconfigure.integration.IntegrationAutoConfiguration$IntegrationJmxConfiguration' of type [org.springframework.boot.autoconfigure.integration.IntegrationAutoConfiguration$IntegrationJmxConfiguration$$EnhancerBySpringCGLIB$$b5fb7d98] is not eligible for getting processed by all BeanPostProcessors (for example: not eligible for auto-proxying)
2019-12-06 13:54:22.744  INFO [shineon.base.user,,,] 14980 --- [main] trationDelegate$BeanPostProcessorChecker : Bean 'org.springframework.boot.autoconfigure.jmx.JmxAutoConfiguration' of type [org.springframework.boot.autoconfigure.jmx.JmxAutoConfiguration$$EnhancerBySpringCGLIB$$eee32665] is not eligible for getting processed by all BeanPostProcessors (for example: not eligible for auto-proxying)
2019-12-06 13:54:22.822  INFO [shineon.base.user,,,] 14980 --- [main] trationDelegate$BeanPostProcessorChecker : Bean 'mbeanServer' of type [com.sun.jmx.mbeanserver.JmxMBeanServer] is not eligible for getting processed by all BeanPostProcessors (for example: not eligible for auto-proxying)
2019-12-06 13:54:23.111  INFO [shineon.base.user,,,] 14980 --- [main] trationDelegate$BeanPostProcessorChecker : Bean 'org.springframework.cloud.autoconfigure.ConfigurationPropertiesRebinderAutoConfiguration' of type [org.springframework.cloud.autoconfigure.ConfigurationPropertiesRebinderAutoConfiguration$$EnhancerBySpringCGLIB$$8b91ba46] is not eligible for getting processed by all BeanPostProcessors (for example: not eligible for auto-proxying)
2019-12-06 13:54:25.260  INFO [shineon.base.user,,,] 14980 --- [main] o.s.b.w.embedded.tomcat.TomcatWebServer  : Tomcat initialized with port(s): 125 (http)
2019-12-06 13:54:25.302  INFO [shineon.base.user,,,] 14980 --- [main] o.apache.catalina.core.StandardService   : Starting service [Tomcat]
2019-12-06 13:54:25.303  INFO [shineon.base.user,,,] 14980 --- [main] org.apache.catalina.core.StandardEngine  : Starting Servlet engine: [Apache Tomcat/9.0.21]
2019-12-06 13:54:26.133  INFO [shineon.base.user,,,] 14980 --- [main] o.a.c.c.C.[Tomcat].[localhost].[/]       : Initializing Spring embedded WebApplicationContext
2019-12-06 13:54:26.133  INFO [shineon.base.user,,,] 14980 --- [main] o.s.web.context.ContextLoader            : Root WebApplicationContext: initialization completed in 21804 ms
2019-12-06 13:54:26.903  WARN [shineon.base.user,,,] 14980 --- [main] c.n.c.sources.URLConfigurationSource     : No URLs will be polled as dynamic configuration sources.
2019-12-06 13:54:26.904  INFO [shineon.base.user,,,] 14980 --- [main] c.n.c.sources.URLConfigurationSource     : To enable URLs as dynamic configuration sources, define System property archaius.configurationSource.additionalUrls or make config.properties available on classpath.
2019-12-06 13:54:26.974  INFO [shineon.base.user,,,] 14980 --- [main] c.netflix.config.DynamicPropertyFactory  : DynamicPropertyFactory is initialized with configuration sources: com.netflix.config.ConcurrentCompositeConfiguration@5e77f0f4
2019-12-06 13:54:46.578  INFO [shineon.base.user,,,] 14980 --- [main] o.s.s.c.ThreadPoolTaskScheduler          : Initializing ExecutorService 'taskScheduler'
2019-12-06 13:54:55.167  INFO [shineon.base.user,,,] 14980 --- [main] o.s.s.concurrent.ThreadPoolTaskExecutor  : Initializing ExecutorService
2019-12-06 13:54:55.175  INFO [shineon.base.user,,,] 14980 --- [main] o.s.s.concurrent.ThreadPoolTaskExecutor  : Initializing ExecutorService 'pool_schedule1'
2019-12-06 13:54:55.260  WARN [shineon.base.user,,,] 14980 --- [main] c.n.c.sources.URLConfigurationSource     : No URLs will be polled as dynamic configuration sources.
2019-12-06 13:54:55.285  INFO [shineon.base.user,,,] 14980 --- [main] c.n.c.sources.URLConfigurationSource     : To enable URLs as dynamic configuration sources, define System property archaius.configurationSource.additionalUrls or make config.properties available on classpath.
2019-12-06 13:55:04.970  INFO [shineon.base.user,,,] 14980 --- [main] o.s.b.a.e.web.EndpointLinksResolver      : Exposing 2 endpoint(s) beneath base path '/actuator'
2019-12-06 13:55:05.430  INFO [shineon.base.user,,,] 14980 --- [main] o.s.c.s.m.DirectWithAttributesChannel    : Channel 'application-1.UserNoticeMessageInput' has 1 subscriber(s).
2019-12-06 13:55:05.431  INFO [shineon.base.user,,,] 14980 --- [main] o.s.c.s.m.DirectWithAttributesChannel    : Channel 'application-1.PrivilegeMessageInput' has 1 subscriber(s).
2019-12-06 13:55:05.432  INFO [shineon.base.user,,,] 14980 --- [main] o.s.c.s.m.DirectWithAttributesChannel    : Channel 'application-1.UserErrorMessageInput' has 1 subscriber(s).
2019-12-06 13:55:05.966  INFO [shineon.base.user,,,] 14980 --- [main] o.s.i.monitor.IntegrationMBeanExporter   : Registering MessageChannel PrivilegeMessageOutput
2019-12-06 13:55:06.060  INFO [shineon.base.user,,,] 14980 --- [main] o.s.i.monitor.IntegrationMBeanExporter   : Registering MessageChannel UserNoticeMessageInput
2019-12-06 13:55:06.067  INFO [shineon.base.user,,,] 14980 --- [main] o.s.i.monitor.IntegrationMBeanExporter   : Registering MessageChannel errorChannel
2019-12-06 13:55:06.132  INFO [shineon.base.user,,,] 14980 --- [main] o.s.i.monitor.IntegrationMBeanExporter   : Registering MessageChannel UserErrorMessageOutput
2019-12-06 13:55:06.139  INFO [shineon.base.user,,,] 14980 --- [main] o.s.i.monitor.IntegrationMBeanExporter   : Registering MessageChannel nullChannel
2019-12-06 13:55:06.176  INFO [shineon.base.user,,,] 14980 --- [main] o.s.i.monitor.IntegrationMBeanExporter   : Registering MessageChannel UserNoticeMessageOutput
2019-12-06 13:55:06.190  INFO [shineon.base.user,,,] 14980 --- [main] o.s.i.monitor.IntegrationMBeanExporter   : Registering MessageChannel UserErrorMessageInput
2019-12-06 13:55:06.206  INFO [shineon.base.user,,,] 14980 --- [main] o.s.i.monitor.IntegrationMBeanExporter   : Registering MessageChannel PrivilegeMessageInput
2019-12-06 13:55:06.219  INFO [shineon.base.user,,,] 14980 --- [main] o.s.i.monitor.IntegrationMBeanExporter   : Registering MessageHandler org.springframework.cloud.stream.binding.StreamListenerMessageHandler@6f6621e3
2019-12-06 13:55:06.311  INFO [shineon.base.user,,,] 14980 --- [main] o.s.i.monitor.IntegrationMBeanExporter   : Registering MessageHandler errorLogger
2019-12-06 13:55:06.330  INFO [shineon.base.user,,,] 14980 --- [main] o.s.i.monitor.IntegrationMBeanExporter   : Registering MessageHandler org.springframework.cloud.stream.binding.StreamListenerMessageHandler@4a34e9f
2019-12-06 13:55:06.347  INFO [shineon.base.user,,,] 14980 --- [main] o.s.i.monitor.IntegrationMBeanExporter   : Registering MessageHandler org.springframework.cloud.stream.binding.StreamListenerMessageHandler@188b6035
2019-12-06 13:55:06.392  INFO [shineon.base.user,,,] 14980 --- [main] o.s.i.endpoint.EventDrivenConsumer       : Adding {logging-channel-adapter:_org.springframework.integration.errorLogger} as a subscriber to the 'errorChannel' channel
2019-12-06 13:55:06.392  INFO [shineon.base.user,,,] 14980 --- [main] o.s.i.channel.PublishSubscribeChannel    : Channel 'application-1.errorChannel' has 1 subscriber(s).
2019-12-06 13:55:06.393  INFO [shineon.base.user,,,] 14980 --- [main] o.s.i.endpoint.EventDrivenConsumer       : started _org.springframework.integration.errorLogger
2019-12-06 13:55:07.472  INFO [shineon.base.user,,,] 14980 --- [main] c.s.coder.service.mq.oper.OperationUtil  : 添加消息操作对象com.shineon.coder.service.mq.oper.UserMessageOperation
2019-12-06 13:55:07.580  INFO [shineon.base.user,,,] 14980 --- [main] o.s.a.r.c.CachingConnectionFactory       : Attempting to connect to: [127.0.0.1:5672]
2019-12-06 13:55:08.387  INFO [shineon.base.user,,,] 14980 --- [main] o.s.a.r.c.CachingConnectionFactory       : Created new connection: rabbitConnectionFactory#615f972:0/SimpleConnection@6b3f6585 [delegate=amqp://matao@127.0.0.1:5672/, localPort= 21028]
2019-12-06 13:55:08.509  INFO [shineon.base.user,,,] 14980 --- [main] o.s.c.s.m.DirectWithAttributesChannel    : Channel 'application-1.UserNoticeMessageOutput' has 1 subscriber(s).
2019-12-06 13:55:08.522  INFO [shineon.base.user,,,] 14980 --- [main] o.s.c.s.m.DirectWithAttributesChannel    : Channel 'application-1.UserErrorMessageOutput' has 1 subscriber(s).
2019-12-06 13:55:08.549  INFO [shineon.base.user,,,] 14980 --- [main] o.s.c.s.m.DirectWithAttributesChannel    : Channel 'application-1.PrivilegeMessageOutput' has 1 subscriber(s).
2019-12-06 13:55:08.631  INFO [shineon.base.user,,,] 14980 --- [main] o.s.c.n.eureka.InstanceInfoFactory       : Setting initial instance status as: STARTING
2019-12-06 13:55:08.794  INFO [shineon.base.user,,,] 14980 --- [main] com.netflix.discovery.DiscoveryClient    : Initializing Eureka in region us-east-1
2019-12-06 13:55:09.321  INFO [shineon.base.user,,,] 14980 --- [main] c.n.d.provider.DiscoveryJerseyProvider   : Using JSON encoding codec LegacyJacksonJson
2019-12-06 13:55:09.322  INFO [shineon.base.user,,,] 14980 --- [main] c.n.d.provider.DiscoveryJerseyProvider   : Using JSON decoding codec LegacyJacksonJson
2019-12-06 13:55:09.854  INFO [shineon.base.user,,,] 14980 --- [main] c.n.d.provider.DiscoveryJerseyProvider   : Using XML encoding codec XStreamXml
2019-12-06 13:55:09.855  INFO [shineon.base.user,,,] 14980 --- [main] c.n.d.provider.DiscoveryJerseyProvider   : Using XML decoding codec XStreamXml
2019-12-06 13:55:10.555  INFO [shineon.base.user,,,] 14980 --- [main] c.n.d.s.r.aws.ConfigClusterResolver      : Resolving eureka endpoints via configuration
2019-12-06 13:55:10.671  INFO [shineon.base.user,,,] 14980 --- [main] com.netflix.discovery.DiscoveryClient    : Disable delta property : false
2019-12-06 13:55:10.672  INFO [shineon.base.user,,,] 14980 --- [main] com.netflix.discovery.DiscoveryClient    : Single vip registry refresh property : null
2019-12-06 13:55:10.673  INFO [shineon.base.user,,,] 14980 --- [main] com.netflix.discovery.DiscoveryClient    : Force full registry fetch : false
2019-12-06 13:55:10.677  INFO [shineon.base.user,,,] 14980 --- [main] com.netflix.discovery.DiscoveryClient    : Application is null : false
2019-12-06 13:55:10.681  INFO [shineon.base.user,,,] 14980 --- [main] com.netflix.discovery.DiscoveryClient    : Registered Applications size is zero : true
2019-12-06 13:55:10.685  INFO [shineon.base.user,,,] 14980 --- [main] com.netflix.discovery.DiscoveryClient    : Application version is -1: true
2019-12-06 13:55:10.693  INFO [shineon.base.user,,,] 14980 --- [main] com.netflix.discovery.DiscoveryClient    : Getting all instance registry info from the eureka server
2019-12-06 13:55:11.125  INFO [shineon.base.user,,,] 14980 --- [main] com.netflix.discovery.DiscoveryClient    : The response status is 200
2019-12-06 13:55:11.131  INFO [shineon.base.user,,,] 14980 --- [main] com.netflix.discovery.DiscoveryClient    : Starting heartbeat executor: renew interval is: 30
2019-12-06 13:55:11.150  INFO [shineon.base.user,,,] 14980 --- [main] c.n.discovery.InstanceInfoReplicator     : InstanceInfoReplicator onDemand update allowed rate per min is 4
2019-12-06 13:55:11.177  INFO [shineon.base.user,,,] 14980 --- [main] com.netflix.discovery.DiscoveryClient    : Discovery Client initialized at timestamp 1575611711157 with initial instances count: 1
2019-12-06 13:55:11.194  INFO [shineon.base.user,,,] 14980 --- [main] o.s.c.n.e.s.EurekaServiceRegistry        : Registering application SHINEON.BASE.USER with eureka with status UP
2019-12-06 13:55:11.195  INFO [shineon.base.user,,,] 14980 --- [main] com.netflix.discovery.DiscoveryClient    : Saw local status change event StatusChangeEvent [timestamp=1575611711195, current=UP, previous=STARTING]
2019-12-06 13:55:11.199  INFO [shineon.base.user,,,] 14980 --- [DiscoveryClient-InstanceInfoReplicator-0] com.netflix.discovery.DiscoveryClient    : DiscoveryClient_SHINEON.BASE.USER/fh18829-2:shineon.base.user:125: registering service...
2019-12-06 13:55:11.226  INFO [shineon.base.user,,,] 14980 --- [main] c.s.b.r.p.RabbitExchangeQueueProvisioner : declaring queue for inbound: UserNoticeMessage.userNotice, bound to: UserNoticeMessage
2019-12-06 13:55:11.282  INFO [shineon.base.user,,,] 14980 --- [DiscoveryClient-InstanceInfoReplicator-0] com.netflix.discovery.DiscoveryClient    : DiscoveryClient_SHINEON.BASE.USER/fh18829-2:shineon.base.user:125 - registration status: 204
2019-12-06 13:55:11.310 ERROR [shineon.base.user,,,] 14980 --- [AMQP Connection 127.0.0.1:5672] o.s.a.r.c.CachingConnectionFactory       : Channel shutdown: channel error; protocol method: #method<channel.close>(reply-code=406, reply-text=PRECONDITION_FAILED - inequivalent arg 'type' for exchange 'UserErrorMessage' in vhost '/': received 'direct' but current is 'topic', class-id=40, method-id=10)
2019-12-06 13:55:11.406  INFO [shineon.base.user,,,] 14980 --- [main] o.s.i.monitor.IntegrationMBeanExporter   : Registering MessageChannel UserNoticeMessage.userNotice.errors
2019-12-06 13:55:12.186  INFO [shineon.base.user,,,] 14980 --- [main] o.s.c.stream.binder.BinderErrorChannel   : Channel 'application-1.UserNoticeMessage.userNotice.errors' has 1 subscriber(s).
2019-12-06 13:55:12.207  INFO [shineon.base.user,,,] 14980 --- [main] o.s.c.stream.binder.BinderErrorChannel   : Channel 'application-1.UserNoticeMessage.userNotice.errors' has 2 subscriber(s).
2019-12-06 13:55:12.492  INFO [shineon.base.user,,,] 14980 --- [main] o.s.i.a.i.AmqpInboundChannelAdapter      : started inbound.UserNoticeMessage.userNotice
2019-12-06 13:55:12.517  INFO [shineon.base.user,,,] 14980 --- [main] c.s.b.r.p.RabbitExchangeQueueProvisioner : declaring queue for inbound: UserErrorMessage.errorMessage, bound to: UserErrorMessage
2019-12-06 13:55:12.732  INFO [shineon.base.user,,,] 14980 --- [main] o.s.i.monitor.IntegrationMBeanExporter   : Registering MessageChannel UserErrorMessage.errorMessage.errors
2019-12-06 13:55:12.738  INFO [shineon.base.user,,,] 14980 --- [main] o.s.c.stream.binder.BinderErrorChannel   : Channel 'application-1.UserErrorMessage.errorMessage.errors' has 1 subscriber(s).
2019-12-06 13:55:12.740  INFO [shineon.base.user,,,] 14980 --- [main] o.s.c.stream.binder.BinderErrorChannel   : Channel 'application-1.UserErrorMessage.errorMessage.errors' has 2 subscriber(s).
2019-12-06 13:55:12.752  INFO [shineon.base.user,,,] 14980 --- [main] o.s.i.a.i.AmqpInboundChannelAdapter      : started inbound.UserErrorMessage.errorMessage
2019-12-06 13:55:12.755  INFO [shineon.base.user,,,] 14980 --- [main] c.s.b.r.p.RabbitExchangeQueueProvisioner : declaring queue for inbound: PrivilegeMessage.privilege, bound to: PrivilegeMessage
2019-12-06 13:55:12.760 ERROR [shineon.base.user,,,] 14980 --- [AMQP Connection 127.0.0.1:5672] o.s.a.r.c.CachingConnectionFactory       : Channel shutdown: channel error; protocol method: #method<channel.close>(reply-code=406, reply-text=PRECONDITION_FAILED - inequivalent arg 'type' for exchange 'UserErrorMessage' in vhost '/': received 'direct' but current is 'topic', class-id=40, method-id=10)
2019-12-06 13:55:12.788  INFO [shineon.base.user,,,] 14980 --- [main] o.s.i.monitor.IntegrationMBeanExporter   : Registering MessageChannel PrivilegeMessage.privilege.errors
2019-12-06 13:55:12.793  INFO [shineon.base.user,,,] 14980 --- [main] o.s.c.stream.binder.BinderErrorChannel   : Channel 'application-1.PrivilegeMessage.privilege.errors' has 1 subscriber(s).
2019-12-06 13:55:12.793  INFO [shineon.base.user,,,] 14980 --- [main] o.s.c.stream.binder.BinderErrorChannel   : Channel 'application-1.PrivilegeMessage.privilege.errors' has 2 subscriber(s).
2019-12-06 13:55:12.799  INFO [shineon.base.user,,,] 14980 --- [main] o.s.i.a.i.AmqpInboundChannelAdapter      : started inbound.PrivilegeMessage.privilege
2019-12-06 13:55:12.979  INFO [shineon.base.user,f9c048e0e259da44,f9c048e0e259da44,false] 14980 --- [pool_schedule11] com.shineon.coder.service.task.SysTask   : 开始清理缓存数据
2019-12-06 13:55:13.045  INFO [shineon.base.user,,,] 14980 --- [main] o.s.b.w.embedded.tomcat.TomcatWebServer  : Tomcat started on port(s): 125 (http) with context path ''
2019-12-06 13:55:13.048  INFO [shineon.base.user,,,] 14980 --- [main] .s.c.n.e.s.EurekaAutoServiceRegistration : Updating port to 125
2019-12-06 13:55:13.063  INFO [shineon.base.user,,,] 14980 --- [main] com.shineon.coder.CoderApplication       : Started CoderApplication in 72.622 seconds (JVM running for 73.541)
2019-12-06 13:55:22.872  INFO [shineon.base.user,57c4248c2e93ada7,57c4248c2e93ada7,false] 14980 --- [pool_schedule17] com.shineon.coder.service.task.SysTask   : 开始清理缓存数据
2019-12-06 13:55:32.873  INFO [shineon.base.user,9da30e726fa21f02,9da30e726fa21f02,false] 14980 --- [pool_schedule112] com.shineon.coder.service.task.SysTask   : 开始清理缓存数据
2019-12-06 13:55:42.873  INFO [shineon.base.user,c3f373874eb49a2a,c3f373874eb49a2a,false] 14980 --- [pool_schedule117] com.shineon.coder.service.task.SysTask   : 开始清理缓存数据
2019-12-06 13:55:52.873  INFO [shineon.base.user,0be6eb98cf6ba63c,0be6eb98cf6ba63c,false] 14980 --- [pool_schedule123] com.shineon.coder.service.task.SysTask   : 开始清理缓存数据
2019-12-06 13:56:02.873  INFO [shineon.base.user,cc488f875244dd74,cc488f875244dd74,false] 14980 --- [pool_schedule128] com.shineon.coder.service.task.SysTask   : 开始清理缓存数据
2019-12-06 13:56:12.880  INFO [shineon.base.user,1b2ea342c0d438fc,1b2ea342c0d438fc,false] 14980 --- [pool_schedule11] com.shineon.coder.service.task.SysTask   : 开始清理缓存数据
2019-12-06 13:56:22.873  INFO [shineon.base.user,7d37d0a82b47f318,7d37d0a82b47f318,false] 14980 --- [pool_schedule19] com.shineon.coder.service.task.SysTask   : 开始清理缓存数据
2019-12-06 13:56:32.874  INFO [shineon.base.user,6d67a48fe98529f5,6d67a48fe98529f5,false] 14980 --- [pool_schedule114] com.shineon.coder.service.task.SysTask   : 开始清理缓存数据
2019-12-06 13:56:42.874  INFO [shineon.base.user,a4c848efcc9d6d2c,a4c848efcc9d6d2c,false] 14980 --- [pool_schedule117] com.shineon.coder.service.task.SysTask   : 开始清理缓存数据
2019-12-06 13:56:52.874  INFO [shineon.base.user,7e6fbb61f4326114,7e6fbb61f4326114,false] 14980 --- [pool_schedule125] com.shineon.coder.service.task.SysTask   : 开始清理缓存数据
2019-12-06 13:57:02.874  INFO [shineon.base.user,41ea163dc239a5ff,41ea163dc239a5ff,false] 14980 --- [pool_schedule130] com.shineon.coder.service.task.SysTask   : 开始清理缓存数据
2019-12-06 13:57:12.874  INFO [shineon.base.user,4a288fef84ad6499,4a288fef84ad6499,false] 14980 --- [pool_schedule11] com.shineon.coder.service.task.SysTask   : 开始清理缓存数据
2019-12-06 13:57:22.875  INFO [shineon.base.user,d0befe7100ba5dbd,d0befe7100ba5dbd,false] 14980 --- [pool_schedule111] com.shineon.coder.service.task.SysTask   : 开始清理缓存数据
2019-12-06 13:57:32.875  INFO [shineon.base.user,8e73bd295726c58c,8e73bd295726c58c,false] 14980 --- [pool_schedule116] com.shineon.coder.service.task.SysTask   : 开始清理缓存数据
2019-12-06 13:57:42.875  INFO [shineon.base.user,670b3c1544072cf4,670b3c1544072cf4,false] 14980 --- [pool_schedule117] com.shineon.coder.service.task.SysTask   : 开始清理缓存数据
2019-12-06 13:57:52.875  INFO [shineon.base.user,f915e9d7ece2194b,f915e9d7ece2194b,false] 14980 --- [pool_schedule127] com.shineon.coder.service.task.SysTask   : 开始清理缓存数据
2019-12-06 13:58:02.875  INFO [shineon.base.user,7c1c529508451c27,7c1c529508451c27,false] 14980 --- [pool_schedule12] com.shineon.coder.service.task.SysTask   : 开始清理缓存数据
2019-12-06 13:58:12.876  INFO [shineon.base.user,57eba871c6a566c1,57eba871c6a566c1,false] 14980 --- [pool_schedule11] com.shineon.coder.service.task.SysTask   : 开始清理缓存数据
2019-12-06 13:58:22.876  INFO [shineon.base.user,26117bf4e0ae76b5,26117bf4e0ae76b5,false] 14980 --- [pool_schedule112] com.shineon.coder.service.task.SysTask   : 开始清理缓存数据
2019-12-06 13:58:32.876  INFO [shineon.base.user,af960444ddab1b47,af960444ddab1b47,false] 14980 --- [pool_schedule119] com.shineon.coder.service.task.SysTask   : 开始清理缓存数据
2019-12-06 13:58:42.876  INFO [shineon.base.user,3d71b53f7e438cdb,3d71b53f7e438cdb,false] 14980 --- [pool_schedule117] com.shineon.coder.service.task.SysTask   : 开始清理缓存数据
2019-12-06 13:58:52.876  INFO [shineon.base.user,f5adbe8bfb6df7aa,f5adbe8bfb6df7aa,false] 14980 --- [pool_schedule128] com.shineon.coder.service.task.SysTask   : 开始清理缓存数据
2019-12-06 13:59:02.876  INFO [shineon.base.user,b9ad2f62b33f0a0c,b9ad2f62b33f0a0c,false] 14980 --- [pool_schedule14] com.shineon.coder.service.task.SysTask   : 开始清理缓存数据
2019-12-06 13:59:12.877  INFO [shineon.base.user,e5116f928f23c24c,e5116f928f23c24c,false] 14980 --- [pool_schedule11] com.shineon.coder.service.task.SysTask   : 开始清理缓存数据
2019-12-06 13:59:22.877  INFO [shineon.base.user,2dcc8ad5f7eb7ba0,2dcc8ad5f7eb7ba0,false] 14980 --- [pool_schedule114] com.shineon.coder.service.task.SysTask   : 开始清理缓存数据
2019-12-06 13:59:32.877  INFO [shineon.base.user,8cfff78ed638f2dd,8cfff78ed638f2dd,false] 14980 --- [pool_schedule121] com.shineon.coder.service.task.SysTask   : 开始清理缓存数据
2019-12-06 13:59:40.234  INFO [shineon.base.user,,,] 14980 --- [http-nio-125-exec-1] o.a.c.c.C.[Tomcat].[localhost].[/]       : Initializing Spring DispatcherServlet 'dispatcherServlet'
2019-12-06 13:59:40.235  INFO [shineon.base.user,,,] 14980 --- [http-nio-125-exec-1] o.s.web.servlet.DispatcherServlet        : Initializing Servlet 'dispatcherServlet'
2019-12-06 13:59:40.257  INFO [shineon.base.user,,,] 14980 --- [http-nio-125-exec-1] o.s.web.servlet.DispatcherServlet        : Completed initialization in 22 ms
2019-12-06 13:59:40.480  INFO [shineon.base.user,0e27c4c6e7b7e53c,9962f83df9f6ebf3,false] 14980 --- [http-nio-125-exec-1] com.shineon.coder.action.ControllerLog   : action [shineon.base.user] [UserController] [getByName] start execute
2019-12-06 13:59:40.524  INFO [shineon.base.user,0e27c4c6e7b7e53c,9962f83df9f6ebf3,false] 14980 --- [http-nio-125-exec-1] c.s.coder.kernel.common.cache.CacheUtil  : SHINEON.BASE.USER.USER.000001.768B69BED94E96EBBD8F816B15A30DA6.DATA
2019-12-06 13:59:40.769  INFO [shineon.base.user,0e27c4c6e7b7e53c,9962f83df9f6ebf3,false] 14980 --- [http-nio-125-exec-1] io.lettuce.core.EpollProvider            : Starting without optional epoll library
2019-12-06 13:59:40.772  INFO [shineon.base.user,0e27c4c6e7b7e53c,9962f83df9f6ebf3,false] 14980 --- [http-nio-125-exec-1] io.lettuce.core.KqueueProvider           : Starting without optional kqueue library
2019-12-06 13:59:41.194  INFO [shineon.base.user,0e27c4c6e7b7e53c,9962f83df9f6ebf3,false] 14980 --- [http-nio-125-exec-1] c.s.coder.service.cache.IBaseCache       : 缓存不存在，需要从数据库查询:{"title":"matao"}
2019-12-06 13:59:41.869  INFO [shineon.base.user,0e27c4c6e7b7e53c,de06521ea6cfbb6a,false] 14980 --- [hystrix-shineon.db.user-1] c.netflix.config.ChainedDynamicProperty  : Flipping property: shineon.db.user.ribbon.ActiveConnectionsLimit to use NEXT property: niws.loadbalancer.availabilityFilteringRule.activeConnectionsLimit = 2147483647
2019-12-06 13:59:41.966  INFO [shineon.base.user,0e27c4c6e7b7e53c,de06521ea6cfbb6a,false] 14980 --- [hystrix-shineon.db.user-1] c.n.u.concurrent.ShutdownEnabledTimer    : Shutdown hook installed for: NFLoadBalancer-PingTimer-shineon.db.user
2019-12-06 13:59:41.967  INFO [shineon.base.user,0e27c4c6e7b7e53c,de06521ea6cfbb6a,false] 14980 --- [hystrix-shineon.db.user-1] c.netflix.loadbalancer.BaseLoadBalancer  : Client: shineon.db.user instantiated a LoadBalancer: DynamicServerListLoadBalancer:{NFLoadBalancer:name=shineon.db.user,current list of Servers=[],Load balancer stats=Zone stats: {},Server stats: []}ServerList:null
2019-12-06 13:59:41.975  INFO [shineon.base.user,0e27c4c6e7b7e53c,de06521ea6cfbb6a,false] 14980 --- [hystrix-shineon.db.user-1] c.n.l.DynamicServerListLoadBalancer      : Using serverListUpdater PollingServerListUpdater
2019-12-06 13:59:42.002  INFO [shineon.base.user,0e27c4c6e7b7e53c,de06521ea6cfbb6a,false] 14980 --- [hystrix-shineon.db.user-1] c.netflix.config.ChainedDynamicProperty  : Flipping property: shineon.db.user.ribbon.ActiveConnectionsLimit to use NEXT property: niws.loadbalancer.availabilityFilteringRule.activeConnectionsLimit = 2147483647
2019-12-06 13:59:42.005  INFO [shineon.base.user,0e27c4c6e7b7e53c,de06521ea6cfbb6a,false] 14980 --- [hystrix-shineon.db.user-1] c.n.l.DynamicServerListLoadBalancer      : DynamicServerListLoadBalancer for client shineon.db.user initialized: DynamicServerListLoadBalancer:{NFLoadBalancer:name=shineon.db.user,current list of Servers=[10.0.192.104:121],Load balancer stats=Zone stats: {defaultzone=[Zone:defaultzone;	Instance count:1;	Active connections count: 0;	Circuit breaker tripped count: 0;	Active connections per server: 0.0;]
},Server stats: [[Server:10.0.192.104:121;	Zone:defaultZone;	Total Requests:0;	Successive connection failure:0;	Total blackout seconds:0;	Last connection made:Thu Jan 01 08:00:00 CST 1970;	First connection made: Thu Jan 01 08:00:00 CST 1970;	Active Connections:0;	total failure count in last (1000) msecs:0;	average resp time:0.0;	90 percentile resp time:0.0;	95 percentile resp time:0.0;	min resp time:0.0;	max resp time:0.0;	stddev resp time:0.0]
]}ServerList:org.springframework.cloud.netflix.ribbon.eureka.DomainExtractingServerList@27bbc665
2019-12-06 13:59:42.494  INFO [shineon.base.user,0e27c4c6e7b7e53c,9962f83df9f6ebf3,false] 14980 --- [http-nio-125-exec-1] shineon.base.user                        : [shineon.base.user]服务异常：null (com.shineon.coder.action.UserController.getByName(UserController.java:49))
2019-12-06 13:59:42.877  INFO [shineon.base.user,e828d3d3ab34c7c2,e828d3d3ab34c7c2,false] 14980 --- [pool_schedule117] com.shineon.coder.service.task.SysTask   : 开始清理缓存数据
2019-12-06 13:59:42.978  INFO [shineon.base.user,,,] 14980 --- [PollingServerListUpdater-0] c.netflix.config.ChainedDynamicProperty  : Flipping property: shineon.db.user.ribbon.ActiveConnectionsLimit to use NEXT property: niws.loadbalancer.availabilityFilteringRule.activeConnectionsLimit = 2147483647
2019-12-06 13:59:52.877  INFO [shineon.base.user,1d9163e6155171be,1d9163e6155171be,false] 14980 --- [pool_schedule130] com.shineon.coder.service.task.SysTask   : 开始清理缓存数据
2019-12-06 14:00:02.878  INFO [shineon.base.user,7172f461fce3da30,7172f461fce3da30,false] 14980 --- [pool_schedule16] com.shineon.coder.service.task.SysTask   : 开始清理缓存数据
2019-12-06 14:00:10.148  INFO [shineon.base.user,1b7a58fae9dfed13,4dbd21ac7fdc86bb,false] 14980 --- [http-nio-125-exec-3] com.shineon.coder.action.ControllerLog   : action [shineon.base.user] [UserController] [getByName] start execute
2019-12-06 14:00:10.148  INFO [shineon.base.user,1b7a58fae9dfed13,4dbd21ac7fdc86bb,false] 14980 --- [http-nio-125-exec-3] c.s.coder.kernel.common.cache.CacheUtil  : SHINEON.BASE.USER.USER.000001.768B69BED94E96EBBD8F816B15A30DA6.DATA
2019-12-06 14:00:10.155  INFO [shineon.base.user,1b7a58fae9dfed13,4dbd21ac7fdc86bb,false] 14980 --- [http-nio-125-exec-3] c.s.coder.service.cache.IBaseCache       : 缓存不存在，需要从数据库查询:{"title":"matao"}
2019-12-06 14:00:10.250  INFO [shineon.base.user,1b7a58fae9dfed13,4dbd21ac7fdc86bb,false] 14980 --- [http-nio-125-exec-3] c.s.coder.service.cache.IBaseCache       : 添加缓存数据：SHINEON.BASE.USER.USER.000001.9E95A3155C7B1BD608AA319F5D7D6865.DATA
2019-12-06 14:00:10.705  INFO [shineon.base.user,,,] 14980 --- [AsyncResolver-bootstrap-executor-0] c.n.d.s.r.aws.ConfigClusterResolver      : Resolving eureka endpoints via configuration
2019-12-06 14:00:11.859  INFO [shineon.base.user,1b7a58fae9dfed13,4dbd21ac7fdc86bb,false] 14980 --- [http-nio-125-exec-3] com.shineon.coder.action.UserController  : {"datas":[{"beginTime":1572252532000,"content":"1","createTime":1572252527000,"creator":"1","endTime":1572252538000,"group":"123","id":"111","parent":"matao","ptitle":"1","thumb":"1","title":"matao"}],"errorReason":"OK","errorStatus":100}
2019-12-06 14:00:11.860  INFO [shineon.base.user,1b7a58fae9dfed13,4dbd21ac7fdc86bb,false] 14980 --- [http-nio-125-exec-3] com.shineon.coder.action.ControllerLog   : action [shineon.base.user] [UserController] [getByName] finish execute
2019-12-06 14:00:12.878  INFO [shineon.base.user,bb6a1c62ac99a7e8,bb6a1c62ac99a7e8,false] 14980 --- [pool_schedule113] com.shineon.coder.service.task.SysTask   : 开始清理缓存数据
2019-12-06 14:00:16.700  INFO [shineon.base.user,bdd8ee0280a6b90b,62a28d4f0a8801e6,false] 14980 --- [http-nio-125-exec-4] com.shineon.coder.action.ControllerLog   : action [shineon.base.user] [UserController] [getByName] start execute
2019-12-06 14:00:16.701  INFO [shineon.base.user,bdd8ee0280a6b90b,62a28d4f0a8801e6,false] 14980 --- [http-nio-125-exec-4] c.s.coder.kernel.common.cache.CacheUtil  : SHINEON.BASE.USER.USER.000001.768B69BED94E96EBBD8F816B15A30DA6.DATA
2019-12-06 14:00:16.705  INFO [shineon.base.user,bdd8ee0280a6b90b,62a28d4f0a8801e6,false] 14980 --- [http-nio-125-exec-4] c.s.coder.service.cache.IBaseCache       : 缓存不存在，需要从数据库查询:{"title":"matao"}
2019-12-06 14:00:16.745  INFO [shineon.base.user,bdd8ee0280a6b90b,62a28d4f0a8801e6,false] 14980 --- [http-nio-125-exec-4] c.s.coder.service.cache.IBaseCache       : 添加缓存数据：SHINEON.BASE.USER.USER.000001.9E95A3155C7B1BD608AA319F5D7D6865.DATA
2019-12-06 14:00:16.779  INFO [shineon.base.user,bdd8ee0280a6b90b,62a28d4f0a8801e6,false] 14980 --- [http-nio-125-exec-4] com.shineon.coder.action.UserController  : {"datas":[{"beginTime":1572252532000,"content":"1","createTime":1572252527000,"creator":"1","endTime":1572252538000,"group":"123","id":"111","parent":"matao","ptitle":"1","thumb":"1","title":"matao"}],"errorReason":"OK","errorStatus":100}
2019-12-06 14:00:16.794  INFO [shineon.base.user,bdd8ee0280a6b90b,62a28d4f0a8801e6,false] 14980 --- [http-nio-125-exec-4] com.shineon.coder.action.ControllerLog   : action [shineon.base.user] [UserController] [getByName] finish execute
2019-12-06 14:00:22.878  INFO [shineon.base.user,72400c2d0e80626c,72400c2d0e80626c,false] 14980 --- [pool_schedule116] com.shineon.coder.service.task.SysTask   : 开始清理缓存数据
2019-12-06 14:00:32.878  INFO [shineon.base.user,6575e409cdc5a89f,6575e409cdc5a89f,false] 14980 --- [pool_schedule124] com.shineon.coder.service.task.SysTask   : 开始清理缓存数据
2019-12-06 14:00:42.878  INFO [shineon.base.user,c6201076ce6adebd,c6201076ce6adebd,false] 14980 --- [pool_schedule117] com.shineon.coder.service.task.SysTask   : 开始清理缓存数据
2019-12-06 14:00:52.879  INFO [shineon.base.user,075e6097b40034d6,075e6097b40034d6,false] 14980 --- [pool_schedule12] com.shineon.coder.service.task.SysTask   : 开始清理缓存数据
2019-12-06 14:01:02.879  INFO [shineon.base.user,e63f44b0ffdb8a9a,e63f44b0ffdb8a9a,false] 14980 --- [pool_schedule110] com.shineon.coder.service.task.SysTask   : 开始清理缓存数据
2019-12-06 14:01:12.879  INFO [shineon.base.user,50054c84cde2a203,50054c84cde2a203,false] 14980 --- [pool_schedule113] com.shineon.coder.service.task.SysTask   : 开始清理缓存数据
2019-12-06 14:01:22.882  INFO [shineon.base.user,2b52afb8e62abc08,2b52afb8e62abc08,false] 14980 --- [pool_schedule119] com.shineon.coder.service.task.SysTask   : 开始清理缓存数据
2019-12-06 14:01:32.886  INFO [shineon.base.user,7e4dcf3237f24f2b,7e4dcf3237f24f2b,false] 14980 --- [pool_schedule123] com.shineon.coder.service.task.SysTask   : 开始清理缓存数据
2019-12-06 14:01:42.880  INFO [shineon.base.user,01b2e158914550c0,01b2e158914550c0,false] 14980 --- [pool_schedule117] com.shineon.coder.service.task.SysTask   : 开始清理缓存数据
2019-12-06 14:01:52.880  INFO [shineon.base.user,3151e88a1d0112a6,3151e88a1d0112a6,false] 14980 --- [pool_schedule14] com.shineon.coder.service.task.SysTask   : 开始清理缓存数据
2019-12-06 14:02:02.886  INFO [shineon.base.user,10aa612c69177b91,10aa612c69177b91,false] 14980 --- [pool_schedule19] com.shineon.coder.service.task.SysTask   : 开始清理缓存数据
2019-12-06 14:02:12.883  INFO [shineon.base.user,dd0d06904bb34e27,dd0d06904bb34e27,false] 14980 --- [pool_schedule113] com.shineon.coder.service.task.SysTask   : 开始清理缓存数据
2019-12-06 14:02:22.880  INFO [shineon.base.user,6859057b3ef07c06,6859057b3ef07c06,false] 14980 --- [pool_schedule121] com.shineon.coder.service.task.SysTask   : 开始清理缓存数据
2019-12-06 14:02:32.881  INFO [shineon.base.user,d4310f771a61543a,d4310f771a61543a,false] 14980 --- [pool_schedule129] com.shineon.coder.service.task.SysTask   : 开始清理缓存数据
2019-12-06 14:02:42.881  INFO [shineon.base.user,cff0573dd3381e4e,cff0573dd3381e4e,false] 14980 --- [pool_schedule117] com.shineon.coder.service.task.SysTask   : 开始清理缓存数据
2019-12-06 14:02:52.887  INFO [shineon.base.user,f7ed165bd2539951,f7ed165bd2539951,false] 14980 --- [pool_schedule16] com.shineon.coder.service.task.SysTask   : 开始清理缓存数据
2019-12-06 14:03:02.888  INFO [shineon.base.user,be8a260991c21e78,be8a260991c21e78,false] 14980 --- [pool_schedule115] com.shineon.coder.service.task.SysTask   : 开始清理缓存数据
2019-12-06 14:03:12.881  INFO [shineon.base.user,f483ecaeb062c93c,f483ecaeb062c93c,false] 14980 --- [pool_schedule114] com.shineon.coder.service.task.SysTask   : 开始清理缓存数据
2019-12-06 14:03:22.881  INFO [shineon.base.user,4b3730eb000301f4,4b3730eb000301f4,false] 14980 --- [pool_schedule124] com.shineon.coder.service.task.SysTask   : 开始清理缓存数据
2019-12-06 14:03:32.882  INFO [shineon.base.user,1b2e9bff591ebf95,1b2e9bff591ebf95,false] 14980 --- [pool_schedule13] com.shineon.coder.service.task.SysTask   : 开始清理缓存数据
2019-12-06 14:03:42.882  INFO [shineon.base.user,49ce4d01f22c8ac7,49ce4d01f22c8ac7,false] 14980 --- [pool_schedule130] com.shineon.coder.service.task.SysTask   : 开始清理缓存数据
2019-12-06 14:03:52.882  INFO [shineon.base.user,bd14d0943dd12bef,bd14d0943dd12bef,false] 14980 --- [pool_schedule110] com.shineon.coder.service.task.SysTask   : 开始清理缓存数据
2019-12-06 14:04:02.882  INFO [shineon.base.user,3316b942acaf3849,3316b942acaf3849,false] 14980 --- [pool_schedule118] com.shineon.coder.service.task.SysTask   : 开始清理缓存数据
2019-12-06 14:04:12.882  INFO [shineon.base.user,a713190b4e9207d6,a713190b4e9207d6,false] 14980 --- [pool_schedule114] com.shineon.coder.service.task.SysTask   : 开始清理缓存数据
2019-12-06 14:04:22.883  INFO [shineon.base.user,e141eb506e532548,e141eb506e532548,false] 14980 --- [pool_schedule123] com.shineon.coder.service.task.SysTask   : 开始清理缓存数据
2019-12-06 14:04:32.883  INFO [shineon.base.user,5a8b0a3e85d424c1,5a8b0a3e85d424c1,false] 14980 --- [pool_schedule128] com.shineon.coder.service.task.SysTask   : 开始清理缓存数据
2019-12-06 14:04:42.883  INFO [shineon.base.user,11ac58d328b65555,11ac58d328b65555,false] 14980 --- [pool_schedule130] com.shineon.coder.service.task.SysTask   : 开始清理缓存数据
2019-12-06 14:04:52.890  INFO [shineon.base.user,059e130bb4e94d12,059e130bb4e94d12,false] 14980 --- [pool_schedule19] com.shineon.coder.service.task.SysTask   : 开始清理缓存数据
2019-12-06 14:05:02.889  INFO [shineon.base.user,83211c695c7acbdf,83211c695c7acbdf,false] 14980 --- [pool_schedule120] com.shineon.coder.service.task.SysTask   : 开始清理缓存数据
2019-12-06 14:05:10.714  INFO [shineon.base.user,,,] 14980 --- [AsyncResolver-bootstrap-executor-0] c.n.d.s.r.aws.ConfigClusterResolver      : Resolving eureka endpoints via configuration
2019-12-06 14:05:12.890  INFO [shineon.base.user,c575fdf0178f933d,c575fdf0178f933d,false] 14980 --- [pool_schedule114] com.shineon.coder.service.task.SysTask   : 开始清理缓存数据
2019-12-06 14:05:22.884  INFO [shineon.base.user,8e97379dc4a09777,8e97379dc4a09777,false] 14980 --- [pool_schedule129] com.shineon.coder.service.task.SysTask   : 开始清理缓存数据
2019-12-06 14:05:32.884  INFO [shineon.base.user,3e239aa48e98b5f5,3e239aa48e98b5f5,false] 14980 --- [pool_schedule18] com.shineon.coder.service.task.SysTask   : 开始清理缓存数据
2019-12-06 14:05:42.884  INFO [shineon.base.user,06b02aaf2d1f284a,06b02aaf2d1f284a,false] 14980 --- [pool_schedule130] com.shineon.coder.service.task.SysTask   : 开始清理缓存数据
2019-12-06 14:05:52.884  INFO [shineon.base.user,73100e9ddf358af1,73100e9ddf358af1,false] 14980 --- [pool_schedule115] com.shineon.coder.service.task.SysTask   : 开始清理缓存数据
2019-12-06 14:06:02.885  INFO [shineon.base.user,c1ef826eab898b77,c1ef826eab898b77,false] 14980 --- [pool_schedule116] com.shineon.coder.service.task.SysTask   : 开始清理缓存数据
2019-12-06 14:06:12.891  INFO [shineon.base.user,1de090f2d1fb69c9,1de090f2d1fb69c9,false] 14980 --- [pool_schedule114] com.shineon.coder.service.task.SysTask   : 开始清理缓存数据
2019-12-06 14:06:22.885  INFO [shineon.base.user,d13fe89c6e1ae0ed,d13fe89c6e1ae0ed,false] 14980 --- [pool_schedule13] com.shineon.coder.service.task.SysTask   : 开始清理缓存数据
2019-12-06 14:06:32.885  INFO [shineon.base.user,463634ede798bae4,463634ede798bae4,false] 14980 --- [pool_schedule17] com.shineon.coder.service.task.SysTask   : 开始清理缓存数据
2019-12-06 14:06:42.885  INFO [shineon.base.user,af8699fead70fe0d,af8699fead70fe0d,false] 14980 --- [pool_schedule130] com.shineon.coder.service.task.SysTask   : 开始清理缓存数据
2019-12-06 14:06:52.886  INFO [shineon.base.user,2ae9a97ccf51d947,2ae9a97ccf51d947,false] 14980 --- [pool_schedule118] com.shineon.coder.service.task.SysTask   : 开始清理缓存数据
2019-12-06 14:07:02.886  INFO [shineon.base.user,9116038d9f1cace7,9116038d9f1cace7,false] 14980 --- [pool_schedule126] com.shineon.coder.service.task.SysTask   : 开始清理缓存数据
2019-12-06 14:07:12.886  INFO [shineon.base.user,fdf290245146a363,fdf290245146a363,false] 14980 --- [pool_schedule114] com.shineon.coder.service.task.SysTask   : 开始清理缓存数据
2019-12-06 14:07:22.892  INFO [shineon.base.user,8dbc71d35cb9ac9a,8dbc71d35cb9ac9a,false] 14980 --- [pool_schedule128] com.shineon.coder.service.task.SysTask   : 开始清理缓存数据
2019-12-06 14:07:32.886  INFO [shineon.base.user,f70dae49d5869837,f70dae49d5869837,false] 14980 --- [pool_schedule11] com.shineon.coder.service.task.SysTask   : 开始清理缓存数据
2019-12-06 14:07:42.893  INFO [shineon.base.user,8aa060bfd024bdeb,8aa060bfd024bdeb,false] 14980 --- [pool_schedule130] com.shineon.coder.service.task.SysTask   : 开始清理缓存数据
2019-12-06 14:07:52.887  INFO [shineon.base.user,83408443980e9d5a,83408443980e9d5a,false] 14980 --- [pool_schedule120] com.shineon.coder.service.task.SysTask   : 开始清理缓存数据
2019-12-06 14:08:02.893  INFO [shineon.base.user,f581404f0437e52e,f581404f0437e52e,false] 14980 --- [pool_schedule121] com.shineon.coder.service.task.SysTask   : 开始清理缓存数据
2019-12-06 14:08:12.893  INFO [shineon.base.user,5596122155796dab,5596122155796dab,false] 14980 --- [pool_schedule15] com.shineon.coder.service.task.SysTask   : 开始清理缓存数据
2019-12-06 14:08:22.887  INFO [shineon.base.user,648b792ed882c1f6,648b792ed882c1f6,false] 14980 --- [pool_schedule18] com.shineon.coder.service.task.SysTask   : 开始清理缓存数据
2019-12-06 14:08:32.893  INFO [shineon.base.user,8bbac02ab7de81eb,8bbac02ab7de81eb,false] 14980 --- [pool_schedule111] com.shineon.coder.service.task.SysTask   : 开始清理缓存数据
2019-12-06 14:08:42.888  INFO [shineon.base.user,1bfb4e2edfd67866,1bfb4e2edfd67866,false] 14980 --- [pool_schedule130] com.shineon.coder.service.task.SysTask   : 开始清理缓存数据
2019-12-06 14:08:52.888  INFO [shineon.base.user,7e8951e313db5843,7e8951e313db5843,false] 14980 --- [pool_schedule116] com.shineon.coder.service.task.SysTask   : 开始清理缓存数据
2019-12-06 14:09:02.888  INFO [shineon.base.user,0b325a48bf4c3dec,0b325a48bf4c3dec,false] 14980 --- [pool_schedule124] com.shineon.coder.service.task.SysTask   : 开始清理缓存数据
2019-12-06 14:09:12.888  INFO [shineon.base.user,79e660a663dd5c58,79e660a663dd5c58,false] 14980 --- [pool_schedule15] com.shineon.coder.service.task.SysTask   : 开始清理缓存数据
2019-12-06 14:09:22.888  INFO [shineon.base.user,686f0767774e951b,686f0767774e951b,false] 14980 --- [pool_schedule17] com.shineon.coder.service.task.SysTask   : 开始清理缓存数据
2019-12-06 14:09:32.889  INFO [shineon.base.user,17d9e724f8c9eefe,17d9e724f8c9eefe,false] 14980 --- [pool_schedule112] com.shineon.coder.service.task.SysTask   : 开始清理缓存数据
2019-12-06 14:09:42.896  INFO [shineon.base.user,56219575a014f8a9,56219575a014f8a9,false] 14980 --- [pool_schedule115] com.shineon.coder.service.task.SysTask   : 开始清理缓存数据
2019-12-06 14:09:52.889  INFO [shineon.base.user,40921ea8d91abefb,40921ea8d91abefb,false] 14980 --- [pool_schedule126] com.shineon.coder.service.task.SysTask   : 开始清理缓存数据
2019-12-06 14:10:02.895  INFO [shineon.base.user,25a086699bd1f138,25a086699bd1f138,false] 14980 --- [pool_schedule123] com.shineon.coder.service.task.SysTask   : 开始清理缓存数据
2019-12-06 14:10:10.723  INFO [shineon.base.user,,,] 14980 --- [AsyncResolver-bootstrap-executor-0] c.n.d.s.r.aws.ConfigClusterResolver      : Resolving eureka endpoints via configuration
2019-12-06 14:10:12.895  INFO [shineon.base.user,16985db9ed3f2e23,16985db9ed3f2e23,false] 14980 --- [pool_schedule15] com.shineon.coder.service.task.SysTask   : 开始清理缓存数据
2019-12-06 14:10:22.890  INFO [shineon.base.user,d0c302ffbaff91f3,d0c302ffbaff91f3,false] 14980 --- [pool_schedule16] com.shineon.coder.service.task.SysTask   : 开始清理缓存数据
2019-12-06 14:10:32.890  INFO [shineon.base.user,422a5a819c5328f1,422a5a819c5328f1,false] 14980 --- [pool_schedule19] com.shineon.coder.service.task.SysTask   : 开始清理缓存数据
2019-12-06 14:10:42.896  INFO [shineon.base.user,b68a9e7e0055a17c,b68a9e7e0055a17c,false] 14980 --- [pool_schedule115] com.shineon.coder.service.task.SysTask   : 开始清理缓存数据
2019-12-06 14:10:52.890  INFO [shineon.base.user,505e22a3ac1dab40,505e22a3ac1dab40,false] 14980 --- [pool_schedule121] com.shineon.coder.service.task.SysTask   : 开始清理缓存数据
2019-12-06 14:11:02.896  INFO [shineon.base.user,b2186fcb99fdff56,b2186fcb99fdff56,false] 14980 --- [pool_schedule129] com.shineon.coder.service.task.SysTask   : 开始清理缓存数据
2019-12-06 14:11:12.891  INFO [shineon.base.user,fd8624da4cd6730c,fd8624da4cd6730c,false] 14980 --- [pool_schedule15] com.shineon.coder.service.task.SysTask   : 开始清理缓存数据
2019-12-06 14:11:22.891  INFO [shineon.base.user,8810d6d01251caeb,8810d6d01251caeb,false] 14980 --- [pool_schedule111] com.shineon.coder.service.task.SysTask   : 开始清理缓存数据
2019-12-06 14:11:32.891  INFO [shineon.base.user,fff675b5469abc12,fff675b5469abc12,false] 14980 --- [pool_schedule130] com.shineon.coder.service.task.SysTask   : 开始清理缓存数据
2019-12-06 14:11:42.898  INFO [shineon.base.user,e340c6b390cd6718,e340c6b390cd6718,false] 14980 --- [pool_schedule115] com.shineon.coder.service.task.SysTask   : 开始清理缓存数据
2019-12-06 14:11:52.892  INFO [shineon.base.user,a0326029bfad4738,a0326029bfad4738,false] 14980 --- [pool_schedule124] com.shineon.coder.service.task.SysTask   : 开始清理缓存数据
2019-12-06 14:12:02.899  INFO [shineon.base.user,7a9959dde6edc912,7a9959dde6edc912,false] 14980 --- [pool_schedule12] com.shineon.coder.service.task.SysTask   : 开始清理缓存数据
2019-12-06 14:12:12.892  INFO [shineon.base.user,fd9e1bdcea587a0d,fd9e1bdcea587a0d,false] 14980 --- [pool_schedule15] com.shineon.coder.service.task.SysTask   : 开始清理缓存数据
2019-12-06 14:12:22.892  INFO [shineon.base.user,f31fdac2ff64afae,f31fdac2ff64afae,false] 14980 --- [pool_schedule112] com.shineon.coder.service.task.SysTask   : 开始清理缓存数据
2019-12-06 14:12:32.892  INFO [shineon.base.user,16c8694b78687dcc,16c8694b78687dcc,false] 14980 --- [pool_schedule120] com.shineon.coder.service.task.SysTask   : 开始清理缓存数据
2019-12-06 14:12:42.892  INFO [shineon.base.user,e0f2260fdbf82db3,e0f2260fdbf82db3,false] 14980 --- [pool_schedule115] com.shineon.coder.service.task.SysTask   : 开始清理缓存数据
2019-12-06 14:12:52.893  INFO [shineon.base.user,c13c6cdb2898893f,c13c6cdb2898893f,false] 14980 --- [pool_schedule123] com.shineon.coder.service.task.SysTask   : 开始清理缓存数据
2019-12-06 14:13:02.893  INFO [shineon.base.user,a00b04680eec981b,a00b04680eec981b,false] 14980 --- [pool_schedule14] com.shineon.coder.service.task.SysTask   : 开始清理缓存数据
2019-12-06 14:13:12.893  INFO [shineon.base.user,a854c0accc16002a,a854c0accc16002a,false] 14980 --- [pool_schedule15] com.shineon.coder.service.task.SysTask   : 开始清理缓存数据
2019-12-06 14:13:22.893  INFO [shineon.base.user,2728820a3e32b5c7,2728820a3e32b5c7,false] 14980 --- [pool_schedule19] com.shineon.coder.service.task.SysTask   : 开始清理缓存数据
2019-12-06 14:13:32.893  INFO [shineon.base.user,f207fd5cdd203071,f207fd5cdd203071,false] 14980 --- [pool_schedule125] com.shineon.coder.service.task.SysTask   : 开始清理缓存数据
2019-12-06 14:13:42.893  INFO [shineon.base.user,dba8ac2c13e9d6e1,dba8ac2c13e9d6e1,false] 14980 --- [pool_schedule126] com.shineon.coder.service.task.SysTask   : 开始清理缓存数据
2019-12-06 14:13:52.900  INFO [shineon.base.user,4f146144d3ecebd7,4f146144d3ecebd7,false] 14980 --- [pool_schedule129] com.shineon.coder.service.task.SysTask   : 开始清理缓存数据
2019-12-06 14:14:02.894  INFO [shineon.base.user,f5e336cade63bcfb,f5e336cade63bcfb,false] 14980 --- [pool_schedule11] com.shineon.coder.service.task.SysTask   : 开始清理缓存数据
2019-12-06 14:14:12.894  INFO [shineon.base.user,3232ca5e89022e00,3232ca5e89022e00,false] 14980 --- [pool_schedule15] com.shineon.coder.service.task.SysTask   : 开始清理缓存数据
2019-12-06 14:14:22.894  INFO [shineon.base.user,859af7ceb2cc3686,859af7ceb2cc3686,false] 14980 --- [pool_schedule130] com.shineon.coder.service.task.SysTask   : 开始清理缓存数据
2019-12-06 14:14:32.894  INFO [shineon.base.user,2b8e18d36a9e85a3,2b8e18d36a9e85a3,false] 14980 --- [pool_schedule116] com.shineon.coder.service.task.SysTask   : 开始清理缓存数据
2019-12-06 14:14:42.895  INFO [shineon.base.user,883f1f21e214b949,883f1f21e214b949,false] 14980 --- [pool_schedule126] com.shineon.coder.service.task.SysTask   : 开始清理缓存数据
2019-12-06 14:14:52.895  INFO [shineon.base.user,ffd1694c30b03b46,ffd1694c30b03b46,false] 14980 --- [pool_schedule12] com.shineon.coder.service.task.SysTask   : 开始清理缓存数据
2019-12-06 14:15:02.895  INFO [shineon.base.user,96e688c1de40809b,96e688c1de40809b,false] 14980 --- [pool_schedule110] com.shineon.coder.service.task.SysTask   : 开始清理缓存数据
2019-12-06 14:15:10.736  INFO [shineon.base.user,,,] 14980 --- [AsyncResolver-bootstrap-executor-0] c.n.d.s.r.aws.ConfigClusterResolver      : Resolving eureka endpoints via configuration
2019-12-06 14:15:12.895  INFO [shineon.base.user,cbf6e8c1ca25ec21,cbf6e8c1ca25ec21,false] 14980 --- [pool_schedule15] com.shineon.coder.service.task.SysTask   : 开始清理缓存数据
2019-12-06 14:15:22.895  INFO [shineon.base.user,87078183bce727fc,87078183bce727fc,false] 14980 --- [pool_schedule119] com.shineon.coder.service.task.SysTask   : 开始清理缓存数据
2019-12-06 14:15:32.896  INFO [shineon.base.user,ba9864d2317cd6af,ba9864d2317cd6af,false] 14980 --- [pool_schedule115] com.shineon.coder.service.task.SysTask   : 开始清理缓存数据
2019-12-06 14:15:42.896  INFO [shineon.base.user,e6dd1192871fa98b,e6dd1192871fa98b,false] 14980 --- [pool_schedule126] com.shineon.coder.service.task.SysTask   : 开始清理缓存数据
2019-12-06 14:15:52.896  INFO [shineon.base.user,eb66d168e3792646,eb66d168e3792646,false] 14980 --- [pool_schedule18] com.shineon.coder.service.task.SysTask   : 开始清理缓存数据
2019-12-06 14:16:02.896  INFO [shineon.base.user,157a9b4797f0225c,157a9b4797f0225c,false] 14980 --- [pool_schedule113] com.shineon.coder.service.task.SysTask   : 开始清理缓存数据
2019-12-06 14:16:12.896  INFO [shineon.base.user,e89f9c50d2caf85e,e89f9c50d2caf85e,false] 14980 --- [pool_schedule15] com.shineon.coder.service.task.SysTask   : 开始清理缓存数据
2019-12-06 14:16:22.897  INFO [shineon.base.user,1f1af12ce6608392,1f1af12ce6608392,false] 14980 --- [pool_schedule125] com.shineon.coder.service.task.SysTask   : 开始清理缓存数据
2019-12-06 14:16:32.897  INFO [shineon.base.user,03f1f5c85fc5297b,03f1f5c85fc5297b,false] 14980 --- [pool_schedule117] com.shineon.coder.service.task.SysTask   : 开始清理缓存数据
2019-12-06 14:16:42.897  INFO [shineon.base.user,fbd2b17113ea101d,fbd2b17113ea101d,false] 14980 --- [pool_schedule126] com.shineon.coder.service.task.SysTask   : 开始清理缓存数据
2019-12-06 14:16:52.897  INFO [shineon.base.user,306d55970e35cbc8,306d55970e35cbc8,false] 14980 --- [pool_schedule11] com.shineon.coder.service.task.SysTask   : 开始清理缓存数据
2019-12-06 14:17:02.897  INFO [shineon.base.user,84a88e770492c151,84a88e770492c151,false] 14980 --- [pool_schedule122] com.shineon.coder.service.task.SysTask   : 开始清理缓存数据
2019-12-06 14:17:12.898  INFO [shineon.base.user,1ffffca663219128,1ffffca663219128,false] 14980 --- [pool_schedule15] com.shineon.coder.service.task.SysTask   : 开始清理缓存数据
2019-12-06 14:17:22.898  INFO [shineon.base.user,fbeb988de2061724,fbeb988de2061724,false] 14980 --- [pool_schedule121] com.shineon.coder.service.task.SysTask   : 开始清理缓存数据
2019-12-06 14:17:32.898  INFO [shineon.base.user,c8f4b5ee4dc2276f,c8f4b5ee4dc2276f,false] 14980 --- [pool_schedule123] com.shineon.coder.service.task.SysTask   : 开始清理缓存数据
2019-12-06 14:17:42.905  INFO [shineon.base.user,64835cbee1f1881d,64835cbee1f1881d,false] 14980 --- [pool_schedule126] com.shineon.coder.service.task.SysTask   : 开始清理缓存数据
2019-12-06 14:17:52.905  INFO [shineon.base.user,0e8389c58b087c77,0e8389c58b087c77,false] 14980 --- [pool_schedule110] com.shineon.coder.service.task.SysTask   : 开始清理缓存数据
2019-12-06 14:18:02.899  INFO [shineon.base.user,920186e63454f3c7,920186e63454f3c7,false] 14980 --- [pool_schedule118] com.shineon.coder.service.task.SysTask   : 开始清理缓存数据
2019-12-06 14:18:12.905  INFO [shineon.base.user,78bde616b0e0a604,78bde616b0e0a604,false] 14980 --- [pool_schedule130] com.shineon.coder.service.task.SysTask   : 开始清理缓存数据
2019-12-06 14:18:22.899  INFO [shineon.base.user,b220de59cf27fb6e,b220de59cf27fb6e,false] 14980 --- [pool_schedule115] com.shineon.coder.service.task.SysTask   : 开始清理缓存数据
2019-12-06 14:18:32.899  INFO [shineon.base.user,517cbb8cd7ea638b,517cbb8cd7ea638b,false] 14980 --- [pool_schedule13] com.shineon.coder.service.task.SysTask   : 开始清理缓存数据
2019-12-06 14:18:42.899  INFO [shineon.base.user,f929938db1bf0388,f929938db1bf0388,false] 14980 --- [pool_schedule126] com.shineon.coder.service.task.SysTask   : 开始清理缓存数据
2019-12-06 14:18:52.905  INFO [shineon.base.user,42c7449977fb7f7f,42c7449977fb7f7f,false] 14980 --- [pool_schedule113] com.shineon.coder.service.task.SysTask   : 开始清理缓存数据
2019-12-06 14:19:02.900  INFO [shineon.base.user,2d2917fa465922f2,2d2917fa465922f2,false] 14980 --- [pool_schedule120] com.shineon.coder.service.task.SysTask   : 开始清理缓存数据
2019-12-06 14:19:12.900  INFO [shineon.base.user,b26cb2e7a40438e5,b26cb2e7a40438e5,false] 14980 --- [pool_schedule130] com.shineon.coder.service.task.SysTask   : 开始清理缓存数据
2019-12-06 14:19:22.906  INFO [shineon.base.user,2466284bdb4c48e6,2466284bdb4c48e6,false] 14980 --- [pool_schedule117] com.shineon.coder.service.task.SysTask   : 开始清理缓存数据
2019-12-06 14:19:32.900  INFO [shineon.base.user,45da8d1d4949a42d,45da8d1d4949a42d,false] 14980 --- [pool_schedule14] com.shineon.coder.service.task.SysTask   : 开始清理缓存数据
2019-12-06 14:19:42.900  INFO [shineon.base.user,cebeaf4dc1ee6243,cebeaf4dc1ee6243,false] 14980 --- [pool_schedule126] com.shineon.coder.service.task.SysTask   : 开始清理缓存数据
2019-12-06 14:19:52.901  INFO [shineon.base.user,5d673439d6151fc7,5d673439d6151fc7,false] 14980 --- [pool_schedule112] com.shineon.coder.service.task.SysTask   : 开始清理缓存数据
2019-12-06 14:20:02.901  INFO [shineon.base.user,0fd6139ed28be16f,0fd6139ed28be16f,false] 14980 --- [pool_schedule15] com.shineon.coder.service.task.SysTask   : 开始清理缓存数据
2019-12-06 14:20:10.744  INFO [shineon.base.user,,,] 14980 --- [AsyncResolver-bootstrap-executor-0] c.n.d.s.r.aws.ConfigClusterResolver      : Resolving eureka endpoints via configuration
2019-12-06 14:20:12.908  INFO [shineon.base.user,3204d69b70260f05,3204d69b70260f05,false] 14980 --- [pool_schedule130] com.shineon.coder.service.task.SysTask   : 开始清理缓存数据
2019-12-06 14:20:22.901  INFO [shineon.base.user,fc50f04014fb0281,fc50f04014fb0281,false] 14980 --- [pool_schedule123] com.shineon.coder.service.task.SysTask   : 开始清理缓存数据
2019-12-06 14:20:32.902  INFO [shineon.base.user,b7359751b8eee8e0,b7359751b8eee8e0,false] 14980 --- [pool_schedule17] com.shineon.coder.service.task.SysTask   : 开始清理缓存数据
2019-12-06 14:20:42.902  INFO [shineon.base.user,22fb398e8cbf2776,22fb398e8cbf2776,false] 14980 --- [pool_schedule111] com.shineon.coder.service.task.SysTask   : 开始清理缓存数据
2019-12-06 14:20:52.902  INFO [shineon.base.user,c16c1dbdef6e6ff0,c16c1dbdef6e6ff0,false] 14980 --- [pool_schedule118] com.shineon.coder.service.task.SysTask   : 开始清理缓存数据
2019-12-06 14:21:02.902  INFO [shineon.base.user,e8d8de48a03b5ddc,e8d8de48a03b5ddc,false] 14980 --- [pool_schedule116] com.shineon.coder.service.task.SysTask   : 开始清理缓存数据
2019-12-06 14:21:12.902  INFO [shineon.base.user,7090049cbc38b1dc,7090049cbc38b1dc,false] 14980 --- [pool_schedule130] com.shineon.coder.service.task.SysTask   : 开始清理缓存数据
2019-12-06 14:21:22.903  INFO [shineon.base.user,c7cc8b7a9120913c,c7cc8b7a9120913c,false] 14980 --- [pool_schedule13] com.shineon.coder.service.task.SysTask   : 开始清理缓存数据
2019-12-06 14:21:32.903  INFO [shineon.base.user,26b58c2f06b2d8ed,26b58c2f06b2d8ed,false] 14980 --- [pool_schedule18] com.shineon.coder.service.task.SysTask   : 开始清理缓存数据
