2019-07-25 16:49:23.420  INFO [shineon-api-uauth,,,] 13036 --- [main] com.shineon.coder.CoderApplication       : No active profile set, falling back to default profiles: default
2019-07-25 16:49:24.020  INFO [shineon-api-uauth,,,] 13036 --- [main] .s.d.r.c.RepositoryConfigurationDelegate : Multiple Spring Data modules found, entering strict repository configuration mode!
2019-07-25 16:49:24.022  INFO [shineon-api-uauth,,,] 13036 --- [main] .s.d.r.c.RepositoryConfigurationDelegate : Bootstrapping Spring Data repositories in DEFAULT mode.
2019-07-25 16:49:24.037  INFO [shineon-api-uauth,,,] 13036 --- [main] .s.d.r.c.RepositoryConfigurationDelegate : Finished Spring Data repository scanning in 7ms. Found 0 repository interfaces.
2019-07-25 16:49:24.095  WARN [shineon-api-uauth,,,] 13036 --- [main] o.s.boot.actuate.endpoint.EndpointId     : Endpoint ID 'service-registry' contains invalid characters, please migrate to a valid format.
2019-07-25 16:49:24.314  INFO [shineon-api-uauth,,,] 13036 --- [main] o.s.cloud.context.scope.GenericScope     : BeanFactory id=760a29b3-8835-3c3e-88f3-12e46a84b459
2019-07-25 16:49:24.326  INFO [shineon-api-uauth,,,] 13036 --- [main] faultConfiguringBeanFactoryPostProcessor : No bean named 'errorChannel' has been explicitly defined. Therefore, a default PublishSubscribeChannel will be created.
2019-07-25 16:49:24.331  INFO [shineon-api-uauth,,,] 13036 --- [main] faultConfiguringBeanFactoryPostProcessor : No bean named 'taskScheduler' has been explicitly defined. Therefore, a default ThreadPoolTaskScheduler will be created.
2019-07-25 16:49:24.335  INFO [shineon-api-uauth,,,] 13036 --- [main] faultConfiguringBeanFactoryPostProcessor : No bean named 'integrationHeaderChannelRegistry' has been explicitly defined. Therefore, a default DefaultHeaderChannelRegistry will be created.
2019-07-25 16:49:24.589  INFO [shineon-api-uauth,,,] 13036 --- [main] trationDelegate$BeanPostProcessorChecker : Bean 'integrationDisposableAutoCreatedBeans' of type [org.springframework.integration.config.annotation.Disposables] is not eligible for getting processed by all BeanPostProcessors (for example: not eligible for auto-proxying)
2019-07-25 16:49:24.617  INFO [shineon-api-uauth,,,] 13036 --- [main] trationDelegate$BeanPostProcessorChecker : Bean 'org.springframework.integration.config.IntegrationManagementConfiguration' of type [org.springframework.integration.config.IntegrationManagementConfiguration$$EnhancerBySpringCGLIB$$f0356a83] is not eligible for getting processed by all BeanPostProcessors (for example: not eligible for auto-proxying)
2019-07-25 16:49:24.629  INFO [shineon-api-uauth,,,] 13036 --- [main] trationDelegate$BeanPostProcessorChecker : Bean 'org.springframework.boot.autoconfigure.integration.IntegrationAutoConfiguration$IntegrationJmxConfiguration' of type [org.springframework.boot.autoconfigure.integration.IntegrationAutoConfiguration$IntegrationJmxConfiguration$$EnhancerBySpringCGLIB$$cbc775a3] is not eligible for getting processed by all BeanPostProcessors (for example: not eligible for auto-proxying)
2019-07-25 16:49:24.637  INFO [shineon-api-uauth,,,] 13036 --- [main] trationDelegate$BeanPostProcessorChecker : Bean 'org.springframework.boot.autoconfigure.jmx.JmxAutoConfiguration' of type [org.springframework.boot.autoconfigure.jmx.JmxAutoConfiguration$$EnhancerBySpringCGLIB$$4af1e70] is not eligible for getting processed by all BeanPostProcessors (for example: not eligible for auto-proxying)
2019-07-25 16:49:24.642  INFO [shineon-api-uauth,,,] 13036 --- [main] trationDelegate$BeanPostProcessorChecker : Bean 'mbeanServer' of type [com.sun.jmx.mbeanserver.JmxMBeanServer] is not eligible for getting processed by all BeanPostProcessors (for example: not eligible for auto-proxying)
2019-07-25 16:49:24.674  INFO [shineon-api-uauth,,,] 13036 --- [main] trationDelegate$BeanPostProcessorChecker : Bean 'org.springframework.cloud.autoconfigure.ConfigurationPropertiesRebinderAutoConfiguration' of type [org.springframework.cloud.autoconfigure.ConfigurationPropertiesRebinderAutoConfiguration$$EnhancerBySpringCGLIB$$a15db251] is not eligible for getting processed by all BeanPostProcessors (for example: not eligible for auto-proxying)
2019-07-25 16:49:25.026  INFO [shineon-api-uauth,,,] 13036 --- [main] o.s.b.w.embedded.tomcat.TomcatWebServer  : Tomcat initialized with port(s): 129 (http)
2019-07-25 16:49:25.040  INFO [shineon-api-uauth,,,] 13036 --- [main] o.apache.catalina.core.StandardService   : Starting service [Tomcat]
2019-07-25 16:49:25.040  INFO [shineon-api-uauth,,,] 13036 --- [main] org.apache.catalina.core.StandardEngine  : Starting Servlet engine: [Apache Tomcat/9.0.21]
2019-07-25 16:49:25.129  INFO [shineon-api-uauth,,,] 13036 --- [main] o.a.c.c.C.[Tomcat].[localhost].[/]       : Initializing Spring embedded WebApplicationContext
2019-07-25 16:49:25.129  INFO [shineon-api-uauth,,,] 13036 --- [main] o.s.web.context.ContextLoader            : Root WebApplicationContext: initialization completed in 1698 ms
2019-07-25 16:49:25.249  WARN [shineon-api-uauth,,,] 13036 --- [main] c.n.c.sources.URLConfigurationSource     : No URLs will be polled as dynamic configuration sources.
2019-07-25 16:49:25.249  INFO [shineon-api-uauth,,,] 13036 --- [main] c.n.c.sources.URLConfigurationSource     : To enable URLs as dynamic configuration sources, define System property archaius.configurationSource.additionalUrls or make config.properties available on classpath.
2019-07-25 16:49:25.255  INFO [shineon-api-uauth,,,] 13036 --- [main] c.netflix.config.DynamicPropertyFactory  : DynamicPropertyFactory is initialized with configuration sources: com.netflix.config.ConcurrentCompositeConfiguration@6cdee57
2019-07-25 16:49:26.348  INFO [shineon-api-uauth,,,] 13036 --- [main] o.s.s.c.ThreadPoolTaskScheduler          : Initializing ExecutorService 'taskScheduler'
2019-07-25 16:49:27.047  INFO [shineon-api-uauth,,,] 13036 --- [main] o.s.s.concurrent.ThreadPoolTaskExecutor  : Initializing ExecutorService
2019-07-25 16:49:27.047  INFO [shineon-api-uauth,,,] 13036 --- [main] o.s.s.concurrent.ThreadPoolTaskExecutor  : Initializing ExecutorService 'pool_schedule'
2019-07-25 16:49:27.121  WARN [shineon-api-uauth,,,] 13036 --- [main] c.n.c.sources.URLConfigurationSource     : No URLs will be polled as dynamic configuration sources.
2019-07-25 16:49:27.121  INFO [shineon-api-uauth,,,] 13036 --- [main] c.n.c.sources.URLConfigurationSource     : To enable URLs as dynamic configuration sources, define System property archaius.configurationSource.additionalUrls or make config.properties available on classpath.
2019-07-25 16:49:27.673  INFO [shineon-api-uauth,,,] 13036 --- [main] io.lettuce.core.EpollProvider            : Starting without optional epoll library
2019-07-25 16:49:27.675  INFO [shineon-api-uauth,,,] 13036 --- [main] io.lettuce.core.KqueueProvider           : Starting without optional kqueue library
2019-07-25 16:49:28.262  INFO [shineon-api-uauth,,,] 13036 --- [main] o.s.b.a.e.web.EndpointLinksResolver      : Exposing 2 endpoint(s) beneath base path '/actuator'
2019-07-25 16:49:28.351  INFO [shineon-api-uauth,,,] 13036 --- [main] o.s.c.s.m.DirectWithAttributesChannel    : Channel 'application-1.MataoMessageInput' has 1 subscriber(s).
2019-07-25 16:49:28.442  INFO [shineon-api-uauth,,,] 13036 --- [main] o.s.i.monitor.IntegrationMBeanExporter   : Registering MessageChannel nullChannel
2019-07-25 16:49:28.453  INFO [shineon-api-uauth,,,] 13036 --- [main] o.s.i.monitor.IntegrationMBeanExporter   : Registering MessageChannel errorChannel
2019-07-25 16:49:28.498  INFO [shineon-api-uauth,,,] 13036 --- [main] o.s.i.monitor.IntegrationMBeanExporter   : Registering MessageChannel MataoMessageOutput
2019-07-25 16:49:28.536  INFO [shineon-api-uauth,,,] 13036 --- [main] o.s.i.monitor.IntegrationMBeanExporter   : Registering MessageChannel MataoMessageInput
2019-07-25 16:49:28.546  INFO [shineon-api-uauth,,,] 13036 --- [main] o.s.i.monitor.IntegrationMBeanExporter   : Registering MessageHandler errorLogger
2019-07-25 16:49:28.559  INFO [shineon-api-uauth,,,] 13036 --- [main] o.s.i.monitor.IntegrationMBeanExporter   : Registering MessageHandler org.springframework.cloud.stream.binding.StreamListenerMessageHandler@1791396b
2019-07-25 16:49:28.748  INFO [shineon-api-uauth,,,] 13036 --- [main] o.s.i.endpoint.EventDrivenConsumer       : Adding {logging-channel-adapter:_org.springframework.integration.errorLogger} as a subscriber to the 'errorChannel' channel
2019-07-25 16:49:28.748  INFO [shineon-api-uauth,,,] 13036 --- [main] o.s.i.channel.PublishSubscribeChannel    : Channel 'application-1.errorChannel' has 1 subscriber(s).
2019-07-25 16:49:28.748  INFO [shineon-api-uauth,,,] 13036 --- [main] o.s.i.endpoint.EventDrivenConsumer       : started _org.springframework.integration.errorLogger
2019-07-25 16:49:28.905  INFO [shineon-api-uauth,,,] 13036 --- [main] o.s.a.r.c.CachingConnectionFactory       : Attempting to connect to: [127.0.0.1:5672]
2019-07-25 16:49:28.926  INFO [shineon-api-uauth,,,] 13036 --- [main] o.s.a.r.c.CachingConnectionFactory       : Created new connection: rabbitConnectionFactory#3313463c:0/SimpleConnection@4678ec43 [delegate=amqp://matao@127.0.0.1:5672/, localPort= 57863]
2019-07-25 16:49:28.955  INFO [shineon-api-uauth,,,] 13036 --- [main] o.s.c.s.m.DirectWithAttributesChannel    : Channel 'application-1.MataoMessageOutput' has 1 subscriber(s).
2019-07-25 16:49:28.966  INFO [shineon-api-uauth,,,] 13036 --- [main] o.s.c.n.eureka.InstanceInfoFactory       : Setting initial instance status as: STARTING
2019-07-25 16:49:28.988  INFO [shineon-api-uauth,,,] 13036 --- [main] com.netflix.discovery.DiscoveryClient    : Initializing Eureka in region us-east-1
2019-07-25 16:49:29.069  INFO [shineon-api-uauth,,,] 13036 --- [main] c.n.d.provider.DiscoveryJerseyProvider   : Using JSON encoding codec LegacyJacksonJson
2019-07-25 16:49:29.069  INFO [shineon-api-uauth,,,] 13036 --- [main] c.n.d.provider.DiscoveryJerseyProvider   : Using JSON decoding codec LegacyJacksonJson
2019-07-25 16:49:29.128  INFO [shineon-api-uauth,,,] 13036 --- [main] c.n.d.provider.DiscoveryJerseyProvider   : Using XML encoding codec XStreamXml
2019-07-25 16:49:29.128  INFO [shineon-api-uauth,,,] 13036 --- [main] c.n.d.provider.DiscoveryJerseyProvider   : Using XML decoding codec XStreamXml
2019-07-25 16:49:29.259  INFO [shineon-api-uauth,,,] 13036 --- [main] c.n.d.s.r.aws.ConfigClusterResolver      : Resolving eureka endpoints via configuration
2019-07-25 16:49:29.298  INFO [shineon-api-uauth,,,] 13036 --- [main] com.netflix.discovery.DiscoveryClient    : Disable delta property : false
2019-07-25 16:49:29.298  INFO [shineon-api-uauth,,,] 13036 --- [main] com.netflix.discovery.DiscoveryClient    : Single vip registry refresh property : null
2019-07-25 16:49:29.298  INFO [shineon-api-uauth,,,] 13036 --- [main] com.netflix.discovery.DiscoveryClient    : Force full registry fetch : false
2019-07-25 16:49:29.298  INFO [shineon-api-uauth,,,] 13036 --- [main] com.netflix.discovery.DiscoveryClient    : Application is null : false
2019-07-25 16:49:29.298  INFO [shineon-api-uauth,,,] 13036 --- [main] com.netflix.discovery.DiscoveryClient    : Registered Applications size is zero : true
2019-07-25 16:49:29.298  INFO [shineon-api-uauth,,,] 13036 --- [main] com.netflix.discovery.DiscoveryClient    : Application version is -1: true
2019-07-25 16:49:29.299  INFO [shineon-api-uauth,,,] 13036 --- [main] com.netflix.discovery.DiscoveryClient    : Getting all instance registry info from the eureka server
2019-07-25 16:49:29.385  INFO [shineon-api-uauth,,,] 13036 --- [main] com.netflix.discovery.DiscoveryClient    : The response status is 200
2019-07-25 16:49:29.387  INFO [shineon-api-uauth,,,] 13036 --- [main] com.netflix.discovery.DiscoveryClient    : Starting heartbeat executor: renew interval is: 30
2019-07-25 16:49:29.388  INFO [shineon-api-uauth,,,] 13036 --- [main] c.n.discovery.InstanceInfoReplicator     : InstanceInfoReplicator onDemand update allowed rate per min is 4
2019-07-25 16:49:29.390  INFO [shineon-api-uauth,,,] 13036 --- [main] com.netflix.discovery.DiscoveryClient    : Discovery Client initialized at timestamp 1564044569390 with initial instances count: 4
2019-07-25 16:49:29.395  INFO [shineon-api-uauth,,,] 13036 --- [main] o.s.c.n.e.s.EurekaServiceRegistry        : Registering application SHINEON-API-UAUTH with eureka with status UP
2019-07-25 16:49:29.395  INFO [shineon-api-uauth,,,] 13036 --- [main] com.netflix.discovery.DiscoveryClient    : Saw local status change event StatusChangeEvent [timestamp=1564044569395, current=UP, previous=STARTING]
2019-07-25 16:49:29.397  INFO [shineon-api-uauth,,,] 13036 --- [DiscoveryClient-InstanceInfoReplicator-0] com.netflix.discovery.DiscoveryClient    : DiscoveryClient_SHINEON-API-UAUTH/fh18829-2:shineon-api-uauth:129: registering service...
2019-07-25 16:49:29.414  INFO [shineon-api-uauth,,,] 13036 --- [main] c.s.b.r.p.RabbitExchangeQueueProvisioner : declaring queue for inbound: MataoMessage.anonymous.ypy1HRHYSf2BoDAz7iyQKA, bound to: MataoMessage
2019-07-25 16:49:29.420  INFO [shineon-api-uauth,,,] 13036 --- [DiscoveryClient-InstanceInfoReplicator-0] com.netflix.discovery.DiscoveryClient    : DiscoveryClient_SHINEON-API-UAUTH/fh18829-2:shineon-api-uauth:129 - registration status: 204
2019-07-25 16:49:29.435  INFO [shineon-api-uauth,,,] 13036 --- [main] o.s.i.monitor.IntegrationMBeanExporter   : Registering MessageChannel MataoMessage.anonymous.ypy1HRHYSf2BoDAz7iyQKA.errors
2019-07-25 16:49:29.490  INFO [shineon-api-uauth,,,] 13036 --- [main] o.s.c.stream.binder.BinderErrorChannel   : Channel 'application-1.MataoMessage.anonymous.ypy1HRHYSf2BoDAz7iyQKA.errors' has 1 subscriber(s).
2019-07-25 16:49:29.491  INFO [shineon-api-uauth,,,] 13036 --- [main] o.s.c.stream.binder.BinderErrorChannel   : Channel 'application-1.MataoMessage.anonymous.ypy1HRHYSf2BoDAz7iyQKA.errors' has 2 subscriber(s).
2019-07-25 16:49:29.514  INFO [shineon-api-uauth,,,] 13036 --- [main] o.s.i.a.i.AmqpInboundChannelAdapter      : started inbound.MataoMessage.anonymous.ypy1HRHYSf2BoDAz7iyQKA
2019-07-25 16:49:30.096  INFO [shineon-api-uauth,,,] 13036 --- [main] o.s.b.w.embedded.tomcat.TomcatWebServer  : Tomcat started on port(s): 129 (http) with context path ''
2019-07-25 16:49:30.097  INFO [shineon-api-uauth,,,] 13036 --- [main] .s.c.n.e.s.EurekaAutoServiceRegistration : Updating port to 129
2019-07-25 16:49:30.098  INFO [shineon-api-uauth,,,] 13036 --- [main] com.shineon.coder.CoderApplication       : Started CoderApplication in 7.605 seconds (JVM running for 8.058)
2019-07-25 16:49:36.795  INFO [shineon-api-uauth,,,] 13036 --- [http-nio-129-exec-1] o.a.c.c.C.[Tomcat].[localhost].[/]       : Initializing Spring DispatcherServlet 'dispatcherServlet'
2019-07-25 16:49:36.795  INFO [shineon-api-uauth,,,] 13036 --- [http-nio-129-exec-1] o.s.web.servlet.DispatcherServlet        : Initializing Servlet 'dispatcherServlet'
2019-07-25 16:49:36.808  INFO [shineon-api-uauth,,,] 13036 --- [http-nio-129-exec-1] o.s.web.servlet.DispatcherServlet        : Completed initialization in 13 ms
2019-07-25 16:49:36.835  INFO [shineon-api-uauth,52a9bd14ad4f685f,52a9bd14ad4f685f,false] 13036 --- [http-nio-129-exec-1] c.s.coder.controller.UserController      : ...........................begin
2019-07-25 16:49:37.036  INFO [shineon-api-uauth,52a9bd14ad4f685f,c1b9272972504210,false] 13036 --- [hystrix-shineon-server-uauth-1] c.netflix.config.ChainedDynamicProperty  : Flipping property: shineon-server-uauth.ribbon.ActiveConnectionsLimit to use NEXT property: niws.loadbalancer.availabilityFilteringRule.activeConnectionsLimit = 2147483647
2019-07-25 16:49:37.056  INFO [shineon-api-uauth,52a9bd14ad4f685f,c1b9272972504210,false] 13036 --- [hystrix-shineon-server-uauth-1] c.n.u.concurrent.ShutdownEnabledTimer    : Shutdown hook installed for: NFLoadBalancer-PingTimer-shineon-server-uauth
2019-07-25 16:49:37.056  INFO [shineon-api-uauth,52a9bd14ad4f685f,c1b9272972504210,false] 13036 --- [hystrix-shineon-server-uauth-1] c.netflix.loadbalancer.BaseLoadBalancer  : Client: shineon-server-uauth instantiated a LoadBalancer: DynamicServerListLoadBalancer:{NFLoadBalancer:name=shineon-server-uauth,current list of Servers=[],Load balancer stats=Zone stats: {},Server stats: []}ServerList:null
2019-07-25 16:49:37.060  INFO [shineon-api-uauth,52a9bd14ad4f685f,c1b9272972504210,false] 13036 --- [hystrix-shineon-server-uauth-1] c.n.l.DynamicServerListLoadBalancer      : Using serverListUpdater PollingServerListUpdater
2019-07-25 16:49:37.074  INFO [shineon-api-uauth,52a9bd14ad4f685f,c1b9272972504210,false] 13036 --- [hystrix-shineon-server-uauth-1] c.netflix.config.ChainedDynamicProperty  : Flipping property: shineon-server-uauth.ribbon.ActiveConnectionsLimit to use NEXT property: niws.loadbalancer.availabilityFilteringRule.activeConnectionsLimit = 2147483647
2019-07-25 16:49:37.076  INFO [shineon-api-uauth,52a9bd14ad4f685f,c1b9272972504210,false] 13036 --- [hystrix-shineon-server-uauth-1] c.n.l.DynamicServerListLoadBalancer      : DynamicServerListLoadBalancer for client shineon-server-uauth initialized: DynamicServerListLoadBalancer:{NFLoadBalancer:name=shineon-server-uauth,current list of Servers=[fh18829-2:122],Load balancer stats=Zone stats: {defaultzone=[Zone:defaultzone;	Instance count:1;	Active connections count: 0;	Circuit breaker tripped count: 0;	Active connections per server: 0.0;]
},Server stats: [[Server:fh18829-2:122;	Zone:defaultZone;	Total Requests:0;	Successive connection failure:0;	Total blackout seconds:0;	Last connection made:Thu Jan 01 08:00:00 CST 1970;	First connection made: Thu Jan 01 08:00:00 CST 1970;	Active Connections:0;	total failure count in last (1000) msecs:0;	average resp time:0.0;	90 percentile resp time:0.0;	95 percentile resp time:0.0;	min resp time:0.0;	max resp time:0.0;	stddev resp time:0.0]
]}ServerList:org.springframework.cloud.netflix.ribbon.eureka.DomainExtractingServerList@3bb7052
2019-07-25 16:49:38.062  INFO [shineon-api-uauth,,,] 13036 --- [PollingServerListUpdater-0] c.netflix.config.ChainedDynamicProperty  : Flipping property: shineon-server-uauth.ribbon.ActiveConnectionsLimit to use NEXT property: niws.loadbalancer.availabilityFilteringRule.activeConnectionsLimit = 2147483647
