2019-07-29 11:22:00.781  INFO [shineon-server-uauth,,,] 10636 --- [main] com.shineon.coder.CoderApplication       : No active profile set, falling back to default profiles: default
2019-07-29 11:22:01.864  INFO [shineon-server-uauth,,,] 10636 --- [main] .s.d.r.c.RepositoryConfigurationDelegate : Multiple Spring Data modules found, entering strict repository configuration mode!
2019-07-29 11:22:01.865  INFO [shineon-server-uauth,,,] 10636 --- [main] .s.d.r.c.RepositoryConfigurationDelegate : Bootstrapping Spring Data repositories in DEFAULT mode.
2019-07-29 11:22:01.888  INFO [shineon-server-uauth,,,] 10636 --- [main] .s.d.r.c.RepositoryConfigurationDelegate : Finished Spring Data repository scanning in 12ms. Found 0 repository interfaces.
2019-07-29 11:22:01.989  WARN [shineon-server-uauth,,,] 10636 --- [main] o.s.boot.actuate.endpoint.EndpointId     : Endpoint ID 'service-registry' contains invalid characters, please migrate to a valid format.
2019-07-29 11:22:02.317  INFO [shineon-server-uauth,,,] 10636 --- [main] o.s.cloud.context.scope.GenericScope     : BeanFactory id=9f020ea0-f5b5-38d3-9341-81356e62ee14
2019-07-29 11:22:02.327  INFO [shineon-server-uauth,,,] 10636 --- [main] faultConfiguringBeanFactoryPostProcessor : No bean named 'errorChannel' has been explicitly defined. Therefore, a default PublishSubscribeChannel will be created.
2019-07-29 11:22:02.332  INFO [shineon-server-uauth,,,] 10636 --- [main] faultConfiguringBeanFactoryPostProcessor : No bean named 'taskScheduler' has been explicitly defined. Therefore, a default ThreadPoolTaskScheduler will be created.
2019-07-29 11:22:02.336  INFO [shineon-server-uauth,,,] 10636 --- [main] faultConfiguringBeanFactoryPostProcessor : No bean named 'integrationHeaderChannelRegistry' has been explicitly defined. Therefore, a default DefaultHeaderChannelRegistry will be created.
2019-07-29 11:22:02.574  INFO [shineon-server-uauth,,,] 10636 --- [main] trationDelegate$BeanPostProcessorChecker : Bean 'integrationDisposableAutoCreatedBeans' of type [org.springframework.integration.config.annotation.Disposables] is not eligible for getting processed by all BeanPostProcessors (for example: not eligible for auto-proxying)
2019-07-29 11:22:02.603  INFO [shineon-server-uauth,,,] 10636 --- [main] trationDelegate$BeanPostProcessorChecker : Bean 'org.springframework.integration.config.IntegrationManagementConfiguration' of type [org.springframework.integration.config.IntegrationManagementConfiguration$$EnhancerBySpringCGLIB$$f5418bd3] is not eligible for getting processed by all BeanPostProcessors (for example: not eligible for auto-proxying)
2019-07-29 11:22:02.615  INFO [shineon-server-uauth,,,] 10636 --- [main] trationDelegate$BeanPostProcessorChecker : Bean 'org.springframework.boot.autoconfigure.integration.IntegrationAutoConfiguration$IntegrationJmxConfiguration' of type [org.springframework.boot.autoconfigure.integration.IntegrationAutoConfiguration$IntegrationJmxConfiguration$$EnhancerBySpringCGLIB$$d0d396f3] is not eligible for getting processed by all BeanPostProcessors (for example: not eligible for auto-proxying)
2019-07-29 11:22:02.622  INFO [shineon-server-uauth,,,] 10636 --- [main] trationDelegate$BeanPostProcessorChecker : Bean 'org.springframework.boot.autoconfigure.jmx.JmxAutoConfiguration' of type [org.springframework.boot.autoconfigure.jmx.JmxAutoConfiguration$$EnhancerBySpringCGLIB$$9bb3fc0] is not eligible for getting processed by all BeanPostProcessors (for example: not eligible for auto-proxying)
2019-07-29 11:22:02.628  INFO [shineon-server-uauth,,,] 10636 --- [main] trationDelegate$BeanPostProcessorChecker : Bean 'mbeanServer' of type [com.sun.jmx.mbeanserver.JmxMBeanServer] is not eligible for getting processed by all BeanPostProcessors (for example: not eligible for auto-proxying)
2019-07-29 11:22:02.658  INFO [shineon-server-uauth,,,] 10636 --- [main] trationDelegate$BeanPostProcessorChecker : Bean 'org.springframework.cloud.autoconfigure.ConfigurationPropertiesRebinderAutoConfiguration' of type [org.springframework.cloud.autoconfigure.ConfigurationPropertiesRebinderAutoConfiguration$$EnhancerBySpringCGLIB$$a669d3a1] is not eligible for getting processed by all BeanPostProcessors (for example: not eligible for auto-proxying)
2019-07-29 11:22:03.024  INFO [shineon-server-uauth,,,] 10636 --- [main] o.s.b.w.embedded.tomcat.TomcatWebServer  : Tomcat initialized with port(s): 122 (http)
2019-07-29 11:22:03.039  INFO [shineon-server-uauth,,,] 10636 --- [main] o.apache.catalina.core.StandardService   : Starting service [Tomcat]
2019-07-29 11:22:03.039  INFO [shineon-server-uauth,,,] 10636 --- [main] org.apache.catalina.core.StandardEngine  : Starting Servlet engine: [Apache Tomcat/9.0.21]
2019-07-29 11:22:03.134  INFO [shineon-server-uauth,,,] 10636 --- [main] o.a.c.c.C.[Tomcat].[localhost].[/]       : Initializing Spring embedded WebApplicationContext
2019-07-29 11:22:03.134  INFO [shineon-server-uauth,,,] 10636 --- [main] o.s.web.context.ContextLoader            : Root WebApplicationContext: initialization completed in 2340 ms
2019-07-29 11:22:03.254  WARN [shineon-server-uauth,,,] 10636 --- [main] c.n.c.sources.URLConfigurationSource     : No URLs will be polled as dynamic configuration sources.
2019-07-29 11:22:03.254  INFO [shineon-server-uauth,,,] 10636 --- [main] c.n.c.sources.URLConfigurationSource     : To enable URLs as dynamic configuration sources, define System property archaius.configurationSource.additionalUrls or make config.properties available on classpath.
2019-07-29 11:22:03.259  INFO [shineon-server-uauth,,,] 10636 --- [main] c.netflix.config.DynamicPropertyFactory  : DynamicPropertyFactory is initialized with configuration sources: com.netflix.config.ConcurrentCompositeConfiguration@50bc3219
2019-07-29 11:22:04.315  INFO [shineon-server-uauth,,,] 10636 --- [main] o.s.s.c.ThreadPoolTaskScheduler          : Initializing ExecutorService 'taskScheduler'
2019-07-29 11:22:05.018  INFO [shineon-server-uauth,,,] 10636 --- [main] o.s.s.concurrent.ThreadPoolTaskExecutor  : Initializing ExecutorService
2019-07-29 11:22:05.019  INFO [shineon-server-uauth,,,] 10636 --- [main] o.s.s.concurrent.ThreadPoolTaskExecutor  : Initializing ExecutorService 'pool_schedule'
2019-07-29 11:22:05.101  WARN [shineon-server-uauth,,,] 10636 --- [main] c.n.c.sources.URLConfigurationSource     : No URLs will be polled as dynamic configuration sources.
2019-07-29 11:22:05.101  INFO [shineon-server-uauth,,,] 10636 --- [main] c.n.c.sources.URLConfigurationSource     : To enable URLs as dynamic configuration sources, define System property archaius.configurationSource.additionalUrls or make config.properties available on classpath.
2019-07-29 11:22:06.066  INFO [shineon-server-uauth,,,] 10636 --- [main] o.s.b.a.e.web.EndpointLinksResolver      : Exposing 2 endpoint(s) beneath base path '/actuator'
2019-07-29 11:22:06.162  INFO [shineon-server-uauth,,,] 10636 --- [main] o.s.c.s.m.DirectWithAttributesChannel    : Channel 'application-1.MataoMessageInput' has 1 subscriber(s).
2019-07-29 11:22:06.272  INFO [shineon-server-uauth,,,] 10636 --- [main] o.s.i.monitor.IntegrationMBeanExporter   : Registering MessageChannel errorChannel
2019-07-29 11:22:06.336  INFO [shineon-server-uauth,,,] 10636 --- [main] o.s.i.monitor.IntegrationMBeanExporter   : Registering MessageChannel MataoMessageInput
2019-07-29 11:22:06.361  INFO [shineon-server-uauth,,,] 10636 --- [main] o.s.i.monitor.IntegrationMBeanExporter   : Registering MessageChannel nullChannel
2019-07-29 11:22:06.371  INFO [shineon-server-uauth,,,] 10636 --- [main] o.s.i.monitor.IntegrationMBeanExporter   : Registering MessageChannel MataoMessageOutput
2019-07-29 11:22:06.381  INFO [shineon-server-uauth,,,] 10636 --- [main] o.s.i.monitor.IntegrationMBeanExporter   : Registering MessageHandler org.springframework.cloud.stream.binding.StreamListenerMessageHandler@125124ea
2019-07-29 11:22:06.467  INFO [shineon-server-uauth,,,] 10636 --- [main] o.s.i.monitor.IntegrationMBeanExporter   : Registering MessageHandler errorLogger
2019-07-29 11:22:06.514  INFO [shineon-server-uauth,,,] 10636 --- [main] o.s.i.endpoint.EventDrivenConsumer       : Adding {logging-channel-adapter:_org.springframework.integration.errorLogger} as a subscriber to the 'errorChannel' channel
2019-07-29 11:22:06.514  INFO [shineon-server-uauth,,,] 10636 --- [main] o.s.i.channel.PublishSubscribeChannel    : Channel 'application-1.errorChannel' has 1 subscriber(s).
2019-07-29 11:22:06.515  INFO [shineon-server-uauth,,,] 10636 --- [main] o.s.i.endpoint.EventDrivenConsumer       : started _org.springframework.integration.errorLogger
2019-07-29 11:22:06.724  INFO [shineon-server-uauth,,,] 10636 --- [main] o.s.a.r.c.CachingConnectionFactory       : Attempting to connect to: [127.0.0.1:5672]
2019-07-29 11:22:06.828  INFO [shineon-server-uauth,,,] 10636 --- [main] o.s.a.r.c.CachingConnectionFactory       : Created new connection: rabbitConnectionFactory#5d7f8467:0/SimpleConnection@2af3b054 [delegate=amqp://matao@127.0.0.1:5672/, localPort= 52353]
2019-07-29 11:22:06.874  INFO [shineon-server-uauth,,,] 10636 --- [main] o.s.c.s.m.DirectWithAttributesChannel    : Channel 'application-1.MataoMessageOutput' has 1 subscriber(s).
2019-07-29 11:22:06.888  INFO [shineon-server-uauth,,,] 10636 --- [main] o.s.c.n.eureka.InstanceInfoFactory       : Setting initial instance status as: STARTING
2019-07-29 11:22:06.916  INFO [shineon-server-uauth,,,] 10636 --- [main] com.netflix.discovery.DiscoveryClient    : Initializing Eureka in region us-east-1
2019-07-29 11:22:07.013  INFO [shineon-server-uauth,,,] 10636 --- [main] c.n.d.provider.DiscoveryJerseyProvider   : Using JSON encoding codec LegacyJacksonJson
2019-07-29 11:22:07.013  INFO [shineon-server-uauth,,,] 10636 --- [main] c.n.d.provider.DiscoveryJerseyProvider   : Using JSON decoding codec LegacyJacksonJson
2019-07-29 11:22:07.231  INFO [shineon-server-uauth,,,] 10636 --- [main] c.n.d.provider.DiscoveryJerseyProvider   : Using XML encoding codec XStreamXml
2019-07-29 11:22:07.231  INFO [shineon-server-uauth,,,] 10636 --- [main] c.n.d.provider.DiscoveryJerseyProvider   : Using XML decoding codec XStreamXml
2019-07-29 11:22:07.379  INFO [shineon-server-uauth,,,] 10636 --- [main] c.n.d.s.r.aws.ConfigClusterResolver      : Resolving eureka endpoints via configuration
2019-07-29 11:22:07.416  INFO [shineon-server-uauth,,,] 10636 --- [main] com.netflix.discovery.DiscoveryClient    : Disable delta property : false
2019-07-29 11:22:07.417  INFO [shineon-server-uauth,,,] 10636 --- [main] com.netflix.discovery.DiscoveryClient    : Single vip registry refresh property : null
2019-07-29 11:22:07.417  INFO [shineon-server-uauth,,,] 10636 --- [main] com.netflix.discovery.DiscoveryClient    : Force full registry fetch : false
2019-07-29 11:22:07.417  INFO [shineon-server-uauth,,,] 10636 --- [main] com.netflix.discovery.DiscoveryClient    : Application is null : false
2019-07-29 11:22:07.417  INFO [shineon-server-uauth,,,] 10636 --- [main] com.netflix.discovery.DiscoveryClient    : Registered Applications size is zero : true
2019-07-29 11:22:07.417  INFO [shineon-server-uauth,,,] 10636 --- [main] com.netflix.discovery.DiscoveryClient    : Application version is -1: true
2019-07-29 11:22:07.417  INFO [shineon-server-uauth,,,] 10636 --- [main] com.netflix.discovery.DiscoveryClient    : Getting all instance registry info from the eureka server
2019-07-29 11:22:07.523  INFO [shineon-server-uauth,,,] 10636 --- [main] com.netflix.discovery.DiscoveryClient    : The response status is 200
2019-07-29 11:22:07.524  INFO [shineon-server-uauth,,,] 10636 --- [main] com.netflix.discovery.DiscoveryClient    : Starting heartbeat executor: renew interval is: 30
2019-07-29 11:22:07.526  INFO [shineon-server-uauth,,,] 10636 --- [main] c.n.discovery.InstanceInfoReplicator     : InstanceInfoReplicator onDemand update allowed rate per min is 4
2019-07-29 11:22:07.528  INFO [shineon-server-uauth,,,] 10636 --- [main] com.netflix.discovery.DiscoveryClient    : Discovery Client initialized at timestamp 1564370527527 with initial instances count: 1
2019-07-29 11:22:07.533  INFO [shineon-server-uauth,,,] 10636 --- [main] o.s.c.n.e.s.EurekaServiceRegistry        : Registering application SHINEON-SERVER-UAUTH with eureka with status UP
2019-07-29 11:22:07.534  INFO [shineon-server-uauth,,,] 10636 --- [main] com.netflix.discovery.DiscoveryClient    : Saw local status change event StatusChangeEvent [timestamp=1564370527534, current=UP, previous=STARTING]
2019-07-29 11:22:07.535  INFO [shineon-server-uauth,,,] 10636 --- [DiscoveryClient-InstanceInfoReplicator-0] com.netflix.discovery.DiscoveryClient    : DiscoveryClient_SHINEON-SERVER-UAUTH/fh18829-2:shineon-server-uauth:122: registering service...
2019-07-29 11:22:07.555  INFO [shineon-server-uauth,,,] 10636 --- [main] c.s.b.r.p.RabbitExchangeQueueProvisioner : declaring queue for inbound: MataoMessageInput.anonymous.MqCkULU4TB6C-xUvmsyt6A, bound to: MataoMessageInput
2019-07-29 11:22:07.561  INFO [shineon-server-uauth,,,] 10636 --- [DiscoveryClient-InstanceInfoReplicator-0] com.netflix.discovery.DiscoveryClient    : DiscoveryClient_SHINEON-SERVER-UAUTH/fh18829-2:shineon-server-uauth:122 - registration status: 204
2019-07-29 11:22:07.585  INFO [shineon-server-uauth,,,] 10636 --- [main] o.s.i.monitor.IntegrationMBeanExporter   : Registering MessageChannel MataoMessageInput.anonymous.MqCkULU4TB6C-xUvmsyt6A.errors
2019-07-29 11:22:07.707  INFO [shineon-server-uauth,,,] 10636 --- [main] o.s.c.stream.binder.BinderErrorChannel   : Channel 'application-1.MataoMessageInput.anonymous.MqCkULU4TB6C-xUvmsyt6A.errors' has 1 subscriber(s).
2019-07-29 11:22:07.708  INFO [shineon-server-uauth,,,] 10636 --- [main] o.s.c.stream.binder.BinderErrorChannel   : Channel 'application-1.MataoMessageInput.anonymous.MqCkULU4TB6C-xUvmsyt6A.errors' has 2 subscriber(s).
2019-07-29 11:22:07.751  INFO [shineon-server-uauth,,,] 10636 --- [main] o.s.i.a.i.AmqpInboundChannelAdapter      : started inbound.MataoMessageInput.anonymous.MqCkULU4TB6C-xUvmsyt6A
2019-07-29 11:22:07.816  INFO [shineon-server-uauth,,,] 10636 --- [main] o.s.b.w.embedded.tomcat.TomcatWebServer  : Tomcat started on port(s): 122 (http) with context path ''
2019-07-29 11:22:07.817  INFO [shineon-server-uauth,,,] 10636 --- [main] .s.c.n.e.s.EurekaAutoServiceRegistration : Updating port to 122
2019-07-29 11:22:07.820  INFO [shineon-server-uauth,,,] 10636 --- [main] com.shineon.coder.CoderApplication       : Started CoderApplication in 7.799 seconds (JVM running for 8.322)
2019-07-29 11:23:56.290  INFO [shineon-server-uauth,,,] 10636 --- [http-nio-122-exec-1] o.a.c.c.C.[Tomcat].[localhost].[/]       : Initializing Spring DispatcherServlet 'dispatcherServlet'
2019-07-29 11:23:56.290  INFO [shineon-server-uauth,,,] 10636 --- [http-nio-122-exec-1] o.s.web.servlet.DispatcherServlet        : Initializing Servlet 'dispatcherServlet'
2019-07-29 11:23:56.305  INFO [shineon-server-uauth,,,] 10636 --- [http-nio-122-exec-1] o.s.web.servlet.DispatcherServlet        : Completed initialization in 15 ms
2019-07-29 11:23:56.546  INFO [shineon-server-uauth,b14fb4dc100eae42,8c713d5a17e613a9,false] 10636 --- [hystrix-shineon-db-user-1] c.netflix.config.ChainedDynamicProperty  : Flipping property: shineon-db-user.ribbon.ActiveConnectionsLimit to use NEXT property: niws.loadbalancer.availabilityFilteringRule.activeConnectionsLimit = 2147483647
2019-07-29 11:23:56.568  INFO [shineon-server-uauth,b14fb4dc100eae42,8c713d5a17e613a9,false] 10636 --- [hystrix-shineon-db-user-1] c.n.u.concurrent.ShutdownEnabledTimer    : Shutdown hook installed for: NFLoadBalancer-PingTimer-shineon-db-user
2019-07-29 11:23:56.568  INFO [shineon-server-uauth,b14fb4dc100eae42,8c713d5a17e613a9,false] 10636 --- [hystrix-shineon-db-user-1] c.netflix.loadbalancer.BaseLoadBalancer  : Client: shineon-db-user instantiated a LoadBalancer: DynamicServerListLoadBalancer:{NFLoadBalancer:name=shineon-db-user,current list of Servers=[],Load balancer stats=Zone stats: {},Server stats: []}ServerList:null
2019-07-29 11:23:56.573  INFO [shineon-server-uauth,b14fb4dc100eae42,8c713d5a17e613a9,false] 10636 --- [hystrix-shineon-db-user-1] c.n.l.DynamicServerListLoadBalancer      : Using serverListUpdater PollingServerListUpdater
2019-07-29 11:23:56.588  INFO [shineon-server-uauth,b14fb4dc100eae42,8c713d5a17e613a9,false] 10636 --- [hystrix-shineon-db-user-1] c.netflix.config.ChainedDynamicProperty  : Flipping property: shineon-db-user.ribbon.ActiveConnectionsLimit to use NEXT property: niws.loadbalancer.availabilityFilteringRule.activeConnectionsLimit = 2147483647
2019-07-29 11:23:56.589  INFO [shineon-server-uauth,b14fb4dc100eae42,8c713d5a17e613a9,false] 10636 --- [hystrix-shineon-db-user-1] c.n.l.DynamicServerListLoadBalancer      : DynamicServerListLoadBalancer for client shineon-db-user initialized: DynamicServerListLoadBalancer:{NFLoadBalancer:name=shineon-db-user,current list of Servers=[fh18829-2:121],Load balancer stats=Zone stats: {defaultzone=[Zone:defaultzone;	Instance count:1;	Active connections count: 0;	Circuit breaker tripped count: 0;	Active connections per server: 0.0;]
},Server stats: [[Server:fh18829-2:121;	Zone:defaultZone;	Total Requests:0;	Successive connection failure:0;	Total blackout seconds:0;	Last connection made:Thu Jan 01 08:00:00 CST 1970;	First connection made: Thu Jan 01 08:00:00 CST 1970;	Active Connections:0;	total failure count in last (1000) msecs:0;	average resp time:0.0;	90 percentile resp time:0.0;	95 percentile resp time:0.0;	min resp time:0.0;	max resp time:0.0;	stddev resp time:0.0]
]}ServerList:org.springframework.cloud.netflix.ribbon.eureka.DomainExtractingServerList@3c84b832
2019-07-29 11:23:57.575  INFO [shineon-server-uauth,,,] 10636 --- [PollingServerListUpdater-0] c.netflix.config.ChainedDynamicProperty  : Flipping property: shineon-db-user.ribbon.ActiveConnectionsLimit to use NEXT property: niws.loadbalancer.availabilityFilteringRule.activeConnectionsLimit = 2147483647
2019-07-29 13:51:20.380  INFO [shineon-server-uauth,,,] 10884 --- [main] com.shineon.coder.CoderApplication       : No active profile set, falling back to default profiles: default
2019-07-29 13:51:21.316  INFO [shineon-server-uauth,,,] 10884 --- [main] .s.d.r.c.RepositoryConfigurationDelegate : Multiple Spring Data modules found, entering strict repository configuration mode!
2019-07-29 13:51:21.318  INFO [shineon-server-uauth,,,] 10884 --- [main] .s.d.r.c.RepositoryConfigurationDelegate : Bootstrapping Spring Data repositories in DEFAULT mode.
2019-07-29 13:51:21.332  INFO [shineon-server-uauth,,,] 10884 --- [main] .s.d.r.c.RepositoryConfigurationDelegate : Finished Spring Data repository scanning in 7ms. Found 0 repository interfaces.
2019-07-29 13:51:21.398  WARN [shineon-server-uauth,,,] 10884 --- [main] o.s.boot.actuate.endpoint.EndpointId     : Endpoint ID 'service-registry' contains invalid characters, please migrate to a valid format.
2019-07-29 13:51:21.645  INFO [shineon-server-uauth,,,] 10884 --- [main] o.s.cloud.context.scope.GenericScope     : BeanFactory id=9f020ea0-f5b5-38d3-9341-81356e62ee14
2019-07-29 13:51:21.662  INFO [shineon-server-uauth,,,] 10884 --- [main] faultConfiguringBeanFactoryPostProcessor : No bean named 'errorChannel' has been explicitly defined. Therefore, a default PublishSubscribeChannel will be created.
2019-07-29 13:51:21.666  INFO [shineon-server-uauth,,,] 10884 --- [main] faultConfiguringBeanFactoryPostProcessor : No bean named 'taskScheduler' has been explicitly defined. Therefore, a default ThreadPoolTaskScheduler will be created.
2019-07-29 13:51:21.670  INFO [shineon-server-uauth,,,] 10884 --- [main] faultConfiguringBeanFactoryPostProcessor : No bean named 'integrationHeaderChannelRegistry' has been explicitly defined. Therefore, a default DefaultHeaderChannelRegistry will be created.
2019-07-29 13:51:21.913  INFO [shineon-server-uauth,,,] 10884 --- [main] trationDelegate$BeanPostProcessorChecker : Bean 'integrationDisposableAutoCreatedBeans' of type [org.springframework.integration.config.annotation.Disposables] is not eligible for getting processed by all BeanPostProcessors (for example: not eligible for auto-proxying)
2019-07-29 13:51:21.947  INFO [shineon-server-uauth,,,] 10884 --- [main] trationDelegate$BeanPostProcessorChecker : Bean 'org.springframework.integration.config.IntegrationManagementConfiguration' of type [org.springframework.integration.config.IntegrationManagementConfiguration$$EnhancerBySpringCGLIB$$58957cd9] is not eligible for getting processed by all BeanPostProcessors (for example: not eligible for auto-proxying)
2019-07-29 13:51:21.962  INFO [shineon-server-uauth,,,] 10884 --- [main] trationDelegate$BeanPostProcessorChecker : Bean 'org.springframework.boot.autoconfigure.integration.IntegrationAutoConfiguration$IntegrationJmxConfiguration' of type [org.springframework.boot.autoconfigure.integration.IntegrationAutoConfiguration$IntegrationJmxConfiguration$$EnhancerBySpringCGLIB$$342787f9] is not eligible for getting processed by all BeanPostProcessors (for example: not eligible for auto-proxying)
2019-07-29 13:51:21.969  INFO [shineon-server-uauth,,,] 10884 --- [main] trationDelegate$BeanPostProcessorChecker : Bean 'org.springframework.boot.autoconfigure.jmx.JmxAutoConfiguration' of type [org.springframework.boot.autoconfigure.jmx.JmxAutoConfiguration$$EnhancerBySpringCGLIB$$6d0f30c6] is not eligible for getting processed by all BeanPostProcessors (for example: not eligible for auto-proxying)
2019-07-29 13:51:21.975  INFO [shineon-server-uauth,,,] 10884 --- [main] trationDelegate$BeanPostProcessorChecker : Bean 'mbeanServer' of type [com.sun.jmx.mbeanserver.JmxMBeanServer] is not eligible for getting processed by all BeanPostProcessors (for example: not eligible for auto-proxying)
2019-07-29 13:51:22.005  INFO [shineon-server-uauth,,,] 10884 --- [main] trationDelegate$BeanPostProcessorChecker : Bean 'org.springframework.cloud.autoconfigure.ConfigurationPropertiesRebinderAutoConfiguration' of type [org.springframework.cloud.autoconfigure.ConfigurationPropertiesRebinderAutoConfiguration$$EnhancerBySpringCGLIB$$9bdc4a7] is not eligible for getting processed by all BeanPostProcessors (for example: not eligible for auto-proxying)
2019-07-29 13:51:22.360  INFO [shineon-server-uauth,,,] 10884 --- [main] o.s.b.w.embedded.tomcat.TomcatWebServer  : Tomcat initialized with port(s): 122 (http)
2019-07-29 13:51:22.377  INFO [shineon-server-uauth,,,] 10884 --- [main] o.apache.catalina.core.StandardService   : Starting service [Tomcat]
2019-07-29 13:51:22.378  INFO [shineon-server-uauth,,,] 10884 --- [main] org.apache.catalina.core.StandardEngine  : Starting Servlet engine: [Apache Tomcat/9.0.21]
2019-07-29 13:51:22.485  INFO [shineon-server-uauth,,,] 10884 --- [main] o.a.c.c.C.[Tomcat].[localhost].[/]       : Initializing Spring embedded WebApplicationContext
2019-07-29 13:51:22.486  INFO [shineon-server-uauth,,,] 10884 --- [main] o.s.web.context.ContextLoader            : Root WebApplicationContext: initialization completed in 2083 ms
2019-07-29 13:51:22.604  WARN [shineon-server-uauth,,,] 10884 --- [main] c.n.c.sources.URLConfigurationSource     : No URLs will be polled as dynamic configuration sources.
2019-07-29 13:51:22.604  INFO [shineon-server-uauth,,,] 10884 --- [main] c.n.c.sources.URLConfigurationSource     : To enable URLs as dynamic configuration sources, define System property archaius.configurationSource.additionalUrls or make config.properties available on classpath.
2019-07-29 13:51:22.610  INFO [shineon-server-uauth,,,] 10884 --- [main] c.netflix.config.DynamicPropertyFactory  : DynamicPropertyFactory is initialized with configuration sources: com.netflix.config.ConcurrentCompositeConfiguration@23bd0c81
2019-07-29 13:51:23.671  INFO [shineon-server-uauth,,,] 10884 --- [main] o.s.s.c.ThreadPoolTaskScheduler          : Initializing ExecutorService 'taskScheduler'
2019-07-29 13:51:24.343  INFO [shineon-server-uauth,,,] 10884 --- [main] o.s.s.concurrent.ThreadPoolTaskExecutor  : Initializing ExecutorService
2019-07-29 13:51:24.343  INFO [shineon-server-uauth,,,] 10884 --- [main] o.s.s.concurrent.ThreadPoolTaskExecutor  : Initializing ExecutorService 'pool_schedule'
2019-07-29 13:51:24.420  WARN [shineon-server-uauth,,,] 10884 --- [main] c.n.c.sources.URLConfigurationSource     : No URLs will be polled as dynamic configuration sources.
2019-07-29 13:51:24.421  INFO [shineon-server-uauth,,,] 10884 --- [main] c.n.c.sources.URLConfigurationSource     : To enable URLs as dynamic configuration sources, define System property archaius.configurationSource.additionalUrls or make config.properties available on classpath.
2019-07-29 13:51:25.337  INFO [shineon-server-uauth,,,] 10884 --- [main] o.s.b.a.e.web.EndpointLinksResolver      : Exposing 2 endpoint(s) beneath base path '/actuator'
2019-07-29 13:51:25.428  INFO [shineon-server-uauth,,,] 10884 --- [main] o.s.c.s.m.DirectWithAttributesChannel    : Channel 'application-1.MataoMessageInput' has 1 subscriber(s).
2019-07-29 13:51:25.527  INFO [shineon-server-uauth,,,] 10884 --- [main] o.s.i.monitor.IntegrationMBeanExporter   : Registering MessageChannel MataoMessageInput
2019-07-29 13:51:25.566  INFO [shineon-server-uauth,,,] 10884 --- [main] o.s.i.monitor.IntegrationMBeanExporter   : Registering MessageChannel nullChannel
2019-07-29 13:51:25.576  INFO [shineon-server-uauth,,,] 10884 --- [main] o.s.i.monitor.IntegrationMBeanExporter   : Registering MessageChannel errorChannel
2019-07-29 13:51:25.596  INFO [shineon-server-uauth,,,] 10884 --- [main] o.s.i.monitor.IntegrationMBeanExporter   : Registering MessageChannel MataoMessageOutput
2019-07-29 13:51:25.605  INFO [shineon-server-uauth,,,] 10884 --- [main] o.s.i.monitor.IntegrationMBeanExporter   : Registering MessageHandler org.springframework.cloud.stream.binding.StreamListenerMessageHandler@1f013047
2019-07-29 13:51:25.640  INFO [shineon-server-uauth,,,] 10884 --- [main] o.s.i.monitor.IntegrationMBeanExporter   : Registering MessageHandler errorLogger
2019-07-29 13:51:25.667  INFO [shineon-server-uauth,,,] 10884 --- [main] o.s.i.endpoint.EventDrivenConsumer       : Adding {logging-channel-adapter:_org.springframework.integration.errorLogger} as a subscriber to the 'errorChannel' channel
2019-07-29 13:51:25.667  INFO [shineon-server-uauth,,,] 10884 --- [main] o.s.i.channel.PublishSubscribeChannel    : Channel 'application-1.errorChannel' has 1 subscriber(s).
2019-07-29 13:51:25.667  INFO [shineon-server-uauth,,,] 10884 --- [main] o.s.i.endpoint.EventDrivenConsumer       : started _org.springframework.integration.errorLogger
2019-07-29 13:51:25.823  INFO [shineon-server-uauth,,,] 10884 --- [main] o.s.a.r.c.CachingConnectionFactory       : Attempting to connect to: [127.0.0.1:5672]
2019-07-29 13:51:25.894  INFO [shineon-server-uauth,,,] 10884 --- [main] o.s.a.r.c.CachingConnectionFactory       : Created new connection: rabbitConnectionFactory#6c07add6:0/SimpleConnection@244f356 [delegate=amqp://matao@127.0.0.1:5672/, localPort= 52626]
2019-07-29 13:51:25.928  INFO [shineon-server-uauth,,,] 10884 --- [main] o.s.c.s.m.DirectWithAttributesChannel    : Channel 'application-1.MataoMessageOutput' has 1 subscriber(s).
2019-07-29 13:51:25.939  INFO [shineon-server-uauth,,,] 10884 --- [main] o.s.c.n.eureka.InstanceInfoFactory       : Setting initial instance status as: STARTING
2019-07-29 13:51:25.967  INFO [shineon-server-uauth,,,] 10884 --- [main] com.netflix.discovery.DiscoveryClient    : Initializing Eureka in region us-east-1
2019-07-29 13:51:26.098  INFO [shineon-server-uauth,,,] 10884 --- [main] c.n.d.provider.DiscoveryJerseyProvider   : Using JSON encoding codec LegacyJacksonJson
2019-07-29 13:51:26.098  INFO [shineon-server-uauth,,,] 10884 --- [main] c.n.d.provider.DiscoveryJerseyProvider   : Using JSON decoding codec LegacyJacksonJson
2019-07-29 13:51:26.307  INFO [shineon-server-uauth,,,] 10884 --- [main] c.n.d.provider.DiscoveryJerseyProvider   : Using XML encoding codec XStreamXml
2019-07-29 13:51:26.308  INFO [shineon-server-uauth,,,] 10884 --- [main] c.n.d.provider.DiscoveryJerseyProvider   : Using XML decoding codec XStreamXml
2019-07-29 13:51:26.437  INFO [shineon-server-uauth,,,] 10884 --- [main] c.n.d.s.r.aws.ConfigClusterResolver      : Resolving eureka endpoints via configuration
2019-07-29 13:51:26.473  INFO [shineon-server-uauth,,,] 10884 --- [main] com.netflix.discovery.DiscoveryClient    : Disable delta property : false
2019-07-29 13:51:26.474  INFO [shineon-server-uauth,,,] 10884 --- [main] com.netflix.discovery.DiscoveryClient    : Single vip registry refresh property : null
2019-07-29 13:51:26.474  INFO [shineon-server-uauth,,,] 10884 --- [main] com.netflix.discovery.DiscoveryClient    : Force full registry fetch : false
2019-07-29 13:51:26.474  INFO [shineon-server-uauth,,,] 10884 --- [main] com.netflix.discovery.DiscoveryClient    : Application is null : false
2019-07-29 13:51:26.474  INFO [shineon-server-uauth,,,] 10884 --- [main] com.netflix.discovery.DiscoveryClient    : Registered Applications size is zero : true
2019-07-29 13:51:26.474  INFO [shineon-server-uauth,,,] 10884 --- [main] com.netflix.discovery.DiscoveryClient    : Application version is -1: true
2019-07-29 13:51:26.474  INFO [shineon-server-uauth,,,] 10884 --- [main] com.netflix.discovery.DiscoveryClient    : Getting all instance registry info from the eureka server
2019-07-29 13:51:26.570  INFO [shineon-server-uauth,,,] 10884 --- [main] com.netflix.discovery.DiscoveryClient    : The response status is 200
2019-07-29 13:51:26.573  INFO [shineon-server-uauth,,,] 10884 --- [main] com.netflix.discovery.DiscoveryClient    : Starting heartbeat executor: renew interval is: 30
2019-07-29 13:51:26.574  INFO [shineon-server-uauth,,,] 10884 --- [main] c.n.discovery.InstanceInfoReplicator     : InstanceInfoReplicator onDemand update allowed rate per min is 4
2019-07-29 13:51:26.577  INFO [shineon-server-uauth,,,] 10884 --- [main] com.netflix.discovery.DiscoveryClient    : Discovery Client initialized at timestamp 1564379486577 with initial instances count: 3
2019-07-29 13:51:26.583  INFO [shineon-server-uauth,,,] 10884 --- [main] o.s.c.n.e.s.EurekaServiceRegistry        : Registering application SHINEON-SERVER-UAUTH with eureka with status UP
2019-07-29 13:51:26.583  INFO [shineon-server-uauth,,,] 10884 --- [main] com.netflix.discovery.DiscoveryClient    : Saw local status change event StatusChangeEvent [timestamp=1564379486583, current=UP, previous=STARTING]
2019-07-29 13:51:26.584  INFO [shineon-server-uauth,,,] 10884 --- [DiscoveryClient-InstanceInfoReplicator-0] com.netflix.discovery.DiscoveryClient    : DiscoveryClient_SHINEON-SERVER-UAUTH/fh18829-2:shineon-server-uauth:122: registering service...
2019-07-29 13:51:26.603  INFO [shineon-server-uauth,,,] 10884 --- [main] c.s.b.r.p.RabbitExchangeQueueProvisioner : declaring queue for inbound: MataoMessageInput.anonymous.mB1DJzGdRFmc_ssPAXDyvg, bound to: MataoMessageInput
2019-07-29 13:51:26.611  INFO [shineon-server-uauth,,,] 10884 --- [DiscoveryClient-InstanceInfoReplicator-0] com.netflix.discovery.DiscoveryClient    : DiscoveryClient_SHINEON-SERVER-UAUTH/fh18829-2:shineon-server-uauth:122 - registration status: 204
2019-07-29 13:51:26.629  INFO [shineon-server-uauth,,,] 10884 --- [main] o.s.i.monitor.IntegrationMBeanExporter   : Registering MessageChannel MataoMessageInput.anonymous.mB1DJzGdRFmc_ssPAXDyvg.errors
2019-07-29 13:51:26.681  INFO [shineon-server-uauth,,,] 10884 --- [main] o.s.c.stream.binder.BinderErrorChannel   : Channel 'application-1.MataoMessageInput.anonymous.mB1DJzGdRFmc_ssPAXDyvg.errors' has 1 subscriber(s).
2019-07-29 13:51:26.682  INFO [shineon-server-uauth,,,] 10884 --- [main] o.s.c.stream.binder.BinderErrorChannel   : Channel 'application-1.MataoMessageInput.anonymous.mB1DJzGdRFmc_ssPAXDyvg.errors' has 2 subscriber(s).
2019-07-29 13:51:26.702  INFO [shineon-server-uauth,,,] 10884 --- [main] o.s.i.a.i.AmqpInboundChannelAdapter      : started inbound.MataoMessageInput.anonymous.mB1DJzGdRFmc_ssPAXDyvg
2019-07-29 13:51:26.746  INFO [shineon-server-uauth,,,] 10884 --- [main] o.s.b.w.embedded.tomcat.TomcatWebServer  : Tomcat started on port(s): 122 (http) with context path ''
2019-07-29 13:51:26.747  INFO [shineon-server-uauth,,,] 10884 --- [main] .s.c.n.e.s.EurekaAutoServiceRegistration : Updating port to 122
2019-07-29 13:51:26.748  INFO [shineon-server-uauth,,,] 10884 --- [main] com.shineon.coder.CoderApplication       : Started CoderApplication in 7.129 seconds (JVM running for 7.692)
2019-07-29 13:56:26.481  INFO [shineon-server-uauth,,,] 10884 --- [AsyncResolver-bootstrap-executor-0] c.n.d.s.r.aws.ConfigClusterResolver      : Resolving eureka endpoints via configuration
2019-07-29 14:01:26.488  INFO [shineon-server-uauth,,,] 10884 --- [AsyncResolver-bootstrap-executor-0] c.n.d.s.r.aws.ConfigClusterResolver      : Resolving eureka endpoints via configuration
2019-07-29 14:03:10.820  INFO [shineon-server-uauth,,,] 10884 --- [http-nio-122-exec-1] o.a.c.c.C.[Tomcat].[localhost].[/]       : Initializing Spring DispatcherServlet 'dispatcherServlet'
2019-07-29 14:03:10.820  INFO [shineon-server-uauth,,,] 10884 --- [http-nio-122-exec-1] o.s.web.servlet.DispatcherServlet        : Initializing Servlet 'dispatcherServlet'
2019-07-29 14:03:10.833  INFO [shineon-server-uauth,,,] 10884 --- [http-nio-122-exec-1] o.s.web.servlet.DispatcherServlet        : Completed initialization in 13 ms
2019-07-29 14:03:11.074  INFO [shineon-server-uauth,c7a50d67eddbe05b,09bbd1928e8676a2,false] 10884 --- [hystrix-shineon-db-user-1] c.netflix.config.ChainedDynamicProperty  : Flipping property: shineon-db-user.ribbon.ActiveConnectionsLimit to use NEXT property: niws.loadbalancer.availabilityFilteringRule.activeConnectionsLimit = 2147483647
2019-07-29 14:03:11.100  INFO [shineon-server-uauth,c7a50d67eddbe05b,09bbd1928e8676a2,false] 10884 --- [hystrix-shineon-db-user-1] c.n.u.concurrent.ShutdownEnabledTimer    : Shutdown hook installed for: NFLoadBalancer-PingTimer-shineon-db-user
2019-07-29 14:03:11.101  INFO [shineon-server-uauth,c7a50d67eddbe05b,09bbd1928e8676a2,false] 10884 --- [hystrix-shineon-db-user-1] c.netflix.loadbalancer.BaseLoadBalancer  : Client: shineon-db-user instantiated a LoadBalancer: DynamicServerListLoadBalancer:{NFLoadBalancer:name=shineon-db-user,current list of Servers=[],Load balancer stats=Zone stats: {},Server stats: []}ServerList:null
2019-07-29 14:03:11.105  INFO [shineon-server-uauth,c7a50d67eddbe05b,09bbd1928e8676a2,false] 10884 --- [hystrix-shineon-db-user-1] c.n.l.DynamicServerListLoadBalancer      : Using serverListUpdater PollingServerListUpdater
2019-07-29 14:03:11.124  INFO [shineon-server-uauth,c7a50d67eddbe05b,09bbd1928e8676a2,false] 10884 --- [hystrix-shineon-db-user-1] c.netflix.config.ChainedDynamicProperty  : Flipping property: shineon-db-user.ribbon.ActiveConnectionsLimit to use NEXT property: niws.loadbalancer.availabilityFilteringRule.activeConnectionsLimit = 2147483647
2019-07-29 14:03:11.125  INFO [shineon-server-uauth,c7a50d67eddbe05b,09bbd1928e8676a2,false] 10884 --- [hystrix-shineon-db-user-1] c.n.l.DynamicServerListLoadBalancer      : DynamicServerListLoadBalancer for client shineon-db-user initialized: DynamicServerListLoadBalancer:{NFLoadBalancer:name=shineon-db-user,current list of Servers=[fh18829-2:121],Load balancer stats=Zone stats: {defaultzone=[Zone:defaultzone;	Instance count:1;	Active connections count: 0;	Circuit breaker tripped count: 0;	Active connections per server: 0.0;]
},Server stats: [[Server:fh18829-2:121;	Zone:defaultZone;	Total Requests:0;	Successive connection failure:0;	Total blackout seconds:0;	Last connection made:Thu Jan 01 08:00:00 CST 1970;	First connection made: Thu Jan 01 08:00:00 CST 1970;	Active Connections:0;	total failure count in last (1000) msecs:0;	average resp time:0.0;	90 percentile resp time:0.0;	95 percentile resp time:0.0;	min resp time:0.0;	max resp time:0.0;	stddev resp time:0.0]
]}ServerList:org.springframework.cloud.netflix.ribbon.eureka.DomainExtractingServerList@4180ae2d
2019-07-29 14:03:12.107  INFO [shineon-server-uauth,,,] 10884 --- [PollingServerListUpdater-0] c.netflix.config.ChainedDynamicProperty  : Flipping property: shineon-db-user.ribbon.ActiveConnectionsLimit to use NEXT property: niws.loadbalancer.availabilityFilteringRule.activeConnectionsLimit = 2147483647
2019-07-29 14:06:26.495  INFO [shineon-server-uauth,,,] 10884 --- [AsyncResolver-bootstrap-executor-0] c.n.d.s.r.aws.ConfigClusterResolver      : Resolving eureka endpoints via configuration
2019-07-29 14:11:26.502  INFO [shineon-server-uauth,,,] 10884 --- [AsyncResolver-bootstrap-executor-0] c.n.d.s.r.aws.ConfigClusterResolver      : Resolving eureka endpoints via configuration
2019-07-29 14:16:26.509  INFO [shineon-server-uauth,,,] 10884 --- [AsyncResolver-bootstrap-executor-0] c.n.d.s.r.aws.ConfigClusterResolver      : Resolving eureka endpoints via configuration
2019-07-29 14:21:26.516  INFO [shineon-server-uauth,,,] 10884 --- [AsyncResolver-bootstrap-executor-0] c.n.d.s.r.aws.ConfigClusterResolver      : Resolving eureka endpoints via configuration
2019-07-29 14:26:26.523  INFO [shineon-server-uauth,,,] 10884 --- [AsyncResolver-bootstrap-executor-0] c.n.d.s.r.aws.ConfigClusterResolver      : Resolving eureka endpoints via configuration
2019-07-29 14:31:26.530  INFO [shineon-server-uauth,,,] 10884 --- [AsyncResolver-bootstrap-executor-0] c.n.d.s.r.aws.ConfigClusterResolver      : Resolving eureka endpoints via configuration
