2019-12-06 11:01:52.633  INFO [shineon.db.user,,,] 12816 --- [main] com.shineon.coder.CoderApplicationTests  : No active profile set, falling back to default profiles: default
2019-12-06 11:01:53.541  INFO [shineon.db.user,,,] 12816 --- [main] .s.d.r.c.RepositoryConfigurationDelegate : Multiple Spring Data modules found, entering strict repository configuration mode!
2019-12-06 11:01:53.543  INFO [shineon.db.user,,,] 12816 --- [main] .s.d.r.c.RepositoryConfigurationDelegate : Bootstrapping Spring Data repositories in DEFAULT mode.
2019-12-06 11:01:53.586  INFO [shineon.db.user,,,] 12816 --- [main] .s.d.r.c.RepositoryConfigurationDelegate : Finished Spring Data repository scanning in 34ms. Found 0 repository interfaces.
2019-12-06 11:01:53.602  INFO [shineon.db.user,,,] 12816 --- [main] .s.d.r.c.RepositoryConfigurationDelegate : Multiple Spring Data modules found, entering strict repository configuration mode!
2019-12-06 11:01:53.604  INFO [shineon.db.user,,,] 12816 --- [main] .s.d.r.c.RepositoryConfigurationDelegate : Bootstrapping Spring Data repositories in DEFAULT mode.
2019-12-06 11:01:54.141  INFO [shineon.db.user,,,] 12816 --- [main] .s.d.r.c.RepositoryConfigurationDelegate : Finished Spring Data repository scanning in 524ms. Found 0 repository interfaces.
2019-12-06 11:01:54.302  WARN [shineon.db.user,,,] 12816 --- [main] o.s.boot.actuate.endpoint.EndpointId     : Endpoint ID 'service-registry' contains invalid characters, please migrate to a valid format.
2019-12-06 11:01:54.722  INFO [shineon.db.user,,,] 12816 --- [main] o.s.cloud.context.scope.GenericScope     : BeanFactory id=3468900c-9cca-3358-9351-687a5d8ebaed
2019-12-06 11:01:55.501  INFO [shineon.db.user,,,] 12816 --- [main] trationDelegate$BeanPostProcessorChecker : Bean 'org.springframework.transaction.annotation.ProxyTransactionManagementConfiguration' of type [org.springframework.transaction.annotation.ProxyTransactionManagementConfiguration$$EnhancerBySpringCGLIB$$970d7bde] is not eligible for getting processed by all BeanPostProcessors (for example: not eligible for auto-proxying)
2019-12-06 11:01:55.583  INFO [shineon.db.user,,,] 12816 --- [main] trationDelegate$BeanPostProcessorChecker : Bean 'org.springframework.cloud.autoconfigure.ConfigurationPropertiesRebinderAutoConfiguration' of type [org.springframework.cloud.autoconfigure.ConfigurationPropertiesRebinderAutoConfiguration$$EnhancerBySpringCGLIB$$b3277edb] is not eligible for getting processed by all BeanPostProcessors (for example: not eligible for auto-proxying)
2019-12-06 11:01:58.259  INFO [shineon.db.user,,,] 12816 --- [main] org.mongodb.driver.cluster               : Cluster created with settings {hosts=[127.0.0.1:27017], mode=MULTIPLE, requiredClusterType=UNKNOWN, serverSelectionTimeout='30000 ms', maxWaitQueueSize=500}
2019-12-06 11:01:58.259  INFO [shineon.db.user,,,] 12816 --- [main] org.mongodb.driver.cluster               : Adding discovered server 127.0.0.1:27017 to client view of cluster
2019-12-06 11:01:58.470  INFO [shineon.db.user,,,] 12816 --- [cluster-ClusterId{value='5de9c4a658dc9f32108ffb66', description='null'}-127.0.0.1:27017] org.mongodb.driver.connection            : Opened connection [connectionId{localValue:1, serverValue:1}] to 127.0.0.1:27017
2019-12-06 11:01:58.476  INFO [shineon.db.user,,,] 12816 --- [cluster-ClusterId{value='5de9c4a658dc9f32108ffb66', description='null'}-127.0.0.1:27017] org.mongodb.driver.cluster               : Monitor thread successfully connected to server with description ServerDescription{address=127.0.0.1:27017, type=STANDALONE, state=CONNECTED, ok=true, version=ServerVersion{versionList=[3, 0, 5]}, minWireVersion=0, maxWireVersion=3, maxDocumentSize=16777216, logicalSessionTimeoutMinutes=null, roundTripTimeNanos=2802008}
2019-12-06 11:01:58.477  INFO [shineon.db.user,,,] 12816 --- [cluster-ClusterId{value='5de9c4a658dc9f32108ffb66', description='null'}-127.0.0.1:27017] org.mongodb.driver.cluster               : Discovered cluster type of STANDALONE
2019-12-06 11:01:59.912  INFO [shineon.db.user,,,] 12816 --- [main] o.s.s.concurrent.ThreadPoolTaskExecutor  : Initializing ExecutorService
2019-12-06 11:01:59.920  INFO [shineon.db.user,,,] 12816 --- [main] o.s.s.concurrent.ThreadPoolTaskExecutor  : Initializing ExecutorService 'pool_schedule'
2019-12-06 11:02:00.441  WARN [shineon.db.user,,,] 12816 --- [main] c.n.c.sources.URLConfigurationSource     : No URLs will be polled as dynamic configuration sources.
2019-12-06 11:02:00.442  INFO [shineon.db.user,,,] 12816 --- [main] c.n.c.sources.URLConfigurationSource     : To enable URLs as dynamic configuration sources, define System property archaius.configurationSource.additionalUrls or make config.properties available on classpath.
2019-12-06 11:02:00.476  WARN [shineon.db.user,,,] 12816 --- [main] c.n.c.sources.URLConfigurationSource     : No URLs will be polled as dynamic configuration sources.
2019-12-06 11:02:00.476  INFO [shineon.db.user,,,] 12816 --- [main] c.n.c.sources.URLConfigurationSource     : To enable URLs as dynamic configuration sources, define System property archaius.configurationSource.additionalUrls or make config.properties available on classpath.
2019-12-06 11:02:07.680  INFO [shineon.db.user,,,] 12816 --- [main] o.s.b.a.e.web.EndpointLinksResolver      : Exposing 2 endpoint(s) beneath base path '/actuator'
2019-12-06 11:02:08.216  INFO [shineon.db.user,,,] 12816 --- [main] com.shineon.coder.CoderApplicationTests  : Started CoderApplicationTests in 17.571 seconds (JVM running for 18.795)
2019-12-06 11:02:08.992  INFO [shineon.db.user,,,] 12816 --- [main] .b.t.c.SpringBootTestContextBootstrapper : Neither @ContextConfiguration nor @ContextHierarchy found for test class [com.shineon.coder.UserTests], using SpringBootContextLoader
2019-12-06 11:02:08.992  INFO [shineon.db.user,,,] 12816 --- [main] o.s.t.c.support.AbstractContextLoader    : Could not detect default resource locations for test class [com.shineon.coder.UserTests]: no resource found for suffixes {-context.xml, Context.groovy}.
2019-12-06 11:02:08.993  INFO [shineon.db.user,,,] 12816 --- [main] t.c.s.AnnotationConfigContextLoaderUtils : Could not detect default configuration classes for test class [com.shineon.coder.UserTests]: UserTests does not declare any static, non-private, non-final, nested classes annotated with @Configuration.
2019-12-06 11:02:08.996  INFO [shineon.db.user,,,] 12816 --- [main] .b.t.c.SpringBootTestContextBootstrapper : Found @SpringBootConfiguration com.shineon.coder.CoderApplication for test class com.shineon.coder.UserTests
2019-12-06 11:02:08.997  INFO [shineon.db.user,,,] 12816 --- [main] .b.t.c.SpringBootTestContextBootstrapper : Loaded default TestExecutionListener class names from location [META-INF/spring.factories]: [org.springframework.boot.test.mock.mockito.MockitoTestExecutionListener, org.springframework.boot.test.mock.mockito.ResetMocksTestExecutionListener, org.springframework.boot.test.autoconfigure.restdocs.RestDocsTestExecutionListener, org.springframework.boot.test.autoconfigure.web.client.MockRestServiceServerResetTestExecutionListener, org.springframework.boot.test.autoconfigure.web.servlet.MockMvcPrintOnlyOnFailureTestExecutionListener, org.springframework.boot.test.autoconfigure.web.servlet.WebDriverTestExecutionListener, org.springframework.test.context.web.ServletTestExecutionListener, org.springframework.test.context.support.DirtiesContextBeforeModesTestExecutionListener, org.springframework.test.context.support.DependencyInjectionTestExecutionListener, org.springframework.test.context.support.DirtiesContextTestExecutionListener, org.springframework.test.context.transaction.TransactionalTestExecutionListener, org.springframework.test.context.jdbc.SqlScriptsTestExecutionListener]
2019-12-06 11:02:08.997  INFO [shineon.db.user,,,] 12816 --- [main] .b.t.c.SpringBootTestContextBootstrapper : Using TestExecutionListeners: [org.springframework.test.context.web.ServletTestExecutionListener@16f62062, org.springframework.test.context.support.DirtiesContextBeforeModesTestExecutionListener@61ec2cb5, org.springframework.boot.test.mock.mockito.MockitoTestExecutionListener@3889c343, org.springframework.boot.test.autoconfigure.SpringBootDependencyInjectionTestExecutionListener@34be7efb, org.springframework.test.context.support.DirtiesContextTestExecutionListener@136cad3e, org.springframework.test.context.transaction.TransactionalTestExecutionListener@13e5b262, org.springframework.test.context.jdbc.SqlScriptsTestExecutionListener@6500e886, org.springframework.boot.test.mock.mockito.ResetMocksTestExecutionListener@220e1b7b, org.springframework.boot.test.autoconfigure.restdocs.RestDocsTestExecutionListener@54fd5759, org.springframework.boot.test.autoconfigure.web.client.MockRestServiceServerResetTestExecutionListener@6a358906, org.springframework.boot.test.autoconfigure.web.servlet.MockMvcPrintOnlyOnFailureTestExecutionListener@893081e, org.springframework.boot.test.autoconfigure.web.servlet.WebDriverTestExecutionListener@5a941fb4]
2019-12-06 11:02:09.008  INFO [shineon.db.user,,,] 12816 --- [main] o.s.b.t.m.w.SpringBootMockServletContext : Initializing Spring TestDispatcherServlet ''
2019-12-06 11:02:09.008  INFO [shineon.db.user,,,] 12816 --- [main] o.s.t.web.servlet.TestDispatcherServlet  : Initializing Servlet ''
2019-12-06 11:02:09.031  INFO [shineon.db.user,,,] 12816 --- [main] o.s.t.web.servlet.TestDispatcherServlet  : Completed initialization in 23 ms
2019-12-06 11:02:09.322  INFO [shineon.db.user,,,] 12816 --- [main] com.shineon.coder.action.ControllerLog   : action [shineon.db.user] [UserController] [get] start execute
2019-12-06 11:02:09.362  INFO [shineon.db.user,,,] 12816 --- [main] com.zaxxer.hikari.HikariDataSource       : HikariPool-1 - Starting...
2019-12-06 11:02:09.367  WARN [shineon.db.user,,,] 12816 --- [main] com.zaxxer.hikari.util.DriverDataSource  : Registered driver with driverClassName=com.mysql.jdbc.Driver was not found, trying direct instantiation.
2019-12-06 11:02:09.673  INFO [shineon.db.user,,,] 12816 --- [main] com.zaxxer.hikari.HikariDataSource       : HikariPool-1 - Start completed.
2019-12-06 11:02:09.769  INFO [shineon.db.user,,,] 12816 --- [main] o.s.b.t.m.w.SpringBootMockServletContext : Initializing Spring TestDispatcherServlet ''
2019-12-06 11:02:09.770  INFO [shineon.db.user,,,] 12816 --- [main] o.s.t.web.servlet.TestDispatcherServlet  : Initializing Servlet ''
2019-12-06 11:02:09.774  INFO [shineon.db.user,,,] 12816 --- [main] o.s.t.web.servlet.TestDispatcherServlet  : Completed initialization in 4 ms
2019-12-06 11:02:09.777  INFO [shineon.db.user,,,] 12816 --- [main] com.shineon.coder.action.ControllerLog   : action [shineon.db.user] [UserController] [edit] start execute
2019-12-06 11:02:09.822  INFO [shineon.db.user,,,] 12816 --- [Thread-5] o.s.c.n.eureka.InstanceInfoFactory       : Setting initial instance status as: STARTING
2019-12-06 11:02:09.830  INFO [shineon.db.user,,,] 12816 --- [Thread-5] o.s.c.n.e.s.EurekaServiceRegistry        : Unregistering application SHINEON.DB.USER with eureka with status DOWN
2019-12-06 11:02:09.857  INFO [shineon.db.user,,,] 12816 --- [Thread-5] o.s.s.concurrent.ThreadPoolTaskExecutor  : Shutting down ExecutorService 'pool_schedule'
2019-12-06 11:02:09.894  INFO [shineon.db.user,,,] 12816 --- [Thread-5] com.zaxxer.hikari.HikariDataSource       : HikariPool-1 - Shutdown initiated...
2019-12-06 11:02:09.907  INFO [shineon.db.user,,,] 12816 --- [Thread-5] com.zaxxer.hikari.HikariDataSource       : HikariPool-1 - Shutdown completed.
2019-12-06 11:10:40.986  INFO [shineon.db.user,,,] 12828 --- [main] com.shineon.coder.CoderApplicationTests  : No active profile set, falling back to default profiles: default
2019-12-06 11:10:41.712  INFO [shineon.db.user,,,] 12828 --- [main] .s.d.r.c.RepositoryConfigurationDelegate : Multiple Spring Data modules found, entering strict repository configuration mode!
2019-12-06 11:10:41.713  INFO [shineon.db.user,,,] 12828 --- [main] .s.d.r.c.RepositoryConfigurationDelegate : Bootstrapping Spring Data repositories in DEFAULT mode.
2019-12-06 11:10:41.747  INFO [shineon.db.user,,,] 12828 --- [main] .s.d.r.c.RepositoryConfigurationDelegate : Finished Spring Data repository scanning in 30ms. Found 0 repository interfaces.
2019-12-06 11:10:41.755  INFO [shineon.db.user,,,] 12828 --- [main] .s.d.r.c.RepositoryConfigurationDelegate : Multiple Spring Data modules found, entering strict repository configuration mode!
2019-12-06 11:10:41.757  INFO [shineon.db.user,,,] 12828 --- [main] .s.d.r.c.RepositoryConfigurationDelegate : Bootstrapping Spring Data repositories in DEFAULT mode.
2019-12-06 11:10:41.776  INFO [shineon.db.user,,,] 12828 --- [main] .s.d.r.c.RepositoryConfigurationDelegate : Finished Spring Data repository scanning in 12ms. Found 0 repository interfaces.
2019-12-06 11:10:41.956  WARN [shineon.db.user,,,] 12828 --- [main] o.s.boot.actuate.endpoint.EndpointId     : Endpoint ID 'service-registry' contains invalid characters, please migrate to a valid format.
2019-12-06 11:10:42.298  INFO [shineon.db.user,,,] 12828 --- [main] o.s.cloud.context.scope.GenericScope     : BeanFactory id=3468900c-9cca-3358-9351-687a5d8ebaed
2019-12-06 11:10:42.649  INFO [shineon.db.user,,,] 12828 --- [main] trationDelegate$BeanPostProcessorChecker : Bean 'org.springframework.transaction.annotation.ProxyTransactionManagementConfiguration' of type [org.springframework.transaction.annotation.ProxyTransactionManagementConfiguration$$EnhancerBySpringCGLIB$$970d7bde] is not eligible for getting processed by all BeanPostProcessors (for example: not eligible for auto-proxying)
2019-12-06 11:10:42.714  INFO [shineon.db.user,,,] 12828 --- [main] trationDelegate$BeanPostProcessorChecker : Bean 'org.springframework.cloud.autoconfigure.ConfigurationPropertiesRebinderAutoConfiguration' of type [org.springframework.cloud.autoconfigure.ConfigurationPropertiesRebinderAutoConfiguration$$EnhancerBySpringCGLIB$$b3277edb] is not eligible for getting processed by all BeanPostProcessors (for example: not eligible for auto-proxying)
2019-12-06 11:10:43.684  INFO [shineon.db.user,,,] 12828 --- [main] org.mongodb.driver.cluster               : Cluster created with settings {hosts=[127.0.0.1:27017], mode=MULTIPLE, requiredClusterType=UNKNOWN, serverSelectionTimeout='30000 ms', maxWaitQueueSize=500}
2019-12-06 11:10:43.684  INFO [shineon.db.user,,,] 12828 --- [main] org.mongodb.driver.cluster               : Adding discovered server 127.0.0.1:27017 to client view of cluster
2019-12-06 11:10:43.762  INFO [shineon.db.user,,,] 12828 --- [cluster-ClusterId{value='5de9c6b358dc9f321c2a6687', description='null'}-127.0.0.1:27017] org.mongodb.driver.connection            : Opened connection [connectionId{localValue:1, serverValue:2}] to 127.0.0.1:27017
2019-12-06 11:10:43.764  INFO [shineon.db.user,,,] 12828 --- [cluster-ClusterId{value='5de9c6b358dc9f321c2a6687', description='null'}-127.0.0.1:27017] org.mongodb.driver.cluster               : Monitor thread successfully connected to server with description ServerDescription{address=127.0.0.1:27017, type=STANDALONE, state=CONNECTED, ok=true, version=ServerVersion{versionList=[3, 0, 5]}, minWireVersion=0, maxWireVersion=3, maxDocumentSize=16777216, logicalSessionTimeoutMinutes=null, roundTripTimeNanos=1280544}
2019-12-06 11:10:43.765  INFO [shineon.db.user,,,] 12828 --- [cluster-ClusterId{value='5de9c6b358dc9f321c2a6687', description='null'}-127.0.0.1:27017] org.mongodb.driver.cluster               : Discovered cluster type of STANDALONE
2019-12-06 11:10:44.923  INFO [shineon.db.user,,,] 12828 --- [main] o.s.s.concurrent.ThreadPoolTaskExecutor  : Initializing ExecutorService
2019-12-06 11:10:44.930  INFO [shineon.db.user,,,] 12828 --- [main] o.s.s.concurrent.ThreadPoolTaskExecutor  : Initializing ExecutorService 'pool_schedule'
2019-12-06 11:10:45.238  WARN [shineon.db.user,,,] 12828 --- [main] c.n.c.sources.URLConfigurationSource     : No URLs will be polled as dynamic configuration sources.
2019-12-06 11:10:45.238  INFO [shineon.db.user,,,] 12828 --- [main] c.n.c.sources.URLConfigurationSource     : To enable URLs as dynamic configuration sources, define System property archaius.configurationSource.additionalUrls or make config.properties available on classpath.
2019-12-06 11:10:45.245  WARN [shineon.db.user,,,] 12828 --- [main] c.n.c.sources.URLConfigurationSource     : No URLs will be polled as dynamic configuration sources.
2019-12-06 11:10:45.246  INFO [shineon.db.user,,,] 12828 --- [main] c.n.c.sources.URLConfigurationSource     : To enable URLs as dynamic configuration sources, define System property archaius.configurationSource.additionalUrls or make config.properties available on classpath.
2019-12-06 11:10:49.550  INFO [shineon.db.user,,,] 12828 --- [main] o.s.b.a.e.web.EndpointLinksResolver      : Exposing 2 endpoint(s) beneath base path '/actuator'
2019-12-06 11:10:49.644  INFO [shineon.db.user,,,] 12828 --- [main] com.shineon.coder.CoderApplicationTests  : Started CoderApplicationTests in 9.444 seconds (JVM running for 10.093)
2019-12-06 11:10:49.802  INFO [shineon.db.user,,,] 12828 --- [main] .b.t.c.SpringBootTestContextBootstrapper : Neither @ContextConfiguration nor @ContextHierarchy found for test class [com.shineon.coder.UserTests], using SpringBootContextLoader
2019-12-06 11:10:49.803  INFO [shineon.db.user,,,] 12828 --- [main] o.s.t.c.support.AbstractContextLoader    : Could not detect default resource locations for test class [com.shineon.coder.UserTests]: no resource found for suffixes {-context.xml, Context.groovy}.
2019-12-06 11:10:49.803  INFO [shineon.db.user,,,] 12828 --- [main] t.c.s.AnnotationConfigContextLoaderUtils : Could not detect default configuration classes for test class [com.shineon.coder.UserTests]: UserTests does not declare any static, non-private, non-final, nested classes annotated with @Configuration.
2019-12-06 11:10:49.805  INFO [shineon.db.user,,,] 12828 --- [main] .b.t.c.SpringBootTestContextBootstrapper : Found @SpringBootConfiguration com.shineon.coder.CoderApplication for test class com.shineon.coder.UserTests
2019-12-06 11:10:49.806  INFO [shineon.db.user,,,] 12828 --- [main] .b.t.c.SpringBootTestContextBootstrapper : Loaded default TestExecutionListener class names from location [META-INF/spring.factories]: [org.springframework.boot.test.mock.mockito.MockitoTestExecutionListener, org.springframework.boot.test.mock.mockito.ResetMocksTestExecutionListener, org.springframework.boot.test.autoconfigure.restdocs.RestDocsTestExecutionListener, org.springframework.boot.test.autoconfigure.web.client.MockRestServiceServerResetTestExecutionListener, org.springframework.boot.test.autoconfigure.web.servlet.MockMvcPrintOnlyOnFailureTestExecutionListener, org.springframework.boot.test.autoconfigure.web.servlet.WebDriverTestExecutionListener, org.springframework.test.context.web.ServletTestExecutionListener, org.springframework.test.context.support.DirtiesContextBeforeModesTestExecutionListener, org.springframework.test.context.support.DependencyInjectionTestExecutionListener, org.springframework.test.context.support.DirtiesContextTestExecutionListener, org.springframework.test.context.transaction.TransactionalTestExecutionListener, org.springframework.test.context.jdbc.SqlScriptsTestExecutionListener]
2019-12-06 11:10:49.806  INFO [shineon.db.user,,,] 12828 --- [main] .b.t.c.SpringBootTestContextBootstrapper : Using TestExecutionListeners: [org.springframework.test.context.web.ServletTestExecutionListener@6632eb19, org.springframework.test.context.support.DirtiesContextBeforeModesTestExecutionListener@42db3ff, org.springframework.boot.test.mock.mockito.MockitoTestExecutionListener@5a95aaae, org.springframework.boot.test.autoconfigure.SpringBootDependencyInjectionTestExecutionListener@519e67e, org.springframework.test.context.support.DirtiesContextTestExecutionListener@7402bfe7, org.springframework.test.context.transaction.TransactionalTestExecutionListener@1d5958d3, org.springframework.test.context.jdbc.SqlScriptsTestExecutionListener@6a6e410c, org.springframework.boot.test.mock.mockito.ResetMocksTestExecutionListener@200e6029, org.springframework.boot.test.autoconfigure.restdocs.RestDocsTestExecutionListener@41120e48, org.springframework.boot.test.autoconfigure.web.client.MockRestServiceServerResetTestExecutionListener@165a5979, org.springframework.boot.test.autoconfigure.web.servlet.MockMvcPrintOnlyOnFailureTestExecutionListener@ea40c9f, org.springframework.boot.test.autoconfigure.web.servlet.WebDriverTestExecutionListener@5d782a4a]
2019-12-06 11:10:49.816  INFO [shineon.db.user,,,] 12828 --- [main] o.s.b.t.m.w.SpringBootMockServletContext : Initializing Spring TestDispatcherServlet ''
2019-12-06 11:10:49.816  INFO [shineon.db.user,,,] 12828 --- [main] o.s.t.web.servlet.TestDispatcherServlet  : Initializing Servlet ''
2019-12-06 11:10:49.841  INFO [shineon.db.user,,,] 12828 --- [main] o.s.t.web.servlet.TestDispatcherServlet  : Completed initialization in 25 ms
2019-12-06 11:10:50.048  INFO [shineon.db.user,,,] 12828 --- [main] com.shineon.coder.action.ControllerLog   : action [shineon.db.user] [UserController] [get] start execute
2019-12-06 11:10:50.078  INFO [shineon.db.user,,,] 12828 --- [main] com.zaxxer.hikari.HikariDataSource       : HikariPool-1 - Starting...
2019-12-06 11:10:50.082  WARN [shineon.db.user,,,] 12828 --- [main] com.zaxxer.hikari.util.DriverDataSource  : Registered driver with driverClassName=com.mysql.jdbc.Driver was not found, trying direct instantiation.
2019-12-06 11:10:50.226  INFO [shineon.db.user,,,] 12828 --- [main] com.zaxxer.hikari.HikariDataSource       : HikariPool-1 - Start completed.
2019-12-06 11:10:50.299  INFO [shineon.db.user,,,] 12828 --- [main] o.s.b.t.m.w.SpringBootMockServletContext : Initializing Spring TestDispatcherServlet ''
2019-12-06 11:10:50.299  INFO [shineon.db.user,,,] 12828 --- [main] o.s.t.web.servlet.TestDispatcherServlet  : Initializing Servlet ''
2019-12-06 11:10:50.305  INFO [shineon.db.user,,,] 12828 --- [main] o.s.t.web.servlet.TestDispatcherServlet  : Completed initialization in 6 ms
2019-12-06 11:10:50.307  INFO [shineon.db.user,,,] 12828 --- [main] com.shineon.coder.action.ControllerLog   : action [shineon.db.user] [UserController] [edit] start execute
2019-12-06 11:10:50.344  INFO [shineon.db.user,,,] 12828 --- [Thread-5] o.s.c.n.eureka.InstanceInfoFactory       : Setting initial instance status as: STARTING
2019-12-06 11:10:50.352  INFO [shineon.db.user,,,] 12828 --- [Thread-5] o.s.c.n.e.s.EurekaServiceRegistry        : Unregistering application SHINEON.DB.USER with eureka with status DOWN
2019-12-06 11:10:50.360  INFO [shineon.db.user,,,] 12828 --- [Thread-5] o.s.s.concurrent.ThreadPoolTaskExecutor  : Shutting down ExecutorService 'pool_schedule'
2019-12-06 11:10:50.379  INFO [shineon.db.user,,,] 12828 --- [Thread-5] com.zaxxer.hikari.HikariDataSource       : HikariPool-1 - Shutdown initiated...
2019-12-06 11:10:50.411  INFO [shineon.db.user,,,] 12828 --- [Thread-5] com.zaxxer.hikari.HikariDataSource       : HikariPool-1 - Shutdown completed.
2019-12-06 11:29:02.160  INFO [shineon.db.user,,,] 13492 --- [main] com.shineon.coder.CoderApplicationTests  : No active profile set, falling back to default profiles: default
2019-12-06 11:29:04.215  INFO [shineon.db.user,,,] 13492 --- [main] .s.d.r.c.RepositoryConfigurationDelegate : Multiple Spring Data modules found, entering strict repository configuration mode!
2019-12-06 11:29:04.217  INFO [shineon.db.user,,,] 13492 --- [main] .s.d.r.c.RepositoryConfigurationDelegate : Bootstrapping Spring Data repositories in DEFAULT mode.
2019-12-06 11:29:04.252  INFO [shineon.db.user,,,] 13492 --- [main] .s.d.r.c.RepositoryConfigurationDelegate : Finished Spring Data repository scanning in 28ms. Found 0 repository interfaces.
2019-12-06 11:29:04.264  INFO [shineon.db.user,,,] 13492 --- [main] .s.d.r.c.RepositoryConfigurationDelegate : Multiple Spring Data modules found, entering strict repository configuration mode!
2019-12-06 11:29:04.265  INFO [shineon.db.user,,,] 13492 --- [main] .s.d.r.c.RepositoryConfigurationDelegate : Bootstrapping Spring Data repositories in DEFAULT mode.
2019-12-06 11:29:04.284  INFO [shineon.db.user,,,] 13492 --- [main] .s.d.r.c.RepositoryConfigurationDelegate : Finished Spring Data repository scanning in 10ms. Found 0 repository interfaces.
2019-12-06 11:29:04.434  WARN [shineon.db.user,,,] 13492 --- [main] o.s.boot.actuate.endpoint.EndpointId     : Endpoint ID 'service-registry' contains invalid characters, please migrate to a valid format.
2019-12-06 11:29:04.748  INFO [shineon.db.user,,,] 13492 --- [main] o.s.cloud.context.scope.GenericScope     : BeanFactory id=3468900c-9cca-3358-9351-687a5d8ebaed
2019-12-06 11:29:05.150  INFO [shineon.db.user,,,] 13492 --- [main] trationDelegate$BeanPostProcessorChecker : Bean 'org.springframework.transaction.annotation.ProxyTransactionManagementConfiguration' of type [org.springframework.transaction.annotation.ProxyTransactionManagementConfiguration$$EnhancerBySpringCGLIB$$40c8e1af] is not eligible for getting processed by all BeanPostProcessors (for example: not eligible for auto-proxying)
2019-12-06 11:29:05.227  INFO [shineon.db.user,,,] 13492 --- [main] trationDelegate$BeanPostProcessorChecker : Bean 'org.springframework.cloud.autoconfigure.ConfigurationPropertiesRebinderAutoConfiguration' of type [org.springframework.cloud.autoconfigure.ConfigurationPropertiesRebinderAutoConfiguration$$EnhancerBySpringCGLIB$$5ce2e4ac] is not eligible for getting processed by all BeanPostProcessors (for example: not eligible for auto-proxying)
2019-12-06 11:29:06.668  INFO [shineon.db.user,,,] 13492 --- [main] org.mongodb.driver.cluster               : Cluster created with settings {hosts=[127.0.0.1:27017], mode=MULTIPLE, requiredClusterType=UNKNOWN, serverSelectionTimeout='30000 ms', maxWaitQueueSize=500}
2019-12-06 11:29:06.668  INFO [shineon.db.user,,,] 13492 --- [main] org.mongodb.driver.cluster               : Adding discovered server 127.0.0.1:27017 to client view of cluster
2019-12-06 11:29:06.763  INFO [shineon.db.user,,,] 13492 --- [cluster-ClusterId{value='5de9cb0258dc9f34b401299c', description='null'}-127.0.0.1:27017] org.mongodb.driver.connection            : Opened connection [connectionId{localValue:1, serverValue:3}] to 127.0.0.1:27017
2019-12-06 11:29:06.766  INFO [shineon.db.user,,,] 13492 --- [cluster-ClusterId{value='5de9cb0258dc9f34b401299c', description='null'}-127.0.0.1:27017] org.mongodb.driver.cluster               : Monitor thread successfully connected to server with description ServerDescription{address=127.0.0.1:27017, type=STANDALONE, state=CONNECTED, ok=true, version=ServerVersion{versionList=[3, 0, 5]}, minWireVersion=0, maxWireVersion=3, maxDocumentSize=16777216, logicalSessionTimeoutMinutes=null, roundTripTimeNanos=1466282}
2019-12-06 11:29:06.768  INFO [shineon.db.user,,,] 13492 --- [cluster-ClusterId{value='5de9cb0258dc9f34b401299c', description='null'}-127.0.0.1:27017] org.mongodb.driver.cluster               : Discovered cluster type of STANDALONE
2019-12-06 11:29:07.975  INFO [shineon.db.user,,,] 13492 --- [main] o.s.s.concurrent.ThreadPoolTaskExecutor  : Initializing ExecutorService
2019-12-06 11:29:07.982  INFO [shineon.db.user,,,] 13492 --- [main] o.s.s.concurrent.ThreadPoolTaskExecutor  : Initializing ExecutorService 'pool_schedule'
2019-12-06 11:29:08.337  WARN [shineon.db.user,,,] 13492 --- [main] c.n.c.sources.URLConfigurationSource     : No URLs will be polled as dynamic configuration sources.
2019-12-06 11:29:08.337  INFO [shineon.db.user,,,] 13492 --- [main] c.n.c.sources.URLConfigurationSource     : To enable URLs as dynamic configuration sources, define System property archaius.configurationSource.additionalUrls or make config.properties available on classpath.
2019-12-06 11:29:08.346  WARN [shineon.db.user,,,] 13492 --- [main] c.n.c.sources.URLConfigurationSource     : No URLs will be polled as dynamic configuration sources.
2019-12-06 11:29:08.347  INFO [shineon.db.user,,,] 13492 --- [main] c.n.c.sources.URLConfigurationSource     : To enable URLs as dynamic configuration sources, define System property archaius.configurationSource.additionalUrls or make config.properties available on classpath.
2019-12-06 11:29:13.698  INFO [shineon.db.user,,,] 13492 --- [main] o.s.b.a.e.web.EndpointLinksResolver      : Exposing 2 endpoint(s) beneath base path '/actuator'
2019-12-06 11:29:13.785  INFO [shineon.db.user,,,] 13492 --- [main] com.shineon.coder.CoderApplicationTests  : Started CoderApplicationTests in 12.408 seconds (JVM running for 13.091)
2019-12-06 11:29:14.034  INFO [shineon.db.user,,,] 13492 --- [main] .b.t.c.SpringBootTestContextBootstrapper : Neither @ContextConfiguration nor @ContextHierarchy found for test class [com.shineon.coder.UserTests], using SpringBootContextLoader
2019-12-06 11:29:14.035  INFO [shineon.db.user,,,] 13492 --- [main] o.s.t.c.support.AbstractContextLoader    : Could not detect default resource locations for test class [com.shineon.coder.UserTests]: no resource found for suffixes {-context.xml, Context.groovy}.
2019-12-06 11:29:14.035  INFO [shineon.db.user,,,] 13492 --- [main] t.c.s.AnnotationConfigContextLoaderUtils : Could not detect default configuration classes for test class [com.shineon.coder.UserTests]: UserTests does not declare any static, non-private, non-final, nested classes annotated with @Configuration.
2019-12-06 11:29:14.037  INFO [shineon.db.user,,,] 13492 --- [main] .b.t.c.SpringBootTestContextBootstrapper : Found @SpringBootConfiguration com.shineon.coder.CoderApplication for test class com.shineon.coder.UserTests
2019-12-06 11:29:14.039  INFO [shineon.db.user,,,] 13492 --- [main] .b.t.c.SpringBootTestContextBootstrapper : Loaded default TestExecutionListener class names from location [META-INF/spring.factories]: [org.springframework.boot.test.mock.mockito.MockitoTestExecutionListener, org.springframework.boot.test.mock.mockito.ResetMocksTestExecutionListener, org.springframework.boot.test.autoconfigure.restdocs.RestDocsTestExecutionListener, org.springframework.boot.test.autoconfigure.web.client.MockRestServiceServerResetTestExecutionListener, org.springframework.boot.test.autoconfigure.web.servlet.MockMvcPrintOnlyOnFailureTestExecutionListener, org.springframework.boot.test.autoconfigure.web.servlet.WebDriverTestExecutionListener, org.springframework.test.context.web.ServletTestExecutionListener, org.springframework.test.context.support.DirtiesContextBeforeModesTestExecutionListener, org.springframework.test.context.support.DependencyInjectionTestExecutionListener, org.springframework.test.context.support.DirtiesContextTestExecutionListener, org.springframework.test.context.transaction.TransactionalTestExecutionListener, org.springframework.test.context.jdbc.SqlScriptsTestExecutionListener]
2019-12-06 11:29:14.039  INFO [shineon.db.user,,,] 13492 --- [main] .b.t.c.SpringBootTestContextBootstrapper : Using TestExecutionListeners: [org.springframework.test.context.web.ServletTestExecutionListener@34be7efb, org.springframework.test.context.support.DirtiesContextBeforeModesTestExecutionListener@136cad3e, org.springframework.boot.test.mock.mockito.MockitoTestExecutionListener@13e5b262, org.springframework.boot.test.autoconfigure.SpringBootDependencyInjectionTestExecutionListener@6500e886, org.springframework.test.context.support.DirtiesContextTestExecutionListener@220e1b7b, org.springframework.test.context.transaction.TransactionalTestExecutionListener@54fd5759, org.springframework.test.context.jdbc.SqlScriptsTestExecutionListener@6a358906, org.springframework.boot.test.mock.mockito.ResetMocksTestExecutionListener@893081e, org.springframework.boot.test.autoconfigure.restdocs.RestDocsTestExecutionListener@5a941fb4, org.springframework.boot.test.autoconfigure.web.client.MockRestServiceServerResetTestExecutionListener@646ddc20, org.springframework.boot.test.autoconfigure.web.servlet.MockMvcPrintOnlyOnFailureTestExecutionListener@22561412, org.springframework.boot.test.autoconfigure.web.servlet.WebDriverTestExecutionListener@32153bbe]
2019-12-06 11:29:14.061  INFO [shineon.db.user,,,] 13492 --- [main] o.s.b.t.m.w.SpringBootMockServletContext : Initializing Spring TestDispatcherServlet ''
2019-12-06 11:29:14.061  INFO [shineon.db.user,,,] 13492 --- [main] o.s.t.web.servlet.TestDispatcherServlet  : Initializing Servlet ''
2019-12-06 11:29:14.090  INFO [shineon.db.user,,,] 13492 --- [main] o.s.t.web.servlet.TestDispatcherServlet  : Completed initialization in 29 ms
2019-12-06 11:29:14.355  INFO [shineon.db.user,,,] 13492 --- [main] com.shineon.coder.action.ControllerLog   : action [shineon.db.user] [UserController] [get] start execute
2019-12-06 11:29:14.390  INFO [shineon.db.user,,,] 13492 --- [main] com.zaxxer.hikari.HikariDataSource       : HikariPool-1 - Starting...
2019-12-06 11:29:14.395  WARN [shineon.db.user,,,] 13492 --- [main] com.zaxxer.hikari.util.DriverDataSource  : Registered driver with driverClassName=com.mysql.jdbc.Driver was not found, trying direct instantiation.
2019-12-06 11:29:14.575  INFO [shineon.db.user,,,] 13492 --- [main] com.zaxxer.hikari.HikariDataSource       : HikariPool-1 - Start completed.
2019-12-06 11:29:14.680  INFO [shineon.db.user,,,] 13492 --- [main] o.s.b.t.m.w.SpringBootMockServletContext : Initializing Spring TestDispatcherServlet ''
2019-12-06 11:29:14.680  INFO [shineon.db.user,,,] 13492 --- [main] o.s.t.web.servlet.TestDispatcherServlet  : Initializing Servlet ''
2019-12-06 11:29:14.687  INFO [shineon.db.user,,,] 13492 --- [main] o.s.t.web.servlet.TestDispatcherServlet  : Completed initialization in 7 ms
2019-12-06 11:29:14.690  INFO [shineon.db.user,,,] 13492 --- [main] com.shineon.coder.action.ControllerLog   : action [shineon.db.user] [UserController] [edit] start execute
2019-12-06 11:29:14.734  INFO [shineon.db.user,,,] 13492 --- [Thread-5] o.s.c.n.eureka.InstanceInfoFactory       : Setting initial instance status as: STARTING
2019-12-06 11:29:14.742  INFO [shineon.db.user,,,] 13492 --- [Thread-5] o.s.c.n.e.s.EurekaServiceRegistry        : Unregistering application SHINEON.DB.USER with eureka with status DOWN
2019-12-06 11:29:14.751  INFO [shineon.db.user,,,] 13492 --- [Thread-5] o.s.s.concurrent.ThreadPoolTaskExecutor  : Shutting down ExecutorService 'pool_schedule'
2019-12-06 11:29:14.792  INFO [shineon.db.user,,,] 13492 --- [Thread-5] com.zaxxer.hikari.HikariDataSource       : HikariPool-1 - Shutdown initiated...
2019-12-06 11:29:14.806  INFO [shineon.db.user,,,] 13492 --- [Thread-5] com.zaxxer.hikari.HikariDataSource       : HikariPool-1 - Shutdown completed.
2019-12-06 11:31:52.340  INFO [shineon.db.user,,,] 5712 --- [main] com.shineon.coder.CoderApplicationTests  : No active profile set, falling back to default profiles: default
2019-12-06 11:31:53.111  INFO [shineon.db.user,,,] 5712 --- [main] .s.d.r.c.RepositoryConfigurationDelegate : Multiple Spring Data modules found, entering strict repository configuration mode!
2019-12-06 11:31:53.113  INFO [shineon.db.user,,,] 5712 --- [main] .s.d.r.c.RepositoryConfigurationDelegate : Bootstrapping Spring Data repositories in DEFAULT mode.
2019-12-06 11:31:53.143  INFO [shineon.db.user,,,] 5712 --- [main] .s.d.r.c.RepositoryConfigurationDelegate : Finished Spring Data repository scanning in 26ms. Found 0 repository interfaces.
2019-12-06 11:31:53.150  INFO [shineon.db.user,,,] 5712 --- [main] .s.d.r.c.RepositoryConfigurationDelegate : Multiple Spring Data modules found, entering strict repository configuration mode!
2019-12-06 11:31:53.151  INFO [shineon.db.user,,,] 5712 --- [main] .s.d.r.c.RepositoryConfigurationDelegate : Bootstrapping Spring Data repositories in DEFAULT mode.
2019-12-06 11:31:53.172  INFO [shineon.db.user,,,] 5712 --- [main] .s.d.r.c.RepositoryConfigurationDelegate : Finished Spring Data repository scanning in 15ms. Found 0 repository interfaces.
2019-12-06 11:31:53.355  WARN [shineon.db.user,,,] 5712 --- [main] o.s.boot.actuate.endpoint.EndpointId     : Endpoint ID 'service-registry' contains invalid characters, please migrate to a valid format.
2019-12-06 11:31:53.709  INFO [shineon.db.user,,,] 5712 --- [main] o.s.cloud.context.scope.GenericScope     : BeanFactory id=3468900c-9cca-3358-9351-687a5d8ebaed
2019-12-06 11:31:54.056  INFO [shineon.db.user,,,] 5712 --- [main] trationDelegate$BeanPostProcessorChecker : Bean 'org.springframework.transaction.annotation.ProxyTransactionManagementConfiguration' of type [org.springframework.transaction.annotation.ProxyTransactionManagementConfiguration$$EnhancerBySpringCGLIB$$e2e956e3] is not eligible for getting processed by all BeanPostProcessors (for example: not eligible for auto-proxying)
2019-12-06 11:31:54.130  INFO [shineon.db.user,,,] 5712 --- [main] trationDelegate$BeanPostProcessorChecker : Bean 'org.springframework.cloud.autoconfigure.ConfigurationPropertiesRebinderAutoConfiguration' of type [org.springframework.cloud.autoconfigure.ConfigurationPropertiesRebinderAutoConfiguration$$EnhancerBySpringCGLIB$$ff0359e0] is not eligible for getting processed by all BeanPostProcessors (for example: not eligible for auto-proxying)
2019-12-06 11:31:55.066  INFO [shineon.db.user,,,] 5712 --- [main] org.mongodb.driver.cluster               : Cluster created with settings {hosts=[127.0.0.1:27017], mode=MULTIPLE, requiredClusterType=UNKNOWN, serverSelectionTimeout='30000 ms', maxWaitQueueSize=500}
2019-12-06 11:31:55.067  INFO [shineon.db.user,,,] 5712 --- [main] org.mongodb.driver.cluster               : Adding discovered server 127.0.0.1:27017 to client view of cluster
2019-12-06 11:31:55.140  INFO [shineon.db.user,,,] 5712 --- [cluster-ClusterId{value='5de9cbab58dc9f1650130870', description='null'}-127.0.0.1:27017] org.mongodb.driver.connection            : Opened connection [connectionId{localValue:1, serverValue:4}] to 127.0.0.1:27017
2019-12-06 11:31:55.143  INFO [shineon.db.user,,,] 5712 --- [cluster-ClusterId{value='5de9cbab58dc9f1650130870', description='null'}-127.0.0.1:27017] org.mongodb.driver.cluster               : Monitor thread successfully connected to server with description ServerDescription{address=127.0.0.1:27017, type=STANDALONE, state=CONNECTED, ok=true, version=ServerVersion{versionList=[3, 0, 5]}, minWireVersion=0, maxWireVersion=3, maxDocumentSize=16777216, logicalSessionTimeoutMinutes=null, roundTripTimeNanos=1389768}
2019-12-06 11:31:55.145  INFO [shineon.db.user,,,] 5712 --- [cluster-ClusterId{value='5de9cbab58dc9f1650130870', description='null'}-127.0.0.1:27017] org.mongodb.driver.cluster               : Discovered cluster type of STANDALONE
2019-12-06 11:31:56.223  INFO [shineon.db.user,,,] 5712 --- [main] o.s.s.concurrent.ThreadPoolTaskExecutor  : Initializing ExecutorService
2019-12-06 11:31:56.234  INFO [shineon.db.user,,,] 5712 --- [main] o.s.s.concurrent.ThreadPoolTaskExecutor  : Initializing ExecutorService 'pool_schedule'
2019-12-06 11:31:56.590  WARN [shineon.db.user,,,] 5712 --- [main] c.n.c.sources.URLConfigurationSource     : No URLs will be polled as dynamic configuration sources.
2019-12-06 11:31:56.591  INFO [shineon.db.user,,,] 5712 --- [main] c.n.c.sources.URLConfigurationSource     : To enable URLs as dynamic configuration sources, define System property archaius.configurationSource.additionalUrls or make config.properties available on classpath.
2019-12-06 11:31:56.596  WARN [shineon.db.user,,,] 5712 --- [main] c.n.c.sources.URLConfigurationSource     : No URLs will be polled as dynamic configuration sources.
2019-12-06 11:31:56.597  INFO [shineon.db.user,,,] 5712 --- [main] c.n.c.sources.URLConfigurationSource     : To enable URLs as dynamic configuration sources, define System property archaius.configurationSource.additionalUrls or make config.properties available on classpath.
2019-12-06 11:31:59.974  INFO [shineon.db.user,,,] 5712 --- [main] o.s.b.a.e.web.EndpointLinksResolver      : Exposing 2 endpoint(s) beneath base path '/actuator'
2019-12-06 11:32:00.068  INFO [shineon.db.user,,,] 5712 --- [main] com.shineon.coder.CoderApplicationTests  : Started CoderApplicationTests in 8.432 seconds (JVM running for 9.034)
2019-12-06 11:32:00.215  INFO [shineon.db.user,,,] 5712 --- [main] .b.t.c.SpringBootTestContextBootstrapper : Neither @ContextConfiguration nor @ContextHierarchy found for test class [com.shineon.coder.UserTests], using SpringBootContextLoader
2019-12-06 11:32:00.217  INFO [shineon.db.user,,,] 5712 --- [main] o.s.t.c.support.AbstractContextLoader    : Could not detect default resource locations for test class [com.shineon.coder.UserTests]: no resource found for suffixes {-context.xml, Context.groovy}.
2019-12-06 11:32:00.218  INFO [shineon.db.user,,,] 5712 --- [main] t.c.s.AnnotationConfigContextLoaderUtils : Could not detect default configuration classes for test class [com.shineon.coder.UserTests]: UserTests does not declare any static, non-private, non-final, nested classes annotated with @Configuration.
2019-12-06 11:32:00.220  INFO [shineon.db.user,,,] 5712 --- [main] .b.t.c.SpringBootTestContextBootstrapper : Found @SpringBootConfiguration com.shineon.coder.CoderApplication for test class com.shineon.coder.UserTests
2019-12-06 11:32:00.221  INFO [shineon.db.user,,,] 5712 --- [main] .b.t.c.SpringBootTestContextBootstrapper : Loaded default TestExecutionListener class names from location [META-INF/spring.factories]: [org.springframework.boot.test.mock.mockito.MockitoTestExecutionListener, org.springframework.boot.test.mock.mockito.ResetMocksTestExecutionListener, org.springframework.boot.test.autoconfigure.restdocs.RestDocsTestExecutionListener, org.springframework.boot.test.autoconfigure.web.client.MockRestServiceServerResetTestExecutionListener, org.springframework.boot.test.autoconfigure.web.servlet.MockMvcPrintOnlyOnFailureTestExecutionListener, org.springframework.boot.test.autoconfigure.web.servlet.WebDriverTestExecutionListener, org.springframework.test.context.web.ServletTestExecutionListener, org.springframework.test.context.support.DirtiesContextBeforeModesTestExecutionListener, org.springframework.test.context.support.DependencyInjectionTestExecutionListener, org.springframework.test.context.support.DirtiesContextTestExecutionListener, org.springframework.test.context.transaction.TransactionalTestExecutionListener, org.springframework.test.context.jdbc.SqlScriptsTestExecutionListener]
2019-12-06 11:32:00.221  INFO [shineon.db.user,,,] 5712 --- [main] .b.t.c.SpringBootTestContextBootstrapper : Using TestExecutionListeners: [org.springframework.test.context.web.ServletTestExecutionListener@ea40c9f, org.springframework.test.context.support.DirtiesContextBeforeModesTestExecutionListener@5d782a4a, org.springframework.boot.test.mock.mockito.MockitoTestExecutionListener@cc91fe3, org.springframework.boot.test.autoconfigure.SpringBootDependencyInjectionTestExecutionListener@481c1e92, org.springframework.test.context.support.DirtiesContextTestExecutionListener@66f223fa, org.springframework.test.context.transaction.TransactionalTestExecutionListener@7ac47f14, org.springframework.test.context.jdbc.SqlScriptsTestExecutionListener@3eb641a8, org.springframework.boot.test.mock.mockito.ResetMocksTestExecutionListener@16f62062, org.springframework.boot.test.autoconfigure.restdocs.RestDocsTestExecutionListener@61ec2cb5, org.springframework.boot.test.autoconfigure.web.client.MockRestServiceServerResetTestExecutionListener@3889c343, org.springframework.boot.test.autoconfigure.web.servlet.MockMvcPrintOnlyOnFailureTestExecutionListener@34be7efb, org.springframework.boot.test.autoconfigure.web.servlet.WebDriverTestExecutionListener@136cad3e]
2019-12-06 11:32:00.343  INFO [shineon.db.user,,,] 5712 --- [main] o.s.b.t.m.w.SpringBootMockServletContext : Initializing Spring TestDispatcherServlet ''
2019-12-06 11:32:00.343  INFO [shineon.db.user,,,] 5712 --- [main] o.s.t.web.servlet.TestDispatcherServlet  : Initializing Servlet ''
2019-12-06 11:32:00.364  INFO [shineon.db.user,,,] 5712 --- [main] o.s.t.web.servlet.TestDispatcherServlet  : Completed initialization in 20 ms
2019-12-06 11:32:00.581  INFO [shineon.db.user,,,] 5712 --- [main] com.shineon.coder.action.ControllerLog   : action [shineon.db.user] [UserController] [get] start execute
2019-12-06 11:32:00.634  INFO [shineon.db.user,,,] 5712 --- [main] com.zaxxer.hikari.HikariDataSource       : HikariPool-1 - Starting...
2019-12-06 11:32:00.638  WARN [shineon.db.user,,,] 5712 --- [main] com.zaxxer.hikari.util.DriverDataSource  : Registered driver with driverClassName=com.mysql.jdbc.Driver was not found, trying direct instantiation.
2019-12-06 11:32:00.795  INFO [shineon.db.user,,,] 5712 --- [main] com.zaxxer.hikari.HikariDataSource       : HikariPool-1 - Start completed.
2019-12-06 11:32:00.869  INFO [shineon.db.user,,,] 5712 --- [main] o.s.b.t.m.w.SpringBootMockServletContext : Initializing Spring TestDispatcherServlet ''
2019-12-06 11:32:00.870  INFO [shineon.db.user,,,] 5712 --- [main] o.s.t.web.servlet.TestDispatcherServlet  : Initializing Servlet ''
2019-12-06 11:32:00.876  INFO [shineon.db.user,,,] 5712 --- [main] o.s.t.web.servlet.TestDispatcherServlet  : Completed initialization in 6 ms
2019-12-06 11:32:00.877  INFO [shineon.db.user,,,] 5712 --- [main] com.shineon.coder.action.ControllerLog   : action [shineon.db.user] [UserController] [edit] start execute
2019-12-06 11:32:00.903  INFO [shineon.db.user,,,] 5712 --- [Thread-5] o.s.c.n.eureka.InstanceInfoFactory       : Setting initial instance status as: STARTING
2019-12-06 11:32:00.910  INFO [shineon.db.user,,,] 5712 --- [Thread-5] o.s.c.n.e.s.EurekaServiceRegistry        : Unregistering application SHINEON.DB.USER with eureka with status DOWN
2019-12-06 11:32:00.920  INFO [shineon.db.user,,,] 5712 --- [Thread-5] o.s.s.concurrent.ThreadPoolTaskExecutor  : Shutting down ExecutorService 'pool_schedule'
2019-12-06 11:32:00.937  INFO [shineon.db.user,,,] 5712 --- [Thread-5] com.zaxxer.hikari.HikariDataSource       : HikariPool-1 - Shutdown initiated...
2019-12-06 11:32:00.971  INFO [shineon.db.user,,,] 5712 --- [Thread-5] com.zaxxer.hikari.HikariDataSource       : HikariPool-1 - Shutdown completed.
2019-12-06 13:49:09.129  INFO [shineon.db.user,,,] 9956 --- [main] com.shineon.coder.CoderApplicationTests  : No active profile set, falling back to default profiles: default
2019-12-06 13:49:10.031  INFO [shineon.db.user,,,] 9956 --- [main] .s.d.r.c.RepositoryConfigurationDelegate : Multiple Spring Data modules found, entering strict repository configuration mode!
2019-12-06 13:49:10.033  INFO [shineon.db.user,,,] 9956 --- [main] .s.d.r.c.RepositoryConfigurationDelegate : Bootstrapping Spring Data repositories in DEFAULT mode.
2019-12-06 13:49:10.074  INFO [shineon.db.user,,,] 9956 --- [main] .s.d.r.c.RepositoryConfigurationDelegate : Finished Spring Data repository scanning in 34ms. Found 0 repository interfaces.
2019-12-06 13:49:10.085  INFO [shineon.db.user,,,] 9956 --- [main] .s.d.r.c.RepositoryConfigurationDelegate : Multiple Spring Data modules found, entering strict repository configuration mode!
2019-12-06 13:49:10.086  INFO [shineon.db.user,,,] 9956 --- [main] .s.d.r.c.RepositoryConfigurationDelegate : Bootstrapping Spring Data repositories in DEFAULT mode.
2019-12-06 13:49:10.107  INFO [shineon.db.user,,,] 9956 --- [main] .s.d.r.c.RepositoryConfigurationDelegate : Finished Spring Data repository scanning in 13ms. Found 0 repository interfaces.
2019-12-06 13:49:10.252  WARN [shineon.db.user,,,] 9956 --- [main] o.s.boot.actuate.endpoint.EndpointId     : Endpoint ID 'service-registry' contains invalid characters, please migrate to a valid format.
2019-12-06 13:49:10.580  INFO [shineon.db.user,,,] 9956 --- [main] o.s.cloud.context.scope.GenericScope     : BeanFactory id=3468900c-9cca-3358-9351-687a5d8ebaed
2019-12-06 13:49:10.948  INFO [shineon.db.user,,,] 9956 --- [main] trationDelegate$BeanPostProcessorChecker : Bean 'org.springframework.transaction.annotation.ProxyTransactionManagementConfiguration' of type [org.springframework.transaction.annotation.ProxyTransactionManagementConfiguration$$EnhancerBySpringCGLIB$$970d7bde] is not eligible for getting processed by all BeanPostProcessors (for example: not eligible for auto-proxying)
2019-12-06 13:49:11.021  INFO [shineon.db.user,,,] 9956 --- [main] trationDelegate$BeanPostProcessorChecker : Bean 'org.springframework.cloud.autoconfigure.ConfigurationPropertiesRebinderAutoConfiguration' of type [org.springframework.cloud.autoconfigure.ConfigurationPropertiesRebinderAutoConfiguration$$EnhancerBySpringCGLIB$$b3277edb] is not eligible for getting processed by all BeanPostProcessors (for example: not eligible for auto-proxying)
2019-12-06 13:49:12.216  INFO [shineon.db.user,,,] 9956 --- [main] org.mongodb.driver.cluster               : Cluster created with settings {hosts=[127.0.0.1:27017], mode=MULTIPLE, requiredClusterType=UNKNOWN, serverSelectionTimeout='30000 ms', maxWaitQueueSize=500}
2019-12-06 13:49:12.216  INFO [shineon.db.user,,,] 9956 --- [main] org.mongodb.driver.cluster               : Adding discovered server 127.0.0.1:27017 to client view of cluster
2019-12-06 13:49:12.387  INFO [shineon.db.user,,,] 9956 --- [cluster-ClusterId{value='5de9ebd858dc9f26e405757e', description='null'}-127.0.0.1:27017] org.mongodb.driver.connection            : Opened connection [connectionId{localValue:1, serverValue:5}] to 127.0.0.1:27017
2019-12-06 13:49:12.391  INFO [shineon.db.user,,,] 9956 --- [cluster-ClusterId{value='5de9ebd858dc9f26e405757e', description='null'}-127.0.0.1:27017] org.mongodb.driver.cluster               : Monitor thread successfully connected to server with description ServerDescription{address=127.0.0.1:27017, type=STANDALONE, state=CONNECTED, ok=true, version=ServerVersion{versionList=[3, 0, 5]}, minWireVersion=0, maxWireVersion=3, maxDocumentSize=16777216, logicalSessionTimeoutMinutes=null, roundTripTimeNanos=1245274}
2019-12-06 13:49:12.393  INFO [shineon.db.user,,,] 9956 --- [cluster-ClusterId{value='5de9ebd858dc9f26e405757e', description='null'}-127.0.0.1:27017] org.mongodb.driver.cluster               : Discovered cluster type of STANDALONE
2019-12-06 13:49:13.554  INFO [shineon.db.user,,,] 9956 --- [main] o.s.s.concurrent.ThreadPoolTaskExecutor  : Initializing ExecutorService
2019-12-06 13:49:13.564  INFO [shineon.db.user,,,] 9956 --- [main] o.s.s.concurrent.ThreadPoolTaskExecutor  : Initializing ExecutorService 'pool_schedule'
2019-12-06 13:49:13.963  WARN [shineon.db.user,,,] 9956 --- [main] c.n.c.sources.URLConfigurationSource     : No URLs will be polled as dynamic configuration sources.
2019-12-06 13:49:13.963  INFO [shineon.db.user,,,] 9956 --- [main] c.n.c.sources.URLConfigurationSource     : To enable URLs as dynamic configuration sources, define System property archaius.configurationSource.additionalUrls or make config.properties available on classpath.
2019-12-06 13:49:13.982  WARN [shineon.db.user,,,] 9956 --- [main] c.n.c.sources.URLConfigurationSource     : No URLs will be polled as dynamic configuration sources.
2019-12-06 13:49:13.982  INFO [shineon.db.user,,,] 9956 --- [main] c.n.c.sources.URLConfigurationSource     : To enable URLs as dynamic configuration sources, define System property archaius.configurationSource.additionalUrls or make config.properties available on classpath.
2019-12-06 13:49:19.140  INFO [shineon.db.user,,,] 9956 --- [main] o.s.b.a.e.web.EndpointLinksResolver      : Exposing 2 endpoint(s) beneath base path '/actuator'
2019-12-06 13:49:19.426  INFO [shineon.db.user,,,] 9956 --- [main] com.shineon.coder.CoderApplicationTests  : Started CoderApplicationTests in 11.036 seconds (JVM running for 11.659)
2019-12-06 13:49:19.728  INFO [shineon.db.user,,,] 9956 --- [main] .b.t.c.SpringBootTestContextBootstrapper : Neither @ContextConfiguration nor @ContextHierarchy found for test class [com.shineon.coder.UserTests], using SpringBootContextLoader
2019-12-06 13:49:19.729  INFO [shineon.db.user,,,] 9956 --- [main] o.s.t.c.support.AbstractContextLoader    : Could not detect default resource locations for test class [com.shineon.coder.UserTests]: no resource found for suffixes {-context.xml, Context.groovy}.
2019-12-06 13:49:19.729  INFO [shineon.db.user,,,] 9956 --- [main] t.c.s.AnnotationConfigContextLoaderUtils : Could not detect default configuration classes for test class [com.shineon.coder.UserTests]: UserTests does not declare any static, non-private, non-final, nested classes annotated with @Configuration.
2019-12-06 13:49:19.732  INFO [shineon.db.user,,,] 9956 --- [main] .b.t.c.SpringBootTestContextBootstrapper : Found @SpringBootConfiguration com.shineon.coder.CoderApplication for test class com.shineon.coder.UserTests
2019-12-06 13:49:19.734  INFO [shineon.db.user,,,] 9956 --- [main] .b.t.c.SpringBootTestContextBootstrapper : Loaded default TestExecutionListener class names from location [META-INF/spring.factories]: [org.springframework.boot.test.mock.mockito.MockitoTestExecutionListener, org.springframework.boot.test.mock.mockito.ResetMocksTestExecutionListener, org.springframework.boot.test.autoconfigure.restdocs.RestDocsTestExecutionListener, org.springframework.boot.test.autoconfigure.web.client.MockRestServiceServerResetTestExecutionListener, org.springframework.boot.test.autoconfigure.web.servlet.MockMvcPrintOnlyOnFailureTestExecutionListener, org.springframework.boot.test.autoconfigure.web.servlet.WebDriverTestExecutionListener, org.springframework.test.context.web.ServletTestExecutionListener, org.springframework.test.context.support.DirtiesContextBeforeModesTestExecutionListener, org.springframework.test.context.support.DependencyInjectionTestExecutionListener, org.springframework.test.context.support.DirtiesContextTestExecutionListener, org.springframework.test.context.transaction.TransactionalTestExecutionListener, org.springframework.test.context.jdbc.SqlScriptsTestExecutionListener]
2019-12-06 13:49:19.734  INFO [shineon.db.user,,,] 9956 --- [main] .b.t.c.SpringBootTestContextBootstrapper : Using TestExecutionListeners: [org.springframework.test.context.web.ServletTestExecutionListener@16f62062, org.springframework.test.context.support.DirtiesContextBeforeModesTestExecutionListener@61ec2cb5, org.springframework.boot.test.mock.mockito.MockitoTestExecutionListener@3889c343, org.springframework.boot.test.autoconfigure.SpringBootDependencyInjectionTestExecutionListener@34be7efb, org.springframework.test.context.support.DirtiesContextTestExecutionListener@136cad3e, org.springframework.test.context.transaction.TransactionalTestExecutionListener@13e5b262, org.springframework.test.context.jdbc.SqlScriptsTestExecutionListener@6500e886, org.springframework.boot.test.mock.mockito.ResetMocksTestExecutionListener@220e1b7b, org.springframework.boot.test.autoconfigure.restdocs.RestDocsTestExecutionListener@54fd5759, org.springframework.boot.test.autoconfigure.web.client.MockRestServiceServerResetTestExecutionListener@6a358906, org.springframework.boot.test.autoconfigure.web.servlet.MockMvcPrintOnlyOnFailureTestExecutionListener@893081e, org.springframework.boot.test.autoconfigure.web.servlet.WebDriverTestExecutionListener@5a941fb4]
2019-12-06 13:49:19.755  INFO [shineon.db.user,,,] 9956 --- [main] o.s.b.t.m.w.SpringBootMockServletContext : Initializing Spring TestDispatcherServlet ''
2019-12-06 13:49:19.756  INFO [shineon.db.user,,,] 9956 --- [main] o.s.t.web.servlet.TestDispatcherServlet  : Initializing Servlet ''
2019-12-06 13:49:19.780  INFO [shineon.db.user,,,] 9956 --- [main] o.s.t.web.servlet.TestDispatcherServlet  : Completed initialization in 24 ms
2019-12-06 13:49:20.021  INFO [shineon.db.user,,,] 9956 --- [main] com.shineon.coder.action.ControllerLog   : action [shineon.db.user] [UserController] [get] start execute
2019-12-06 13:49:20.056  INFO [shineon.db.user,,,] 9956 --- [main] com.zaxxer.hikari.HikariDataSource       : HikariPool-1 - Starting...
2019-12-06 13:49:20.062  WARN [shineon.db.user,,,] 9956 --- [main] com.zaxxer.hikari.util.DriverDataSource  : Registered driver with driverClassName=com.mysql.jdbc.Driver was not found, trying direct instantiation.
2019-12-06 13:49:20.275  INFO [shineon.db.user,,,] 9956 --- [main] com.zaxxer.hikari.HikariDataSource       : HikariPool-1 - Start completed.
2019-12-06 13:49:20.352  INFO [shineon.db.user,,,] 9956 --- [main] o.s.b.t.m.w.SpringBootMockServletContext : Initializing Spring TestDispatcherServlet ''
2019-12-06 13:49:20.353  INFO [shineon.db.user,,,] 9956 --- [main] o.s.t.web.servlet.TestDispatcherServlet  : Initializing Servlet ''
2019-12-06 13:49:20.358  INFO [shineon.db.user,,,] 9956 --- [main] o.s.t.web.servlet.TestDispatcherServlet  : Completed initialization in 5 ms
2019-12-06 13:49:20.360  INFO [shineon.db.user,,,] 9956 --- [main] com.shineon.coder.action.ControllerLog   : action [shineon.db.user] [UserController] [edit] start execute
2019-12-06 13:49:20.389  INFO [shineon.db.user,,,] 9956 --- [Thread-5] o.s.c.n.eureka.InstanceInfoFactory       : Setting initial instance status as: STARTING
2019-12-06 13:49:20.395  INFO [shineon.db.user,,,] 9956 --- [Thread-5] o.s.c.n.e.s.EurekaServiceRegistry        : Unregistering application SHINEON.DB.USER with eureka with status DOWN
2019-12-06 13:49:20.409  INFO [shineon.db.user,,,] 9956 --- [Thread-5] o.s.s.concurrent.ThreadPoolTaskExecutor  : Shutting down ExecutorService 'pool_schedule'
2019-12-06 13:49:20.436  INFO [shineon.db.user,,,] 9956 --- [Thread-5] com.zaxxer.hikari.HikariDataSource       : HikariPool-1 - Shutdown initiated...
2019-12-06 13:49:20.447  INFO [shineon.db.user,,,] 9956 --- [Thread-5] com.zaxxer.hikari.HikariDataSource       : HikariPool-1 - Shutdown completed.
