2019-12-24 14:51:02.125  INFO [shineon.web,,,] 15476 --- [main] com.shineon.coder.CoderApplicationTests  : No active profile set, falling back to default profiles: default
2019-12-24 14:51:02.956  INFO [shineon.web,,,] 15476 --- [main] .s.d.r.c.RepositoryConfigurationDelegate : Multiple Spring Data modules found, entering strict repository configuration mode!
2019-12-24 14:51:02.959  INFO [shineon.web,,,] 15476 --- [main] .s.d.r.c.RepositoryConfigurationDelegate : Bootstrapping Spring Data repositories in DEFAULT mode.
2019-12-24 14:51:02.984  INFO [shineon.web,,,] 15476 --- [main] .s.d.r.c.RepositoryConfigurationDelegate : Finished Spring Data repository scanning in 15ms. Found 0 repository interfaces.
2019-12-24 14:51:03.121  WARN [shineon.web,,,] 15476 --- [main] o.s.boot.actuate.endpoint.EndpointId     : Endpoint ID 'service-registry' contains invalid characters, please migrate to a valid format.
2019-12-24 14:51:03.505  INFO [shineon.web,,,] 15476 --- [main] o.s.cloud.context.scope.GenericScope     : BeanFactory id=79efc5b0-78fc-3690-9160-ab130a0109fd
2019-12-24 14:51:03.561  INFO [shineon.web,,,] 15476 --- [main] faultConfiguringBeanFactoryPostProcessor : No bean named 'errorChannel' has been explicitly defined. Therefore, a default PublishSubscribeChannel will be created.
2019-12-24 14:51:03.566  INFO [shineon.web,,,] 15476 --- [main] faultConfiguringBeanFactoryPostProcessor : No bean named 'taskScheduler' has been explicitly defined. Therefore, a default ThreadPoolTaskScheduler will be created.
2019-12-24 14:51:03.574  INFO [shineon.web,,,] 15476 --- [main] faultConfiguringBeanFactoryPostProcessor : No bean named 'integrationHeaderChannelRegistry' has been explicitly defined. Therefore, a default DefaultHeaderChannelRegistry will be created.
2019-12-24 14:51:03.933  INFO [shineon.web,,,] 15476 --- [main] trationDelegate$BeanPostProcessorChecker : Bean 'integrationDisposableAutoCreatedBeans' of type [org.springframework.integration.config.annotation.Disposables] is not eligible for getting processed by all BeanPostProcessors (for example: not eligible for auto-proxying)
2019-12-24 14:51:03.990  INFO [shineon.web,,,] 15476 --- [main] trationDelegate$BeanPostProcessorChecker : Bean 'org.springframework.integration.config.IntegrationManagementConfiguration' of type [org.springframework.integration.config.IntegrationManagementConfiguration$$EnhancerBySpringCGLIB$$fdc79310] is not eligible for getting processed by all BeanPostProcessors (for example: not eligible for auto-proxying)
2019-12-24 14:51:04.038  INFO [shineon.web,,,] 15476 --- [main] trationDelegate$BeanPostProcessorChecker : Bean 'org.springframework.cloud.autoconfigure.ConfigurationPropertiesRebinderAutoConfiguration' of type [org.springframework.cloud.autoconfigure.ConfigurationPropertiesRebinderAutoConfiguration$$EnhancerBySpringCGLIB$$aeefdade] is not eligible for getting processed by all BeanPostProcessors (for example: not eligible for auto-proxying)
2019-12-24 14:51:04.837  INFO [shineon.web,,,] 15476 --- [main] c.shineon.coder.service.cache.SysCache   : Ìí¼Ó»º´æ£ºCACHE_SYS_USER
2019-12-24 14:51:04.837  INFO [shineon.web,,,] 15476 --- [main] c.shineon.coder.service.cache.SysCache   : Ìí¼Ó»º´æ£ºCACHE_SYS_USER
2019-12-24 14:51:05.226  WARN [shineon.web,,,] 15476 --- [main] c.n.c.sources.URLConfigurationSource     : No URLs will be polled as dynamic configuration sources.
2019-12-24 14:51:05.227  INFO [shineon.web,,,] 15476 --- [main] c.n.c.sources.URLConfigurationSource     : To enable URLs as dynamic configuration sources, define System property archaius.configurationSource.additionalUrls or make config.properties available on classpath.
2019-12-24 14:51:05.238  INFO [shineon.web,,,] 15476 --- [main] c.netflix.config.DynamicPropertyFactory  : DynamicPropertyFactory is initialized with configuration sources: com.netflix.config.ConcurrentCompositeConfiguration@5a82bc58
2019-12-24 14:51:05.448  INFO [shineon.web,,,] 15476 --- [main] o.s.s.c.ThreadPoolTaskScheduler          : Initializing ExecutorService 'taskScheduler'
2019-12-24 14:51:06.063  INFO [shineon.web,,,] 15476 --- [main] o.s.s.concurrent.ThreadPoolTaskExecutor  : Initializing ExecutorService
2019-12-24 14:51:06.071  INFO [shineon.web,,,] 15476 --- [main] o.s.s.concurrent.ThreadPoolTaskExecutor  : Initializing ExecutorService 'pool_schedule1'
2019-12-24 14:51:06.431  WARN [shineon.web,,,] 15476 --- [main] c.n.c.sources.URLConfigurationSource     : No URLs will be polled as dynamic configuration sources.
2019-12-24 14:51:06.431  INFO [shineon.web,,,] 15476 --- [main] c.n.c.sources.URLConfigurationSource     : To enable URLs as dynamic configuration sources, define System property archaius.configurationSource.additionalUrls or make config.properties available on classpath.
2019-12-24 14:51:08.633  INFO [shineon.web,,,] 15476 --- [main] io.lettuce.core.EpollProvider            : Starting without optional epoll library
2019-12-24 14:51:08.634  INFO [shineon.web,,,] 15476 --- [main] io.lettuce.core.KqueueProvider           : Starting without optional kqueue library
2019-12-24 14:51:09.835  INFO [shineon.web,,,] 15476 --- [main] o.s.b.a.e.web.EndpointLinksResolver      : Exposing 2 endpoint(s) beneath base path '/actuator'
2019-12-24 14:51:09.986  INFO [shineon.web,,,] 15476 --- [main] o.s.c.s.m.DirectWithAttributesChannel    : Channel 'application-1.UserNoticeMessageInput' has 1 subscriber(s).
2019-12-24 14:51:10.020  INFO [shineon.web,,,] 15476 --- [main] o.s.i.endpoint.EventDrivenConsumer       : Adding {logging-channel-adapter:_org.springframework.integration.errorLogger} as a subscriber to the 'errorChannel' channel
2019-12-24 14:51:10.020  INFO [shineon.web,,,] 15476 --- [main] o.s.i.channel.PublishSubscribeChannel    : Channel 'application-1.errorChannel' has 1 subscriber(s).
2019-12-24 14:51:10.020  INFO [shineon.web,,,] 15476 --- [main] o.s.i.endpoint.EventDrivenConsumer       : started _org.springframework.integration.errorLogger
2019-12-24 14:51:10.056  INFO [shineon.web,,,] 15476 --- [main] o.s.c.s.m.DirectWithAttributesChannel    : Channel 'application-1.UserNoticeMessageOutput' has 1 subscriber(s).
2019-12-24 14:51:10.668  INFO [shineon.web,,,] 15476 --- [main] com.shineon.coder.CoderApplicationTests  : Started CoderApplicationTests in 9.296 seconds (JVM running for 9.917)
2019-12-24 14:51:10.923  INFO [shineon.web,,,] 15476 --- [Thread-9] o.s.c.n.eureka.InstanceInfoFactory       : Setting initial instance status as: STARTING
2019-12-24 14:51:10.925  INFO [shineon.web,,,] 15476 --- [Thread-9] o.s.c.n.e.s.EurekaServiceRegistry        : Unregistering application SHINEON.WEB with eureka with status DOWN
2019-12-24 14:51:10.940  INFO [shineon.web,,,] 15476 --- [Thread-9] o.s.i.endpoint.EventDrivenConsumer       : Removing {logging-channel-adapter:_org.springframework.integration.errorLogger} as a subscriber to the 'errorChannel' channel
2019-12-24 14:51:10.941  INFO [shineon.web,,,] 15476 --- [Thread-9] o.s.i.channel.PublishSubscribeChannel    : Channel 'application-1.errorChannel' has 0 subscriber(s).
2019-12-24 14:51:10.941  INFO [shineon.web,,,] 15476 --- [Thread-9] o.s.i.endpoint.EventDrivenConsumer       : stopped _org.springframework.integration.errorLogger
2019-12-24 14:51:10.958  INFO [shineon.web,,,] 15476 --- [Thread-9] o.s.s.concurrent.ThreadPoolTaskExecutor  : Shutting down ExecutorService 'pool_schedule1'
2019-12-24 14:51:10.959  INFO [shineon.web,,,] 15476 --- [Thread-9] o.s.s.c.ThreadPoolTaskScheduler          : Shutting down ExecutorService 'taskScheduler'
