2019-10-10 14:01:44.976  INFO [shineon.db.user,,,] 13500 --- [main] com.shineon.coder.CoderApplication       : No active profile set, falling back to default profiles: default
2019-10-10 14:01:45.723  INFO [shineon.db.user,,,] 13500 --- [main] .s.d.r.c.RepositoryConfigurationDelegate : Multiple Spring Data modules found, entering strict repository configuration mode!
2019-10-10 14:01:45.724  INFO [shineon.db.user,,,] 13500 --- [main] .s.d.r.c.RepositoryConfigurationDelegate : Bootstrapping Spring Data repositories in DEFAULT mode.
2019-10-10 14:01:45.741  INFO [shineon.db.user,,,] 13500 --- [main] .s.d.r.c.RepositoryConfigurationDelegate : Finished Spring Data repository scanning in 9ms. Found 0 repository interfaces.
2019-10-10 14:01:45.816  WARN [shineon.db.user,,,] 13500 --- [main] o.s.boot.actuate.endpoint.EndpointId     : Endpoint ID 'service-registry' contains invalid characters, please migrate to a valid format.
2019-10-10 14:01:46.262  INFO [shineon.db.user,,,] 13500 --- [main] o.s.cloud.context.scope.GenericScope     : BeanFactory id=23d4b6ec-8438-3182-a3e5-1541842f0936
2019-10-10 14:01:46.277  INFO [shineon.db.user,,,] 13500 --- [main] faultConfiguringBeanFactoryPostProcessor : No bean named 'errorChannel' has been explicitly defined. Therefore, a default PublishSubscribeChannel will be created.
2019-10-10 14:01:46.286  INFO [shineon.db.user,,,] 13500 --- [main] faultConfiguringBeanFactoryPostProcessor : No bean named 'taskScheduler' has been explicitly defined. Therefore, a default ThreadPoolTaskScheduler will be created.
2019-10-10 14:01:46.293  INFO [shineon.db.user,,,] 13500 --- [main] faultConfiguringBeanFactoryPostProcessor : No bean named 'integrationHeaderChannelRegistry' has been explicitly defined. Therefore, a default DefaultHeaderChannelRegistry will be created.
2019-10-10 14:01:46.606  INFO [shineon.db.user,,,] 13500 --- [main] trationDelegate$BeanPostProcessorChecker : Bean 'integrationDisposableAutoCreatedBeans' of type [org.springframework.integration.config.annotation.Disposables] is not eligible for getting processed by all BeanPostProcessors (for example: not eligible for auto-proxying)
2019-10-10 14:01:46.635  INFO [shineon.db.user,,,] 13500 --- [main] trationDelegate$BeanPostProcessorChecker : Bean 'org.springframework.integration.config.IntegrationManagementConfiguration' of type [org.springframework.integration.config.IntegrationManagementConfiguration$$EnhancerBySpringCGLIB$$319f01d3] is not eligible for getting processed by all BeanPostProcessors (for example: not eligible for auto-proxying)
2019-10-10 14:01:46.646  INFO [shineon.db.user,,,] 13500 --- [main] trationDelegate$BeanPostProcessorChecker : Bean 'org.springframework.boot.autoconfigure.integration.IntegrationAutoConfiguration$IntegrationJmxConfiguration' of type [org.springframework.boot.autoconfigure.integration.IntegrationAutoConfiguration$IntegrationJmxConfiguration$$EnhancerBySpringCGLIB$$d310cf3] is not eligible for getting processed by all BeanPostProcessors (for example: not eligible for auto-proxying)
2019-10-10 14:01:46.654  INFO [shineon.db.user,,,] 13500 --- [main] trationDelegate$BeanPostProcessorChecker : Bean 'org.springframework.boot.autoconfigure.jmx.JmxAutoConfiguration' of type [org.springframework.boot.autoconfigure.jmx.JmxAutoConfiguration$$EnhancerBySpringCGLIB$$4618b5c0] is not eligible for getting processed by all BeanPostProcessors (for example: not eligible for auto-proxying)
2019-10-10 14:01:46.659  INFO [shineon.db.user,,,] 13500 --- [main] trationDelegate$BeanPostProcessorChecker : Bean 'mbeanServer' of type [com.sun.jmx.mbeanserver.JmxMBeanServer] is not eligible for getting processed by all BeanPostProcessors (for example: not eligible for auto-proxying)
2019-10-10 14:01:46.689  INFO [shineon.db.user,,,] 13500 --- [main] trationDelegate$BeanPostProcessorChecker : Bean 'org.springframework.cloud.autoconfigure.ConfigurationPropertiesRebinderAutoConfiguration' of type [org.springframework.cloud.autoconfigure.ConfigurationPropertiesRebinderAutoConfiguration$$EnhancerBySpringCGLIB$$e2c749a1] is not eligible for getting processed by all BeanPostProcessors (for example: not eligible for auto-proxying)
2019-10-10 14:01:47.042  INFO [shineon.db.user,,,] 13500 --- [main] o.s.b.w.embedded.tomcat.TomcatWebServer  : Tomcat initialized with port(s): 121 (http)
2019-10-10 14:01:47.057  INFO [shineon.db.user,,,] 13500 --- [main] o.apache.catalina.core.StandardService   : Starting service [Tomcat]
2019-10-10 14:01:47.057  INFO [shineon.db.user,,,] 13500 --- [main] org.apache.catalina.core.StandardEngine  : Starting Servlet engine: [Apache Tomcat/9.0.21]
2019-10-10 14:01:47.148  INFO [shineon.db.user,,,] 13500 --- [main] o.a.c.c.C.[Tomcat].[localhost].[/]       : Initializing Spring embedded WebApplicationContext
2019-10-10 14:01:47.148  INFO [shineon.db.user,,,] 13500 --- [main] o.s.web.context.ContextLoader            : Root WebApplicationContext: initialization completed in 2163 ms
2019-10-10 14:01:47.269  WARN [shineon.db.user,,,] 13500 --- [main] c.n.c.sources.URLConfigurationSource     : No URLs will be polled as dynamic configuration sources.
2019-10-10 14:01:47.269  INFO [shineon.db.user,,,] 13500 --- [main] c.n.c.sources.URLConfigurationSource     : To enable URLs as dynamic configuration sources, define System property archaius.configurationSource.additionalUrls or make config.properties available on classpath.
2019-10-10 14:01:47.274  INFO [shineon.db.user,,,] 13500 --- [main] c.netflix.config.DynamicPropertyFactory  : DynamicPropertyFactory is initialized with configuration sources: com.netflix.config.ConcurrentCompositeConfiguration@130cfc47
2019-10-10 14:01:48.314  INFO [shineon.db.user,,,] 13500 --- [main] o.s.s.c.ThreadPoolTaskScheduler          : Initializing ExecutorService 'taskScheduler'
2019-10-10 14:01:48.957  INFO [shineon.db.user,,,] 13500 --- [main] c.shineon.coder.service.cache.SysCache   : ...........................添加缓存：CACHE_SYS_USER
2019-10-10 14:01:48.957  INFO [shineon.db.user,,,] 13500 --- [main] c.shineon.coder.service.cache.SysCache   : ...........................添加缓存：CACHE_SYS_USER
2019-10-10 14:01:48.973  INFO [shineon.db.user,,,] 13500 --- [main] o.s.s.concurrent.ThreadPoolTaskExecutor  : Initializing ExecutorService
2019-10-10 14:01:48.974  INFO [shineon.db.user,,,] 13500 --- [main] o.s.s.concurrent.ThreadPoolTaskExecutor  : Initializing ExecutorService 'pool_schedule1'
2019-10-10 14:01:49.045  WARN [shineon.db.user,,,] 13500 --- [main] c.n.c.sources.URLConfigurationSource     : No URLs will be polled as dynamic configuration sources.
2019-10-10 14:01:49.045  INFO [shineon.db.user,,,] 13500 --- [main] c.n.c.sources.URLConfigurationSource     : To enable URLs as dynamic configuration sources, define System property archaius.configurationSource.additionalUrls or make config.properties available on classpath.
2019-10-10 14:01:49.921  INFO [shineon.db.user,,,] 13500 --- [main] o.s.b.a.e.web.EndpointLinksResolver      : Exposing 2 endpoint(s) beneath base path '/actuator'
2019-10-10 14:01:50.010  INFO [shineon.db.user,,,] 13500 --- [main] o.s.c.s.m.DirectWithAttributesChannel    : Channel 'application-1.UserNoticeMessageInput' has 1 subscriber(s).
2019-10-10 14:01:50.094  INFO [shineon.db.user,,,] 13500 --- [main] o.s.i.monitor.IntegrationMBeanExporter   : Registering MessageChannel UserNoticeMessageInput
2019-10-10 14:01:50.133  INFO [shineon.db.user,,,] 13500 --- [main] o.s.i.monitor.IntegrationMBeanExporter   : Registering MessageChannel errorChannel
2019-10-10 14:01:50.155  INFO [shineon.db.user,,,] 13500 --- [main] o.s.i.monitor.IntegrationMBeanExporter   : Registering MessageChannel nullChannel
2019-10-10 14:01:50.163  INFO [shineon.db.user,,,] 13500 --- [main] o.s.i.monitor.IntegrationMBeanExporter   : Registering MessageChannel UserNoticeMessageOutput
2019-10-10 14:01:50.172  INFO [shineon.db.user,,,] 13500 --- [main] o.s.i.monitor.IntegrationMBeanExporter   : Registering MessageHandler org.springframework.cloud.stream.binding.StreamListenerMessageHandler@284b487f
2019-10-10 14:01:50.208  INFO [shineon.db.user,,,] 13500 --- [main] o.s.i.monitor.IntegrationMBeanExporter   : Registering MessageHandler errorLogger
2019-10-10 14:01:50.235  INFO [shineon.db.user,,,] 13500 --- [main] o.s.i.endpoint.EventDrivenConsumer       : Adding {logging-channel-adapter:_org.springframework.integration.errorLogger} as a subscriber to the 'errorChannel' channel
2019-10-10 14:01:50.235  INFO [shineon.db.user,,,] 13500 --- [main] o.s.i.channel.PublishSubscribeChannel    : Channel 'application-1.errorChannel' has 1 subscriber(s).
2019-10-10 14:01:50.235  INFO [shineon.db.user,,,] 13500 --- [main] o.s.i.endpoint.EventDrivenConsumer       : started _org.springframework.integration.errorLogger
2019-10-10 14:01:50.397  INFO [shineon.db.user,,,] 13500 --- [main] o.s.a.r.c.CachingConnectionFactory       : Attempting to connect to: [127.0.0.1:5672]
2019-10-10 14:01:50.419  INFO [shineon.db.user,,,] 13500 --- [main] o.s.a.r.c.CachingConnectionFactory       : Created new connection: rabbitConnectionFactory#1471b98d:0/SimpleConnection@79e9c14 [delegate=amqp://matao@127.0.0.1:5672/, localPort= 60357]
2019-10-10 14:01:50.448  INFO [shineon.db.user,,,] 13500 --- [main] o.s.c.s.m.DirectWithAttributesChannel    : Channel 'application-1.UserNoticeMessageOutput' has 1 subscriber(s).
2019-10-10 14:01:50.459  INFO [shineon.db.user,,,] 13500 --- [main] o.s.c.n.eureka.InstanceInfoFactory       : Setting initial instance status as: STARTING
2019-10-10 14:01:50.481  INFO [shineon.db.user,,,] 13500 --- [main] com.netflix.discovery.DiscoveryClient    : Initializing Eureka in region us-east-1
2019-10-10 14:01:50.561  INFO [shineon.db.user,,,] 13500 --- [main] c.n.d.provider.DiscoveryJerseyProvider   : Using JSON encoding codec LegacyJacksonJson
2019-10-10 14:01:50.561  INFO [shineon.db.user,,,] 13500 --- [main] c.n.d.provider.DiscoveryJerseyProvider   : Using JSON decoding codec LegacyJacksonJson
2019-10-10 14:01:50.769  INFO [shineon.db.user,,,] 13500 --- [main] c.n.d.provider.DiscoveryJerseyProvider   : Using XML encoding codec XStreamXml
2019-10-10 14:01:50.769  INFO [shineon.db.user,,,] 13500 --- [main] c.n.d.provider.DiscoveryJerseyProvider   : Using XML decoding codec XStreamXml
2019-10-10 14:01:50.898  INFO [shineon.db.user,,,] 13500 --- [main] c.n.d.s.r.aws.ConfigClusterResolver      : Resolving eureka endpoints via configuration
2019-10-10 14:01:50.937  INFO [shineon.db.user,,,] 13500 --- [main] com.netflix.discovery.DiscoveryClient    : Disable delta property : false
2019-10-10 14:01:50.937  INFO [shineon.db.user,,,] 13500 --- [main] com.netflix.discovery.DiscoveryClient    : Single vip registry refresh property : null
2019-10-10 14:01:50.937  INFO [shineon.db.user,,,] 13500 --- [main] com.netflix.discovery.DiscoveryClient    : Force full registry fetch : false
2019-10-10 14:01:50.937  INFO [shineon.db.user,,,] 13500 --- [main] com.netflix.discovery.DiscoveryClient    : Application is null : false
2019-10-10 14:01:50.937  INFO [shineon.db.user,,,] 13500 --- [main] com.netflix.discovery.DiscoveryClient    : Registered Applications size is zero : true
2019-10-10 14:01:50.937  INFO [shineon.db.user,,,] 13500 --- [main] com.netflix.discovery.DiscoveryClient    : Application version is -1: true
2019-10-10 14:01:50.937  INFO [shineon.db.user,,,] 13500 --- [main] com.netflix.discovery.DiscoveryClient    : Getting all instance registry info from the eureka server
2019-10-10 14:01:51.031  INFO [shineon.db.user,,,] 13500 --- [main] com.netflix.discovery.DiscoveryClient    : The response status is 200
2019-10-10 14:01:51.033  INFO [shineon.db.user,,,] 13500 --- [main] com.netflix.discovery.DiscoveryClient    : Starting heartbeat executor: renew interval is: 30
2019-10-10 14:01:51.035  INFO [shineon.db.user,,,] 13500 --- [main] c.n.discovery.InstanceInfoReplicator     : InstanceInfoReplicator onDemand update allowed rate per min is 4
2019-10-10 14:01:51.037  INFO [shineon.db.user,,,] 13500 --- [main] com.netflix.discovery.DiscoveryClient    : Discovery Client initialized at timestamp 1570687311037 with initial instances count: 4
2019-10-10 14:01:51.043  INFO [shineon.db.user,,,] 13500 --- [main] o.s.c.n.e.s.EurekaServiceRegistry        : Registering application SHINEON.DB.USER with eureka with status UP
2019-10-10 14:01:51.043  INFO [shineon.db.user,,,] 13500 --- [main] com.netflix.discovery.DiscoveryClient    : Saw local status change event StatusChangeEvent [timestamp=1570687311043, current=UP, previous=STARTING]
2019-10-10 14:01:51.045  INFO [shineon.db.user,,,] 13500 --- [DiscoveryClient-InstanceInfoReplicator-0] com.netflix.discovery.DiscoveryClient    : DiscoveryClient_SHINEON.DB.USER/fh18829-2:shineon.db.user:121: registering service...
2019-10-10 14:01:51.063  INFO [shineon.db.user,,,] 13500 --- [main] c.s.b.r.p.RabbitExchangeQueueProvisioner : declaring queue for inbound: UserNoticeMessage.anonymous.wUU26hbgQRGdhr7FqAhPiQ, bound to: UserNoticeMessage
2019-10-10 14:01:51.071  INFO [shineon.db.user,,,] 13500 --- [DiscoveryClient-InstanceInfoReplicator-0] com.netflix.discovery.DiscoveryClient    : DiscoveryClient_SHINEON.DB.USER/fh18829-2:shineon.db.user:121 - registration status: 204
2019-10-10 14:01:51.084  INFO [shineon.db.user,,,] 13500 --- [main] o.s.i.monitor.IntegrationMBeanExporter   : Registering MessageChannel UserNoticeMessage.anonymous.wUU26hbgQRGdhr7FqAhPiQ.errors
2019-10-10 14:01:51.136  INFO [shineon.db.user,,,] 13500 --- [main] o.s.c.stream.binder.BinderErrorChannel   : Channel 'application-1.UserNoticeMessage.anonymous.wUU26hbgQRGdhr7FqAhPiQ.errors' has 1 subscriber(s).
2019-10-10 14:01:51.137  INFO [shineon.db.user,,,] 13500 --- [main] o.s.c.stream.binder.BinderErrorChannel   : Channel 'application-1.UserNoticeMessage.anonymous.wUU26hbgQRGdhr7FqAhPiQ.errors' has 2 subscriber(s).
2019-10-10 14:01:51.157  INFO [shineon.db.user,,,] 13500 --- [main] o.s.i.a.i.AmqpInboundChannelAdapter      : started inbound.UserNoticeMessage.anonymous.wUU26hbgQRGdhr7FqAhPiQ
2019-10-10 14:01:51.201  INFO [shineon.db.user,,,] 13500 --- [main] o.s.b.w.embedded.tomcat.TomcatWebServer  : Tomcat started on port(s): 121 (http) with context path ''
2019-10-10 14:01:51.201  INFO [shineon.db.user,,,] 13500 --- [main] .s.c.n.e.s.EurekaAutoServiceRegistration : Updating port to 121
2019-10-10 14:01:51.202  INFO [shineon.db.user,,,] 13500 --- [main] com.shineon.coder.CoderApplication       : Started CoderApplication in 7.111 seconds (JVM running for 7.653)
