2019-10-10 11:56:29.055  INFO [shineon-web-usr,,,] 10896 --- [main] com.shineon.coder.CoderApplication       : No active profile set, falling back to default profiles: default
2019-10-10 11:56:30.584  INFO [shineon-web-usr,,,] 10896 --- [main] .s.d.r.c.RepositoryConfigurationDelegate : Multiple Spring Data modules found, entering strict repository configuration mode!
2019-10-10 11:56:30.589  INFO [shineon-web-usr,,,] 10896 --- [main] .s.d.r.c.RepositoryConfigurationDelegate : Bootstrapping Spring Data repositories in DEFAULT mode.
2019-10-10 11:56:30.638  INFO [shineon-web-usr,,,] 10896 --- [main] .s.d.r.c.RepositoryConfigurationDelegate : Finished Spring Data repository scanning in 29ms. Found 0 repository interfaces.
2019-10-10 11:56:30.776  WARN [shineon-web-usr,,,] 10896 --- [main] o.s.boot.actuate.endpoint.EndpointId     : Endpoint ID 'service-registry' contains invalid characters, please migrate to a valid format.
2019-10-10 11:56:31.378  INFO [shineon-web-usr,,,] 10896 --- [main] o.s.cloud.context.scope.GenericScope     : BeanFactory id=6c412b29-c820-377e-853a-440af9c6e097
2019-10-10 11:56:31.422  INFO [shineon-web-usr,,,] 10896 --- [main] faultConfiguringBeanFactoryPostProcessor : No bean named 'errorChannel' has been explicitly defined. Therefore, a default PublishSubscribeChannel will be created.
2019-10-10 11:56:31.432  INFO [shineon-web-usr,,,] 10896 --- [main] faultConfiguringBeanFactoryPostProcessor : No bean named 'taskScheduler' has been explicitly defined. Therefore, a default ThreadPoolTaskScheduler will be created.
2019-10-10 11:56:31.443  INFO [shineon-web-usr,,,] 10896 --- [main] faultConfiguringBeanFactoryPostProcessor : No bean named 'integrationHeaderChannelRegistry' has been explicitly defined. Therefore, a default DefaultHeaderChannelRegistry will be created.
2019-10-10 11:56:31.856  INFO [shineon-web-usr,,,] 10896 --- [main] trationDelegate$BeanPostProcessorChecker : Bean 'integrationDisposableAutoCreatedBeans' of type [org.springframework.integration.config.annotation.Disposables] is not eligible for getting processed by all BeanPostProcessors (for example: not eligible for auto-proxying)
2019-10-10 11:56:31.902  INFO [shineon-web-usr,,,] 10896 --- [main] trationDelegate$BeanPostProcessorChecker : Bean 'org.springframework.integration.config.IntegrationManagementConfiguration' of type [org.springframework.integration.config.IntegrationManagementConfiguration$$EnhancerBySpringCGLIB$$f77c8bdc] is not eligible for getting processed by all BeanPostProcessors (for example: not eligible for auto-proxying)
2019-10-10 11:56:31.924  INFO [shineon-web-usr,,,] 10896 --- [main] trationDelegate$BeanPostProcessorChecker : Bean 'org.springframework.boot.autoconfigure.integration.IntegrationAutoConfiguration$IntegrationJmxConfiguration' of type [org.springframework.boot.autoconfigure.integration.IntegrationAutoConfiguration$IntegrationJmxConfiguration$$EnhancerBySpringCGLIB$$d30e96fc] is not eligible for getting processed by all BeanPostProcessors (for example: not eligible for auto-proxying)
2019-10-10 11:56:31.948  INFO [shineon-web-usr,,,] 10896 --- [main] trationDelegate$BeanPostProcessorChecker : Bean 'org.springframework.boot.autoconfigure.jmx.JmxAutoConfiguration' of type [org.springframework.boot.autoconfigure.jmx.JmxAutoConfiguration$$EnhancerBySpringCGLIB$$bf63fc9] is not eligible for getting processed by all BeanPostProcessors (for example: not eligible for auto-proxying)
2019-10-10 11:56:31.965  INFO [shineon-web-usr,,,] 10896 --- [main] trationDelegate$BeanPostProcessorChecker : Bean 'mbeanServer' of type [com.sun.jmx.mbeanserver.JmxMBeanServer] is not eligible for getting processed by all BeanPostProcessors (for example: not eligible for auto-proxying)
2019-10-10 11:56:32.015  INFO [shineon-web-usr,,,] 10896 --- [main] trationDelegate$BeanPostProcessorChecker : Bean 'org.springframework.cloud.autoconfigure.ConfigurationPropertiesRebinderAutoConfiguration' of type [org.springframework.cloud.autoconfigure.ConfigurationPropertiesRebinderAutoConfiguration$$EnhancerBySpringCGLIB$$a8a4d3aa] is not eligible for getting processed by all BeanPostProcessors (for example: not eligible for auto-proxying)
2019-10-10 11:56:32.906  INFO [shineon-web-usr,,,] 10896 --- [main] o.s.b.w.embedded.tomcat.TomcatWebServer  : Tomcat initialized with port(s): 132 (http)
2019-10-10 11:56:32.970  INFO [shineon-web-usr,,,] 10896 --- [main] o.apache.catalina.core.StandardService   : Starting service [Tomcat]
2019-10-10 11:56:32.971  INFO [shineon-web-usr,,,] 10896 --- [main] org.apache.catalina.core.StandardEngine  : Starting Servlet engine: [Apache Tomcat/9.0.21]
2019-10-10 11:56:33.165  INFO [shineon-web-usr,,,] 10896 --- [main] o.a.c.c.C.[Tomcat].[localhost].[/]       : Initializing Spring embedded WebApplicationContext
2019-10-10 11:56:33.165  INFO [shineon-web-usr,,,] 10896 --- [main] o.s.web.context.ContextLoader            : Root WebApplicationContext: initialization completed in 4074 ms
2019-10-10 11:56:33.397  WARN [shineon-web-usr,,,] 10896 --- [main] c.n.c.sources.URLConfigurationSource     : No URLs will be polled as dynamic configuration sources.
2019-10-10 11:56:33.397  INFO [shineon-web-usr,,,] 10896 --- [main] c.n.c.sources.URLConfigurationSource     : To enable URLs as dynamic configuration sources, define System property archaius.configurationSource.additionalUrls or make config.properties available on classpath.
2019-10-10 11:56:33.435  INFO [shineon-web-usr,,,] 10896 --- [main] c.netflix.config.DynamicPropertyFactory  : DynamicPropertyFactory is initialized with configuration sources: com.netflix.config.ConcurrentCompositeConfiguration@b91d8c4
2019-10-10 11:56:35.488  INFO [shineon-web-usr,,,] 10896 --- [main] o.s.s.c.ThreadPoolTaskScheduler          : Initializing ExecutorService 'taskScheduler'
2019-10-10 11:56:36.196  INFO [shineon-web-usr,,,] 10896 --- [main] o.s.s.concurrent.ThreadPoolTaskExecutor  : Initializing ExecutorService
2019-10-10 11:56:36.198  INFO [shineon-web-usr,,,] 10896 --- [main] o.s.s.concurrent.ThreadPoolTaskExecutor  : Initializing ExecutorService 'pool_schedule'
2019-10-10 11:56:36.229  WARN [shineon-web-usr,,,] 10896 --- [main] c.n.c.sources.URLConfigurationSource     : No URLs will be polled as dynamic configuration sources.
2019-10-10 11:56:36.229  INFO [shineon-web-usr,,,] 10896 --- [main] c.n.c.sources.URLConfigurationSource     : To enable URLs as dynamic configuration sources, define System property archaius.configurationSource.additionalUrls or make config.properties available on classpath.
2019-10-10 11:56:37.501  INFO [shineon-web-usr,,,] 10896 --- [main] io.lettuce.core.EpollProvider            : Starting without optional epoll library
2019-10-10 11:56:37.504  INFO [shineon-web-usr,,,] 10896 --- [main] io.lettuce.core.KqueueProvider           : Starting without optional kqueue library
2019-10-10 11:56:38.581  INFO [shineon-web-usr,,,] 10896 --- [main] o.s.b.a.e.web.EndpointLinksResolver      : Exposing 2 endpoint(s) beneath base path '/actuator'
2019-10-10 11:56:38.698  INFO [shineon-web-usr,,,] 10896 --- [main] o.s.c.s.m.DirectWithAttributesChannel    : Channel 'application-1.MataoMessageInput' has 1 subscriber(s).
2019-10-10 11:56:38.839  INFO [shineon-web-usr,,,] 10896 --- [main] o.s.i.monitor.IntegrationMBeanExporter   : Registering MessageChannel MataoMessageInput
2019-10-10 11:56:38.910  INFO [shineon-web-usr,,,] 10896 --- [main] o.s.i.monitor.IntegrationMBeanExporter   : Registering MessageChannel nullChannel
2019-10-10 11:56:38.923  INFO [shineon-web-usr,,,] 10896 --- [main] o.s.i.monitor.IntegrationMBeanExporter   : Registering MessageChannel MataoMessageOutput
2019-10-10 11:56:38.928  INFO [shineon-web-usr,,,] 10896 --- [main] o.s.i.monitor.IntegrationMBeanExporter   : Registering MessageChannel errorChannel
2019-10-10 11:56:38.979  INFO [shineon-web-usr,,,] 10896 --- [main] o.s.i.monitor.IntegrationMBeanExporter   : Registering MessageHandler org.springframework.cloud.stream.binding.StreamListenerMessageHandler@70f31322
2019-10-10 11:56:39.167  INFO [shineon-web-usr,,,] 10896 --- [main] o.s.i.monitor.IntegrationMBeanExporter   : Registering MessageHandler errorLogger
2019-10-10 11:56:39.204  INFO [shineon-web-usr,,,] 10896 --- [main] o.s.i.endpoint.EventDrivenConsumer       : Adding {logging-channel-adapter:_org.springframework.integration.errorLogger} as a subscriber to the 'errorChannel' channel
2019-10-10 11:56:39.204  INFO [shineon-web-usr,,,] 10896 --- [main] o.s.i.channel.PublishSubscribeChannel    : Channel 'application-1.errorChannel' has 1 subscriber(s).
2019-10-10 11:56:39.205  INFO [shineon-web-usr,,,] 10896 --- [main] o.s.i.endpoint.EventDrivenConsumer       : started _org.springframework.integration.errorLogger
2019-10-10 11:56:39.508  INFO [shineon-web-usr,,,] 10896 --- [main] o.s.a.r.c.CachingConnectionFactory       : Attempting to connect to: [127.0.0.1:5672]
2019-10-10 11:56:39.602  INFO [shineon-web-usr,,,] 10896 --- [main] o.s.a.r.c.CachingConnectionFactory       : Created new connection: rabbitConnectionFactory#1e53135d:0/SimpleConnection@7a2b1eb4 [delegate=amqp://matao@127.0.0.1:5672/, localPort= 64777]
2019-10-10 11:56:39.680  INFO [shineon-web-usr,,,] 10896 --- [main] o.s.c.s.m.DirectWithAttributesChannel    : Channel 'application-1.MataoMessageOutput' has 1 subscriber(s).
2019-10-10 11:56:39.696  INFO [shineon-web-usr,,,] 10896 --- [main] o.s.c.n.eureka.InstanceInfoFactory       : Setting initial instance status as: STARTING
2019-10-10 11:56:39.756  INFO [shineon-web-usr,,,] 10896 --- [main] com.netflix.discovery.DiscoveryClient    : Initializing Eureka in region us-east-1
2019-10-10 11:56:40.434  INFO [shineon-web-usr,,,] 10896 --- [main] c.n.d.provider.DiscoveryJerseyProvider   : Using JSON encoding codec LegacyJacksonJson
2019-10-10 11:56:40.435  INFO [shineon-web-usr,,,] 10896 --- [main] c.n.d.provider.DiscoveryJerseyProvider   : Using JSON decoding codec LegacyJacksonJson
2019-10-10 11:56:40.684  INFO [shineon-web-usr,,,] 10896 --- [main] c.n.d.provider.DiscoveryJerseyProvider   : Using XML encoding codec XStreamXml
2019-10-10 11:56:40.685  INFO [shineon-web-usr,,,] 10896 --- [main] c.n.d.provider.DiscoveryJerseyProvider   : Using XML decoding codec XStreamXml
2019-10-10 11:56:41.156  INFO [shineon-web-usr,,,] 10896 --- [main] c.n.d.s.r.aws.ConfigClusterResolver      : Resolving eureka endpoints via configuration
2019-10-10 11:56:41.306  INFO [shineon-web-usr,,,] 10896 --- [main] com.netflix.discovery.DiscoveryClient    : Disable delta property : false
2019-10-10 11:56:41.306  INFO [shineon-web-usr,,,] 10896 --- [main] com.netflix.discovery.DiscoveryClient    : Single vip registry refresh property : null
2019-10-10 11:56:41.307  INFO [shineon-web-usr,,,] 10896 --- [main] com.netflix.discovery.DiscoveryClient    : Force full registry fetch : false
2019-10-10 11:56:41.311  INFO [shineon-web-usr,,,] 10896 --- [main] com.netflix.discovery.DiscoveryClient    : Application is null : false
2019-10-10 11:56:41.315  INFO [shineon-web-usr,,,] 10896 --- [main] com.netflix.discovery.DiscoveryClient    : Registered Applications size is zero : true
2019-10-10 11:56:41.319  INFO [shineon-web-usr,,,] 10896 --- [main] com.netflix.discovery.DiscoveryClient    : Application version is -1: true
2019-10-10 11:56:41.323  INFO [shineon-web-usr,,,] 10896 --- [main] com.netflix.discovery.DiscoveryClient    : Getting all instance registry info from the eureka server
2019-10-10 11:56:41.544  INFO [shineon-web-usr,,,] 10896 --- [main] com.netflix.discovery.DiscoveryClient    : The response status is 200
2019-10-10 11:56:41.547  INFO [shineon-web-usr,,,] 10896 --- [main] com.netflix.discovery.DiscoveryClient    : Starting heartbeat executor: renew interval is: 30
2019-10-10 11:56:41.551  INFO [shineon-web-usr,,,] 10896 --- [main] c.n.discovery.InstanceInfoReplicator     : InstanceInfoReplicator onDemand update allowed rate per min is 4
2019-10-10 11:56:41.555  INFO [shineon-web-usr,,,] 10896 --- [main] com.netflix.discovery.DiscoveryClient    : Discovery Client initialized at timestamp 1570679801554 with initial instances count: 3
2019-10-10 11:56:41.562  INFO [shineon-web-usr,,,] 10896 --- [main] o.s.c.n.e.s.EurekaServiceRegistry        : Registering application SHINEON-WEB-USR with eureka with status UP
2019-10-10 11:56:41.564  INFO [shineon-web-usr,,,] 10896 --- [main] com.netflix.discovery.DiscoveryClient    : Saw local status change event StatusChangeEvent [timestamp=1570679801564, current=UP, previous=STARTING]
2019-10-10 11:56:41.568  INFO [shineon-web-usr,,,] 10896 --- [DiscoveryClient-InstanceInfoReplicator-0] com.netflix.discovery.DiscoveryClient    : DiscoveryClient_SHINEON-WEB-USR/fh18829-2:shineon-web-usr:132: registering service...
2019-10-10 11:56:41.584  INFO [shineon-web-usr,,,] 10896 --- [main] c.s.b.r.p.RabbitExchangeQueueProvisioner : declaring queue for inbound: MataoMessageInput.anonymous.R5Egw-dGSKaLp-uktTSKbA, bound to: MataoMessageInput
2019-10-10 11:56:41.647  INFO [shineon-web-usr,,,] 10896 --- [DiscoveryClient-InstanceInfoReplicator-0] com.netflix.discovery.DiscoveryClient    : DiscoveryClient_SHINEON-WEB-USR/fh18829-2:shineon-web-usr:132 - registration status: 204
2019-10-10 11:56:41.672  INFO [shineon-web-usr,,,] 10896 --- [main] o.s.i.monitor.IntegrationMBeanExporter   : Registering MessageChannel MataoMessageInput.anonymous.R5Egw-dGSKaLp-uktTSKbA.errors
2019-10-10 11:56:41.785  INFO [shineon-web-usr,,,] 10896 --- [main] o.s.c.stream.binder.BinderErrorChannel   : Channel 'application-1.MataoMessageInput.anonymous.R5Egw-dGSKaLp-uktTSKbA.errors' has 1 subscriber(s).
2019-10-10 11:56:41.787  INFO [shineon-web-usr,,,] 10896 --- [main] o.s.c.stream.binder.BinderErrorChannel   : Channel 'application-1.MataoMessageInput.anonymous.R5Egw-dGSKaLp-uktTSKbA.errors' has 2 subscriber(s).
2019-10-10 11:56:41.847  INFO [shineon-web-usr,,,] 10896 --- [main] o.s.i.a.i.AmqpInboundChannelAdapter      : started inbound.MataoMessageInput.anonymous.R5Egw-dGSKaLp-uktTSKbA
2019-10-10 11:56:42.524  INFO [shineon-web-usr,,,] 10896 --- [main] o.s.b.w.embedded.tomcat.TomcatWebServer  : Tomcat started on port(s): 132 (http) with context path ''
2019-10-10 11:56:42.526  INFO [shineon-web-usr,,,] 10896 --- [main] .s.c.n.e.s.EurekaAutoServiceRegistration : Updating port to 132
2019-10-10 11:56:42.534  INFO [shineon-web-usr,,,] 10896 --- [main] com.shineon.coder.CoderApplication       : Started CoderApplication in 15.599 seconds (JVM running for 17.21)
2019-10-10 11:56:54.912  INFO [shineon-web-usr,,,] 10896 --- [http-nio-132-exec-1] o.a.c.c.C.[Tomcat].[localhost].[/]       : Initializing Spring DispatcherServlet 'dispatcherServlet'
2019-10-10 11:56:54.913  INFO [shineon-web-usr,,,] 10896 --- [http-nio-132-exec-1] o.s.web.servlet.DispatcherServlet        : Initializing Servlet 'dispatcherServlet'
2019-10-10 11:56:54.933  INFO [shineon-web-usr,,,] 10896 --- [http-nio-132-exec-1] o.s.web.servlet.DispatcherServlet        : Completed initialization in 19 ms
2019-10-10 11:56:55.021  INFO [shineon-web-usr,6285b5b70231d33a,6285b5b70231d33a,false] 10896 --- [http-nio-132-exec-1] c.s.coder.controller.WebFileController   : /web/1.png
2019-10-10 11:56:55.021  INFO [shineon-web-usr,6285b5b70231d33a,6285b5b70231d33a,false] 10896 --- [http-nio-132-exec-1] c.s.coder.controller.WebFileController   : E:\IdeaProjects\shineon\publish\web\web\1.png
2019-10-10 11:56:55.032  INFO [shineon-web-usr,6285b5b70231d33a,6285b5b70231d33a,false] 10896 --- [http-nio-132-exec-1] c.s.coder.controller.WebFileController   : png...................PNG
2019-10-10 11:56:55.042  INFO [shineon-web-usr,6285b5b70231d33a,6285b5b70231d33a,false] 10896 --- [http-nio-132-exec-1] c.s.coder.controller.WebFileController   : image/png
2019-10-10 11:56:55.048  INFO [shineon-web-usr,6285b5b70231d33a,6285b5b70231d33a,false] 10896 --- [http-nio-132-exec-1] c.s.coder.controller.WebFileController   : 处理媒体文件
2019-10-10 11:57:07.555  INFO [shineon-web-usr,4cbf1a0a72b8cb73,4cbf1a0a72b8cb73,false] 10896 --- [http-nio-132-exec-6] c.s.coder.controller.WebFileController   : /web/index.html
2019-10-10 11:57:07.557  INFO [shineon-web-usr,4cbf1a0a72b8cb73,4cbf1a0a72b8cb73,false] 10896 --- [http-nio-132-exec-6] c.s.coder.controller.WebFileController   : E:\IdeaProjects\shineon\publish\web\web\index.html
2019-10-10 11:57:07.559  INFO [shineon-web-usr,4cbf1a0a72b8cb73,4cbf1a0a72b8cb73,false] 10896 --- [http-nio-132-exec-6] c.s.coder.controller.WebFileController   : html...................HTML
2019-10-10 11:57:07.561  INFO [shineon-web-usr,4cbf1a0a72b8cb73,4cbf1a0a72b8cb73,false] 10896 --- [http-nio-132-exec-6] c.s.coder.controller.WebFileController   : text/html
2019-10-10 11:57:07.566  INFO [shineon-web-usr,4cbf1a0a72b8cb73,4cbf1a0a72b8cb73,false] 10896 --- [http-nio-132-exec-6] c.s.coder.controller.WebFileController   : 处理文本文件
2019-10-10 11:57:07.777  INFO [shineon-web-usr,20647f5c4f8a112c,20647f5c4f8a112c,false] 10896 --- [http-nio-132-exec-7] c.s.coder.controller.WebFileController   : /web/config/config.load.js
2019-10-10 11:57:07.778  INFO [shineon-web-usr,20647f5c4f8a112c,20647f5c4f8a112c,false] 10896 --- [http-nio-132-exec-7] c.s.coder.controller.WebFileController   : E:\IdeaProjects\shineon\publish\web\web\config\config.load.js
2019-10-10 11:57:07.778  INFO [shineon-web-usr,68c045f1ff03bbef,68c045f1ff03bbef,false] 10896 --- [http-nio-132-exec-8] c.s.coder.controller.WebFileController   : /web/js/include.js
2019-10-10 11:57:07.779  INFO [shineon-web-usr,20647f5c4f8a112c,20647f5c4f8a112c,false] 10896 --- [http-nio-132-exec-7] c.s.coder.controller.WebFileController   : js...................JS
2019-10-10 11:57:07.783  INFO [shineon-web-usr,68c045f1ff03bbef,68c045f1ff03bbef,false] 10896 --- [http-nio-132-exec-8] c.s.coder.controller.WebFileController   : E:\IdeaProjects\shineon\publish\web\web\js\include.js
2019-10-10 11:57:07.787  INFO [shineon-web-usr,20647f5c4f8a112c,20647f5c4f8a112c,false] 10896 --- [http-nio-132-exec-7] c.s.coder.controller.WebFileController   : application/x-javascript
2019-10-10 11:57:07.795  INFO [shineon-web-usr,20647f5c4f8a112c,20647f5c4f8a112c,false] 10896 --- [http-nio-132-exec-7] c.s.coder.controller.WebFileController   : 处理文本文件
2019-10-10 11:57:07.802  INFO [shineon-web-usr,68c045f1ff03bbef,68c045f1ff03bbef,false] 10896 --- [http-nio-132-exec-8] c.s.coder.controller.WebFileController   : js...................JS
2019-10-10 11:57:07.802  INFO [shineon-web-usr,68c045f1ff03bbef,68c045f1ff03bbef,false] 10896 --- [http-nio-132-exec-8] c.s.coder.controller.WebFileController   : application/x-javascript
2019-10-10 11:57:07.806  INFO [shineon-web-usr,68c045f1ff03bbef,68c045f1ff03bbef,false] 10896 --- [http-nio-132-exec-8] c.s.coder.controller.WebFileController   : 处理文本文件
2019-10-10 11:57:08.254  INFO [shineon-web-usr,b0fcb4a2de3cd283,b0fcb4a2de3cd283,false] 10896 --- [http-nio-132-exec-1] c.s.coder.controller.WebFileController   : /web/config/config.sys.js
2019-10-10 11:57:08.254  INFO [shineon-web-usr,b0fcb4a2de3cd283,b0fcb4a2de3cd283,false] 10896 --- [http-nio-132-exec-1] c.s.coder.controller.WebFileController   : E:\IdeaProjects\shineon\publish\web\web\config\config.sys.js
2019-10-10 11:57:08.256  INFO [shineon-web-usr,b0fcb4a2de3cd283,b0fcb4a2de3cd283,false] 10896 --- [http-nio-132-exec-1] c.s.coder.controller.WebFileController   : js...................JS
2019-10-10 11:57:08.261  INFO [shineon-web-usr,b0fcb4a2de3cd283,b0fcb4a2de3cd283,false] 10896 --- [http-nio-132-exec-1] c.s.coder.controller.WebFileController   : application/x-javascript
2019-10-10 11:57:08.268  INFO [shineon-web-usr,b0fcb4a2de3cd283,b0fcb4a2de3cd283,false] 10896 --- [http-nio-132-exec-1] c.s.coder.controller.WebFileController   : 处理文本文件
2019-10-10 11:57:08.281  INFO [shineon-web-usr,b150224537872082,b150224537872082,false] 10896 --- [http-nio-132-exec-2] c.s.coder.controller.WebFileController   : /web/js/jquery.js
2019-10-10 11:57:08.282  INFO [shineon-web-usr,b150224537872082,b150224537872082,false] 10896 --- [http-nio-132-exec-2] c.s.coder.controller.WebFileController   : E:\IdeaProjects\shineon\publish\web\web\js\jquery.js
2019-10-10 11:57:08.284  INFO [shineon-web-usr,b150224537872082,b150224537872082,false] 10896 --- [http-nio-132-exec-2] c.s.coder.controller.WebFileController   : js...................JS
2019-10-10 11:57:08.282  INFO [shineon-web-usr,ea6ad7d5bec6e319,ea6ad7d5bec6e319,false] 10896 --- [http-nio-132-exec-3] c.s.coder.controller.WebFileController   : /web/js/jquery.timer.js
2019-10-10 11:57:08.284  INFO [shineon-web-usr,49ad84bdcf3a5b87,49ad84bdcf3a5b87,false] 10896 --- [http-nio-132-exec-7] c.s.coder.controller.WebFileController   : /web/js/AfUtility.js
2019-10-10 11:57:08.284  INFO [shineon-web-usr,e4c073f694ed0afc,e4c073f694ed0afc,false] 10896 --- [http-nio-132-exec-6] c.s.coder.controller.WebFileController   : /web/js/afquery.js
2019-10-10 11:57:08.285  INFO [shineon-web-usr,974a3fac27298d74,974a3fac27298d74,false] 10896 --- [http-nio-132-exec-5] c.s.coder.controller.WebFileController   : /web/js/FileUpload-2.0.js
2019-10-10 11:57:08.285  INFO [shineon-web-usr,e552309ea2973f7e,e552309ea2973f7e,false] 10896 --- [http-nio-132-exec-4] c.s.coder.controller.WebFileController   : /web/js/common.js
2019-10-10 11:57:08.288  INFO [shineon-web-usr,b150224537872082,b150224537872082,false] 10896 --- [http-nio-132-exec-2] c.s.coder.controller.WebFileController   : application/x-javascript
2019-10-10 11:57:08.295  INFO [shineon-web-usr,ea6ad7d5bec6e319,ea6ad7d5bec6e319,false] 10896 --- [http-nio-132-exec-3] c.s.coder.controller.WebFileController   : E:\IdeaProjects\shineon\publish\web\web\js\jquery.timer.js
2019-10-10 11:57:08.307  INFO [shineon-web-usr,49ad84bdcf3a5b87,49ad84bdcf3a5b87,false] 10896 --- [http-nio-132-exec-7] c.s.coder.controller.WebFileController   : E:\IdeaProjects\shineon\publish\web\web\js\AfUtility.js
2019-10-10 11:57:08.311  INFO [shineon-web-usr,e4c073f694ed0afc,e4c073f694ed0afc,false] 10896 --- [http-nio-132-exec-6] c.s.coder.controller.WebFileController   : E:\IdeaProjects\shineon\publish\web\web\js\afquery.js
2019-10-10 11:57:08.323  INFO [shineon-web-usr,974a3fac27298d74,974a3fac27298d74,false] 10896 --- [http-nio-132-exec-5] c.s.coder.controller.WebFileController   : E:\IdeaProjects\shineon\publish\web\web\js\FileUpload-2.0.js
2019-10-10 11:57:08.327  INFO [shineon-web-usr,e552309ea2973f7e,e552309ea2973f7e,false] 10896 --- [http-nio-132-exec-4] c.s.coder.controller.WebFileController   : E:\IdeaProjects\shineon\publish\web\web\js\common.js
2019-10-10 11:57:08.338  INFO [shineon-web-usr,b150224537872082,b150224537872082,false] 10896 --- [http-nio-132-exec-2] c.s.coder.controller.WebFileController   : 处理文本文件
2019-10-10 11:57:08.342  INFO [shineon-web-usr,ea6ad7d5bec6e319,ea6ad7d5bec6e319,false] 10896 --- [http-nio-132-exec-3] c.s.coder.controller.WebFileController   : js...................JS
2019-10-10 11:57:08.346  INFO [shineon-web-usr,49ad84bdcf3a5b87,49ad84bdcf3a5b87,false] 10896 --- [http-nio-132-exec-7] c.s.coder.controller.WebFileController   : js...................JS
2019-10-10 11:57:08.358  INFO [shineon-web-usr,e4c073f694ed0afc,e4c073f694ed0afc,false] 10896 --- [http-nio-132-exec-6] c.s.coder.controller.WebFileController   : js...................JS
2019-10-10 11:57:08.361  INFO [shineon-web-usr,974a3fac27298d74,974a3fac27298d74,false] 10896 --- [http-nio-132-exec-5] c.s.coder.controller.WebFileController   : js...................JS
2019-10-10 11:57:08.371  INFO [shineon-web-usr,e552309ea2973f7e,e552309ea2973f7e,false] 10896 --- [http-nio-132-exec-4] c.s.coder.controller.WebFileController   : js...................JS
2019-10-10 11:57:08.378  INFO [shineon-web-usr,ea6ad7d5bec6e319,ea6ad7d5bec6e319,false] 10896 --- [http-nio-132-exec-3] c.s.coder.controller.WebFileController   : application/x-javascript
2019-10-10 11:57:08.379  INFO [shineon-web-usr,49ad84bdcf3a5b87,49ad84bdcf3a5b87,false] 10896 --- [http-nio-132-exec-7] c.s.coder.controller.WebFileController   : application/x-javascript
2019-10-10 11:57:08.387  INFO [shineon-web-usr,e4c073f694ed0afc,e4c073f694ed0afc,false] 10896 --- [http-nio-132-exec-6] c.s.coder.controller.WebFileController   : application/x-javascript
2019-10-10 11:57:08.409  INFO [shineon-web-usr,e4c073f694ed0afc,e4c073f694ed0afc,false] 10896 --- [http-nio-132-exec-6] c.s.coder.controller.WebFileController   : 处理文本文件
2019-10-10 11:57:08.390  INFO [shineon-web-usr,974a3fac27298d74,974a3fac27298d74,false] 10896 --- [http-nio-132-exec-5] c.s.coder.controller.WebFileController   : application/x-javascript
2019-10-10 11:57:08.393  INFO [shineon-web-usr,e552309ea2973f7e,e552309ea2973f7e,false] 10896 --- [http-nio-132-exec-4] c.s.coder.controller.WebFileController   : application/x-javascript
2019-10-10 11:57:08.397  INFO [shineon-web-usr,ea6ad7d5bec6e319,ea6ad7d5bec6e319,false] 10896 --- [http-nio-132-exec-3] c.s.coder.controller.WebFileController   : 处理文本文件
2019-10-10 11:57:08.406  INFO [shineon-web-usr,49ad84bdcf3a5b87,49ad84bdcf3a5b87,false] 10896 --- [http-nio-132-exec-7] c.s.coder.controller.WebFileController   : 处理文本文件
2019-10-10 11:57:08.419  INFO [shineon-web-usr,974a3fac27298d74,974a3fac27298d74,false] 10896 --- [http-nio-132-exec-5] c.s.coder.controller.WebFileController   : 处理文本文件
2019-10-10 11:57:08.421  INFO [shineon-web-usr,e552309ea2973f7e,e552309ea2973f7e,false] 10896 --- [http-nio-132-exec-4] c.s.coder.controller.WebFileController   : 处理文本文件
2019-10-10 11:57:38.109  INFO [shineon-web-usr,6940e270291dd9b8,6940e270291dd9b8,false] 10896 --- [http-nio-132-exec-3] c.s.coder.controller.WebFileController   : /web/common/common.include.js
2019-10-10 11:57:38.109  INFO [shineon-web-usr,6940e270291dd9b8,6940e270291dd9b8,false] 10896 --- [http-nio-132-exec-3] c.s.coder.controller.WebFileController   : E:\IdeaProjects\shineon\publish\web\web\common\common.include.js
2019-10-10 11:57:38.110  INFO [shineon-web-usr,6940e270291dd9b8,6940e270291dd9b8,false] 10896 --- [http-nio-132-exec-3] c.s.coder.controller.WebFileController   : js...................JS
2019-10-10 11:57:38.114  INFO [shineon-web-usr,6940e270291dd9b8,6940e270291dd9b8,false] 10896 --- [http-nio-132-exec-3] c.s.coder.controller.WebFileController   : application/x-javascript
2019-10-10 11:57:38.124  INFO [shineon-web-usr,6940e270291dd9b8,6940e270291dd9b8,false] 10896 --- [http-nio-132-exec-3] c.s.coder.controller.WebFileController   : 处理文本文件
2019-10-10 11:57:40.685  INFO [shineon-web-usr,365bbf4554fe4f1d,365bbf4554fe4f1d,false] 10896 --- [http-nio-132-exec-7] c.s.coder.controller.WebFileController   : /web/common/common.include.js
2019-10-10 11:57:40.686  INFO [shineon-web-usr,365bbf4554fe4f1d,365bbf4554fe4f1d,false] 10896 --- [http-nio-132-exec-7] c.s.coder.controller.WebFileController   : E:\IdeaProjects\shineon\publish\web\web\common\common.include.js
2019-10-10 11:57:40.686  INFO [shineon-web-usr,365bbf4554fe4f1d,365bbf4554fe4f1d,false] 10896 --- [http-nio-132-exec-7] c.s.coder.controller.WebFileController   : js...................JS
2019-10-10 11:57:40.691  INFO [shineon-web-usr,365bbf4554fe4f1d,365bbf4554fe4f1d,false] 10896 --- [http-nio-132-exec-7] c.s.coder.controller.WebFileController   : application/x-javascript
2019-10-10 11:57:40.695  INFO [shineon-web-usr,365bbf4554fe4f1d,365bbf4554fe4f1d,false] 10896 --- [http-nio-132-exec-7] c.s.coder.controller.WebFileController   : 处理文本文件
2019-10-10 11:57:57.660  INFO [shineon-web-usr,007783c6b1ec562f,007783c6b1ec562f,false] 10896 --- [http-nio-132-exec-1] c.s.coder.controller.WebFileController   : /web/common/readme.txt
2019-10-10 11:57:57.661  INFO [shineon-web-usr,007783c6b1ec562f,007783c6b1ec562f,false] 10896 --- [http-nio-132-exec-1] c.s.coder.controller.WebFileController   : E:\IdeaProjects\shineon\publish\web\web\common\readme.txt
2019-10-10 11:57:57.662  INFO [shineon-web-usr,007783c6b1ec562f,007783c6b1ec562f,false] 10896 --- [http-nio-132-exec-1] c.s.coder.controller.WebFileController   : txt...................
2019-10-10 11:57:57.671  INFO [shineon-web-usr,007783c6b1ec562f,007783c6b1ec562f,false] 10896 --- [http-nio-132-exec-1] c.s.coder.controller.WebFileController   : 
2019-10-10 11:57:57.675  INFO [shineon-web-usr,007783c6b1ec562f,007783c6b1ec562f,false] 10896 --- [http-nio-132-exec-1] c.s.coder.controller.WebFileController   : 处理文本文件
2019-10-10 12:01:41.332  INFO [shineon-web-usr,,,] 10896 --- [AsyncResolver-bootstrap-executor-0] c.n.d.s.r.aws.ConfigClusterResolver      : Resolving eureka endpoints via configuration
2019-10-10 12:06:41.336  INFO [shineon-web-usr,,,] 10896 --- [AsyncResolver-bootstrap-executor-0] c.n.d.s.r.aws.ConfigClusterResolver      : Resolving eureka endpoints via configuration
2019-10-10 12:11:41.340  INFO [shineon-web-usr,,,] 10896 --- [AsyncResolver-bootstrap-executor-0] c.n.d.s.r.aws.ConfigClusterResolver      : Resolving eureka endpoints via configuration
2019-10-10 12:16:41.344  INFO [shineon-web-usr,,,] 10896 --- [AsyncResolver-bootstrap-executor-0] c.n.d.s.r.aws.ConfigClusterResolver      : Resolving eureka endpoints via configuration
2019-10-10 12:21:41.348  INFO [shineon-web-usr,,,] 10896 --- [AsyncResolver-bootstrap-executor-0] c.n.d.s.r.aws.ConfigClusterResolver      : Resolving eureka endpoints via configuration
