2019-09-19 13:43:21.660  INFO [shineon-web-usr,,,] 12556 --- [main] com.shineon.coder.CoderApplicationTests  : No active profile set, falling back to default profiles: default
2019-09-19 13:43:22.514  INFO [shineon-web-usr,,,] 12556 --- [main] .s.d.r.c.RepositoryConfigurationDelegate : Multiple Spring Data modules found, entering strict repository configuration mode!
2019-09-19 13:43:22.517  INFO [shineon-web-usr,,,] 12556 --- [main] .s.d.r.c.RepositoryConfigurationDelegate : Bootstrapping Spring Data repositories in DEFAULT mode.
2019-09-19 13:43:22.538  INFO [shineon-web-usr,,,] 12556 --- [main] .s.d.r.c.RepositoryConfigurationDelegate : Finished Spring Data repository scanning in 11ms. Found 0 repository interfaces.
2019-09-19 13:43:22.687  WARN [shineon-web-usr,,,] 12556 --- [main] o.s.boot.actuate.endpoint.EndpointId     : Endpoint ID 'service-registry' contains invalid characters, please migrate to a valid format.
2019-09-19 13:43:23.281  INFO [shineon-web-usr,,,] 12556 --- [main] o.s.cloud.context.scope.GenericScope     : BeanFactory id=f3d3ab90-847b-3343-9f13-1138fe67bacd
2019-09-19 13:43:23.331  INFO [shineon-web-usr,,,] 12556 --- [main] faultConfiguringBeanFactoryPostProcessor : No bean named 'errorChannel' has been explicitly defined. Therefore, a default PublishSubscribeChannel will be created.
2019-09-19 13:43:23.336  INFO [shineon-web-usr,,,] 12556 --- [main] faultConfiguringBeanFactoryPostProcessor : No bean named 'taskScheduler' has been explicitly defined. Therefore, a default ThreadPoolTaskScheduler will be created.
2019-09-19 13:43:23.343  INFO [shineon-web-usr,,,] 12556 --- [main] faultConfiguringBeanFactoryPostProcessor : No bean named 'integrationHeaderChannelRegistry' has been explicitly defined. Therefore, a default DefaultHeaderChannelRegistry will be created.
2019-09-19 13:43:23.665  INFO [shineon-web-usr,,,] 12556 --- [main] trationDelegate$BeanPostProcessorChecker : Bean 'integrationDisposableAutoCreatedBeans' of type [org.springframework.integration.config.annotation.Disposables] is not eligible for getting processed by all BeanPostProcessors (for example: not eligible for auto-proxying)
2019-09-19 13:43:23.721  INFO [shineon-web-usr,,,] 12556 --- [main] trationDelegate$BeanPostProcessorChecker : Bean 'org.springframework.integration.config.IntegrationManagementConfiguration' of type [org.springframework.integration.config.IntegrationManagementConfiguration$$EnhancerBySpringCGLIB$$15f9758f] is not eligible for getting processed by all BeanPostProcessors (for example: not eligible for auto-proxying)
2019-09-19 13:43:23.766  INFO [shineon-web-usr,,,] 12556 --- [main] trationDelegate$BeanPostProcessorChecker : Bean 'org.springframework.cloud.autoconfigure.ConfigurationPropertiesRebinderAutoConfiguration' of type [org.springframework.cloud.autoconfigure.ConfigurationPropertiesRebinderAutoConfiguration$$EnhancerBySpringCGLIB$$c721bd5d] is not eligible for getting processed by all BeanPostProcessors (for example: not eligible for auto-proxying)
2019-09-19 13:43:24.962  INFO [shineon-web-usr,,,] 12556 --- [main] o.s.s.concurrent.ThreadPoolTaskExecutor  : Initializing ExecutorService
2019-09-19 13:43:24.970  INFO [shineon-web-usr,,,] 12556 --- [main] o.s.s.concurrent.ThreadPoolTaskExecutor  : Initializing ExecutorService 'pool_schedule'
2019-09-19 13:43:25.474  WARN [shineon-web-usr,,,] 12556 --- [main] c.n.c.sources.URLConfigurationSource     : No URLs will be polled as dynamic configuration sources.
2019-09-19 13:43:25.474  INFO [shineon-web-usr,,,] 12556 --- [main] c.n.c.sources.URLConfigurationSource     : To enable URLs as dynamic configuration sources, define System property archaius.configurationSource.additionalUrls or make config.properties available on classpath.
2019-09-19 13:43:25.480  WARN [shineon-web-usr,,,] 12556 --- [main] c.n.c.sources.URLConfigurationSource     : No URLs will be polled as dynamic configuration sources.
2019-09-19 13:43:25.480  INFO [shineon-web-usr,,,] 12556 --- [main] c.n.c.sources.URLConfigurationSource     : To enable URLs as dynamic configuration sources, define System property archaius.configurationSource.additionalUrls or make config.properties available on classpath.
2019-09-19 13:43:27.304  INFO [shineon-web-usr,,,] 12556 --- [main] o.s.s.c.ThreadPoolTaskScheduler          : Initializing ExecutorService 'taskScheduler'
2019-09-19 13:43:28.379  INFO [shineon-web-usr,,,] 12556 --- [main] io.lettuce.core.EpollProvider            : Starting without optional epoll library
2019-09-19 13:43:28.380  INFO [shineon-web-usr,,,] 12556 --- [main] io.lettuce.core.KqueueProvider           : Starting without optional kqueue library
2019-09-19 13:43:30.058  INFO [shineon-web-usr,,,] 12556 --- [main] o.s.b.a.e.web.EndpointLinksResolver      : Exposing 2 endpoint(s) beneath base path '/actuator'
2019-09-19 13:43:30.678  INFO [shineon-web-usr,,,] 12556 --- [main] o.s.c.s.m.DirectWithAttributesChannel    : Channel 'application-1.MataoMessageInput' has 1 subscriber(s).
2019-09-19 13:43:30.706  INFO [shineon-web-usr,,,] 12556 --- [main] o.s.i.endpoint.EventDrivenConsumer       : Adding {logging-channel-adapter:_org.springframework.integration.errorLogger} as a subscriber to the 'errorChannel' channel
2019-09-19 13:43:30.706  INFO [shineon-web-usr,,,] 12556 --- [main] o.s.i.channel.PublishSubscribeChannel    : Channel 'application-1.errorChannel' has 1 subscriber(s).
2019-09-19 13:43:30.706  INFO [shineon-web-usr,,,] 12556 --- [main] o.s.i.endpoint.EventDrivenConsumer       : started _org.springframework.integration.errorLogger
2019-09-19 13:43:30.748  INFO [shineon-web-usr,,,] 12556 --- [main] o.s.c.s.m.DirectWithAttributesChannel    : Channel 'application-1.MataoMessageOutput' has 1 subscriber(s).
2019-09-19 13:43:31.371  INFO [shineon-web-usr,,,] 12556 --- [main] com.shineon.coder.CoderApplicationTests  : Started CoderApplicationTests in 10.535 seconds (JVM running for 11.208)
2019-09-19 13:43:31.648  INFO [shineon-web-usr,,,] 12556 --- [Thread-9] o.s.c.n.eureka.InstanceInfoFactory       : Setting initial instance status as: STARTING
2019-09-19 13:43:31.651  INFO [shineon-web-usr,,,] 12556 --- [Thread-9] o.s.c.n.e.s.EurekaServiceRegistry        : Unregistering application SHINEON-WEB-USR with eureka with status DOWN
2019-09-19 13:43:31.665  INFO [shineon-web-usr,,,] 12556 --- [Thread-9] o.s.i.endpoint.EventDrivenConsumer       : Removing {logging-channel-adapter:_org.springframework.integration.errorLogger} as a subscriber to the 'errorChannel' channel
2019-09-19 13:43:31.665  INFO [shineon-web-usr,,,] 12556 --- [Thread-9] o.s.i.channel.PublishSubscribeChannel    : Channel 'application-1.errorChannel' has 0 subscriber(s).
2019-09-19 13:43:31.665  INFO [shineon-web-usr,,,] 12556 --- [Thread-9] o.s.i.endpoint.EventDrivenConsumer       : stopped _org.springframework.integration.errorLogger
2019-09-19 13:43:31.669  INFO [shineon-web-usr,,,] 12556 --- [Thread-9] o.s.s.c.ThreadPoolTaskScheduler          : Shutting down ExecutorService 'taskScheduler'
2019-09-19 13:43:31.673  INFO [shineon-web-usr,,,] 12556 --- [Thread-9] o.s.s.concurrent.ThreadPoolTaskExecutor  : Shutting down ExecutorService 'pool_schedule'
2019-09-19 13:52:16.554  INFO [shineon-web-usr,,,] 13208 --- [main] com.shineon.coder.CoderApplicationTests  : No active profile set, falling back to default profiles: default
2019-09-19 13:52:17.428  INFO [shineon-web-usr,,,] 13208 --- [main] .s.d.r.c.RepositoryConfigurationDelegate : Multiple Spring Data modules found, entering strict repository configuration mode!
2019-09-19 13:52:17.432  INFO [shineon-web-usr,,,] 13208 --- [main] .s.d.r.c.RepositoryConfigurationDelegate : Bootstrapping Spring Data repositories in DEFAULT mode.
2019-09-19 13:52:17.458  INFO [shineon-web-usr,,,] 13208 --- [main] .s.d.r.c.RepositoryConfigurationDelegate : Finished Spring Data repository scanning in 12ms. Found 0 repository interfaces.
2019-09-19 13:52:17.605  WARN [shineon-web-usr,,,] 13208 --- [main] o.s.boot.actuate.endpoint.EndpointId     : Endpoint ID 'service-registry' contains invalid characters, please migrate to a valid format.
2019-09-19 13:52:18.036  INFO [shineon-web-usr,,,] 13208 --- [main] o.s.cloud.context.scope.GenericScope     : BeanFactory id=f3d3ab90-847b-3343-9f13-1138fe67bacd
2019-09-19 13:52:18.095  INFO [shineon-web-usr,,,] 13208 --- [main] faultConfiguringBeanFactoryPostProcessor : No bean named 'errorChannel' has been explicitly defined. Therefore, a default PublishSubscribeChannel will be created.
2019-09-19 13:52:18.100  INFO [shineon-web-usr,,,] 13208 --- [main] faultConfiguringBeanFactoryPostProcessor : No bean named 'taskScheduler' has been explicitly defined. Therefore, a default ThreadPoolTaskScheduler will be created.
2019-09-19 13:52:18.109  INFO [shineon-web-usr,,,] 13208 --- [main] faultConfiguringBeanFactoryPostProcessor : No bean named 'integrationHeaderChannelRegistry' has been explicitly defined. Therefore, a default DefaultHeaderChannelRegistry will be created.
2019-09-19 13:52:18.464  INFO [shineon-web-usr,,,] 13208 --- [main] trationDelegate$BeanPostProcessorChecker : Bean 'integrationDisposableAutoCreatedBeans' of type [org.springframework.integration.config.annotation.Disposables] is not eligible for getting processed by all BeanPostProcessors (for example: not eligible for auto-proxying)
2019-09-19 13:52:18.530  INFO [shineon-web-usr,,,] 13208 --- [main] trationDelegate$BeanPostProcessorChecker : Bean 'org.springframework.integration.config.IntegrationManagementConfiguration' of type [org.springframework.integration.config.IntegrationManagementConfiguration$$EnhancerBySpringCGLIB$$b1e8af41] is not eligible for getting processed by all BeanPostProcessors (for example: not eligible for auto-proxying)
2019-09-19 13:52:18.570  INFO [shineon-web-usr,,,] 13208 --- [main] trationDelegate$BeanPostProcessorChecker : Bean 'org.springframework.cloud.autoconfigure.ConfigurationPropertiesRebinderAutoConfiguration' of type [org.springframework.cloud.autoconfigure.ConfigurationPropertiesRebinderAutoConfiguration$$EnhancerBySpringCGLIB$$6310f70f] is not eligible for getting processed by all BeanPostProcessors (for example: not eligible for auto-proxying)
2019-09-19 13:52:20.102  INFO [shineon-web-usr,,,] 13208 --- [main] o.s.s.concurrent.ThreadPoolTaskExecutor  : Initializing ExecutorService
2019-09-19 13:52:20.109  INFO [shineon-web-usr,,,] 13208 --- [main] o.s.s.concurrent.ThreadPoolTaskExecutor  : Initializing ExecutorService 'pool_schedule'
2019-09-19 13:52:20.618  WARN [shineon-web-usr,,,] 13208 --- [main] c.n.c.sources.URLConfigurationSource     : No URLs will be polled as dynamic configuration sources.
2019-09-19 13:52:20.618  INFO [shineon-web-usr,,,] 13208 --- [main] c.n.c.sources.URLConfigurationSource     : To enable URLs as dynamic configuration sources, define System property archaius.configurationSource.additionalUrls or make config.properties available on classpath.
2019-09-19 13:52:20.624  WARN [shineon-web-usr,,,] 13208 --- [main] c.n.c.sources.URLConfigurationSource     : No URLs will be polled as dynamic configuration sources.
2019-09-19 13:52:20.625  INFO [shineon-web-usr,,,] 13208 --- [main] c.n.c.sources.URLConfigurationSource     : To enable URLs as dynamic configuration sources, define System property archaius.configurationSource.additionalUrls or make config.properties available on classpath.
2019-09-19 13:52:22.596  INFO [shineon-web-usr,,,] 13208 --- [main] o.s.s.c.ThreadPoolTaskScheduler          : Initializing ExecutorService 'taskScheduler'
2019-09-19 13:52:23.718  INFO [shineon-web-usr,,,] 13208 --- [main] io.lettuce.core.EpollProvider            : Starting without optional epoll library
2019-09-19 13:52:23.720  INFO [shineon-web-usr,,,] 13208 --- [main] io.lettuce.core.KqueueProvider           : Starting without optional kqueue library
2019-09-19 13:52:25.553  INFO [shineon-web-usr,,,] 13208 --- [main] o.s.b.a.e.web.EndpointLinksResolver      : Exposing 2 endpoint(s) beneath base path '/actuator'
2019-09-19 13:52:25.749  INFO [shineon-web-usr,,,] 13208 --- [main] o.s.c.s.m.DirectWithAttributesChannel    : Channel 'application-1.MataoMessageInput' has 1 subscriber(s).
2019-09-19 13:52:25.787  INFO [shineon-web-usr,,,] 13208 --- [main] o.s.i.endpoint.EventDrivenConsumer       : Adding {logging-channel-adapter:_org.springframework.integration.errorLogger} as a subscriber to the 'errorChannel' channel
2019-09-19 13:52:25.788  INFO [shineon-web-usr,,,] 13208 --- [main] o.s.i.channel.PublishSubscribeChannel    : Channel 'application-1.errorChannel' has 1 subscriber(s).
2019-09-19 13:52:25.788  INFO [shineon-web-usr,,,] 13208 --- [main] o.s.i.endpoint.EventDrivenConsumer       : started _org.springframework.integration.errorLogger
2019-09-19 13:52:25.833  INFO [shineon-web-usr,,,] 13208 --- [main] o.s.c.s.m.DirectWithAttributesChannel    : Channel 'application-1.MataoMessageOutput' has 1 subscriber(s).
2019-09-19 13:52:26.455  INFO [shineon-web-usr,,,] 13208 --- [main] com.shineon.coder.CoderApplicationTests  : Started CoderApplicationTests in 10.995 seconds (JVM running for 11.661)
2019-09-19 13:52:26.699  INFO [shineon-web-usr,,,] 13208 --- [Thread-9] o.s.c.n.eureka.InstanceInfoFactory       : Setting initial instance status as: STARTING
2019-09-19 13:52:26.701  INFO [shineon-web-usr,,,] 13208 --- [Thread-9] o.s.c.n.e.s.EurekaServiceRegistry        : Unregistering application SHINEON-WEB-USR with eureka with status DOWN
2019-09-19 13:52:26.714  INFO [shineon-web-usr,,,] 13208 --- [Thread-9] o.s.i.endpoint.EventDrivenConsumer       : Removing {logging-channel-adapter:_org.springframework.integration.errorLogger} as a subscriber to the 'errorChannel' channel
2019-09-19 13:52:26.714  INFO [shineon-web-usr,,,] 13208 --- [Thread-9] o.s.i.channel.PublishSubscribeChannel    : Channel 'application-1.errorChannel' has 0 subscriber(s).
2019-09-19 13:52:26.714  INFO [shineon-web-usr,,,] 13208 --- [Thread-9] o.s.i.endpoint.EventDrivenConsumer       : stopped _org.springframework.integration.errorLogger
2019-09-19 13:52:26.716  INFO [shineon-web-usr,,,] 13208 --- [Thread-9] o.s.s.c.ThreadPoolTaskScheduler          : Shutting down ExecutorService 'taskScheduler'
2019-09-19 13:52:26.724  INFO [shineon-web-usr,,,] 13208 --- [Thread-9] o.s.s.concurrent.ThreadPoolTaskExecutor  : Shutting down ExecutorService 'pool_schedule'
2019-09-19 14:36:04.656  INFO [shineon-web-usr,,,] 3788 --- [main] com.shineon.coder.CoderApplicationTests  : No active profile set, falling back to default profiles: default
2019-09-19 14:36:05.532  INFO [shineon-web-usr,,,] 3788 --- [main] .s.d.r.c.RepositoryConfigurationDelegate : Multiple Spring Data modules found, entering strict repository configuration mode!
2019-09-19 14:36:05.542  INFO [shineon-web-usr,,,] 3788 --- [main] .s.d.r.c.RepositoryConfigurationDelegate : Bootstrapping Spring Data repositories in DEFAULT mode.
2019-09-19 14:36:05.567  INFO [shineon-web-usr,,,] 3788 --- [main] .s.d.r.c.RepositoryConfigurationDelegate : Finished Spring Data repository scanning in 11ms. Found 0 repository interfaces.
2019-09-19 14:36:05.724  WARN [shineon-web-usr,,,] 3788 --- [main] o.s.boot.actuate.endpoint.EndpointId     : Endpoint ID 'service-registry' contains invalid characters, please migrate to a valid format.
2019-09-19 14:36:06.163  INFO [shineon-web-usr,,,] 3788 --- [main] o.s.cloud.context.scope.GenericScope     : BeanFactory id=f3d3ab90-847b-3343-9f13-1138fe67bacd
2019-09-19 14:36:06.220  INFO [shineon-web-usr,,,] 3788 --- [main] faultConfiguringBeanFactoryPostProcessor : No bean named 'errorChannel' has been explicitly defined. Therefore, a default PublishSubscribeChannel will be created.
2019-09-19 14:36:06.224  INFO [shineon-web-usr,,,] 3788 --- [main] faultConfiguringBeanFactoryPostProcessor : No bean named 'taskScheduler' has been explicitly defined. Therefore, a default ThreadPoolTaskScheduler will be created.
2019-09-19 14:36:06.231  INFO [shineon-web-usr,,,] 3788 --- [main] faultConfiguringBeanFactoryPostProcessor : No bean named 'integrationHeaderChannelRegistry' has been explicitly defined. Therefore, a default DefaultHeaderChannelRegistry will be created.
2019-09-19 14:36:06.557  INFO [shineon-web-usr,,,] 3788 --- [main] trationDelegate$BeanPostProcessorChecker : Bean 'integrationDisposableAutoCreatedBeans' of type [org.springframework.integration.config.annotation.Disposables] is not eligible for getting processed by all BeanPostProcessors (for example: not eligible for auto-proxying)
2019-09-19 14:36:06.616  INFO [shineon-web-usr,,,] 3788 --- [main] trationDelegate$BeanPostProcessorChecker : Bean 'org.springframework.integration.config.IntegrationManagementConfiguration' of type [org.springframework.integration.config.IntegrationManagementConfiguration$$EnhancerBySpringCGLIB$$15f9758f] is not eligible for getting processed by all BeanPostProcessors (for example: not eligible for auto-proxying)
2019-09-19 14:36:06.661  INFO [shineon-web-usr,,,] 3788 --- [main] trationDelegate$BeanPostProcessorChecker : Bean 'org.springframework.cloud.autoconfigure.ConfigurationPropertiesRebinderAutoConfiguration' of type [org.springframework.cloud.autoconfigure.ConfigurationPropertiesRebinderAutoConfiguration$$EnhancerBySpringCGLIB$$c721bd5d] is not eligible for getting processed by all BeanPostProcessors (for example: not eligible for auto-proxying)
2019-09-19 14:36:08.037  INFO [shineon-web-usr,,,] 3788 --- [main] o.s.s.concurrent.ThreadPoolTaskExecutor  : Initializing ExecutorService
2019-09-19 14:36:08.043  INFO [shineon-web-usr,,,] 3788 --- [main] o.s.s.concurrent.ThreadPoolTaskExecutor  : Initializing ExecutorService 'pool_schedule'
2019-09-19 14:36:08.562  WARN [shineon-web-usr,,,] 3788 --- [main] c.n.c.sources.URLConfigurationSource     : No URLs will be polled as dynamic configuration sources.
2019-09-19 14:36:08.562  INFO [shineon-web-usr,,,] 3788 --- [main] c.n.c.sources.URLConfigurationSource     : To enable URLs as dynamic configuration sources, define System property archaius.configurationSource.additionalUrls or make config.properties available on classpath.
2019-09-19 14:36:08.568  WARN [shineon-web-usr,,,] 3788 --- [main] c.n.c.sources.URLConfigurationSource     : No URLs will be polled as dynamic configuration sources.
2019-09-19 14:36:08.568  INFO [shineon-web-usr,,,] 3788 --- [main] c.n.c.sources.URLConfigurationSource     : To enable URLs as dynamic configuration sources, define System property archaius.configurationSource.additionalUrls or make config.properties available on classpath.
2019-09-19 14:36:10.419  INFO [shineon-web-usr,,,] 3788 --- [main] o.s.s.c.ThreadPoolTaskScheduler          : Initializing ExecutorService 'taskScheduler'
2019-09-19 14:36:11.552  INFO [shineon-web-usr,,,] 3788 --- [main] io.lettuce.core.EpollProvider            : Starting without optional epoll library
2019-09-19 14:36:11.554  INFO [shineon-web-usr,,,] 3788 --- [main] io.lettuce.core.KqueueProvider           : Starting without optional kqueue library
2019-09-19 14:36:12.933  INFO [shineon-web-usr,,,] 3788 --- [main] o.s.b.a.e.web.EndpointLinksResolver      : Exposing 2 endpoint(s) beneath base path '/actuator'
2019-09-19 14:36:13.718  INFO [shineon-web-usr,,,] 3788 --- [main] o.s.c.s.m.DirectWithAttributesChannel    : Channel 'application-1.MataoMessageInput' has 1 subscriber(s).
2019-09-19 14:36:13.767  INFO [shineon-web-usr,,,] 3788 --- [main] o.s.i.endpoint.EventDrivenConsumer       : Adding {logging-channel-adapter:_org.springframework.integration.errorLogger} as a subscriber to the 'errorChannel' channel
2019-09-19 14:36:13.767  INFO [shineon-web-usr,,,] 3788 --- [main] o.s.i.channel.PublishSubscribeChannel    : Channel 'application-1.errorChannel' has 1 subscriber(s).
2019-09-19 14:36:13.767  INFO [shineon-web-usr,,,] 3788 --- [main] o.s.i.endpoint.EventDrivenConsumer       : started _org.springframework.integration.errorLogger
2019-09-19 14:36:13.810  INFO [shineon-web-usr,,,] 3788 --- [main] o.s.c.s.m.DirectWithAttributesChannel    : Channel 'application-1.MataoMessageOutput' has 1 subscriber(s).
2019-09-19 14:36:14.435  INFO [shineon-web-usr,,,] 3788 --- [main] com.shineon.coder.CoderApplicationTests  : Started CoderApplicationTests in 10.63 seconds (JVM running for 11.304)
2019-09-19 14:36:14.759  INFO [shineon-web-usr,,,] 3788 --- [Thread-9] o.s.c.n.eureka.InstanceInfoFactory       : Setting initial instance status as: STARTING
2019-09-19 14:36:14.761  INFO [shineon-web-usr,,,] 3788 --- [Thread-9] o.s.c.n.e.s.EurekaServiceRegistry        : Unregistering application SHINEON-WEB-USR with eureka with status DOWN
2019-09-19 14:36:14.773  INFO [shineon-web-usr,,,] 3788 --- [Thread-9] o.s.i.endpoint.EventDrivenConsumer       : Removing {logging-channel-adapter:_org.springframework.integration.errorLogger} as a subscriber to the 'errorChannel' channel
2019-09-19 14:36:14.773  INFO [shineon-web-usr,,,] 3788 --- [Thread-9] o.s.i.channel.PublishSubscribeChannel    : Channel 'application-1.errorChannel' has 0 subscriber(s).
2019-09-19 14:36:14.773  INFO [shineon-web-usr,,,] 3788 --- [Thread-9] o.s.i.endpoint.EventDrivenConsumer       : stopped _org.springframework.integration.errorLogger
2019-09-19 14:36:14.777  INFO [shineon-web-usr,,,] 3788 --- [Thread-9] o.s.s.c.ThreadPoolTaskScheduler          : Shutting down ExecutorService 'taskScheduler'
2019-09-19 14:36:14.781  INFO [shineon-web-usr,,,] 3788 --- [Thread-9] o.s.s.concurrent.ThreadPoolTaskExecutor  : Shutting down ExecutorService 'pool_schedule'
2019-09-19 14:39:32.394  INFO [shineon-web-usr,,,] 5980 --- [main] com.shineon.coder.CoderApplicationTests  : No active profile set, falling back to default profiles: default
2019-09-19 14:39:33.269  INFO [shineon-web-usr,,,] 5980 --- [main] .s.d.r.c.RepositoryConfigurationDelegate : Multiple Spring Data modules found, entering strict repository configuration mode!
2019-09-19 14:39:33.273  INFO [shineon-web-usr,,,] 5980 --- [main] .s.d.r.c.RepositoryConfigurationDelegate : Bootstrapping Spring Data repositories in DEFAULT mode.
2019-09-19 14:39:33.293  INFO [shineon-web-usr,,,] 5980 --- [main] .s.d.r.c.RepositoryConfigurationDelegate : Finished Spring Data repository scanning in 9ms. Found 0 repository interfaces.
2019-09-19 14:39:33.440  WARN [shineon-web-usr,,,] 5980 --- [main] o.s.boot.actuate.endpoint.EndpointId     : Endpoint ID 'service-registry' contains invalid characters, please migrate to a valid format.
2019-09-19 14:39:33.816  INFO [shineon-web-usr,,,] 5980 --- [main] o.s.cloud.context.scope.GenericScope     : BeanFactory id=f3d3ab90-847b-3343-9f13-1138fe67bacd
2019-09-19 14:39:33.870  INFO [shineon-web-usr,,,] 5980 --- [main] faultConfiguringBeanFactoryPostProcessor : No bean named 'errorChannel' has been explicitly defined. Therefore, a default PublishSubscribeChannel will be created.
2019-09-19 14:39:33.874  INFO [shineon-web-usr,,,] 5980 --- [main] faultConfiguringBeanFactoryPostProcessor : No bean named 'taskScheduler' has been explicitly defined. Therefore, a default ThreadPoolTaskScheduler will be created.
2019-09-19 14:39:33.879  INFO [shineon-web-usr,,,] 5980 --- [main] faultConfiguringBeanFactoryPostProcessor : No bean named 'integrationHeaderChannelRegistry' has been explicitly defined. Therefore, a default DefaultHeaderChannelRegistry will be created.
2019-09-19 14:39:34.269  INFO [shineon-web-usr,,,] 5980 --- [main] trationDelegate$BeanPostProcessorChecker : Bean 'integrationDisposableAutoCreatedBeans' of type [org.springframework.integration.config.annotation.Disposables] is not eligible for getting processed by all BeanPostProcessors (for example: not eligible for auto-proxying)
2019-09-19 14:39:34.334  INFO [shineon-web-usr,,,] 5980 --- [main] trationDelegate$BeanPostProcessorChecker : Bean 'org.springframework.integration.config.IntegrationManagementConfiguration' of type [org.springframework.integration.config.IntegrationManagementConfiguration$$EnhancerBySpringCGLIB$$379e2421] is not eligible for getting processed by all BeanPostProcessors (for example: not eligible for auto-proxying)
2019-09-19 14:39:34.383  INFO [shineon-web-usr,,,] 5980 --- [main] trationDelegate$BeanPostProcessorChecker : Bean 'org.springframework.cloud.autoconfigure.ConfigurationPropertiesRebinderAutoConfiguration' of type [org.springframework.cloud.autoconfigure.ConfigurationPropertiesRebinderAutoConfiguration$$EnhancerBySpringCGLIB$$e8c66bef] is not eligible for getting processed by all BeanPostProcessors (for example: not eligible for auto-proxying)
2019-09-19 14:39:35.643  INFO [shineon-web-usr,,,] 5980 --- [main] o.s.s.concurrent.ThreadPoolTaskExecutor  : Initializing ExecutorService
2019-09-19 14:39:35.648  INFO [shineon-web-usr,,,] 5980 --- [main] o.s.s.concurrent.ThreadPoolTaskExecutor  : Initializing ExecutorService 'pool_schedule'
2019-09-19 14:39:36.127  WARN [shineon-web-usr,,,] 5980 --- [main] c.n.c.sources.URLConfigurationSource     : No URLs will be polled as dynamic configuration sources.
2019-09-19 14:39:36.127  INFO [shineon-web-usr,,,] 5980 --- [main] c.n.c.sources.URLConfigurationSource     : To enable URLs as dynamic configuration sources, define System property archaius.configurationSource.additionalUrls or make config.properties available on classpath.
2019-09-19 14:39:36.132  WARN [shineon-web-usr,,,] 5980 --- [main] c.n.c.sources.URLConfigurationSource     : No URLs will be polled as dynamic configuration sources.
2019-09-19 14:39:36.132  INFO [shineon-web-usr,,,] 5980 --- [main] c.n.c.sources.URLConfigurationSource     : To enable URLs as dynamic configuration sources, define System property archaius.configurationSource.additionalUrls or make config.properties available on classpath.
2019-09-19 14:39:37.980  INFO [shineon-web-usr,,,] 5980 --- [main] o.s.s.c.ThreadPoolTaskScheduler          : Initializing ExecutorService 'taskScheduler'
2019-09-19 14:39:38.961  INFO [shineon-web-usr,,,] 5980 --- [main] io.lettuce.core.EpollProvider            : Starting without optional epoll library
2019-09-19 14:39:38.962  INFO [shineon-web-usr,,,] 5980 --- [main] io.lettuce.core.KqueueProvider           : Starting without optional kqueue library
2019-09-19 14:39:40.278  INFO [shineon-web-usr,,,] 5980 --- [main] o.s.b.a.e.web.EndpointLinksResolver      : Exposing 2 endpoint(s) beneath base path '/actuator'
2019-09-19 14:39:40.486  INFO [shineon-web-usr,,,] 5980 --- [main] o.s.c.s.m.DirectWithAttributesChannel    : Channel 'application-1.MataoMessageInput' has 1 subscriber(s).
2019-09-19 14:39:40.521  INFO [shineon-web-usr,,,] 5980 --- [main] o.s.i.endpoint.EventDrivenConsumer       : Adding {logging-channel-adapter:_org.springframework.integration.errorLogger} as a subscriber to the 'errorChannel' channel
2019-09-19 14:39:40.521  INFO [shineon-web-usr,,,] 5980 --- [main] o.s.i.channel.PublishSubscribeChannel    : Channel 'application-1.errorChannel' has 1 subscriber(s).
2019-09-19 14:39:40.521  INFO [shineon-web-usr,,,] 5980 --- [main] o.s.i.endpoint.EventDrivenConsumer       : started _org.springframework.integration.errorLogger
2019-09-19 14:39:40.558  INFO [shineon-web-usr,,,] 5980 --- [main] o.s.c.s.m.DirectWithAttributesChannel    : Channel 'application-1.MataoMessageOutput' has 1 subscriber(s).
2019-09-19 14:39:41.189  INFO [shineon-web-usr,,,] 5980 --- [main] com.shineon.coder.CoderApplicationTests  : Started CoderApplicationTests in 9.654 seconds (JVM running for 10.376)
2019-09-19 14:39:41.427  INFO [shineon-web-usr,,,] 5980 --- [Thread-9] o.s.c.n.eureka.InstanceInfoFactory       : Setting initial instance status as: STARTING
2019-09-19 14:39:41.430  INFO [shineon-web-usr,,,] 5980 --- [Thread-9] o.s.c.n.e.s.EurekaServiceRegistry        : Unregistering application SHINEON-WEB-USR with eureka with status DOWN
2019-09-19 14:39:41.445  INFO [shineon-web-usr,,,] 5980 --- [Thread-9] o.s.i.endpoint.EventDrivenConsumer       : Removing {logging-channel-adapter:_org.springframework.integration.errorLogger} as a subscriber to the 'errorChannel' channel
2019-09-19 14:39:41.445  INFO [shineon-web-usr,,,] 5980 --- [Thread-9] o.s.i.channel.PublishSubscribeChannel    : Channel 'application-1.errorChannel' has 0 subscriber(s).
2019-09-19 14:39:41.446  INFO [shineon-web-usr,,,] 5980 --- [Thread-9] o.s.i.endpoint.EventDrivenConsumer       : stopped _org.springframework.integration.errorLogger
2019-09-19 14:39:41.450  INFO [shineon-web-usr,,,] 5980 --- [Thread-9] o.s.s.c.ThreadPoolTaskScheduler          : Shutting down ExecutorService 'taskScheduler'
2019-09-19 14:39:41.455  INFO [shineon-web-usr,,,] 5980 --- [Thread-9] o.s.s.concurrent.ThreadPoolTaskExecutor  : Shutting down ExecutorService 'pool_schedule'
2019-09-19 15:09:07.530  INFO [shineon-web-usr,,,] 11404 --- [main] com.shineon.coder.CoderApplicationTests  : No active profile set, falling back to default profiles: default
2019-09-19 15:09:08.385  INFO [shineon-web-usr,,,] 11404 --- [main] .s.d.r.c.RepositoryConfigurationDelegate : Multiple Spring Data modules found, entering strict repository configuration mode!
2019-09-19 15:09:08.387  INFO [shineon-web-usr,,,] 11404 --- [main] .s.d.r.c.RepositoryConfigurationDelegate : Bootstrapping Spring Data repositories in DEFAULT mode.
2019-09-19 15:09:08.413  INFO [shineon-web-usr,,,] 11404 --- [main] .s.d.r.c.RepositoryConfigurationDelegate : Finished Spring Data repository scanning in 12ms. Found 0 repository interfaces.
2019-09-19 15:09:08.560  WARN [shineon-web-usr,,,] 11404 --- [main] o.s.boot.actuate.endpoint.EndpointId     : Endpoint ID 'service-registry' contains invalid characters, please migrate to a valid format.
2019-09-19 15:09:08.882  INFO [shineon-web-usr,,,] 11404 --- [main] o.s.cloud.context.scope.GenericScope     : BeanFactory id=f3d3ab90-847b-3343-9f13-1138fe67bacd
2019-09-19 15:09:08.935  INFO [shineon-web-usr,,,] 11404 --- [main] faultConfiguringBeanFactoryPostProcessor : No bean named 'errorChannel' has been explicitly defined. Therefore, a default PublishSubscribeChannel will be created.
2019-09-19 15:09:08.940  INFO [shineon-web-usr,,,] 11404 --- [main] faultConfiguringBeanFactoryPostProcessor : No bean named 'taskScheduler' has been explicitly defined. Therefore, a default ThreadPoolTaskScheduler will be created.
2019-09-19 15:09:08.946  INFO [shineon-web-usr,,,] 11404 --- [main] faultConfiguringBeanFactoryPostProcessor : No bean named 'integrationHeaderChannelRegistry' has been explicitly defined. Therefore, a default DefaultHeaderChannelRegistry will be created.
2019-09-19 15:09:09.268  INFO [shineon-web-usr,,,] 11404 --- [main] trationDelegate$BeanPostProcessorChecker : Bean 'integrationDisposableAutoCreatedBeans' of type [org.springframework.integration.config.annotation.Disposables] is not eligible for getting processed by all BeanPostProcessors (for example: not eligible for auto-proxying)
2019-09-19 15:09:09.331  INFO [shineon-web-usr,,,] 11404 --- [main] trationDelegate$BeanPostProcessorChecker : Bean 'org.springframework.integration.config.IntegrationManagementConfiguration' of type [org.springframework.integration.config.IntegrationManagementConfiguration$$EnhancerBySpringCGLIB$$4d1ddf8] is not eligible for getting processed by all BeanPostProcessors (for example: not eligible for auto-proxying)
2019-09-19 15:09:09.373  INFO [shineon-web-usr,,,] 11404 --- [main] trationDelegate$BeanPostProcessorChecker : Bean 'org.springframework.cloud.autoconfigure.ConfigurationPropertiesRebinderAutoConfiguration' of type [org.springframework.cloud.autoconfigure.ConfigurationPropertiesRebinderAutoConfiguration$$EnhancerBySpringCGLIB$$b5fa25c6] is not eligible for getting processed by all BeanPostProcessors (for example: not eligible for auto-proxying)
2019-09-19 15:09:10.536  INFO [shineon-web-usr,,,] 11404 --- [main] o.s.s.concurrent.ThreadPoolTaskExecutor  : Initializing ExecutorService
2019-09-19 15:09:10.542  INFO [shineon-web-usr,,,] 11404 --- [main] o.s.s.concurrent.ThreadPoolTaskExecutor  : Initializing ExecutorService 'pool_schedule'
2019-09-19 15:09:10.987  WARN [shineon-web-usr,,,] 11404 --- [main] c.n.c.sources.URLConfigurationSource     : No URLs will be polled as dynamic configuration sources.
2019-09-19 15:09:10.988  INFO [shineon-web-usr,,,] 11404 --- [main] c.n.c.sources.URLConfigurationSource     : To enable URLs as dynamic configuration sources, define System property archaius.configurationSource.additionalUrls or make config.properties available on classpath.
2019-09-19 15:09:10.992  WARN [shineon-web-usr,,,] 11404 --- [main] c.n.c.sources.URLConfigurationSource     : No URLs will be polled as dynamic configuration sources.
2019-09-19 15:09:10.992  INFO [shineon-web-usr,,,] 11404 --- [main] c.n.c.sources.URLConfigurationSource     : To enable URLs as dynamic configuration sources, define System property archaius.configurationSource.additionalUrls or make config.properties available on classpath.
2019-09-19 15:09:12.834  INFO [shineon-web-usr,,,] 11404 --- [main] o.s.s.c.ThreadPoolTaskScheduler          : Initializing ExecutorService 'taskScheduler'
2019-09-19 15:09:13.846  INFO [shineon-web-usr,,,] 11404 --- [main] io.lettuce.core.EpollProvider            : Starting without optional epoll library
2019-09-19 15:09:13.848  INFO [shineon-web-usr,,,] 11404 --- [main] io.lettuce.core.KqueueProvider           : Starting without optional kqueue library
2019-09-19 15:09:15.164  INFO [shineon-web-usr,,,] 11404 --- [main] o.s.b.a.e.web.EndpointLinksResolver      : Exposing 2 endpoint(s) beneath base path '/actuator'
2019-09-19 15:09:15.344  INFO [shineon-web-usr,,,] 11404 --- [main] o.s.c.s.m.DirectWithAttributesChannel    : Channel 'application-1.MataoMessageInput' has 1 subscriber(s).
2019-09-19 15:09:15.380  INFO [shineon-web-usr,,,] 11404 --- [main] o.s.i.endpoint.EventDrivenConsumer       : Adding {logging-channel-adapter:_org.springframework.integration.errorLogger} as a subscriber to the 'errorChannel' channel
2019-09-19 15:09:15.380  INFO [shineon-web-usr,,,] 11404 --- [main] o.s.i.channel.PublishSubscribeChannel    : Channel 'application-1.errorChannel' has 1 subscriber(s).
2019-09-19 15:09:15.380  INFO [shineon-web-usr,,,] 11404 --- [main] o.s.i.endpoint.EventDrivenConsumer       : started _org.springframework.integration.errorLogger
2019-09-19 15:09:15.421  INFO [shineon-web-usr,,,] 11404 --- [main] o.s.c.s.m.DirectWithAttributesChannel    : Channel 'application-1.MataoMessageOutput' has 1 subscriber(s).
2019-09-19 15:09:16.036  INFO [shineon-web-usr,,,] 11404 --- [main] com.shineon.coder.CoderApplicationTests  : Started CoderApplicationTests in 9.282 seconds (JVM running for 9.899)
2019-09-19 15:09:16.219  INFO [shineon-web-usr,,,] 11404 --- [Thread-9] o.s.c.n.eureka.InstanceInfoFactory       : Setting initial instance status as: STARTING
2019-09-19 15:09:16.223  INFO [shineon-web-usr,,,] 11404 --- [Thread-9] o.s.c.n.e.s.EurekaServiceRegistry        : Unregistering application SHINEON-WEB-USR with eureka with status DOWN
2019-09-19 15:09:16.239  INFO [shineon-web-usr,,,] 11404 --- [Thread-9] o.s.i.endpoint.EventDrivenConsumer       : Removing {logging-channel-adapter:_org.springframework.integration.errorLogger} as a subscriber to the 'errorChannel' channel
2019-09-19 15:09:16.239  INFO [shineon-web-usr,,,] 11404 --- [Thread-9] o.s.i.channel.PublishSubscribeChannel    : Channel 'application-1.errorChannel' has 0 subscriber(s).
2019-09-19 15:09:16.239  INFO [shineon-web-usr,,,] 11404 --- [Thread-9] o.s.i.endpoint.EventDrivenConsumer       : stopped _org.springframework.integration.errorLogger
2019-09-19 15:09:16.244  INFO [shineon-web-usr,,,] 11404 --- [Thread-9] o.s.s.c.ThreadPoolTaskScheduler          : Shutting down ExecutorService 'taskScheduler'
2019-09-19 15:09:16.248  INFO [shineon-web-usr,,,] 11404 --- [Thread-9] o.s.s.concurrent.ThreadPoolTaskExecutor  : Shutting down ExecutorService 'pool_schedule'
2019-09-19 15:14:17.855  INFO [shineon-web-usr,,,] 5840 --- [main] com.shineon.coder.CoderApplicationTests  : No active profile set, falling back to default profiles: default
2019-09-19 15:14:18.673  INFO [shineon-web-usr,,,] 5840 --- [main] .s.d.r.c.RepositoryConfigurationDelegate : Multiple Spring Data modules found, entering strict repository configuration mode!
2019-09-19 15:14:18.676  INFO [shineon-web-usr,,,] 5840 --- [main] .s.d.r.c.RepositoryConfigurationDelegate : Bootstrapping Spring Data repositories in DEFAULT mode.
2019-09-19 15:14:18.697  INFO [shineon-web-usr,,,] 5840 --- [main] .s.d.r.c.RepositoryConfigurationDelegate : Finished Spring Data repository scanning in 9ms. Found 0 repository interfaces.
2019-09-19 15:14:18.859  WARN [shineon-web-usr,,,] 5840 --- [main] o.s.boot.actuate.endpoint.EndpointId     : Endpoint ID 'service-registry' contains invalid characters, please migrate to a valid format.
2019-09-19 15:14:19.239  INFO [shineon-web-usr,,,] 5840 --- [main] o.s.cloud.context.scope.GenericScope     : BeanFactory id=f3d3ab90-847b-3343-9f13-1138fe67bacd
2019-09-19 15:14:19.295  INFO [shineon-web-usr,,,] 5840 --- [main] faultConfiguringBeanFactoryPostProcessor : No bean named 'errorChannel' has been explicitly defined. Therefore, a default PublishSubscribeChannel will be created.
2019-09-19 15:14:19.301  INFO [shineon-web-usr,,,] 5840 --- [main] faultConfiguringBeanFactoryPostProcessor : No bean named 'taskScheduler' has been explicitly defined. Therefore, a default ThreadPoolTaskScheduler will be created.
2019-09-19 15:14:19.307  INFO [shineon-web-usr,,,] 5840 --- [main] faultConfiguringBeanFactoryPostProcessor : No bean named 'integrationHeaderChannelRegistry' has been explicitly defined. Therefore, a default DefaultHeaderChannelRegistry will be created.
2019-09-19 15:14:19.627  INFO [shineon-web-usr,,,] 5840 --- [main] trationDelegate$BeanPostProcessorChecker : Bean 'integrationDisposableAutoCreatedBeans' of type [org.springframework.integration.config.annotation.Disposables] is not eligible for getting processed by all BeanPostProcessors (for example: not eligible for auto-proxying)
2019-09-19 15:14:19.680  INFO [shineon-web-usr,,,] 5840 --- [main] trationDelegate$BeanPostProcessorChecker : Bean 'org.springframework.integration.config.IntegrationManagementConfiguration' of type [org.springframework.integration.config.IntegrationManagementConfiguration$$EnhancerBySpringCGLIB$$15f9758f] is not eligible for getting processed by all BeanPostProcessors (for example: not eligible for auto-proxying)
2019-09-19 15:14:19.719  INFO [shineon-web-usr,,,] 5840 --- [main] trationDelegate$BeanPostProcessorChecker : Bean 'org.springframework.cloud.autoconfigure.ConfigurationPropertiesRebinderAutoConfiguration' of type [org.springframework.cloud.autoconfigure.ConfigurationPropertiesRebinderAutoConfiguration$$EnhancerBySpringCGLIB$$c721bd5d] is not eligible for getting processed by all BeanPostProcessors (for example: not eligible for auto-proxying)
2019-09-19 15:14:21.159  INFO [shineon-web-usr,,,] 5840 --- [main] o.s.s.concurrent.ThreadPoolTaskExecutor  : Initializing ExecutorService
2019-09-19 15:14:21.182  INFO [shineon-web-usr,,,] 5840 --- [main] o.s.s.concurrent.ThreadPoolTaskExecutor  : Initializing ExecutorService 'pool_schedule'
2019-09-19 15:14:21.688  WARN [shineon-web-usr,,,] 5840 --- [main] c.n.c.sources.URLConfigurationSource     : No URLs will be polled as dynamic configuration sources.
2019-09-19 15:14:21.688  INFO [shineon-web-usr,,,] 5840 --- [main] c.n.c.sources.URLConfigurationSource     : To enable URLs as dynamic configuration sources, define System property archaius.configurationSource.additionalUrls or make config.properties available on classpath.
2019-09-19 15:14:21.692  WARN [shineon-web-usr,,,] 5840 --- [main] c.n.c.sources.URLConfigurationSource     : No URLs will be polled as dynamic configuration sources.
2019-09-19 15:14:21.692  INFO [shineon-web-usr,,,] 5840 --- [main] c.n.c.sources.URLConfigurationSource     : To enable URLs as dynamic configuration sources, define System property archaius.configurationSource.additionalUrls or make config.properties available on classpath.
2019-09-19 15:14:24.384  INFO [shineon-web-usr,,,] 5840 --- [main] o.s.s.c.ThreadPoolTaskScheduler          : Initializing ExecutorService 'taskScheduler'
2019-09-19 15:14:25.540  INFO [shineon-web-usr,,,] 5840 --- [main] io.lettuce.core.EpollProvider            : Starting without optional epoll library
2019-09-19 15:14:25.542  INFO [shineon-web-usr,,,] 5840 --- [main] io.lettuce.core.KqueueProvider           : Starting without optional kqueue library
2019-09-19 15:14:26.794  INFO [shineon-web-usr,,,] 5840 --- [main] o.s.b.a.e.web.EndpointLinksResolver      : Exposing 2 endpoint(s) beneath base path '/actuator'
2019-09-19 15:14:26.988  INFO [shineon-web-usr,,,] 5840 --- [main] o.s.c.s.m.DirectWithAttributesChannel    : Channel 'application-1.MataoMessageInput' has 1 subscriber(s).
2019-09-19 15:14:27.047  INFO [shineon-web-usr,,,] 5840 --- [main] o.s.i.endpoint.EventDrivenConsumer       : Adding {logging-channel-adapter:_org.springframework.integration.errorLogger} as a subscriber to the 'errorChannel' channel
2019-09-19 15:14:27.047  INFO [shineon-web-usr,,,] 5840 --- [main] o.s.i.channel.PublishSubscribeChannel    : Channel 'application-1.errorChannel' has 1 subscriber(s).
2019-09-19 15:14:27.047  INFO [shineon-web-usr,,,] 5840 --- [main] o.s.i.endpoint.EventDrivenConsumer       : started _org.springframework.integration.errorLogger
2019-09-19 15:14:27.081  INFO [shineon-web-usr,,,] 5840 --- [main] o.s.c.s.m.DirectWithAttributesChannel    : Channel 'application-1.MataoMessageOutput' has 1 subscriber(s).
2019-09-19 15:14:27.714  INFO [shineon-web-usr,,,] 5840 --- [main] com.shineon.coder.CoderApplicationTests  : Started CoderApplicationTests in 10.679 seconds (JVM running for 11.342)
2019-09-19 15:14:27.874  INFO [shineon-web-usr,,,] 5840 --- [Thread-9] o.s.c.n.eureka.InstanceInfoFactory       : Setting initial instance status as: STARTING
2019-09-19 15:14:27.877  INFO [shineon-web-usr,,,] 5840 --- [Thread-9] o.s.c.n.e.s.EurekaServiceRegistry        : Unregistering application SHINEON-WEB-USR with eureka with status DOWN
2019-09-19 15:14:27.890  INFO [shineon-web-usr,,,] 5840 --- [Thread-9] o.s.i.endpoint.EventDrivenConsumer       : Removing {logging-channel-adapter:_org.springframework.integration.errorLogger} as a subscriber to the 'errorChannel' channel
2019-09-19 15:14:27.890  INFO [shineon-web-usr,,,] 5840 --- [Thread-9] o.s.i.channel.PublishSubscribeChannel    : Channel 'application-1.errorChannel' has 0 subscriber(s).
2019-09-19 15:14:27.890  INFO [shineon-web-usr,,,] 5840 --- [Thread-9] o.s.i.endpoint.EventDrivenConsumer       : stopped _org.springframework.integration.errorLogger
2019-09-19 15:14:27.894  INFO [shineon-web-usr,,,] 5840 --- [Thread-9] o.s.s.c.ThreadPoolTaskScheduler          : Shutting down ExecutorService 'taskScheduler'
2019-09-19 15:14:27.897  INFO [shineon-web-usr,,,] 5840 --- [Thread-9] o.s.s.concurrent.ThreadPoolTaskExecutor  : Shutting down ExecutorService 'pool_schedule'
2019-09-19 15:18:07.617  INFO [shineon-web-usr,,,] 12056 --- [main] com.shineon.coder.CoderApplicationTests  : No active profile set, falling back to default profiles: default
2019-09-19 15:18:09.124  INFO [shineon-web-usr,,,] 12056 --- [main] .s.d.r.c.RepositoryConfigurationDelegate : Multiple Spring Data modules found, entering strict repository configuration mode!
2019-09-19 15:18:09.130  INFO [shineon-web-usr,,,] 12056 --- [main] .s.d.r.c.RepositoryConfigurationDelegate : Bootstrapping Spring Data repositories in DEFAULT mode.
2019-09-19 15:18:09.200  INFO [shineon-web-usr,,,] 12056 --- [main] .s.d.r.c.RepositoryConfigurationDelegate : Finished Spring Data repository scanning in 14ms. Found 0 repository interfaces.
2019-09-19 15:18:09.359  WARN [shineon-web-usr,,,] 12056 --- [main] o.s.boot.actuate.endpoint.EndpointId     : Endpoint ID 'service-registry' contains invalid characters, please migrate to a valid format.
2019-09-19 15:18:09.892  INFO [shineon-web-usr,,,] 12056 --- [main] o.s.cloud.context.scope.GenericScope     : BeanFactory id=f3d3ab90-847b-3343-9f13-1138fe67bacd
2019-09-19 15:18:09.967  INFO [shineon-web-usr,,,] 12056 --- [main] faultConfiguringBeanFactoryPostProcessor : No bean named 'errorChannel' has been explicitly defined. Therefore, a default PublishSubscribeChannel will be created.
2019-09-19 15:18:09.976  INFO [shineon-web-usr,,,] 12056 --- [main] faultConfiguringBeanFactoryPostProcessor : No bean named 'taskScheduler' has been explicitly defined. Therefore, a default ThreadPoolTaskScheduler will be created.
2019-09-19 15:18:09.985  INFO [shineon-web-usr,,,] 12056 --- [main] faultConfiguringBeanFactoryPostProcessor : No bean named 'integrationHeaderChannelRegistry' has been explicitly defined. Therefore, a default DefaultHeaderChannelRegistry will be created.
2019-09-19 15:18:10.394  INFO [shineon-web-usr,,,] 12056 --- [main] trationDelegate$BeanPostProcessorChecker : Bean 'integrationDisposableAutoCreatedBeans' of type [org.springframework.integration.config.annotation.Disposables] is not eligible for getting processed by all BeanPostProcessors (for example: not eligible for auto-proxying)
2019-09-19 15:18:10.467  INFO [shineon-web-usr,,,] 12056 --- [main] trationDelegate$BeanPostProcessorChecker : Bean 'org.springframework.integration.config.IntegrationManagementConfiguration' of type [org.springframework.integration.config.IntegrationManagementConfiguration$$EnhancerBySpringCGLIB$$7b5f98c7] is not eligible for getting processed by all BeanPostProcessors (for example: not eligible for auto-proxying)
2019-09-19 15:18:10.517  INFO [shineon-web-usr,,,] 12056 --- [main] trationDelegate$BeanPostProcessorChecker : Bean 'org.springframework.cloud.autoconfigure.ConfigurationPropertiesRebinderAutoConfiguration' of type [org.springframework.cloud.autoconfigure.ConfigurationPropertiesRebinderAutoConfiguration$$EnhancerBySpringCGLIB$$2c87e095] is not eligible for getting processed by all BeanPostProcessors (for example: not eligible for auto-proxying)
2019-09-19 15:18:12.195  INFO [shineon-web-usr,,,] 12056 --- [main] o.s.s.concurrent.ThreadPoolTaskExecutor  : Initializing ExecutorService
2019-09-19 15:18:12.204  INFO [shineon-web-usr,,,] 12056 --- [main] o.s.s.concurrent.ThreadPoolTaskExecutor  : Initializing ExecutorService 'pool_schedule'
2019-09-19 15:18:12.836  WARN [shineon-web-usr,,,] 12056 --- [main] c.n.c.sources.URLConfigurationSource     : No URLs will be polled as dynamic configuration sources.
2019-09-19 15:18:12.836  INFO [shineon-web-usr,,,] 12056 --- [main] c.n.c.sources.URLConfigurationSource     : To enable URLs as dynamic configuration sources, define System property archaius.configurationSource.additionalUrls or make config.properties available on classpath.
2019-09-19 15:18:12.844  WARN [shineon-web-usr,,,] 12056 --- [main] c.n.c.sources.URLConfigurationSource     : No URLs will be polled as dynamic configuration sources.
2019-09-19 15:18:12.844  INFO [shineon-web-usr,,,] 12056 --- [main] c.n.c.sources.URLConfigurationSource     : To enable URLs as dynamic configuration sources, define System property archaius.configurationSource.additionalUrls or make config.properties available on classpath.
2019-09-19 15:18:15.937  INFO [shineon-web-usr,,,] 12056 --- [main] o.s.s.c.ThreadPoolTaskScheduler          : Initializing ExecutorService 'taskScheduler'
2019-09-19 15:18:19.448  INFO [shineon-web-usr,,,] 12056 --- [main] io.lettuce.core.EpollProvider            : Starting without optional epoll library
2019-09-19 15:18:19.450  INFO [shineon-web-usr,,,] 12056 --- [main] io.lettuce.core.KqueueProvider           : Starting without optional kqueue library
2019-09-19 15:18:21.448  INFO [shineon-web-usr,,,] 12056 --- [main] o.s.b.a.e.web.EndpointLinksResolver      : Exposing 2 endpoint(s) beneath base path '/actuator'
2019-09-19 15:18:21.682  INFO [shineon-web-usr,,,] 12056 --- [main] o.s.c.s.m.DirectWithAttributesChannel    : Channel 'application-1.MataoMessageInput' has 1 subscriber(s).
2019-09-19 15:18:21.719  INFO [shineon-web-usr,,,] 12056 --- [main] o.s.i.endpoint.EventDrivenConsumer       : Adding {logging-channel-adapter:_org.springframework.integration.errorLogger} as a subscriber to the 'errorChannel' channel
2019-09-19 15:18:21.720  INFO [shineon-web-usr,,,] 12056 --- [main] o.s.i.channel.PublishSubscribeChannel    : Channel 'application-1.errorChannel' has 1 subscriber(s).
2019-09-19 15:18:21.720  INFO [shineon-web-usr,,,] 12056 --- [main] o.s.i.endpoint.EventDrivenConsumer       : started _org.springframework.integration.errorLogger
2019-09-19 15:18:21.767  INFO [shineon-web-usr,,,] 12056 --- [main] o.s.c.s.m.DirectWithAttributesChannel    : Channel 'application-1.MataoMessageOutput' has 1 subscriber(s).
2019-09-19 15:18:22.408  INFO [shineon-web-usr,,,] 12056 --- [main] com.shineon.coder.CoderApplicationTests  : Started CoderApplicationTests in 15.94 seconds (JVM running for 17.261)
2019-09-19 15:18:22.660  INFO [shineon-web-usr,,,] 12056 --- [Thread-9] o.s.c.n.eureka.InstanceInfoFactory       : Setting initial instance status as: STARTING
2019-09-19 15:18:22.663  INFO [shineon-web-usr,,,] 12056 --- [Thread-9] o.s.c.n.e.s.EurekaServiceRegistry        : Unregistering application SHINEON-WEB-USR with eureka with status DOWN
2019-09-19 15:18:22.679  INFO [shineon-web-usr,,,] 12056 --- [Thread-9] o.s.i.endpoint.EventDrivenConsumer       : Removing {logging-channel-adapter:_org.springframework.integration.errorLogger} as a subscriber to the 'errorChannel' channel
2019-09-19 15:18:22.679  INFO [shineon-web-usr,,,] 12056 --- [Thread-9] o.s.i.channel.PublishSubscribeChannel    : Channel 'application-1.errorChannel' has 0 subscriber(s).
2019-09-19 15:18:22.679  INFO [shineon-web-usr,,,] 12056 --- [Thread-9] o.s.i.endpoint.EventDrivenConsumer       : stopped _org.springframework.integration.errorLogger
2019-09-19 15:18:22.682  INFO [shineon-web-usr,,,] 12056 --- [Thread-9] o.s.s.c.ThreadPoolTaskScheduler          : Shutting down ExecutorService 'taskScheduler'
2019-09-19 15:18:22.689  INFO [shineon-web-usr,,,] 12056 --- [Thread-9] o.s.s.concurrent.ThreadPoolTaskExecutor  : Shutting down ExecutorService 'pool_schedule'
2019-09-19 15:20:37.326  INFO [shineon-web-usr,,,] 13896 --- [main] com.shineon.coder.CoderApplicationTests  : No active profile set, falling back to default profiles: default
2019-09-19 15:20:38.224  INFO [shineon-web-usr,,,] 13896 --- [main] .s.d.r.c.RepositoryConfigurationDelegate : Multiple Spring Data modules found, entering strict repository configuration mode!
2019-09-19 15:20:38.228  INFO [shineon-web-usr,,,] 13896 --- [main] .s.d.r.c.RepositoryConfigurationDelegate : Bootstrapping Spring Data repositories in DEFAULT mode.
2019-09-19 15:20:38.267  INFO [shineon-web-usr,,,] 13896 --- [main] .s.d.r.c.RepositoryConfigurationDelegate : Finished Spring Data repository scanning in 23ms. Found 0 repository interfaces.
2019-09-19 15:20:38.489  WARN [shineon-web-usr,,,] 13896 --- [main] o.s.boot.actuate.endpoint.EndpointId     : Endpoint ID 'service-registry' contains invalid characters, please migrate to a valid format.
2019-09-19 15:20:38.908  INFO [shineon-web-usr,,,] 13896 --- [main] o.s.cloud.context.scope.GenericScope     : BeanFactory id=f3d3ab90-847b-3343-9f13-1138fe67bacd
2019-09-19 15:20:38.972  INFO [shineon-web-usr,,,] 13896 --- [main] faultConfiguringBeanFactoryPostProcessor : No bean named 'errorChannel' has been explicitly defined. Therefore, a default PublishSubscribeChannel will be created.
2019-09-19 15:20:38.978  INFO [shineon-web-usr,,,] 13896 --- [main] faultConfiguringBeanFactoryPostProcessor : No bean named 'taskScheduler' has been explicitly defined. Therefore, a default ThreadPoolTaskScheduler will be created.
2019-09-19 15:20:38.984  INFO [shineon-web-usr,,,] 13896 --- [main] faultConfiguringBeanFactoryPostProcessor : No bean named 'integrationHeaderChannelRegistry' has been explicitly defined. Therefore, a default DefaultHeaderChannelRegistry will be created.
2019-09-19 15:20:39.352  INFO [shineon-web-usr,,,] 13896 --- [main] trationDelegate$BeanPostProcessorChecker : Bean 'integrationDisposableAutoCreatedBeans' of type [org.springframework.integration.config.annotation.Disposables] is not eligible for getting processed by all BeanPostProcessors (for example: not eligible for auto-proxying)
2019-09-19 15:20:39.408  INFO [shineon-web-usr,,,] 13896 --- [main] trationDelegate$BeanPostProcessorChecker : Bean 'org.springframework.integration.config.IntegrationManagementConfiguration' of type [org.springframework.integration.config.IntegrationManagementConfiguration$$EnhancerBySpringCGLIB$$15f9758f] is not eligible for getting processed by all BeanPostProcessors (for example: not eligible for auto-proxying)
2019-09-19 15:20:39.453  INFO [shineon-web-usr,,,] 13896 --- [main] trationDelegate$BeanPostProcessorChecker : Bean 'org.springframework.cloud.autoconfigure.ConfigurationPropertiesRebinderAutoConfiguration' of type [org.springframework.cloud.autoconfigure.ConfigurationPropertiesRebinderAutoConfiguration$$EnhancerBySpringCGLIB$$c721bd5d] is not eligible for getting processed by all BeanPostProcessors (for example: not eligible for auto-proxying)
2019-09-19 15:20:40.812  INFO [shineon-web-usr,,,] 13896 --- [main] o.s.s.concurrent.ThreadPoolTaskExecutor  : Initializing ExecutorService
2019-09-19 15:20:40.822  INFO [shineon-web-usr,,,] 13896 --- [main] o.s.s.concurrent.ThreadPoolTaskExecutor  : Initializing ExecutorService 'pool_schedule'
2019-09-19 15:20:41.338  WARN [shineon-web-usr,,,] 13896 --- [main] c.n.c.sources.URLConfigurationSource     : No URLs will be polled as dynamic configuration sources.
2019-09-19 15:20:41.338  INFO [shineon-web-usr,,,] 13896 --- [main] c.n.c.sources.URLConfigurationSource     : To enable URLs as dynamic configuration sources, define System property archaius.configurationSource.additionalUrls or make config.properties available on classpath.
2019-09-19 15:20:41.342  WARN [shineon-web-usr,,,] 13896 --- [main] c.n.c.sources.URLConfigurationSource     : No URLs will be polled as dynamic configuration sources.
2019-09-19 15:20:41.342  INFO [shineon-web-usr,,,] 13896 --- [main] c.n.c.sources.URLConfigurationSource     : To enable URLs as dynamic configuration sources, define System property archaius.configurationSource.additionalUrls or make config.properties available on classpath.
2019-09-19 15:20:43.179  INFO [shineon-web-usr,,,] 13896 --- [main] o.s.s.c.ThreadPoolTaskScheduler          : Initializing ExecutorService 'taskScheduler'
2019-09-19 15:20:44.287  INFO [shineon-web-usr,,,] 13896 --- [main] io.lettuce.core.EpollProvider            : Starting without optional epoll library
2019-09-19 15:20:44.289  INFO [shineon-web-usr,,,] 13896 --- [main] io.lettuce.core.KqueueProvider           : Starting without optional kqueue library
2019-09-19 15:20:45.614  INFO [shineon-web-usr,,,] 13896 --- [main] o.s.b.a.e.web.EndpointLinksResolver      : Exposing 2 endpoint(s) beneath base path '/actuator'
2019-09-19 15:20:45.813  INFO [shineon-web-usr,,,] 13896 --- [main] o.s.c.s.m.DirectWithAttributesChannel    : Channel 'application-1.MataoMessageInput' has 1 subscriber(s).
2019-09-19 15:20:45.874  INFO [shineon-web-usr,,,] 13896 --- [main] o.s.i.endpoint.EventDrivenConsumer       : Adding {logging-channel-adapter:_org.springframework.integration.errorLogger} as a subscriber to the 'errorChannel' channel
2019-09-19 15:20:45.874  INFO [shineon-web-usr,,,] 13896 --- [main] o.s.i.channel.PublishSubscribeChannel    : Channel 'application-1.errorChannel' has 1 subscriber(s).
2019-09-19 15:20:45.875  INFO [shineon-web-usr,,,] 13896 --- [main] o.s.i.endpoint.EventDrivenConsumer       : started _org.springframework.integration.errorLogger
2019-09-19 15:20:45.908  INFO [shineon-web-usr,,,] 13896 --- [main] o.s.c.s.m.DirectWithAttributesChannel    : Channel 'application-1.MataoMessageOutput' has 1 subscriber(s).
2019-09-19 15:20:46.537  INFO [shineon-web-usr,,,] 13896 --- [main] com.shineon.coder.CoderApplicationTests  : Started CoderApplicationTests in 10.112 seconds (JVM running for 10.871)
2019-09-19 15:20:46.937  INFO [shineon-web-usr,,,] 13896 --- [Thread-9] o.s.c.n.eureka.InstanceInfoFactory       : Setting initial instance status as: STARTING
2019-09-19 15:20:46.940  INFO [shineon-web-usr,,,] 13896 --- [Thread-9] o.s.c.n.e.s.EurekaServiceRegistry        : Unregistering application SHINEON-WEB-USR with eureka with status DOWN
2019-09-19 15:20:46.953  INFO [shineon-web-usr,,,] 13896 --- [Thread-9] o.s.i.endpoint.EventDrivenConsumer       : Removing {logging-channel-adapter:_org.springframework.integration.errorLogger} as a subscriber to the 'errorChannel' channel
2019-09-19 15:20:46.954  INFO [shineon-web-usr,,,] 13896 --- [Thread-9] o.s.i.channel.PublishSubscribeChannel    : Channel 'application-1.errorChannel' has 0 subscriber(s).
2019-09-19 15:20:46.954  INFO [shineon-web-usr,,,] 13896 --- [Thread-9] o.s.i.endpoint.EventDrivenConsumer       : stopped _org.springframework.integration.errorLogger
2019-09-19 15:20:46.957  INFO [shineon-web-usr,,,] 13896 --- [Thread-9] o.s.s.c.ThreadPoolTaskScheduler          : Shutting down ExecutorService 'taskScheduler'
2019-09-19 15:20:46.963  INFO [shineon-web-usr,,,] 13896 --- [Thread-9] o.s.s.concurrent.ThreadPoolTaskExecutor  : Shutting down ExecutorService 'pool_schedule'
2019-09-19 15:27:48.117  INFO [shineon-web-usr,,,] 13264 --- [main] com.shineon.coder.CoderApplicationTests  : No active profile set, falling back to default profiles: default
2019-09-19 15:27:49.138  INFO [shineon-web-usr,,,] 13264 --- [main] .s.d.r.c.RepositoryConfigurationDelegate : Multiple Spring Data modules found, entering strict repository configuration mode!
2019-09-19 15:27:49.142  INFO [shineon-web-usr,,,] 13264 --- [main] .s.d.r.c.RepositoryConfigurationDelegate : Bootstrapping Spring Data repositories in DEFAULT mode.
2019-09-19 15:27:49.171  INFO [shineon-web-usr,,,] 13264 --- [main] .s.d.r.c.RepositoryConfigurationDelegate : Finished Spring Data repository scanning in 12ms. Found 0 repository interfaces.
2019-09-19 15:27:49.333  WARN [shineon-web-usr,,,] 13264 --- [main] o.s.boot.actuate.endpoint.EndpointId     : Endpoint ID 'service-registry' contains invalid characters, please migrate to a valid format.
2019-09-19 15:27:49.715  INFO [shineon-web-usr,,,] 13264 --- [main] o.s.cloud.context.scope.GenericScope     : BeanFactory id=f3d3ab90-847b-3343-9f13-1138fe67bacd
2019-09-19 15:27:49.770  INFO [shineon-web-usr,,,] 13264 --- [main] faultConfiguringBeanFactoryPostProcessor : No bean named 'errorChannel' has been explicitly defined. Therefore, a default PublishSubscribeChannel will be created.
2019-09-19 15:27:49.776  INFO [shineon-web-usr,,,] 13264 --- [main] faultConfiguringBeanFactoryPostProcessor : No bean named 'taskScheduler' has been explicitly defined. Therefore, a default ThreadPoolTaskScheduler will be created.
2019-09-19 15:27:49.784  INFO [shineon-web-usr,,,] 13264 --- [main] faultConfiguringBeanFactoryPostProcessor : No bean named 'integrationHeaderChannelRegistry' has been explicitly defined. Therefore, a default DefaultHeaderChannelRegistry will be created.
2019-09-19 15:27:50.153  INFO [shineon-web-usr,,,] 13264 --- [main] trationDelegate$BeanPostProcessorChecker : Bean 'integrationDisposableAutoCreatedBeans' of type [org.springframework.integration.config.annotation.Disposables] is not eligible for getting processed by all BeanPostProcessors (for example: not eligible for auto-proxying)
2019-09-19 15:27:50.220  INFO [shineon-web-usr,,,] 13264 --- [main] trationDelegate$BeanPostProcessorChecker : Bean 'org.springframework.integration.config.IntegrationManagementConfiguration' of type [org.springframework.integration.config.IntegrationManagementConfiguration$$EnhancerBySpringCGLIB$$15f9758f] is not eligible for getting processed by all BeanPostProcessors (for example: not eligible for auto-proxying)
2019-09-19 15:27:50.279  INFO [shineon-web-usr,,,] 13264 --- [main] trationDelegate$BeanPostProcessorChecker : Bean 'org.springframework.cloud.autoconfigure.ConfigurationPropertiesRebinderAutoConfiguration' of type [org.springframework.cloud.autoconfigure.ConfigurationPropertiesRebinderAutoConfiguration$$EnhancerBySpringCGLIB$$c721bd5d] is not eligible for getting processed by all BeanPostProcessors (for example: not eligible for auto-proxying)
2019-09-19 15:27:51.572  INFO [shineon-web-usr,,,] 13264 --- [main] o.s.s.concurrent.ThreadPoolTaskExecutor  : Initializing ExecutorService
2019-09-19 15:27:51.580  INFO [shineon-web-usr,,,] 13264 --- [main] o.s.s.concurrent.ThreadPoolTaskExecutor  : Initializing ExecutorService 'pool_schedule'
2019-09-19 15:27:52.106  WARN [shineon-web-usr,,,] 13264 --- [main] c.n.c.sources.URLConfigurationSource     : No URLs will be polled as dynamic configuration sources.
2019-09-19 15:27:52.106  INFO [shineon-web-usr,,,] 13264 --- [main] c.n.c.sources.URLConfigurationSource     : To enable URLs as dynamic configuration sources, define System property archaius.configurationSource.additionalUrls or make config.properties available on classpath.
2019-09-19 15:27:52.112  WARN [shineon-web-usr,,,] 13264 --- [main] c.n.c.sources.URLConfigurationSource     : No URLs will be polled as dynamic configuration sources.
2019-09-19 15:27:52.112  INFO [shineon-web-usr,,,] 13264 --- [main] c.n.c.sources.URLConfigurationSource     : To enable URLs as dynamic configuration sources, define System property archaius.configurationSource.additionalUrls or make config.properties available on classpath.
2019-09-19 15:27:54.160  INFO [shineon-web-usr,,,] 13264 --- [main] o.s.s.c.ThreadPoolTaskScheduler          : Initializing ExecutorService 'taskScheduler'
2019-09-19 15:27:55.721  INFO [shineon-web-usr,,,] 13264 --- [main] io.lettuce.core.EpollProvider            : Starting without optional epoll library
2019-09-19 15:27:55.723  INFO [shineon-web-usr,,,] 13264 --- [main] io.lettuce.core.KqueueProvider           : Starting without optional kqueue library
2019-09-19 15:27:57.757  INFO [shineon-web-usr,,,] 13264 --- [main] o.s.b.a.e.web.EndpointLinksResolver      : Exposing 2 endpoint(s) beneath base path '/actuator'
2019-09-19 15:27:57.945  INFO [shineon-web-usr,,,] 13264 --- [main] o.s.c.s.m.DirectWithAttributesChannel    : Channel 'application-1.MataoMessageInput' has 1 subscriber(s).
2019-09-19 15:27:57.978  INFO [shineon-web-usr,,,] 13264 --- [main] o.s.i.endpoint.EventDrivenConsumer       : Adding {logging-channel-adapter:_org.springframework.integration.errorLogger} as a subscriber to the 'errorChannel' channel
2019-09-19 15:27:57.978  INFO [shineon-web-usr,,,] 13264 --- [main] o.s.i.channel.PublishSubscribeChannel    : Channel 'application-1.errorChannel' has 1 subscriber(s).
2019-09-19 15:27:57.979  INFO [shineon-web-usr,,,] 13264 --- [main] o.s.i.endpoint.EventDrivenConsumer       : started _org.springframework.integration.errorLogger
2019-09-19 15:27:58.033  INFO [shineon-web-usr,,,] 13264 --- [main] o.s.c.s.m.DirectWithAttributesChannel    : Channel 'application-1.MataoMessageOutput' has 1 subscriber(s).
2019-09-19 15:27:58.694  INFO [shineon-web-usr,,,] 13264 --- [main] com.shineon.coder.CoderApplicationTests  : Started CoderApplicationTests in 11.475 seconds (JVM running for 12.152)
2019-09-19 15:27:59.140  INFO [shineon-web-usr,,,] 13264 --- [Thread-9] o.s.c.n.eureka.InstanceInfoFactory       : Setting initial instance status as: STARTING
2019-09-19 15:27:59.143  INFO [shineon-web-usr,,,] 13264 --- [Thread-9] o.s.c.n.e.s.EurekaServiceRegistry        : Unregistering application SHINEON-WEB-USR with eureka with status DOWN
2019-09-19 15:27:59.158  INFO [shineon-web-usr,,,] 13264 --- [Thread-9] o.s.i.endpoint.EventDrivenConsumer       : Removing {logging-channel-adapter:_org.springframework.integration.errorLogger} as a subscriber to the 'errorChannel' channel
2019-09-19 15:27:59.159  INFO [shineon-web-usr,,,] 13264 --- [Thread-9] o.s.i.channel.PublishSubscribeChannel    : Channel 'application-1.errorChannel' has 0 subscriber(s).
2019-09-19 15:27:59.159  INFO [shineon-web-usr,,,] 13264 --- [Thread-9] o.s.i.endpoint.EventDrivenConsumer       : stopped _org.springframework.integration.errorLogger
2019-09-19 15:27:59.162  INFO [shineon-web-usr,,,] 13264 --- [Thread-9] o.s.s.c.ThreadPoolTaskScheduler          : Shutting down ExecutorService 'taskScheduler'
2019-09-19 15:27:59.168  INFO [shineon-web-usr,,,] 13264 --- [Thread-9] o.s.s.concurrent.ThreadPoolTaskExecutor  : Shutting down ExecutorService 'pool_schedule'
2019-09-19 15:48:44.085  INFO [shineon-web-usr,,,] 11172 --- [main] com.shineon.coder.CoderApplicationTests  : No active profile set, falling back to default profiles: default
2019-09-19 15:48:45.113  INFO [shineon-web-usr,,,] 11172 --- [main] .s.d.r.c.RepositoryConfigurationDelegate : Multiple Spring Data modules found, entering strict repository configuration mode!
2019-09-19 15:48:45.118  INFO [shineon-web-usr,,,] 11172 --- [main] .s.d.r.c.RepositoryConfigurationDelegate : Bootstrapping Spring Data repositories in DEFAULT mode.
2019-09-19 15:48:45.147  INFO [shineon-web-usr,,,] 11172 --- [main] .s.d.r.c.RepositoryConfigurationDelegate : Finished Spring Data repository scanning in 12ms. Found 0 repository interfaces.
2019-09-19 15:48:45.305  WARN [shineon-web-usr,,,] 11172 --- [main] o.s.boot.actuate.endpoint.EndpointId     : Endpoint ID 'service-registry' contains invalid characters, please migrate to a valid format.
2019-09-19 15:48:45.732  INFO [shineon-web-usr,,,] 11172 --- [main] o.s.cloud.context.scope.GenericScope     : BeanFactory id=f3d3ab90-847b-3343-9f13-1138fe67bacd
2019-09-19 15:48:45.787  INFO [shineon-web-usr,,,] 11172 --- [main] faultConfiguringBeanFactoryPostProcessor : No bean named 'errorChannel' has been explicitly defined. Therefore, a default PublishSubscribeChannel will be created.
2019-09-19 15:48:45.794  INFO [shineon-web-usr,,,] 11172 --- [main] faultConfiguringBeanFactoryPostProcessor : No bean named 'taskScheduler' has been explicitly defined. Therefore, a default ThreadPoolTaskScheduler will be created.
2019-09-19 15:48:45.802  INFO [shineon-web-usr,,,] 11172 --- [main] faultConfiguringBeanFactoryPostProcessor : No bean named 'integrationHeaderChannelRegistry' has been explicitly defined. Therefore, a default DefaultHeaderChannelRegistry will be created.
2019-09-19 15:48:46.157  INFO [shineon-web-usr,,,] 11172 --- [main] trationDelegate$BeanPostProcessorChecker : Bean 'integrationDisposableAutoCreatedBeans' of type [org.springframework.integration.config.annotation.Disposables] is not eligible for getting processed by all BeanPostProcessors (for example: not eligible for auto-proxying)
2019-09-19 15:48:46.226  INFO [shineon-web-usr,,,] 11172 --- [main] trationDelegate$BeanPostProcessorChecker : Bean 'org.springframework.integration.config.IntegrationManagementConfiguration' of type [org.springframework.integration.config.IntegrationManagementConfiguration$$EnhancerBySpringCGLIB$$15f9758f] is not eligible for getting processed by all BeanPostProcessors (for example: not eligible for auto-proxying)
2019-09-19 15:48:46.287  INFO [shineon-web-usr,,,] 11172 --- [main] trationDelegate$BeanPostProcessorChecker : Bean 'org.springframework.cloud.autoconfigure.ConfigurationPropertiesRebinderAutoConfiguration' of type [org.springframework.cloud.autoconfigure.ConfigurationPropertiesRebinderAutoConfiguration$$EnhancerBySpringCGLIB$$c721bd5d] is not eligible for getting processed by all BeanPostProcessors (for example: not eligible for auto-proxying)
2019-09-19 15:48:47.598  INFO [shineon-web-usr,,,] 11172 --- [main] o.s.s.concurrent.ThreadPoolTaskExecutor  : Initializing ExecutorService
2019-09-19 15:48:47.607  INFO [shineon-web-usr,,,] 11172 --- [main] o.s.s.concurrent.ThreadPoolTaskExecutor  : Initializing ExecutorService 'pool_schedule'
2019-09-19 15:48:48.119  WARN [shineon-web-usr,,,] 11172 --- [main] c.n.c.sources.URLConfigurationSource     : No URLs will be polled as dynamic configuration sources.
2019-09-19 15:48:48.119  INFO [shineon-web-usr,,,] 11172 --- [main] c.n.c.sources.URLConfigurationSource     : To enable URLs as dynamic configuration sources, define System property archaius.configurationSource.additionalUrls or make config.properties available on classpath.
2019-09-19 15:48:48.124  WARN [shineon-web-usr,,,] 11172 --- [main] c.n.c.sources.URLConfigurationSource     : No URLs will be polled as dynamic configuration sources.
2019-09-19 15:48:48.125  INFO [shineon-web-usr,,,] 11172 --- [main] c.n.c.sources.URLConfigurationSource     : To enable URLs as dynamic configuration sources, define System property archaius.configurationSource.additionalUrls or make config.properties available on classpath.
2019-09-19 15:48:50.003  INFO [shineon-web-usr,,,] 11172 --- [main] o.s.s.c.ThreadPoolTaskScheduler          : Initializing ExecutorService 'taskScheduler'
2019-09-19 15:48:51.026  INFO [shineon-web-usr,,,] 11172 --- [main] io.lettuce.core.EpollProvider            : Starting without optional epoll library
2019-09-19 15:48:51.028  INFO [shineon-web-usr,,,] 11172 --- [main] io.lettuce.core.KqueueProvider           : Starting without optional kqueue library
2019-09-19 15:48:52.301  INFO [shineon-web-usr,,,] 11172 --- [main] o.s.b.a.e.web.EndpointLinksResolver      : Exposing 2 endpoint(s) beneath base path '/actuator'
2019-09-19 15:48:52.522  INFO [shineon-web-usr,,,] 11172 --- [main] o.s.c.s.m.DirectWithAttributesChannel    : Channel 'application-1.MataoMessageInput' has 1 subscriber(s).
2019-09-19 15:48:52.553  INFO [shineon-web-usr,,,] 11172 --- [main] o.s.i.endpoint.EventDrivenConsumer       : Adding {logging-channel-adapter:_org.springframework.integration.errorLogger} as a subscriber to the 'errorChannel' channel
2019-09-19 15:48:52.553  INFO [shineon-web-usr,,,] 11172 --- [main] o.s.i.channel.PublishSubscribeChannel    : Channel 'application-1.errorChannel' has 1 subscriber(s).
2019-09-19 15:48:52.553  INFO [shineon-web-usr,,,] 11172 --- [main] o.s.i.endpoint.EventDrivenConsumer       : started _org.springframework.integration.errorLogger
2019-09-19 15:48:52.587  INFO [shineon-web-usr,,,] 11172 --- [main] o.s.c.s.m.DirectWithAttributesChannel    : Channel 'application-1.MataoMessageOutput' has 1 subscriber(s).
2019-09-19 15:48:53.220  INFO [shineon-web-usr,,,] 11172 --- [main] com.shineon.coder.CoderApplicationTests  : Started CoderApplicationTests in 10.088 seconds (JVM running for 10.858)
2019-09-19 15:48:53.466  INFO [shineon-web-usr,,,] 11172 --- [Thread-9] o.s.c.n.eureka.InstanceInfoFactory       : Setting initial instance status as: STARTING
2019-09-19 15:48:53.468  INFO [shineon-web-usr,,,] 11172 --- [Thread-9] o.s.c.n.e.s.EurekaServiceRegistry        : Unregistering application SHINEON-WEB-USR with eureka with status DOWN
2019-09-19 15:48:53.482  INFO [shineon-web-usr,,,] 11172 --- [Thread-9] o.s.i.endpoint.EventDrivenConsumer       : Removing {logging-channel-adapter:_org.springframework.integration.errorLogger} as a subscriber to the 'errorChannel' channel
2019-09-19 15:48:53.482  INFO [shineon-web-usr,,,] 11172 --- [Thread-9] o.s.i.channel.PublishSubscribeChannel    : Channel 'application-1.errorChannel' has 0 subscriber(s).
2019-09-19 15:48:53.482  INFO [shineon-web-usr,,,] 11172 --- [Thread-9] o.s.i.endpoint.EventDrivenConsumer       : stopped _org.springframework.integration.errorLogger
2019-09-19 15:48:53.484  INFO [shineon-web-usr,,,] 11172 --- [Thread-9] o.s.s.c.ThreadPoolTaskScheduler          : Shutting down ExecutorService 'taskScheduler'
2019-09-19 15:48:53.488  INFO [shineon-web-usr,,,] 11172 --- [Thread-9] o.s.s.concurrent.ThreadPoolTaskExecutor  : Shutting down ExecutorService 'pool_schedule'
